INFO:experiments.py:+ Begin training with configuration:
{   'data': '/rap/jvb-000-aa/COURS2019/etudiants/data/omsignal/myHeartProject/',
    'dataloader': {   'batch_size': 64,
                      'num_workers': 6,
                      'shuffle': True,
                      'test_proportion': 0.2},
    'models': {   'tspec': {   'hid_dim': 500,
                               'num_layers': 4,
                               'out_dims': [1, 1, 1, 32],
                               'spec_len': 1876,
                               'ts_len': 3750}},
    'preprocessing': {'noise_gain': 0.25},
    'training': {   'early_stopping_patience': 100,
                    'epochs': 1000,
                    'l2': 0.001,
                    'learning_rate': 0.01,
                    'momentum': 0.9,
                    'schedule_patience': 20}}
INFO:experiments.py:+ New best model found: loss=3.4662630558013916, score=0.0
INFO:experiments.py:[1/1000] 13.79 sec: loss(t/v)=3.78/3.47, scores(t/v)=[0.03/0.06 + 0.13/0.00 + 0.00/0.00 + 0.00/0.00 = 0.00/0.00]
INFO:experiments.py:[2/1000] 4.03 sec: loss(t/v)=3.57/3.47, scores(t/v)=[0.21/0.19 + 0.32/0.10 + 0.22/0.05 + 0.08/0.00 = 0.18/0.00]
INFO:experiments.py:[3/1000] 4.05 sec: loss(t/v)=3.40/3.47, scores(t/v)=[0.23/0.13 + 0.36/0.14 + 0.21/0.07 + 0.12/0.00 = 0.21/0.00]
INFO:experiments.py:[4/1000] 4.13 sec: loss(t/v)=3.26/3.47, scores(t/v)=[0.25/0.16 + 0.43/0.09 + 0.27/0.15 + 0.20/0.00 = 0.28/0.00]
INFO:experiments.py:+ New best model found: loss=3.464115619659424, score=0.1649820842469077
INFO:experiments.py:[5/1000] 4.06 sec: loss(t/v)=3.05/3.46, scores(t/v)=[0.29/0.15 + 0.46/0.38 + 0.30/0.20 + 0.29/0.06 = 0.33/0.16]
INFO:experiments.py:+ New best model found: loss=3.448957920074463, score=0.14616308661272623
INFO:experiments.py:[6/1000] 4.06 sec: loss(t/v)=2.90/3.45, scores(t/v)=[0.33/0.09 + 0.52/0.40 + 0.34/0.20 + 0.36/0.06 = 0.38/0.15]
INFO:experiments.py:+ New best model found: loss=3.4156503677368164, score=0.10587875412719402
INFO:experiments.py:[7/1000] 4.07 sec: loss(t/v)=2.74/3.42, scores(t/v)=[0.29/0.04 + 0.45/0.29 + 0.38/0.25 + 0.38/0.05 = 0.37/0.11]
INFO:experiments.py:+ New best model found: loss=3.340886354446411, score=0.18235698024106262
INFO:experiments.py:[8/1000] 4.18 sec: loss(t/v)=2.57/3.34, scores(t/v)=[0.37/0.27 + 0.48/0.45 + 0.35/0.11 + 0.44/0.08 = 0.40/0.18]
INFO:experiments.py:+ New best model found: loss=3.2345492839813232, score=0.2665243424236659
INFO:experiments.py:[9/1000] 4.17 sec: loss(t/v)=2.31/3.23, scores(t/v)=[0.47/0.21 + 0.53/0.48 + 0.46/0.38 + 0.54/0.13 = 0.50/0.27]
INFO:experiments.py:+ New best model found: loss=3.1497485637664795, score=0.2629372651172423
INFO:experiments.py:[10/1000] 4.07 sec: loss(t/v)=2.09/3.15, scores(t/v)=[0.38/0.27 + 0.63/0.48 + 0.40/0.32 + 0.62/0.11 = 0.49/0.26]
INFO:experiments.py:+ New best model found: loss=3.0423426628112793, score=0.27637824150540685
INFO:experiments.py:[11/1000] 4.02 sec: loss(t/v)=1.89/3.04, scores(t/v)=[0.51/0.30 + 0.61/0.53 + 0.52/0.16 + 0.67/0.23 = 0.57/0.28]
INFO:experiments.py:+ New best model found: loss=2.9299638271331787, score=0.30469237167979957
INFO:experiments.py:[12/1000] 4.09 sec: loss(t/v)=1.64/2.93, scores(t/v)=[0.55/0.27 + 0.58/0.43 + 0.50/0.30 + 0.74/0.24 = 0.59/0.30]
INFO:experiments.py:+ New best model found: loss=2.9083189964294434, score=0.29821447747008806
INFO:experiments.py:[13/1000] 4.04 sec: loss(t/v)=1.41/2.91, scores(t/v)=[0.56/0.25 + 0.59/0.46 + 0.51/0.28 + 0.82/0.24 = 0.61/0.30]
INFO:experiments.py:[14/1000] 4.02 sec: loss(t/v)=1.21/2.93, scores(t/v)=[0.62/0.24 + 0.64/0.53 + 0.47/0.11 + 0.85/0.19 = 0.63/0.23]
INFO:experiments.py:+ New best model found: loss=2.8701486587524414, score=0.2808398213950658
INFO:experiments.py:[15/1000] 4.04 sec: loss(t/v)=1.04/2.87, scores(t/v)=[0.58/0.29 + 0.66/0.50 + 0.59/0.20 + 0.89/0.21 = 0.67/0.28]
INFO:experiments.py:+ New best model found: loss=2.8305156230926514, score=0.2547038811076813
INFO:experiments.py:[16/1000] 4.01 sec: loss(t/v)=0.79/2.83, scores(t/v)=[0.63/0.30 + 0.64/0.48 + 0.55/0.13 + 0.94/0.23 = 0.68/0.25]
INFO:experiments.py:[17/1000] 4.02 sec: loss(t/v)=0.66/2.88, scores(t/v)=[0.63/0.22 + 0.68/0.47 + 0.59/0.26 + 0.97/0.24 = 0.70/0.28]
INFO:experiments.py:[18/1000] 4.00 sec: loss(t/v)=0.51/2.89, scores(t/v)=[0.65/0.24 + 0.67/0.38 + 0.55/0.22 + 0.98/0.21 = 0.70/0.26]
INFO:experiments.py:[19/1000] 3.96 sec: loss(t/v)=0.43/2.84, scores(t/v)=[0.71/0.21 + 0.64/0.47 + 0.48/0.28 + 0.99/0.18 = 0.68/0.26]
INFO:experiments.py:[20/1000] 3.97 sec: loss(t/v)=0.30/2.86, scores(t/v)=[0.72/0.24 + 0.68/0.45 + 0.53/0.25 + 1.00/0.23 = 0.71/0.28]
INFO:experiments.py:[21/1000] 3.97 sec: loss(t/v)=0.24/2.89, scores(t/v)=[0.72/0.20 + 0.66/0.54 + 0.54/0.15 + 1.00/0.23 = 0.71/0.25]
INFO:experiments.py:[22/1000] 3.96 sec: loss(t/v)=0.23/2.88, scores(t/v)=[0.73/0.21 + 0.67/0.54 + 0.54/0.18 + 1.00/0.21 = 0.72/0.26]
INFO:experiments.py:[23/1000] 4.02 sec: loss(t/v)=0.21/2.86, scores(t/v)=[0.76/0.23 + 0.69/0.54 + 0.58/0.20 + 1.00/0.21 = 0.74/0.27]
INFO:experiments.py:[24/1000] 4.08 sec: loss(t/v)=0.19/2.86, scores(t/v)=[0.78/0.23 + 0.70/0.54 + 0.65/0.19 + 1.00/0.19 = 0.77/0.26]
INFO:experiments.py:[25/1000] 3.99 sec: loss(t/v)=0.19/2.86, scores(t/v)=[0.78/0.24 + 0.72/0.55 + 0.65/0.18 + 1.00/0.19 = 0.78/0.26]
INFO:experiments.py:[26/1000] 3.98 sec: loss(t/v)=0.17/2.86, scores(t/v)=[0.79/0.24 + 0.72/0.54 + 0.64/0.17 + 1.00/0.19 = 0.78/0.25]
INFO:experiments.py:[27/1000] 3.99 sec: loss(t/v)=0.17/2.86, scores(t/v)=[0.78/0.23 + 0.72/0.54 + 0.64/0.19 + 1.00/0.18 = 0.77/0.25]
INFO:experiments.py:[28/1000] 4.02 sec: loss(t/v)=0.16/2.86, scores(t/v)=[0.79/0.23 + 0.72/0.54 + 0.68/0.18 + 1.00/0.16 = 0.79/0.24]
INFO:experiments.py:[29/1000] 4.03 sec: loss(t/v)=0.16/2.86, scores(t/v)=[0.80/0.23 + 0.73/0.53 + 0.67/0.19 + 1.00/0.16 = 0.79/0.25]
INFO:experiments.py:[30/1000] 4.02 sec: loss(t/v)=0.17/2.86, scores(t/v)=[0.80/0.22 + 0.73/0.53 + 0.66/0.19 + 1.00/0.16 = 0.79/0.24]
INFO:experiments.py:[31/1000] 4.02 sec: loss(t/v)=0.15/2.86, scores(t/v)=[0.80/0.23 + 0.72/0.52 + 0.66/0.20 + 1.00/0.16 = 0.78/0.25]
INFO:experiments.py:[32/1000] 4.01 sec: loss(t/v)=0.18/2.86, scores(t/v)=[0.78/0.23 + 0.73/0.52 + 0.66/0.19 + 1.00/0.16 = 0.78/0.24]
INFO:experiments.py:[33/1000] 4.02 sec: loss(t/v)=0.16/2.86, scores(t/v)=[0.79/0.23 + 0.74/0.52 + 0.67/0.18 + 1.00/0.16 = 0.79/0.24]
INFO:experiments.py:[34/1000] 4.04 sec: loss(t/v)=0.15/2.85, scores(t/v)=[0.78/0.21 + 0.74/0.50 + 0.66/0.17 + 1.00/0.16 = 0.79/0.23]
INFO:experiments.py:[35/1000] 4.02 sec: loss(t/v)=0.14/2.85, scores(t/v)=[0.81/0.22 + 0.74/0.50 + 0.67/0.17 + 1.00/0.16 = 0.80/0.23]
INFO:experiments.py:[36/1000] 4.01 sec: loss(t/v)=0.14/2.85, scores(t/v)=[0.81/0.22 + 0.74/0.50 + 0.68/0.18 + 1.00/0.16 = 0.80/0.24]
INFO:experiments.py:[37/1000] 4.02 sec: loss(t/v)=0.13/2.85, scores(t/v)=[0.80/0.22 + 0.74/0.50 + 0.71/0.16 + 1.00/0.16 = 0.81/0.23]
INFO:experiments.py:[38/1000] 4.03 sec: loss(t/v)=0.15/2.85, scores(t/v)=[0.80/0.23 + 0.74/0.51 + 0.66/0.16 + 1.00/0.16 = 0.79/0.23]
INFO:experiments.py:[39/1000] 4.03 sec: loss(t/v)=0.14/2.84, scores(t/v)=[0.79/0.23 + 0.76/0.52 + 0.67/0.18 + 1.00/0.16 = 0.79/0.24]
INFO:experiments.py:[40/1000] 4.02 sec: loss(t/v)=0.16/2.84, scores(t/v)=[0.78/0.23 + 0.74/0.52 + 0.62/0.18 + 1.00/0.16 = 0.77/0.24]
INFO:experiments.py:[41/1000] 4.02 sec: loss(t/v)=0.14/2.85, scores(t/v)=[0.77/0.22 + 0.75/0.52 + 0.67/0.18 + 1.00/0.16 = 0.79/0.24]
INFO:experiments.py:[42/1000] 4.02 sec: loss(t/v)=0.13/2.84, scores(t/v)=[0.81/0.22 + 0.76/0.50 + 0.67/0.18 + 1.00/0.18 = 0.80/0.24]
INFO:experiments.py:[43/1000] 3.98 sec: loss(t/v)=0.13/2.84, scores(t/v)=[0.79/0.22 + 0.76/0.50 + 0.68/0.17 + 1.00/0.19 = 0.80/0.24]
INFO:experiments.py:[44/1000] 3.92 sec: loss(t/v)=0.14/2.85, scores(t/v)=[0.79/0.22 + 0.73/0.50 + 0.66/0.17 + 1.00/0.19 = 0.79/0.24]
INFO:experiments.py:[45/1000] 3.97 sec: loss(t/v)=0.12/2.84, scores(t/v)=[0.83/0.23 + 0.75/0.51 + 0.70/0.16 + 1.00/0.19 = 0.81/0.25]
INFO:experiments.py:[46/1000] 3.92 sec: loss(t/v)=0.13/2.85, scores(t/v)=[0.80/0.23 + 0.72/0.51 + 0.70/0.17 + 1.00/0.19 = 0.80/0.25]
INFO:experiments.py:[47/1000] 3.91 sec: loss(t/v)=0.12/2.84, scores(t/v)=[0.80/0.23 + 0.76/0.51 + 0.68/0.17 + 1.00/0.18 = 0.80/0.25]
INFO:experiments.py:[48/1000] 3.96 sec: loss(t/v)=0.13/2.84, scores(t/v)=[0.81/0.23 + 0.77/0.51 + 0.67/0.17 + 1.00/0.19 = 0.81/0.25]
INFO:experiments.py:[49/1000] 3.93 sec: loss(t/v)=0.14/2.84, scores(t/v)=[0.81/0.24 + 0.73/0.51 + 0.64/0.18 + 1.00/0.19 = 0.79/0.26]
INFO:experiments.py:[50/1000] 3.91 sec: loss(t/v)=0.15/2.85, scores(t/v)=[0.78/0.22 + 0.73/0.50 + 0.70/0.19 + 1.00/0.16 = 0.79/0.24]
INFO:experiments.py:[51/1000] 3.96 sec: loss(t/v)=0.12/2.84, scores(t/v)=[0.80/0.23 + 0.73/0.51 + 0.68/0.17 + 1.00/0.18 = 0.79/0.25]
INFO:experiments.py:[52/1000] 3.89 sec: loss(t/v)=0.12/2.84, scores(t/v)=[0.83/0.22 + 0.75/0.52 + 0.69/0.18 + 1.00/0.18 = 0.81/0.25]
INFO:experiments.py:[53/1000] 3.90 sec: loss(t/v)=0.14/2.84, scores(t/v)=[0.80/0.22 + 0.71/0.51 + 0.66/0.19 + 1.00/0.18 = 0.78/0.25]
INFO:experiments.py:[54/1000] 3.95 sec: loss(t/v)=0.13/2.83, scores(t/v)=[0.81/0.23 + 0.75/0.52 + 0.69/0.19 + 1.00/0.18 = 0.80/0.25]
INFO:experiments.py:[55/1000] 3.89 sec: loss(t/v)=0.13/2.83, scores(t/v)=[0.79/0.23 + 0.75/0.52 + 0.69/0.18 + 1.00/0.18 = 0.80/0.25]
INFO:experiments.py:+ New best model found: loss=2.826507091522217, score=0.25008773255256517
INFO:experiments.py:[56/1000] 3.93 sec: loss(t/v)=0.12/2.83, scores(t/v)=[0.82/0.23 + 0.74/0.53 + 0.68/0.19 + 1.00/0.18 = 0.80/0.25]
INFO:experiments.py:+ New best model found: loss=2.822523593902588, score=0.25356383271243094
INFO:experiments.py:[57/1000] 3.96 sec: loss(t/v)=0.13/2.82, scores(t/v)=[0.79/0.22 + 0.74/0.53 + 0.70/0.18 + 1.00/0.19 = 0.80/0.25]
INFO:experiments.py:+ New best model found: loss=2.8200876712799072, score=0.24696185056963516
INFO:experiments.py:[58/1000] 3.88 sec: loss(t/v)=0.13/2.82, scores(t/v)=[0.80/0.23 + 0.76/0.52 + 0.66/0.17 + 1.00/0.18 = 0.80/0.25]
INFO:experiments.py:[59/1000] 3.93 sec: loss(t/v)=0.12/2.83, scores(t/v)=[0.80/0.23 + 0.76/0.52 + 0.66/0.17 + 1.00/0.18 = 0.80/0.24]
INFO:experiments.py:[60/1000] 3.91 sec: loss(t/v)=0.12/2.84, scores(t/v)=[0.80/0.22 + 0.75/0.53 + 0.71/0.17 + 1.00/0.18 = 0.81/0.24]
INFO:experiments.py:[61/1000] 3.90 sec: loss(t/v)=0.12/2.84, scores(t/v)=[0.80/0.22 + 0.72/0.53 + 0.73/0.17 + 1.00/0.19 = 0.80/0.25]
INFO:experiments.py:[62/1000] 3.96 sec: loss(t/v)=0.14/2.84, scores(t/v)=[0.80/0.23 + 0.77/0.52 + 0.67/0.17 + 1.00/0.19 = 0.80/0.25]
INFO:experiments.py:[63/1000] 3.91 sec: loss(t/v)=0.12/2.84, scores(t/v)=[0.80/0.22 + 0.76/0.52 + 0.68/0.17 + 1.00/0.18 = 0.80/0.24]
INFO:experiments.py:[64/1000] 3.91 sec: loss(t/v)=0.12/2.83, scores(t/v)=[0.81/0.23 + 0.76/0.52 + 0.68/0.17 + 1.00/0.18 = 0.80/0.24]
INFO:experiments.py:[65/1000] 3.94 sec: loss(t/v)=0.13/2.84, scores(t/v)=[0.81/0.23 + 0.72/0.51 + 0.65/0.17 + 1.00/0.16 = 0.78/0.24]
INFO:experiments.py:[66/1000] 3.92 sec: loss(t/v)=0.13/2.83, scores(t/v)=[0.79/0.23 + 0.73/0.52 + 0.64/0.16 + 1.00/0.18 = 0.78/0.24]
INFO:experiments.py:[67/1000] 3.94 sec: loss(t/v)=0.13/2.83, scores(t/v)=[0.79/0.23 + 0.75/0.51 + 0.68/0.16 + 1.00/0.18 = 0.80/0.24]
INFO:experiments.py:[68/1000] 3.94 sec: loss(t/v)=0.11/2.83, scores(t/v)=[0.83/0.23 + 0.76/0.51 + 0.73/0.18 + 1.00/0.18 = 0.82/0.25]
INFO:experiments.py:[69/1000] 3.90 sec: loss(t/v)=0.13/2.83, scores(t/v)=[0.82/0.23 + 0.73/0.51 + 0.66/0.17 + 1.00/0.18 = 0.79/0.25]
INFO:experiments.py:[70/1000] 3.94 sec: loss(t/v)=0.12/2.83, scores(t/v)=[0.80/0.23 + 0.74/0.52 + 0.69/0.18 + 1.00/0.18 = 0.80/0.25]
INFO:experiments.py:[71/1000] 3.95 sec: loss(t/v)=0.13/2.84, scores(t/v)=[0.81/0.22 + 0.74/0.51 + 0.70/0.17 + 1.00/0.18 = 0.81/0.24]
INFO:experiments.py:[72/1000] 3.88 sec: loss(t/v)=0.14/2.84, scores(t/v)=[0.80/0.23 + 0.74/0.52 + 0.68/0.18 + 1.00/0.18 = 0.80/0.25]
INFO:experiments.py:[73/1000] 3.95 sec: loss(t/v)=0.13/2.84, scores(t/v)=[0.82/0.22 + 0.73/0.51 + 0.69/0.18 + 1.00/0.18 = 0.80/0.25]
INFO:experiments.py:[74/1000] 3.93 sec: loss(t/v)=0.13/2.84, scores(t/v)=[0.79/0.22 + 0.75/0.52 + 0.64/0.19 + 1.00/0.18 = 0.79/0.25]
INFO:experiments.py:[75/1000] 3.88 sec: loss(t/v)=0.14/2.84, scores(t/v)=[0.81/0.22 + 0.74/0.52 + 0.69/0.20 + 1.00/0.18 = 0.80/0.25]
INFO:experiments.py:[76/1000] 3.93 sec: loss(t/v)=0.12/2.84, scores(t/v)=[0.82/0.22 + 0.77/0.51 + 0.68/0.20 + 1.00/0.18 = 0.81/0.25]
INFO:experiments.py:[77/1000] 3.92 sec: loss(t/v)=0.12/2.84, scores(t/v)=[0.81/0.23 + 0.76/0.51 + 0.69/0.18 + 1.00/0.18 = 0.81/0.25]
INFO:experiments.py:[78/1000] 3.91 sec: loss(t/v)=0.13/2.83, scores(t/v)=[0.82/0.23 + 0.75/0.51 + 0.69/0.19 + 1.00/0.19 = 0.81/0.25]
INFO:experiments.py:[79/1000] 3.94 sec: loss(t/v)=0.12/2.83, scores(t/v)=[0.83/0.23 + 0.77/0.52 + 0.70/0.18 + 1.00/0.19 = 0.82/0.25]
INFO:experiments.py:[80/1000] 3.90 sec: loss(t/v)=0.13/2.83, scores(t/v)=[0.79/0.22 + 0.75/0.52 + 0.65/0.18 + 1.00/0.18 = 0.79/0.25]
INFO:experiments.py:[81/1000] 3.92 sec: loss(t/v)=0.13/2.83, scores(t/v)=[0.77/0.22 + 0.74/0.52 + 0.68/0.19 + 1.00/0.16 = 0.79/0.24]
INFO:experiments.py:[82/1000] 3.97 sec: loss(t/v)=0.12/2.84, scores(t/v)=[0.81/0.22 + 0.75/0.52 + 0.72/0.18 + 1.00/0.18 = 0.81/0.25]
INFO:experiments.py:[83/1000] 3.91 sec: loss(t/v)=0.13/2.84, scores(t/v)=[0.78/0.22 + 0.73/0.51 + 0.69/0.18 + 1.00/0.16 = 0.79/0.24]
INFO:experiments.py:[84/1000] 3.96 sec: loss(t/v)=0.13/2.84, scores(t/v)=[0.81/0.22 + 0.76/0.52 + 0.67/0.17 + 1.00/0.18 = 0.80/0.24]
INFO:experiments.py:[85/1000] 3.91 sec: loss(t/v)=0.13/2.84, scores(t/v)=[0.81/0.23 + 0.72/0.51 + 0.68/0.18 + 1.00/0.18 = 0.80/0.25]
INFO:experiments.py:[86/1000] 3.90 sec: loss(t/v)=0.14/2.84, scores(t/v)=[0.81/0.23 + 0.76/0.53 + 0.68/0.19 + 1.00/0.16 = 0.81/0.24]
INFO:experiments.py:[87/1000] 3.94 sec: loss(t/v)=0.13/2.83, scores(t/v)=[0.81/0.23 + 0.74/0.52 + 0.67/0.18 + 1.00/0.18 = 0.79/0.25]
INFO:experiments.py:[88/1000] 3.91 sec: loss(t/v)=0.11/2.84, scores(t/v)=[0.84/0.23 + 0.75/0.52 + 0.69/0.17 + 1.00/0.16 = 0.81/0.24]
INFO:experiments.py:[89/1000] 3.93 sec: loss(t/v)=0.13/2.84, scores(t/v)=[0.78/0.22 + 0.75/0.52 + 0.69/0.17 + 1.00/0.16 = 0.80/0.24]
INFO:experiments.py:[90/1000] 3.94 sec: loss(t/v)=0.12/2.84, scores(t/v)=[0.81/0.23 + 0.77/0.52 + 0.72/0.17 + 1.00/0.18 = 0.82/0.25]
INFO:experiments.py:[91/1000] 3.91 sec: loss(t/v)=0.13/2.84, scores(t/v)=[0.81/0.22 + 0.71/0.51 + 0.67/0.18 + 1.00/0.18 = 0.79/0.25]
INFO:experiments.py:[92/1000] 3.92 sec: loss(t/v)=0.13/2.84, scores(t/v)=[0.81/0.23 + 0.74/0.51 + 0.68/0.18 + 1.00/0.19 = 0.80/0.25]
INFO:experiments.py:[93/1000] 3.95 sec: loss(t/v)=0.12/2.83, scores(t/v)=[0.82/0.22 + 0.75/0.50 + 0.68/0.18 + 1.00/0.16 = 0.80/0.24]
INFO:experiments.py:[94/1000] 3.90 sec: loss(t/v)=0.13/2.84, scores(t/v)=[0.80/0.23 + 0.76/0.52 + 0.68/0.18 + 1.00/0.16 = 0.80/0.24]
INFO:experiments.py:[95/1000] 3.93 sec: loss(t/v)=0.12/2.83, scores(t/v)=[0.81/0.23 + 0.76/0.52 + 0.69/0.17 + 1.00/0.19 = 0.81/0.25]
INFO:experiments.py:[96/1000] 3.92 sec: loss(t/v)=0.13/2.84, scores(t/v)=[0.78/0.23 + 0.75/0.52 + 0.67/0.17 + 1.00/0.19 = 0.79/0.25]
INFO:experiments.py:[97/1000] 3.88 sec: loss(t/v)=0.12/2.84, scores(t/v)=[0.81/0.23 + 0.77/0.51 + 0.71/0.17 + 1.00/0.19 = 0.81/0.25]
INFO:experiments.py:[98/1000] 3.92 sec: loss(t/v)=0.13/2.84, scores(t/v)=[0.82/0.23 + 0.78/0.52 + 0.67/0.17 + 1.00/0.18 = 0.81/0.25]
INFO:experiments.py:[99/1000] 3.90 sec: loss(t/v)=0.13/2.83, scores(t/v)=[0.80/0.23 + 0.76/0.53 + 0.69/0.17 + 1.00/0.19 = 0.81/0.25]
INFO:experiments.py:[100/1000] 3.90 sec: loss(t/v)=0.12/2.83, scores(t/v)=[0.80/0.23 + 0.75/0.53 + 0.71/0.17 + 1.00/0.19 = 0.81/0.25]
INFO:experiments.py:[101/1000] 3.93 sec: loss(t/v)=0.12/2.83, scores(t/v)=[0.81/0.23 + 0.74/0.51 + 0.67/0.16 + 1.00/0.18 = 0.80/0.24]
INFO:experiments.py:[102/1000] 3.89 sec: loss(t/v)=0.13/2.83, scores(t/v)=[0.81/0.23 + 0.75/0.51 + 0.68/0.17 + 1.00/0.19 = 0.80/0.25]
INFO:experiments.py:[103/1000] 3.91 sec: loss(t/v)=0.12/2.84, scores(t/v)=[0.79/0.23 + 0.76/0.52 + 0.68/0.17 + 1.00/0.19 = 0.80/0.25]
INFO:experiments.py:[104/1000] 3.92 sec: loss(t/v)=0.12/2.83, scores(t/v)=[0.82/0.23 + 0.74/0.52 + 0.73/0.17 + 1.00/0.19 = 0.82/0.25]
INFO:experiments.py:[105/1000] 3.88 sec: loss(t/v)=0.13/2.83, scores(t/v)=[0.81/0.22 + 0.78/0.53 + 0.69/0.18 + 1.00/0.16 = 0.81/0.24]
INFO:experiments.py:[106/1000] 3.94 sec: loss(t/v)=0.12/2.83, scores(t/v)=[0.80/0.23 + 0.76/0.54 + 0.70/0.18 + 1.00/0.16 = 0.81/0.24]
INFO:experiments.py:[107/1000] 3.89 sec: loss(t/v)=0.11/2.83, scores(t/v)=[0.83/0.23 + 0.74/0.53 + 0.69/0.18 + 1.00/0.16 = 0.81/0.24]
INFO:experiments.py:[108/1000] 3.87 sec: loss(t/v)=0.12/2.83, scores(t/v)=[0.81/0.22 + 0.76/0.52 + 0.69/0.19 + 1.00/0.18 = 0.81/0.25]
INFO:experiments.py:[109/1000] 3.92 sec: loss(t/v)=0.12/2.83, scores(t/v)=[0.81/0.22 + 0.77/0.51 + 0.68/0.19 + 1.00/0.18 = 0.81/0.25]
INFO:experiments.py:[110/1000] 3.92 sec: loss(t/v)=0.12/2.83, scores(t/v)=[0.83/0.23 + 0.72/0.52 + 0.71/0.18 + 1.00/0.18 = 0.81/0.25]
INFO:experiments.py:[111/1000] 3.90 sec: loss(t/v)=0.14/2.83, scores(t/v)=[0.81/0.23 + 0.75/0.52 + 0.67/0.19 + 1.00/0.18 = 0.80/0.25]
INFO:experiments.py:[112/1000] 3.91 sec: loss(t/v)=0.13/2.83, scores(t/v)=[0.80/0.22 + 0.74/0.52 + 0.69/0.18 + 1.00/0.18 = 0.80/0.25]
INFO:experiments.py:[113/1000] 3.91 sec: loss(t/v)=0.12/2.83, scores(t/v)=[0.79/0.22 + 0.77/0.51 + 0.70/0.18 + 1.00/0.16 = 0.81/0.24]
INFO:experiments.py:[114/1000] 3.91 sec: loss(t/v)=0.12/2.83, scores(t/v)=[0.83/0.22 + 0.76/0.51 + 0.65/0.18 + 1.00/0.18 = 0.80/0.25]
INFO:experiments.py:[115/1000] 3.91 sec: loss(t/v)=0.13/2.82, scores(t/v)=[0.80/0.23 + 0.75/0.51 + 0.65/0.17 + 1.00/0.18 = 0.79/0.24]
INFO:experiments.py:[116/1000] 3.90 sec: loss(t/v)=0.12/2.83, scores(t/v)=[0.81/0.23 + 0.74/0.51 + 0.69/0.18 + 1.00/0.18 = 0.80/0.25]
INFO:experiments.py:[117/1000] 3.92 sec: loss(t/v)=0.13/2.83, scores(t/v)=[0.82/0.22 + 0.73/0.51 + 0.67/0.18 + 1.00/0.18 = 0.80/0.24]
INFO:experiments.py:[118/1000] 3.90 sec: loss(t/v)=0.12/2.83, scores(t/v)=[0.82/0.23 + 0.76/0.51 + 0.67/0.19 + 1.00/0.18 = 0.80/0.25]
INFO:experiments.py:[119/1000] 3.89 sec: loss(t/v)=0.13/2.83, scores(t/v)=[0.78/0.23 + 0.74/0.52 + 0.72/0.19 + 1.00/0.18 = 0.81/0.25]
INFO:experiments.py:[120/1000] 3.93 sec: loss(t/v)=0.13/2.83, scores(t/v)=[0.81/0.23 + 0.74/0.52 + 0.67/0.17 + 1.00/0.18 = 0.80/0.24]
INFO:experiments.py:[121/1000] 3.88 sec: loss(t/v)=0.13/2.84, scores(t/v)=[0.81/0.24 + 0.76/0.52 + 0.69/0.18 + 1.00/0.19 = 0.80/0.26]
INFO:experiments.py:[122/1000] 3.94 sec: loss(t/v)=0.13/2.84, scores(t/v)=[0.81/0.24 + 0.75/0.51 + 0.70/0.18 + 1.00/0.19 = 0.81/0.26]
INFO:experiments.py:[123/1000] 3.93 sec: loss(t/v)=0.13/2.84, scores(t/v)=[0.83/0.23 + 0.73/0.51 + 0.69/0.18 + 1.00/0.19 = 0.80/0.25]
INFO:experiments.py:[124/1000] 3.90 sec: loss(t/v)=0.12/2.83, scores(t/v)=[0.81/0.22 + 0.75/0.51 + 0.70/0.18 + 1.00/0.19 = 0.81/0.25]
INFO:experiments.py:[125/1000] 4.02 sec: loss(t/v)=0.13/2.84, scores(t/v)=[0.80/0.23 + 0.76/0.51 + 0.67/0.18 + 1.00/0.19 = 0.80/0.25]
INFO:experiments.py:[126/1000] 3.95 sec: loss(t/v)=0.12/2.84, scores(t/v)=[0.80/0.22 + 0.73/0.52 + 0.69/0.16 + 1.00/0.19 = 0.80/0.24]
INFO:experiments.py:[127/1000] 3.91 sec: loss(t/v)=0.13/2.84, scores(t/v)=[0.80/0.22 + 0.75/0.52 + 0.69/0.18 + 1.00/0.18 = 0.80/0.25]
INFO:experiments.py:[128/1000] 3.93 sec: loss(t/v)=0.12/2.84, scores(t/v)=[0.81/0.22 + 0.74/0.52 + 0.70/0.17 + 1.00/0.19 = 0.80/0.25]
INFO:experiments.py:[129/1000] 3.89 sec: loss(t/v)=0.12/2.84, scores(t/v)=[0.82/0.22 + 0.75/0.51 + 0.66/0.18 + 1.00/0.19 = 0.80/0.25]
INFO:experiments.py:[130/1000] 3.90 sec: loss(t/v)=0.12/2.84, scores(t/v)=[0.81/0.23 + 0.76/0.51 + 0.70/0.18 + 1.00/0.18 = 0.81/0.25]
INFO:experiments.py:[131/1000] 3.96 sec: loss(t/v)=0.13/2.83, scores(t/v)=[0.79/0.23 + 0.76/0.51 + 0.68/0.18 + 1.00/0.18 = 0.80/0.25]
INFO:experiments.py:[132/1000] 3.90 sec: loss(t/v)=0.15/2.83, scores(t/v)=[0.80/0.24 + 0.74/0.52 + 0.65/0.17 + 1.00/0.18 = 0.79/0.25]
INFO:experiments.py:[133/1000] 3.94 sec: loss(t/v)=0.12/2.83, scores(t/v)=[0.82/0.23 + 0.74/0.52 + 0.70/0.17 + 1.00/0.19 = 0.81/0.25]
INFO:experiments.py:[134/1000] 3.96 sec: loss(t/v)=0.13/2.83, scores(t/v)=[0.80/0.23 + 0.74/0.53 + 0.71/0.17 + 1.00/0.19 = 0.80/0.25]
INFO:experiments.py:[135/1000] 3.91 sec: loss(t/v)=0.12/2.83, scores(t/v)=[0.83/0.22 + 0.77/0.53 + 0.65/0.17 + 1.00/0.18 = 0.80/0.25]
INFO:experiments.py:[136/1000] 3.94 sec: loss(t/v)=0.12/2.83, scores(t/v)=[0.81/0.23 + 0.76/0.53 + 0.71/0.18 + 1.00/0.19 = 0.81/0.26]
INFO:experiments.py:[137/1000] 3.92 sec: loss(t/v)=0.14/2.83, scores(t/v)=[0.78/0.23 + 0.75/0.53 + 0.67/0.18 + 1.00/0.19 = 0.79/0.25]
INFO:experiments.py:[138/1000] 3.91 sec: loss(t/v)=0.13/2.83, scores(t/v)=[0.79/0.22 + 0.72/0.52 + 0.69/0.18 + 1.00/0.19 = 0.79/0.25]
INFO:experiments.py:[139/1000] 3.93 sec: loss(t/v)=0.13/2.83, scores(t/v)=[0.81/0.23 + 0.75/0.52 + 0.70/0.17 + 1.00/0.19 = 0.80/0.25]
INFO:experiments.py:[140/1000] 3.90 sec: loss(t/v)=0.13/2.83, scores(t/v)=[0.81/0.23 + 0.74/0.52 + 0.70/0.17 + 1.00/0.18 = 0.81/0.24]
INFO:experiments.py:[141/1000] 3.91 sec: loss(t/v)=0.12/2.83, scores(t/v)=[0.83/0.23 + 0.78/0.52 + 0.72/0.17 + 1.00/0.18 = 0.83/0.24]
INFO:experiments.py:[142/1000] 3.92 sec: loss(t/v)=0.12/2.84, scores(t/v)=[0.82/0.23 + 0.74/0.52 + 0.66/0.18 + 1.00/0.18 = 0.80/0.25]
INFO:experiments.py:[143/1000] 3.91 sec: loss(t/v)=0.14/2.84, scores(t/v)=[0.78/0.22 + 0.73/0.51 + 0.68/0.18 + 1.00/0.18 = 0.79/0.25]
INFO:experiments.py:[144/1000] 3.95 sec: loss(t/v)=0.12/2.85, scores(t/v)=[0.81/0.22 + 0.77/0.51 + 0.71/0.18 + 1.00/0.18 = 0.82/0.25]
INFO:experiments.py:[145/1000] 3.93 sec: loss(t/v)=0.12/2.85, scores(t/v)=[0.83/0.22 + 0.72/0.52 + 0.65/0.19 + 1.00/0.18 = 0.79/0.25]
INFO:experiments.py:[146/1000] 3.90 sec: loss(t/v)=0.13/2.84, scores(t/v)=[0.81/0.23 + 0.76/0.51 + 0.71/0.17 + 1.00/0.18 = 0.81/0.24]
INFO:experiments.py:[147/1000] 3.92 sec: loss(t/v)=0.12/2.84, scores(t/v)=[0.82/0.22 + 0.76/0.50 + 0.69/0.18 + 1.00/0.18 = 0.81/0.24]
INFO:experiments.py:[148/1000] 3.95 sec: loss(t/v)=0.14/2.84, scores(t/v)=[0.79/0.23 + 0.76/0.52 + 0.67/0.18 + 1.00/0.19 = 0.80/0.25]
INFO:experiments.py:[149/1000] 3.91 sec: loss(t/v)=0.15/2.84, scores(t/v)=[0.79/0.23 + 0.75/0.52 + 0.68/0.18 + 1.00/0.18 = 0.80/0.25]
INFO:experiments.py:[150/1000] 4.04 sec: loss(t/v)=0.13/2.85, scores(t/v)=[0.79/0.23 + 0.73/0.53 + 0.67/0.17 + 1.00/0.18 = 0.79/0.25]
INFO:experiments.py:[151/1000] 3.90 sec: loss(t/v)=0.11/2.84, scores(t/v)=[0.81/0.23 + 0.77/0.52 + 0.67/0.17 + 1.00/0.18 = 0.81/0.25]
INFO:experiments.py:[152/1000] 3.91 sec: loss(t/v)=0.12/2.84, scores(t/v)=[0.83/0.23 + 0.78/0.52 + 0.69/0.17 + 1.00/0.18 = 0.82/0.25]
INFO:experiments.py:[153/1000] 3.92 sec: loss(t/v)=0.12/2.84, scores(t/v)=[0.81/0.22 + 0.77/0.52 + 0.69/0.18 + 1.00/0.18 = 0.81/0.25]
INFO:experiments.py:[154/1000] 3.88 sec: loss(t/v)=0.11/2.84, scores(t/v)=[0.83/0.23 + 0.76/0.51 + 0.70/0.18 + 1.00/0.18 = 0.81/0.25]
INFO:experiments.py:[155/1000] 3.90 sec: loss(t/v)=0.12/2.84, scores(t/v)=[0.80/0.24 + 0.77/0.51 + 0.70/0.18 + 1.00/0.18 = 0.81/0.25]
INFO:experiments.py:[156/1000] 3.95 sec: loss(t/v)=0.12/2.84, scores(t/v)=[0.81/0.23 + 0.75/0.51 + 0.71/0.18 + 1.00/0.18 = 0.81/0.25]
INFO:experiments.py:[157/1000] 3.89 sec: loss(t/v)=0.12/2.84, scores(t/v)=[0.80/0.23 + 0.78/0.51 + 0.69/0.18 + 1.00/0.18 = 0.81/0.25]
INFO:experiments.py:[158/1000] 3.92 sec: loss(t/v)=0.11/2.84, scores(t/v)=[0.82/0.23 + 0.77/0.51 + 0.71/0.19 + 1.00/0.18 = 0.82/0.25]
INFO:experiments.py:Impatient! No gen. improvement in 100 epochs
INFO:experiments.py:Early Stopping: Rewinding to epoch 58
