INFO:experiments.py:--- Begin Training with configuration:
{   'data': '/rap/jvb-000-aa/COURS2019/etudiants/data/omsignal/myHeartProject/',
    'dataloader': {   'batch_size': 64,
                      'num_workers': 6,
                      'shuffle': True,
                      'test_proportion': 0.2},
    'models': {   'tspec': {   'hid_dim': 100,
                               'num_layers': 3,
                               'out_dims': [1, 1, 1, 32],
                               'spec_len': 1876,
                               'ts_len': 3750}},
    'preprocessing': {'noise_gain': 0.25},
    'training': {   'epochs': 1000,
                    'l2': 0.01,
                    'learning_rate': 0.01,
                    'momentum': 0.9}}
INFO:experiments.py:[1/1000] 2.70 sec: loss(t/v)=3.84/3.47, scores(t/v)=[0.01/0.09 + 0.00/0.07 + 0.00/0.00 + 0.00/0.00 = 0.00/0.00]
INFO:experiments.py:[2/1000] 2.50 sec: loss(t/v)=3.64/3.47, scores(t/v)=[0.12/0.18 + 0.17/0.04 + 0.11/0.06 + 0.04/0.00 = 0.10/0.00]
INFO:experiments.py:[3/1000] 2.47 sec: loss(t/v)=3.55/3.47, scores(t/v)=[0.14/0.07 + 0.29/0.00 + 0.12/0.03 + 0.03/0.00 = 0.11/0.00]
INFO:experiments.py:[4/1000] 2.47 sec: loss(t/v)=3.44/3.47, scores(t/v)=[0.13/0.01 + 0.28/0.00 + 0.13/0.04 + 0.08/0.00 = 0.14/0.00]
INFO:experiments.py:[5/1000] 2.46 sec: loss(t/v)=3.39/3.47, scores(t/v)=[0.23/0.00 + 0.31/0.10 + 0.13/0.04 + 0.08/0.00 = 0.16/0.00]
INFO:experiments.py:[6/1000] 2.48 sec: loss(t/v)=3.33/3.47, scores(t/v)=[0.24/0.00 + 0.32/0.15 + 0.19/0.04 + 0.12/0.00 = 0.21/0.00]
INFO:experiments.py:[7/1000] 2.46 sec: loss(t/v)=3.25/3.47, scores(t/v)=[0.26/0.00 + 0.40/0.31 + 0.19/0.04 + 0.17/0.02 = 0.24/0.00]
INFO:experiments.py:[8/1000] 2.44 sec: loss(t/v)=3.20/3.45, scores(t/v)=[0.29/0.00 + 0.43/0.35 + 0.25/0.10 + 0.23/0.02 = 0.29/0.00]
INFO:experiments.py:[9/1000] 2.45 sec: loss(t/v)=3.12/3.41, scores(t/v)=[0.25/0.10 + 0.46/0.37 + 0.23/0.16 + 0.30/0.08 = 0.30/0.15]
INFO:experiments.py:[10/1000] 2.44 sec: loss(t/v)=3.06/3.38, scores(t/v)=[0.35/0.01 + 0.42/0.39 + 0.30/0.23 + 0.29/0.06 = 0.34/0.09]
INFO:experiments.py:[11/1000] 2.45 sec: loss(t/v)=3.00/3.35, scores(t/v)=[0.34/0.07 + 0.49/0.47 + 0.24/0.20 + 0.35/0.05 = 0.34/0.13]
INFO:experiments.py:[12/1000] 2.45 sec: loss(t/v)=2.91/3.33, scores(t/v)=[0.30/0.13 + 0.48/0.52 + 0.27/0.09 + 0.43/0.06 = 0.36/0.14]
INFO:experiments.py:[13/1000] 2.45 sec: loss(t/v)=2.85/3.28, scores(t/v)=[0.31/0.18 + 0.47/0.51 + 0.26/0.11 + 0.42/0.06 = 0.36/0.16]
INFO:experiments.py:[14/1000] 2.45 sec: loss(t/v)=2.75/3.22, scores(t/v)=[0.41/0.28 + 0.53/0.48 + 0.28/0.14 + 0.46/0.11 = 0.41/0.21]
INFO:experiments.py:[15/1000] 2.45 sec: loss(t/v)=2.66/3.17, scores(t/v)=[0.40/0.26 + 0.51/0.48 + 0.27/0.18 + 0.52/0.13 = 0.41/0.23]
INFO:experiments.py:[16/1000] 2.44 sec: loss(t/v)=2.59/3.14, scores(t/v)=[0.39/0.18 + 0.55/0.49 + 0.28/0.24 + 0.53/0.15 = 0.42/0.23]
INFO:experiments.py:[17/1000] 2.44 sec: loss(t/v)=2.49/3.17, scores(t/v)=[0.31/0.25 + 0.57/0.52 + 0.26/0.21 + 0.55/0.10 = 0.40/0.23]
INFO:experiments.py:[18/1000] 2.45 sec: loss(t/v)=2.44/3.19, scores(t/v)=[0.40/0.27 + 0.48/0.51 + 0.29/0.16 + 0.60/0.11 = 0.43/0.23]
INFO:experiments.py:[19/1000] 2.45 sec: loss(t/v)=2.36/3.15, scores(t/v)=[0.42/0.28 + 0.53/0.51 + 0.25/0.21 + 0.60/0.11 = 0.43/0.24]
INFO:experiments.py:[20/1000] 2.45 sec: loss(t/v)=2.27/3.14, scores(t/v)=[0.42/0.19 + 0.47/0.50 + 0.25/0.16 + 0.61/0.13 = 0.42/0.21]
INFO:experiments.py:[21/1000] 2.45 sec: loss(t/v)=2.19/3.10, scores(t/v)=[0.38/0.18 + 0.51/0.56 + 0.25/0.07 + 0.65/0.13 = 0.42/0.18]
INFO:experiments.py:[22/1000] 2.45 sec: loss(t/v)=2.09/3.04, scores(t/v)=[0.45/0.18 + 0.52/0.58 + 0.28/0.16 + 0.67/0.16 = 0.46/0.23]
INFO:experiments.py:[23/1000] 2.44 sec: loss(t/v)=2.01/3.04, scores(t/v)=[0.46/0.18 + 0.55/0.50 + 0.32/0.14 + 0.69/0.19 = 0.49/0.22]
INFO:experiments.py:[24/1000] 2.45 sec: loss(t/v)=1.92/3.00, scores(t/v)=[0.44/0.11 + 0.54/0.52 + 0.35/0.11 + 0.73/0.21 = 0.50/0.19]
INFO:experiments.py:[25/1000] 2.47 sec: loss(t/v)=1.83/2.94, scores(t/v)=[0.41/0.09 + 0.57/0.53 + 0.32/0.17 + 0.74/0.27 = 0.49/0.22]
INFO:experiments.py:[26/1000] 2.45 sec: loss(t/v)=1.75/2.91, scores(t/v)=[0.46/0.16 + 0.54/0.55 + 0.35/0.21 + 0.76/0.26 = 0.51/0.26]
INFO:experiments.py:[27/1000] 2.45 sec: loss(t/v)=1.67/2.90, scores(t/v)=[0.49/0.18 + 0.54/0.55 + 0.28/0.22 + 0.75/0.27 = 0.49/0.28]
INFO:experiments.py:[28/1000] 2.44 sec: loss(t/v)=1.60/2.92, scores(t/v)=[0.51/0.18 + 0.52/0.53 + 0.33/0.10 + 0.79/0.21 = 0.51/0.21]
INFO:experiments.py:[29/1000] 2.46 sec: loss(t/v)=1.50/2.85, scores(t/v)=[0.51/0.18 + 0.49/0.52 + 0.36/0.17 + 0.81/0.23 = 0.52/0.24]
INFO:experiments.py:[30/1000] 2.45 sec: loss(t/v)=1.41/2.91, scores(t/v)=[0.52/0.16 + 0.59/0.50 + 0.33/0.13 + 0.82/0.23 = 0.54/0.22]
INFO:experiments.py:[31/1000] 2.44 sec: loss(t/v)=1.34/2.87, scores(t/v)=[0.49/0.20 + 0.55/0.55 + 0.28/0.21 + 0.85/0.23 = 0.50/0.27]
INFO:experiments.py:[32/1000] 2.44 sec: loss(t/v)=1.25/2.85, scores(t/v)=[0.58/0.26 + 0.53/0.45 + 0.34/0.15 + 0.86/0.24 = 0.55/0.25]
INFO:experiments.py:[33/1000] 2.44 sec: loss(t/v)=1.17/2.92, scores(t/v)=[0.58/0.24 + 0.53/0.48 + 0.28/0.12 + 0.87/0.23 = 0.52/0.24]
INFO:experiments.py:[34/1000] 2.45 sec: loss(t/v)=1.10/3.00, scores(t/v)=[0.52/0.21 + 0.54/0.36 + 0.33/0.12 + 0.91/0.19 = 0.54/0.20]
INFO:experiments.py:[35/1000] 2.45 sec: loss(t/v)=1.03/2.67, scores(t/v)=[0.61/0.33 + 0.48/0.49 + 0.31/0.21 + 0.92/0.31 = 0.54/0.32]
INFO:experiments.py:[36/1000] 2.44 sec: loss(t/v)=0.94/2.63, scores(t/v)=[0.60/0.35 + 0.51/0.43 + 0.39/0.15 + 0.94/0.29 = 0.58/0.28]
INFO:experiments.py:[37/1000] 2.45 sec: loss(t/v)=0.88/2.59, scores(t/v)=[0.58/0.18 + 0.49/0.50 + 0.28/0.18 + 0.95/0.32 = 0.52/0.27]
INFO:experiments.py:[38/1000] 2.45 sec: loss(t/v)=0.83/2.53, scores(t/v)=[0.54/0.24 + 0.52/0.52 + 0.30/0.22 + 0.95/0.34 = 0.53/0.31]
INFO:experiments.py:[39/1000] 2.46 sec: loss(t/v)=0.76/2.55, scores(t/v)=[0.61/0.27 + 0.51/0.51 + 0.31/0.13 + 0.95/0.29 = 0.55/0.27]
INFO:experiments.py:[40/1000] 2.45 sec: loss(t/v)=0.71/2.65, scores(t/v)=[0.59/0.28 + 0.47/0.51 + 0.32/0.24 + 0.97/0.26 = 0.54/0.31]
INFO:experiments.py:[41/1000] 2.45 sec: loss(t/v)=0.62/2.75, scores(t/v)=[0.59/0.28 + 0.51/0.53 + 0.38/0.04 + 0.98/0.24 = 0.58/0.19]
INFO:experiments.py:[42/1000] 2.44 sec: loss(t/v)=0.62/2.65, scores(t/v)=[0.62/0.25 + 0.53/0.47 + 0.30/0.21 + 0.99/0.29 = 0.56/0.29]
INFO:experiments.py:[43/1000] 2.44 sec: loss(t/v)=0.53/2.62, scores(t/v)=[0.62/0.25 + 0.50/0.54 + 0.37/0.20 + 0.98/0.29 = 0.58/0.30]
INFO:experiments.py:[44/1000] 2.45 sec: loss(t/v)=0.48/2.62, scores(t/v)=[0.60/0.25 + 0.53/0.54 + 0.37/0.23 + 1.00/0.27 = 0.59/0.30]
INFO:experiments.py:[45/1000] 2.52 sec: loss(t/v)=0.43/2.62, scores(t/v)=[0.60/0.27 + 0.49/0.58 + 0.29/0.15 + 1.00/0.29 = 0.54/0.29]
INFO:experiments.py:[46/1000] 2.49 sec: loss(t/v)=0.40/2.72, scores(t/v)=[0.62/0.26 + 0.52/0.52 + 0.28/0.22 + 0.99/0.27 = 0.55/0.30]
INFO:experiments.py:[47/1000] 2.48 sec: loss(t/v)=0.38/2.82, scores(t/v)=[0.60/0.30 + 0.43/0.48 + 0.29/0.15 + 1.00/0.21 = 0.52/0.26]
INFO:experiments.py:[48/1000] 2.47 sec: loss(t/v)=0.32/2.78, scores(t/v)=[0.63/0.26 + 0.52/0.50 + 0.31/0.22 + 1.00/0.24 = 0.56/0.29]
INFO:experiments.py:[49/1000] 2.47 sec: loss(t/v)=0.31/2.73, scores(t/v)=[0.66/0.34 + 0.49/0.51 + 0.22/0.20 + 1.00/0.23 = 0.52/0.30]
INFO:experiments.py:[50/1000] 2.45 sec: loss(t/v)=0.29/2.59, scores(t/v)=[0.66/0.23 + 0.51/0.55 + 0.28/0.30 + 1.00/0.29 = 0.55/0.32]
INFO:experiments.py:[51/1000] 2.46 sec: loss(t/v)=0.28/2.56, scores(t/v)=[0.62/0.36 + 0.56/0.54 + 0.36/0.16 + 1.00/0.31 = 0.60/0.31]
INFO:experiments.py:[52/1000] 2.44 sec: loss(t/v)=0.26/2.60, scores(t/v)=[0.65/0.26 + 0.45/0.51 + 0.37/0.21 + 1.00/0.29 = 0.57/0.30]
INFO:experiments.py:[53/1000] 2.45 sec: loss(t/v)=0.24/2.54, scores(t/v)=[0.64/0.35 + 0.49/0.53 + 0.30/0.21 + 1.00/0.29 = 0.55/0.33]
INFO:experiments.py:[54/1000] 2.45 sec: loss(t/v)=0.22/2.47, scores(t/v)=[0.64/0.32 + 0.50/0.55 + 0.28/0.18 + 1.00/0.34 = 0.55/0.32]
INFO:experiments.py:[55/1000] 2.44 sec: loss(t/v)=0.21/2.45, scores(t/v)=[0.67/0.30 + 0.45/0.54 + 0.27/0.21 + 1.00/0.32 = 0.54/0.32]
INFO:experiments.py:[56/1000] 2.45 sec: loss(t/v)=0.20/2.43, scores(t/v)=[0.67/0.40 + 0.49/0.51 + 0.29/0.18 + 1.00/0.32 = 0.56/0.33]
INFO:experiments.py:[57/1000] 2.45 sec: loss(t/v)=0.21/2.42, scores(t/v)=[0.66/0.40 + 0.49/0.64 + 0.39/0.27 + 1.00/0.32 = 0.59/0.38]
INFO:experiments.py:[58/1000] 2.45 sec: loss(t/v)=0.18/2.48, scores(t/v)=[0.69/0.39 + 0.57/0.54 + 0.43/0.21 + 1.00/0.32 = 0.64/0.35]
INFO:experiments.py:[59/1000] 2.45 sec: loss(t/v)=0.16/2.54, scores(t/v)=[0.69/0.37 + 0.53/0.52 + 0.37/0.23 + 1.00/0.27 = 0.60/0.33]
INFO:experiments.py:[60/1000] 2.45 sec: loss(t/v)=0.16/2.60, scores(t/v)=[0.67/0.41 + 0.51/0.51 + 0.29/0.13 + 1.00/0.27 = 0.56/0.30]
INFO:experiments.py:[61/1000] 2.45 sec: loss(t/v)=0.15/2.53, scores(t/v)=[0.68/0.39 + 0.49/0.49 + 0.34/0.25 + 1.00/0.27 = 0.58/0.34]
INFO:experiments.py:[62/1000] 2.45 sec: loss(t/v)=0.16/2.44, scores(t/v)=[0.65/0.36 + 0.48/0.57 + 0.36/0.22 + 1.00/0.32 = 0.58/0.35]
INFO:experiments.py:[63/1000] 2.46 sec: loss(t/v)=0.14/2.40, scores(t/v)=[0.70/0.37 + 0.52/0.44 + 0.35/0.31 + 1.00/0.32 = 0.60/0.36]
INFO:experiments.py:[64/1000] 2.46 sec: loss(t/v)=0.14/2.39, scores(t/v)=[0.67/0.31 + 0.44/0.54 + 0.33/0.17 + 1.00/0.34 = 0.56/0.32]
INFO:experiments.py:[65/1000] 2.47 sec: loss(t/v)=0.15/2.39, scores(t/v)=[0.68/0.37 + 0.52/0.41 + 0.38/0.30 + 1.00/0.34 = 0.60/0.36]
INFO:experiments.py:[66/1000] 2.45 sec: loss(t/v)=0.14/2.38, scores(t/v)=[0.68/0.32 + 0.52/0.46 + 0.30/0.18 + 1.00/0.34 = 0.57/0.31]
INFO:experiments.py:[67/1000] 2.45 sec: loss(t/v)=0.14/2.37, scores(t/v)=[0.67/0.37 + 0.51/0.60 + 0.31/0.32 + 1.00/0.32 = 0.57/0.39]
INFO:experiments.py:[68/1000] 2.45 sec: loss(t/v)=0.15/2.38, scores(t/v)=[0.63/0.37 + 0.50/0.49 + 0.33/0.19 + 1.00/0.31 = 0.57/0.32]
INFO:experiments.py:[69/1000] 2.46 sec: loss(t/v)=0.13/2.40, scores(t/v)=[0.68/0.34 + 0.51/0.46 + 0.33/0.23 + 1.00/0.31 = 0.58/0.32]
INFO:experiments.py:[70/1000] 2.45 sec: loss(t/v)=0.13/2.45, scores(t/v)=[0.69/0.40 + 0.52/0.48 + 0.36/0.23 + 1.00/0.32 = 0.60/0.34]
INFO:experiments.py:[71/1000] 2.46 sec: loss(t/v)=0.15/2.50, scores(t/v)=[0.68/0.37 + 0.54/0.47 + 0.35/0.18 + 1.00/0.31 = 0.60/0.32]
INFO:experiments.py:[72/1000] 2.46 sec: loss(t/v)=0.13/2.50, scores(t/v)=[0.68/0.32 + 0.49/0.54 + 0.35/0.25 + 1.00/0.32 = 0.58/0.34]
INFO:experiments.py:[73/1000] 2.46 sec: loss(t/v)=0.14/2.47, scores(t/v)=[0.65/0.37 + 0.46/0.47 + 0.36/0.18 + 1.00/0.32 = 0.57/0.32]
INFO:experiments.py:[74/1000] 2.45 sec: loss(t/v)=0.13/2.47, scores(t/v)=[0.66/0.41 + 0.50/0.57 + 0.28/0.10 + 1.00/0.31 = 0.55/0.29]
INFO:experiments.py:[75/1000] 2.45 sec: loss(t/v)=0.11/2.49, scores(t/v)=[0.70/0.36 + 0.48/0.54 + 0.36/0.21 + 1.00/0.31 = 0.59/0.34]
INFO:experiments.py:[76/1000] 2.45 sec: loss(t/v)=0.12/2.47, scores(t/v)=[0.68/0.31 + 0.56/0.56 + 0.34/0.21 + 1.00/0.31 = 0.60/0.33]
INFO:experiments.py:[77/1000] 2.45 sec: loss(t/v)=0.12/2.52, scores(t/v)=[0.67/0.35 + 0.55/0.45 + 0.30/0.20 + 1.00/0.27 = 0.58/0.31]
INFO:experiments.py:[78/1000] 2.45 sec: loss(t/v)=0.12/2.51, scores(t/v)=[0.68/0.35 + 0.51/0.49 + 0.36/0.23 + 1.00/0.29 = 0.59/0.33]
INFO:experiments.py:[79/1000] 2.45 sec: loss(t/v)=0.11/2.48, scores(t/v)=[0.70/0.35 + 0.46/0.51 + 0.35/0.24 + 1.00/0.29 = 0.58/0.33]
INFO:experiments.py:[80/1000] 2.46 sec: loss(t/v)=0.11/2.48, scores(t/v)=[0.69/0.38 + 0.54/0.54 + 0.43/0.22 + 1.00/0.27 = 0.63/0.33]
INFO:experiments.py:[81/1000] 2.46 sec: loss(t/v)=0.12/2.50, scores(t/v)=[0.70/0.38 + 0.51/0.55 + 0.30/0.23 + 1.00/0.27 = 0.57/0.34]
INFO:experiments.py:[82/1000] 2.45 sec: loss(t/v)=0.12/2.48, scores(t/v)=[0.69/0.36 + 0.55/0.48 + 0.36/0.24 + 1.00/0.29 = 0.61/0.33]
INFO:experiments.py:[83/1000] 2.46 sec: loss(t/v)=0.11/2.45, scores(t/v)=[0.69/0.38 + 0.51/0.56 + 0.39/0.23 + 1.00/0.31 = 0.61/0.35]
INFO:experiments.py:[84/1000] 2.46 sec: loss(t/v)=0.11/2.45, scores(t/v)=[0.69/0.36 + 0.48/0.55 + 0.30/0.21 + 1.00/0.29 = 0.56/0.33]
INFO:experiments.py:[85/1000] 2.48 sec: loss(t/v)=0.11/2.45, scores(t/v)=[0.70/0.37 + 0.56/0.54 + 0.37/0.20 + 1.00/0.27 = 0.62/0.33]
INFO:experiments.py:[86/1000] 2.48 sec: loss(t/v)=0.11/2.45, scores(t/v)=[0.71/0.34 + 0.58/0.51 + 0.31/0.32 + 1.00/0.27 = 0.60/0.35]
INFO:experiments.py:[87/1000] 2.47 sec: loss(t/v)=0.11/2.44, scores(t/v)=[0.72/0.38 + 0.57/0.55 + 0.32/0.22 + 1.00/0.26 = 0.60/0.33]
INFO:experiments.py:[88/1000] 2.46 sec: loss(t/v)=0.11/2.46, scores(t/v)=[0.70/0.40 + 0.55/0.52 + 0.39/0.28 + 1.00/0.26 = 0.62/0.35]
INFO:experiments.py:[89/1000] 2.46 sec: loss(t/v)=0.10/2.43, scores(t/v)=[0.74/0.38 + 0.57/0.55 + 0.42/0.30 + 1.00/0.27 = 0.65/0.36]
INFO:experiments.py:[90/1000] 2.44 sec: loss(t/v)=0.10/2.41, scores(t/v)=[0.78/0.39 + 0.61/0.57 + 0.49/0.30 + 1.00/0.27 = 0.69/0.37]
INFO:experiments.py:[91/1000] 2.45 sec: loss(t/v)=0.10/2.41, scores(t/v)=[0.77/0.39 + 0.63/0.55 + 0.46/0.24 + 1.00/0.27 = 0.69/0.34]
INFO:experiments.py:[92/1000] 2.45 sec: loss(t/v)=0.10/2.41, scores(t/v)=[0.78/0.37 + 0.62/0.52 + 0.44/0.28 + 1.00/0.29 = 0.68/0.36]
INFO:experiments.py:[93/1000] 2.45 sec: loss(t/v)=0.10/2.40, scores(t/v)=[0.77/0.37 + 0.63/0.49 + 0.44/0.37 + 1.00/0.31 = 0.68/0.38]
INFO:experiments.py:[94/1000] 2.46 sec: loss(t/v)=0.10/2.40, scores(t/v)=[0.78/0.38 + 0.64/0.50 + 0.50/0.34 + 1.00/0.32 = 0.70/0.38]
INFO:experiments.py:[95/1000] 2.47 sec: loss(t/v)=0.10/2.40, scores(t/v)=[0.78/0.38 + 0.63/0.49 + 0.54/0.29 + 1.00/0.34 = 0.72/0.37]
INFO:experiments.py:[96/1000] 2.46 sec: loss(t/v)=0.10/2.40, scores(t/v)=[0.75/0.39 + 0.66/0.51 + 0.43/0.26 + 1.00/0.31 = 0.68/0.35]
INFO:experiments.py:[97/1000] 2.46 sec: loss(t/v)=0.10/2.40, scores(t/v)=[0.76/0.40 + 0.66/0.52 + 0.48/0.28 + 1.00/0.32 = 0.70/0.37]
INFO:experiments.py:[98/1000] 2.46 sec: loss(t/v)=0.10/2.39, scores(t/v)=[0.77/0.40 + 0.65/0.52 + 0.52/0.30 + 1.00/0.31 = 0.72/0.37]
INFO:experiments.py:[99/1000] 2.46 sec: loss(t/v)=0.09/2.39, scores(t/v)=[0.79/0.41 + 0.65/0.53 + 0.50/0.27 + 1.00/0.31 = 0.71/0.37]
INFO:experiments.py:[100/1000] 2.46 sec: loss(t/v)=0.10/2.38, scores(t/v)=[0.77/0.42 + 0.67/0.53 + 0.45/0.30 + 1.00/0.32 = 0.69/0.38]
INFO:experiments.py:[101/1000] 2.46 sec: loss(t/v)=0.09/2.38, scores(t/v)=[0.78/0.42 + 0.65/0.51 + 0.48/0.28 + 1.00/0.31 = 0.70/0.37]
INFO:experiments.py:[102/1000] 2.46 sec: loss(t/v)=0.10/2.38, scores(t/v)=[0.77/0.40 + 0.65/0.51 + 0.53/0.28 + 1.00/0.31 = 0.72/0.36]
INFO:experiments.py:[103/1000] 2.45 sec: loss(t/v)=0.09/2.37, scores(t/v)=[0.78/0.39 + 0.66/0.51 + 0.49/0.25 + 1.00/0.31 = 0.71/0.35]
INFO:experiments.py:[104/1000] 2.46 sec: loss(t/v)=0.09/2.37, scores(t/v)=[0.79/0.40 + 0.67/0.50 + 0.51/0.29 + 1.00/0.31 = 0.72/0.37]
INFO:experiments.py:[105/1000] 2.47 sec: loss(t/v)=0.09/2.36, scores(t/v)=[0.77/0.41 + 0.64/0.50 + 0.45/0.29 + 1.00/0.31 = 0.69/0.37]
INFO:experiments.py:[106/1000] 2.46 sec: loss(t/v)=0.09/2.37, scores(t/v)=[0.79/0.40 + 0.68/0.51 + 0.49/0.29 + 1.00/0.31 = 0.71/0.37]
INFO:experiments.py:[107/1000] 2.46 sec: loss(t/v)=0.09/2.37, scores(t/v)=[0.78/0.41 + 0.63/0.50 + 0.51/0.29 + 1.00/0.31 = 0.71/0.37]
INFO:experiments.py:[108/1000] 2.47 sec: loss(t/v)=0.09/2.37, scores(t/v)=[0.77/0.42 + 0.62/0.50 + 0.46/0.28 + 1.00/0.31 = 0.69/0.37]
INFO:experiments.py:[109/1000] 2.45 sec: loss(t/v)=0.09/2.38, scores(t/v)=[0.80/0.41 + 0.63/0.51 + 0.43/0.29 + 1.00/0.31 = 0.68/0.37]
INFO:experiments.py:[110/1000] 2.46 sec: loss(t/v)=0.10/2.37, scores(t/v)=[0.78/0.40 + 0.65/0.52 + 0.45/0.30 + 1.00/0.31 = 0.69/0.37]
INFO:experiments.py:[111/1000] 2.46 sec: loss(t/v)=0.09/2.38, scores(t/v)=[0.77/0.40 + 0.63/0.52 + 0.47/0.29 + 1.00/0.29 = 0.69/0.36]
INFO:experiments.py:[112/1000] 2.46 sec: loss(t/v)=0.08/2.38, scores(t/v)=[0.79/0.40 + 0.67/0.53 + 0.51/0.26 + 1.00/0.29 = 0.72/0.35]
INFO:experiments.py:[113/1000] 2.45 sec: loss(t/v)=0.10/2.38, scores(t/v)=[0.78/0.40 + 0.66/0.50 + 0.42/0.25 + 1.00/0.31 = 0.68/0.35]
INFO:experiments.py:[114/1000] 2.46 sec: loss(t/v)=0.09/2.38, scores(t/v)=[0.75/0.40 + 0.65/0.49 + 0.49/0.28 + 1.00/0.29 = 0.70/0.35]
INFO:experiments.py:[115/1000] 2.47 sec: loss(t/v)=0.09/2.37, scores(t/v)=[0.79/0.40 + 0.67/0.47 + 0.49/0.28 + 1.00/0.29 = 0.71/0.35]
INFO:experiments.py:[116/1000] 2.46 sec: loss(t/v)=0.09/2.37, scores(t/v)=[0.76/0.39 + 0.65/0.50 + 0.47/0.29 + 1.00/0.29 = 0.69/0.36]
INFO:experiments.py:[117/1000] 2.46 sec: loss(t/v)=0.10/2.37, scores(t/v)=[0.75/0.38 + 0.64/0.50 + 0.45/0.30 + 1.00/0.31 = 0.68/0.36]
INFO:experiments.py:[118/1000] 2.47 sec: loss(t/v)=0.10/2.37, scores(t/v)=[0.75/0.38 + 0.65/0.52 + 0.49/0.30 + 1.00/0.31 = 0.70/0.36]
INFO:experiments.py:[119/1000] 2.46 sec: loss(t/v)=0.09/2.37, scores(t/v)=[0.77/0.39 + 0.63/0.50 + 0.50/0.26 + 1.00/0.27 = 0.70/0.35]
INFO:experiments.py:[120/1000] 2.47 sec: loss(t/v)=0.09/2.37, scores(t/v)=[0.78/0.39 + 0.64/0.49 + 0.48/0.28 + 1.00/0.29 = 0.70/0.35]
INFO:experiments.py:[121/1000] 2.46 sec: loss(t/v)=0.09/2.37, scores(t/v)=[0.77/0.40 + 0.64/0.51 + 0.49/0.29 + 1.00/0.27 = 0.70/0.36]
INFO:experiments.py:[122/1000] 2.46 sec: loss(t/v)=0.09/2.37, scores(t/v)=[0.78/0.39 + 0.67/0.53 + 0.50/0.31 + 1.00/0.27 = 0.72/0.36]
INFO:experiments.py:[123/1000] 2.47 sec: loss(t/v)=0.09/2.37, scores(t/v)=[0.74/0.41 + 0.67/0.52 + 0.51/0.30 + 1.00/0.27 = 0.71/0.36]
INFO:experiments.py:[124/1000] 2.48 sec: loss(t/v)=0.09/2.37, scores(t/v)=[0.78/0.40 + 0.59/0.49 + 0.39/0.26 + 1.00/0.27 = 0.65/0.34]
INFO:experiments.py:[125/1000] 2.47 sec: loss(t/v)=0.09/2.37, scores(t/v)=[0.77/0.40 + 0.65/0.47 + 0.46/0.28 + 1.00/0.27 = 0.69/0.35]
INFO:experiments.py:[126/1000] 2.46 sec: loss(t/v)=0.09/2.37, scores(t/v)=[0.76/0.39 + 0.61/0.49 + 0.45/0.29 + 1.00/0.27 = 0.68/0.35]
INFO:experiments.py:[127/1000] 2.46 sec: loss(t/v)=0.09/2.37, scores(t/v)=[0.77/0.39 + 0.64/0.49 + 0.48/0.29 + 1.00/0.27 = 0.70/0.35]
INFO:experiments.py:[128/1000] 2.47 sec: loss(t/v)=0.09/2.36, scores(t/v)=[0.79/0.39 + 0.64/0.50 + 0.50/0.30 + 1.00/0.27 = 0.71/0.36]
INFO:experiments.py:[129/1000] 2.46 sec: loss(t/v)=0.09/2.37, scores(t/v)=[0.75/0.39 + 0.64/0.49 + 0.53/0.29 + 1.00/0.27 = 0.71/0.35]
INFO:experiments.py:[130/1000] 2.46 sec: loss(t/v)=0.09/2.37, scores(t/v)=[0.80/0.40 + 0.68/0.50 + 0.49/0.28 + 1.00/0.27 = 0.72/0.35]
INFO:experiments.py:[131/1000] 2.46 sec: loss(t/v)=0.08/2.37, scores(t/v)=[0.80/0.40 + 0.67/0.50 + 0.50/0.28 + 1.00/0.27 = 0.72/0.35]
INFO:experiments.py:[132/1000] 2.46 sec: loss(t/v)=0.09/2.37, scores(t/v)=[0.75/0.39 + 0.66/0.50 + 0.50/0.28 + 1.00/0.27 = 0.70/0.35]
INFO:experiments.py:[133/1000] 2.46 sec: loss(t/v)=0.09/2.36, scores(t/v)=[0.79/0.40 + 0.65/0.51 + 0.50/0.28 + 1.00/0.27 = 0.71/0.35]
INFO:experiments.py:[134/1000] 2.46 sec: loss(t/v)=0.09/2.37, scores(t/v)=[0.78/0.40 + 0.66/0.50 + 0.50/0.27 + 1.00/0.27 = 0.71/0.35]
INFO:experiments.py:[135/1000] 2.46 sec: loss(t/v)=0.08/2.37, scores(t/v)=[0.78/0.40 + 0.64/0.51 + 0.48/0.27 + 1.00/0.27 = 0.70/0.35]
INFO:experiments.py:[136/1000] 2.46 sec: loss(t/v)=0.09/2.37, scores(t/v)=[0.78/0.40 + 0.66/0.49 + 0.49/0.27 + 1.00/0.27 = 0.71/0.35]
INFO:experiments.py:[137/1000] 2.45 sec: loss(t/v)=0.09/2.37, scores(t/v)=[0.78/0.39 + 0.69/0.50 + 0.48/0.27 + 1.00/0.27 = 0.71/0.35]
INFO:experiments.py:[138/1000] 2.45 sec: loss(t/v)=0.09/2.37, scores(t/v)=[0.78/0.39 + 0.70/0.49 + 0.52/0.28 + 1.00/0.27 = 0.73/0.35]
INFO:experiments.py:[139/1000] 2.44 sec: loss(t/v)=0.09/2.36, scores(t/v)=[0.79/0.40 + 0.65/0.50 + 0.48/0.28 + 1.00/0.29 = 0.71/0.36]
INFO:experiments.py:[140/1000] 2.44 sec: loss(t/v)=0.09/2.36, scores(t/v)=[0.78/0.40 + 0.67/0.49 + 0.45/0.28 + 1.00/0.29 = 0.70/0.35]
INFO:experiments.py:[141/1000] 2.45 sec: loss(t/v)=0.09/2.37, scores(t/v)=[0.79/0.40 + 0.66/0.50 + 0.46/0.29 + 1.00/0.29 = 0.70/0.36]
INFO:experiments.py:[142/1000] 2.45 sec: loss(t/v)=0.10/2.37, scores(t/v)=[0.76/0.40 + 0.69/0.50 + 0.54/0.28 + 1.00/0.27 = 0.73/0.35]
INFO:experiments.py:[143/1000] 2.46 sec: loss(t/v)=0.09/2.37, scores(t/v)=[0.77/0.39 + 0.67/0.50 + 0.49/0.28 + 1.00/0.27 = 0.71/0.35]
INFO:experiments.py:[144/1000] 2.46 sec: loss(t/v)=0.09/2.38, scores(t/v)=[0.78/0.39 + 0.68/0.50 + 0.48/0.29 + 1.00/0.29 = 0.71/0.36]
INFO:experiments.py:[145/1000] 2.45 sec: loss(t/v)=0.09/2.37, scores(t/v)=[0.78/0.39 + 0.66/0.49 + 0.49/0.29 + 1.00/0.27 = 0.71/0.35]
INFO:experiments.py:[146/1000] 2.45 sec: loss(t/v)=0.08/2.37, scores(t/v)=[0.80/0.39 + 0.67/0.49 + 0.50/0.28 + 1.00/0.27 = 0.72/0.35]
INFO:experiments.py:[147/1000] 2.45 sec: loss(t/v)=0.08/2.37, scores(t/v)=[0.76/0.39 + 0.66/0.49 + 0.49/0.28 + 1.00/0.27 = 0.71/0.35]
INFO:experiments.py:[148/1000] 2.45 sec: loss(t/v)=0.09/2.37, scores(t/v)=[0.76/0.39 + 0.70/0.49 + 0.50/0.29 + 1.00/0.27 = 0.72/0.35]
INFO:experiments.py:[149/1000] 2.45 sec: loss(t/v)=0.09/2.37, scores(t/v)=[0.76/0.39 + 0.65/0.49 + 0.51/0.29 + 1.00/0.27 = 0.71/0.35]
INFO:experiments.py:[150/1000] 2.43 sec: loss(t/v)=0.09/2.37, scores(t/v)=[0.79/0.39 + 0.62/0.49 + 0.45/0.28 + 1.00/0.27 = 0.69/0.35]
INFO:experiments.py:[151/1000] 2.41 sec: loss(t/v)=0.09/2.36, scores(t/v)=[0.77/0.39 + 0.63/0.49 + 0.48/0.28 + 1.00/0.27 = 0.70/0.35]
INFO:experiments.py:[152/1000] 2.42 sec: loss(t/v)=0.09/2.37, scores(t/v)=[0.76/0.39 + 0.64/0.48 + 0.53/0.28 + 1.00/0.27 = 0.71/0.35]
INFO:experiments.py:[153/1000] 2.43 sec: loss(t/v)=0.09/2.37, scores(t/v)=[0.76/0.39 + 0.64/0.48 + 0.54/0.28 + 1.00/0.27 = 0.72/0.35]
INFO:experiments.py:[154/1000] 2.44 sec: loss(t/v)=0.09/2.36, scores(t/v)=[0.77/0.38 + 0.64/0.49 + 0.47/0.28 + 1.00/0.27 = 0.70/0.35]
INFO:experiments.py:[155/1000] 2.43 sec: loss(t/v)=0.09/2.37, scores(t/v)=[0.77/0.38 + 0.62/0.49 + 0.51/0.29 + 1.00/0.27 = 0.70/0.35]
INFO:experiments.py:[156/1000] 2.45 sec: loss(t/v)=0.09/2.37, scores(t/v)=[0.80/0.39 + 0.67/0.50 + 0.50/0.28 + 1.00/0.29 = 0.72/0.35]
INFO:experiments.py:[157/1000] 2.46 sec: loss(t/v)=0.09/2.37, scores(t/v)=[0.79/0.39 + 0.64/0.49 + 0.55/0.28 + 1.00/0.29 = 0.73/0.35]
INFO:experiments.py:[158/1000] 2.44 sec: loss(t/v)=0.09/2.37, scores(t/v)=[0.76/0.39 + 0.68/0.49 + 0.46/0.28 + 1.00/0.31 = 0.70/0.36]
INFO:experiments.py:[159/1000] 2.42 sec: loss(t/v)=0.09/2.37, scores(t/v)=[0.78/0.40 + 0.67/0.49 + 0.47/0.27 + 1.00/0.27 = 0.70/0.35]
INFO:experiments.py:[160/1000] 2.41 sec: loss(t/v)=0.09/2.37, scores(t/v)=[0.80/0.40 + 0.65/0.49 + 0.50/0.27 + 1.00/0.27 = 0.71/0.35]
INFO:experiments.py:[161/1000] 2.41 sec: loss(t/v)=0.09/2.37, scores(t/v)=[0.79/0.40 + 0.65/0.49 + 0.47/0.27 + 1.00/0.27 = 0.70/0.35]
INFO:experiments.py:[162/1000] 2.44 sec: loss(t/v)=0.09/2.36, scores(t/v)=[0.79/0.40 + 0.64/0.49 + 0.51/0.27 + 1.00/0.27 = 0.71/0.35]
INFO:experiments.py:[163/1000] 2.44 sec: loss(t/v)=0.09/2.36, scores(t/v)=[0.77/0.39 + 0.66/0.48 + 0.50/0.28 + 1.00/0.27 = 0.71/0.35]
INFO:experiments.py:[164/1000] 2.43 sec: loss(t/v)=0.10/2.37, scores(t/v)=[0.75/0.40 + 0.62/0.48 + 0.47/0.27 + 1.00/0.27 = 0.68/0.35]
INFO:experiments.py:[165/1000] 2.45 sec: loss(t/v)=0.09/2.36, scores(t/v)=[0.76/0.41 + 0.65/0.49 + 0.50/0.28 + 1.00/0.29 = 0.71/0.36]
INFO:experiments.py:[166/1000] 2.42 sec: loss(t/v)=0.09/2.36, scores(t/v)=[0.78/0.40 + 0.66/0.49 + 0.46/0.27 + 1.00/0.29 = 0.70/0.35]
INFO:experiments.py:[167/1000] 2.41 sec: loss(t/v)=0.09/2.37, scores(t/v)=[0.76/0.39 + 0.64/0.48 + 0.48/0.28 + 1.00/0.27 = 0.69/0.35]
INFO:experiments.py:[168/1000] 2.41 sec: loss(t/v)=0.08/2.37, scores(t/v)=[0.79/0.39 + 0.65/0.48 + 0.53/0.28 + 1.00/0.27 = 0.72/0.35]
INFO:experiments.py:[169/1000] 2.45 sec: loss(t/v)=0.09/2.37, scores(t/v)=[0.79/0.39 + 0.65/0.48 + 0.49/0.28 + 1.00/0.27 = 0.71/0.35]
INFO:experiments.py:[170/1000] 2.42 sec: loss(t/v)=0.09/2.37, scores(t/v)=[0.77/0.39 + 0.66/0.49 + 0.49/0.27 + 1.00/0.27 = 0.71/0.34]
INFO:experiments.py:[171/1000] 2.43 sec: loss(t/v)=0.09/2.37, scores(t/v)=[0.76/0.39 + 0.64/0.49 + 0.53/0.27 + 1.00/0.27 = 0.71/0.34]
INFO:experiments.py:[172/1000] 2.45 sec: loss(t/v)=0.08/2.37, scores(t/v)=[0.79/0.39 + 0.70/0.49 + 0.46/0.26 + 1.00/0.27 = 0.71/0.34]
INFO:experiments.py:[173/1000] 2.42 sec: loss(t/v)=0.09/2.37, scores(t/v)=[0.75/0.39 + 0.66/0.49 + 0.51/0.26 + 1.00/0.27 = 0.71/0.34]
INFO:experiments.py:[174/1000] 2.41 sec: loss(t/v)=0.09/2.38, scores(t/v)=[0.78/0.39 + 0.65/0.49 + 0.47/0.26 + 1.00/0.27 = 0.70/0.34]
INFO:experiments.py:[175/1000] 2.43 sec: loss(t/v)=0.08/2.37, scores(t/v)=[0.80/0.39 + 0.66/0.49 + 0.52/0.27 + 1.00/0.27 = 0.72/0.35]
INFO:experiments.py:[176/1000] 2.43 sec: loss(t/v)=0.09/2.38, scores(t/v)=[0.77/0.38 + 0.63/0.49 + 0.49/0.27 + 1.00/0.27 = 0.70/0.34]
INFO:experiments.py:[177/1000] 2.43 sec: loss(t/v)=0.10/2.37, scores(t/v)=[0.77/0.38 + 0.61/0.49 + 0.43/0.28 + 1.00/0.27 = 0.67/0.35]
INFO:experiments.py:[178/1000] 2.43 sec: loss(t/v)=0.09/2.37, scores(t/v)=[0.77/0.38 + 0.67/0.47 + 0.50/0.28 + 1.00/0.27 = 0.71/0.34]
INFO:experiments.py:[179/1000] 2.45 sec: loss(t/v)=0.09/2.37, scores(t/v)=[0.79/0.39 + 0.64/0.48 + 0.52/0.28 + 1.00/0.27 = 0.72/0.34]
INFO:experiments.py:[180/1000] 2.45 sec: loss(t/v)=0.08/2.37, scores(t/v)=[0.79/0.38 + 0.67/0.47 + 0.54/0.28 + 1.00/0.27 = 0.73/0.34]
INFO:experiments.py:[181/1000] 2.43 sec: loss(t/v)=0.09/2.37, scores(t/v)=[0.78/0.38 + 0.65/0.48 + 0.40/0.28 + 1.00/0.27 = 0.67/0.34]
INFO:experiments.py:[182/1000] 2.44 sec: loss(t/v)=0.09/2.37, scores(t/v)=[0.78/0.38 + 0.68/0.48 + 0.49/0.28 + 1.00/0.29 = 0.71/0.35]
INFO:experiments.py:[183/1000] 2.43 sec: loss(t/v)=0.08/2.37, scores(t/v)=[0.78/0.38 + 0.68/0.48 + 0.47/0.28 + 1.00/0.27 = 0.70/0.34]
INFO:experiments.py:[184/1000] 2.45 sec: loss(t/v)=0.09/2.37, scores(t/v)=[0.80/0.38 + 0.67/0.48 + 0.50/0.28 + 1.00/0.27 = 0.72/0.35]
INFO:experiments.py:[185/1000] 2.44 sec: loss(t/v)=0.08/2.37, scores(t/v)=[0.79/0.38 + 0.71/0.49 + 0.51/0.28 + 1.00/0.27 = 0.73/0.35]
INFO:experiments.py:[186/1000] 2.43 sec: loss(t/v)=0.09/2.37, scores(t/v)=[0.79/0.39 + 0.66/0.48 + 0.53/0.28 + 1.00/0.27 = 0.72/0.35]
INFO:experiments.py:[187/1000] 2.44 sec: loss(t/v)=0.09/2.37, scores(t/v)=[0.80/0.39 + 0.69/0.48 + 0.56/0.28 + 1.00/0.27 = 0.74/0.35]
INFO:experiments.py:[188/1000] 2.44 sec: loss(t/v)=0.08/2.37, scores(t/v)=[0.78/0.39 + 0.65/0.48 + 0.50/0.28 + 1.00/0.27 = 0.71/0.35]
INFO:experiments.py:[189/1000] 2.42 sec: loss(t/v)=0.09/2.37, scores(t/v)=[0.79/0.39 + 0.67/0.48 + 0.49/0.28 + 1.00/0.27 = 0.71/0.34]
INFO:experiments.py:[190/1000] 2.41 sec: loss(t/v)=0.09/2.37, scores(t/v)=[0.77/0.38 + 0.69/0.48 + 0.49/0.28 + 1.00/0.27 = 0.71/0.34]
INFO:experiments.py:[191/1000] 2.44 sec: loss(t/v)=0.08/2.36, scores(t/v)=[0.76/0.38 + 0.68/0.48 + 0.48/0.27 + 1.00/0.27 = 0.71/0.34]
INFO:experiments.py:[192/1000] 2.44 sec: loss(t/v)=0.09/2.37, scores(t/v)=[0.78/0.39 + 0.64/0.48 + 0.50/0.28 + 1.00/0.27 = 0.70/0.34]
INFO:experiments.py:[193/1000] 2.43 sec: loss(t/v)=0.08/2.37, scores(t/v)=[0.81/0.38 + 0.68/0.49 + 0.50/0.28 + 1.00/0.27 = 0.72/0.35]
INFO:experiments.py:[194/1000] 2.44 sec: loss(t/v)=0.09/2.37, scores(t/v)=[0.77/0.38 + 0.65/0.49 + 0.50/0.28 + 1.00/0.29 = 0.71/0.35]
INFO:experiments.py:[195/1000] 2.41 sec: loss(t/v)=0.09/2.37, scores(t/v)=[0.79/0.38 + 0.68/0.49 + 0.52/0.27 + 1.00/0.27 = 0.72/0.34]
INFO:experiments.py:[196/1000] 2.41 sec: loss(t/v)=0.09/2.37, scores(t/v)=[0.75/0.39 + 0.66/0.49 + 0.49/0.27 + 1.00/0.29 = 0.70/0.35]
INFO:experiments.py:[197/1000] 2.41 sec: loss(t/v)=0.08/2.37, scores(t/v)=[0.80/0.38 + 0.68/0.49 + 0.54/0.26 + 1.00/0.29 = 0.74/0.35]
INFO:experiments.py:[198/1000] 2.45 sec: loss(t/v)=0.09/2.37, scores(t/v)=[0.76/0.39 + 0.66/0.49 + 0.54/0.27 + 1.00/0.27 = 0.72/0.34]
INFO:experiments.py:[199/1000] 2.42 sec: loss(t/v)=0.09/2.36, scores(t/v)=[0.77/0.39 + 0.67/0.49 + 0.49/0.27 + 1.00/0.29 = 0.71/0.35]
INFO:experiments.py:[200/1000] 2.41 sec: loss(t/v)=0.09/2.37, scores(t/v)=[0.78/0.39 + 0.66/0.49 + 0.47/0.27 + 1.00/0.29 = 0.70/0.35]
INFO:experiments.py:[201/1000] 2.44 sec: loss(t/v)=0.08/2.37, scores(t/v)=[0.80/0.38 + 0.69/0.48 + 0.51/0.26 + 1.00/0.27 = 0.73/0.34]
INFO:experiments.py:[202/1000] 2.47 sec: loss(t/v)=0.10/2.37, scores(t/v)=[0.76/0.38 + 0.68/0.49 + 0.49/0.27 + 1.00/0.27 = 0.71/0.34]
INFO:experiments.py:[203/1000] 2.46 sec: loss(t/v)=0.10/2.37, scores(t/v)=[0.77/0.38 + 0.64/0.49 + 0.45/0.27 + 1.00/0.29 = 0.69/0.35]
INFO:experiments.py:[204/1000] 2.42 sec: loss(t/v)=0.09/2.37, scores(t/v)=[0.78/0.38 + 0.67/0.49 + 0.46/0.26 + 1.00/0.29 = 0.70/0.35]
INFO:experiments.py:[205/1000] 2.41 sec: loss(t/v)=0.10/2.37, scores(t/v)=[0.79/0.38 + 0.63/0.49 + 0.43/0.28 + 1.00/0.29 = 0.68/0.35]
INFO:experiments.py:[206/1000] 2.42 sec: loss(t/v)=0.09/2.37, scores(t/v)=[0.79/0.38 + 0.69/0.49 + 0.50/0.27 + 1.00/0.29 = 0.72/0.35]
INFO:experiments.py:[207/1000] 2.44 sec: loss(t/v)=0.09/2.37, scores(t/v)=[0.77/0.38 + 0.64/0.49 + 0.49/0.27 + 1.00/0.29 = 0.70/0.35]
INFO:experiments.py:[208/1000] 2.42 sec: loss(t/v)=0.09/2.37, scores(t/v)=[0.77/0.38 + 0.66/0.49 + 0.49/0.27 + 1.00/0.29 = 0.71/0.35]
INFO:experiments.py:[209/1000] 2.43 sec: loss(t/v)=0.09/2.37, scores(t/v)=[0.78/0.38 + 0.64/0.49 + 0.52/0.27 + 1.00/0.29 = 0.71/0.35]
INFO:experiments.py:[210/1000] 2.44 sec: loss(t/v)=0.10/2.37, scores(t/v)=[0.77/0.38 + 0.61/0.48 + 0.48/0.27 + 1.00/0.29 = 0.69/0.35]
INFO:experiments.py:[211/1000] 2.41 sec: loss(t/v)=0.09/2.37, scores(t/v)=[0.77/0.38 + 0.63/0.49 + 0.46/0.28 + 1.00/0.27 = 0.69/0.35]
INFO:experiments.py:[212/1000] 2.40 sec: loss(t/v)=0.09/2.37, scores(t/v)=[0.77/0.38 + 0.64/0.49 + 0.50/0.28 + 1.00/0.29 = 0.70/0.35]
INFO:experiments.py:[213/1000] 2.42 sec: loss(t/v)=0.10/2.37, scores(t/v)=[0.76/0.38 + 0.63/0.48 + 0.46/0.28 + 1.00/0.27 = 0.69/0.34]
INFO:experiments.py:[214/1000] 2.43 sec: loss(t/v)=0.09/2.37, scores(t/v)=[0.77/0.39 + 0.66/0.49 + 0.47/0.28 + 1.00/0.29 = 0.70/0.35]
INFO:experiments.py:[215/1000] 2.42 sec: loss(t/v)=0.10/2.37, scores(t/v)=[0.76/0.38 + 0.64/0.50 + 0.48/0.27 + 1.00/0.31 = 0.70/0.35]
INFO:experiments.py:[216/1000] 2.42 sec: loss(t/v)=0.09/2.37, scores(t/v)=[0.78/0.39 + 0.69/0.50 + 0.50/0.27 + 1.00/0.31 = 0.72/0.36]
INFO:experiments.py:[217/1000] 2.44 sec: loss(t/v)=0.09/2.37, scores(t/v)=[0.78/0.39 + 0.66/0.49 + 0.51/0.28 + 1.00/0.31 = 0.72/0.36]
INFO:experiments.py:[218/1000] 2.41 sec: loss(t/v)=0.09/2.37, scores(t/v)=[0.76/0.39 + 0.68/0.49 + 0.49/0.28 + 1.00/0.27 = 0.71/0.35]
INFO:experiments.py:[219/1000] 2.41 sec: loss(t/v)=0.09/2.37, scores(t/v)=[0.78/0.38 + 0.66/0.49 + 0.51/0.28 + 1.00/0.27 = 0.72/0.35]
INFO:experiments.py:[220/1000] 2.41 sec: loss(t/v)=0.08/2.37, scores(t/v)=[0.79/0.38 + 0.65/0.48 + 0.49/0.28 + 1.00/0.27 = 0.71/0.35]
INFO:experiments.py:[221/1000] 2.44 sec: loss(t/v)=0.09/2.37, scores(t/v)=[0.75/0.39 + 0.65/0.49 + 0.46/0.28 + 1.00/0.27 = 0.69/0.35]
INFO:experiments.py:[222/1000] 2.45 sec: loss(t/v)=0.08/2.37, scores(t/v)=[0.80/0.38 + 0.68/0.49 + 0.52/0.28 + 1.00/0.27 = 0.73/0.35]
INFO:experiments.py:[223/1000] 2.45 sec: loss(t/v)=0.11/2.37, scores(t/v)=[0.77/0.38 + 0.63/0.49 + 0.47/0.28 + 1.00/0.27 = 0.69/0.35]
INFO:experiments.py:[224/1000] 2.48 sec: loss(t/v)=0.08/2.37, scores(t/v)=[0.77/0.39 + 0.66/0.49 + 0.53/0.28 + 1.00/0.27 = 0.72/0.35]
INFO:experiments.py:[225/1000] 2.47 sec: loss(t/v)=0.08/2.36, scores(t/v)=[0.78/0.39 + 0.66/0.49 + 0.47/0.27 + 1.00/0.27 = 0.70/0.35]
INFO:experiments.py:[226/1000] 2.44 sec: loss(t/v)=0.10/2.37, scores(t/v)=[0.77/0.39 + 0.65/0.49 + 0.50/0.28 + 1.00/0.27 = 0.71/0.35]
INFO:experiments.py:[227/1000] 2.40 sec: loss(t/v)=0.08/2.37, scores(t/v)=[0.79/0.39 + 0.67/0.50 + 0.52/0.27 + 1.00/0.27 = 0.72/0.35]
INFO:experiments.py:[228/1000] 2.42 sec: loss(t/v)=0.09/2.37, scores(t/v)=[0.77/0.39 + 0.66/0.49 + 0.47/0.28 + 1.00/0.29 = 0.70/0.35]
INFO:experiments.py:[229/1000] 2.45 sec: loss(t/v)=0.09/2.37, scores(t/v)=[0.76/0.39 + 0.65/0.48 + 0.53/0.28 + 1.00/0.29 = 0.72/0.35]
INFO:experiments.py:[230/1000] 2.42 sec: loss(t/v)=0.09/2.37, scores(t/v)=[0.78/0.39 + 0.66/0.48 + 0.51/0.28 + 1.00/0.29 = 0.72/0.35]
INFO:experiments.py:[231/1000] 2.43 sec: loss(t/v)=0.09/2.37, scores(t/v)=[0.79/0.39 + 0.67/0.49 + 0.50/0.27 + 1.00/0.27 = 0.72/0.35]
INFO:experiments.py:[232/1000] 2.44 sec: loss(t/v)=0.09/2.37, scores(t/v)=[0.79/0.39 + 0.68/0.49 + 0.51/0.28 + 1.00/0.27 = 0.72/0.35]
INFO:experiments.py:[233/1000] 2.43 sec: loss(t/v)=0.09/2.37, scores(t/v)=[0.74/0.39 + 0.64/0.48 + 0.46/0.28 + 1.00/0.27 = 0.68/0.35]
INFO:experiments.py:[234/1000] 2.41 sec: loss(t/v)=0.09/2.37, scores(t/v)=[0.78/0.38 + 0.64/0.48 + 0.52/0.28 + 1.00/0.27 = 0.71/0.35]
INFO:experiments.py:[235/1000] 2.41 sec: loss(t/v)=0.09/2.37, scores(t/v)=[0.78/0.39 + 0.69/0.48 + 0.50/0.28 + 1.00/0.27 = 0.72/0.34]
INFO:experiments.py:[236/1000] 2.46 sec: loss(t/v)=0.08/2.37, scores(t/v)=[0.80/0.39 + 0.66/0.48 + 0.50/0.27 + 1.00/0.27 = 0.72/0.35]
INFO:experiments.py:[237/1000] 2.43 sec: loss(t/v)=0.09/2.36, scores(t/v)=[0.77/0.39 + 0.69/0.48 + 0.49/0.27 + 1.00/0.27 = 0.72/0.34]
INFO:experiments.py:[238/1000] 2.43 sec: loss(t/v)=0.10/2.37, scores(t/v)=[0.77/0.39 + 0.62/0.48 + 0.51/0.27 + 1.00/0.29 = 0.71/0.35]
INFO:experiments.py:[239/1000] 2.45 sec: loss(t/v)=0.09/2.36, scores(t/v)=[0.76/0.39 + 0.67/0.49 + 0.45/0.27 + 1.00/0.29 = 0.69/0.35]
INFO:experiments.py:[240/1000] 2.42 sec: loss(t/v)=0.09/2.37, scores(t/v)=[0.78/0.40 + 0.69/0.49 + 0.51/0.28 + 1.00/0.27 = 0.73/0.35]
INFO:experiments.py:[241/1000] 2.42 sec: loss(t/v)=0.08/2.37, scores(t/v)=[0.81/0.40 + 0.70/0.48 + 0.54/0.28 + 1.00/0.29 = 0.74/0.35]
INFO:experiments.py:[242/1000] 2.43 sec: loss(t/v)=0.09/2.36, scores(t/v)=[0.81/0.40 + 0.69/0.49 + 0.50/0.28 + 1.00/0.29 = 0.73/0.35]
INFO:experiments.py:[243/1000] 2.45 sec: loss(t/v)=0.09/2.37, scores(t/v)=[0.78/0.40 + 0.66/0.49 + 0.44/0.28 + 1.00/0.27 = 0.69/0.35]
INFO:experiments.py:[244/1000] 2.43 sec: loss(t/v)=0.09/2.37, scores(t/v)=[0.79/0.39 + 0.62/0.49 + 0.54/0.28 + 1.00/0.27 = 0.72/0.35]
INFO:experiments.py:[245/1000] 2.44 sec: loss(t/v)=0.09/2.37, scores(t/v)=[0.78/0.39 + 0.66/0.48 + 0.47/0.27 + 1.00/0.27 = 0.70/0.35]
INFO:experiments.py:[246/1000] 2.46 sec: loss(t/v)=0.09/2.37, scores(t/v)=[0.77/0.39 + 0.67/0.49 + 0.51/0.28 + 1.00/0.27 = 0.72/0.35]
INFO:experiments.py:[247/1000] 2.46 sec: loss(t/v)=0.09/2.37, scores(t/v)=[0.78/0.39 + 0.65/0.48 + 0.52/0.27 + 1.00/0.27 = 0.72/0.34]
INFO:experiments.py:[248/1000] 2.42 sec: loss(t/v)=0.08/2.37, scores(t/v)=[0.77/0.39 + 0.67/0.48 + 0.55/0.27 + 1.00/0.27 = 0.73/0.34]
INFO:experiments.py:[249/1000] 2.43 sec: loss(t/v)=0.10/2.37, scores(t/v)=[0.79/0.39 + 0.70/0.49 + 0.46/0.27 + 1.00/0.27 = 0.71/0.34]
INFO:experiments.py:[250/1000] 2.42 sec: loss(t/v)=0.08/2.37, scores(t/v)=[0.80/0.39 + 0.66/0.49 + 0.52/0.27 + 1.00/0.27 = 0.72/0.34]
INFO:experiments.py:[251/1000] 2.46 sec: loss(t/v)=0.10/2.37, scores(t/v)=[0.74/0.39 + 0.67/0.49 + 0.50/0.27 + 1.00/0.27 = 0.71/0.34]
INFO:experiments.py:[252/1000] 2.43 sec: loss(t/v)=0.09/2.37, scores(t/v)=[0.77/0.39 + 0.67/0.48 + 0.51/0.27 + 1.00/0.27 = 0.72/0.34]
INFO:experiments.py:[253/1000] 2.44 sec: loss(t/v)=0.08/2.37, scores(t/v)=[0.77/0.39 + 0.64/0.48 + 0.50/0.28 + 1.00/0.27 = 0.71/0.35]
INFO:experiments.py:[254/1000] 2.44 sec: loss(t/v)=0.09/2.36, scores(t/v)=[0.79/0.39 + 0.68/0.48 + 0.51/0.27 + 1.00/0.27 = 0.73/0.34]
INFO:experiments.py:[255/1000] 2.43 sec: loss(t/v)=0.08/2.37, scores(t/v)=[0.80/0.39 + 0.66/0.48 + 0.54/0.27 + 1.00/0.27 = 0.73/0.34]
INFO:experiments.py:[256/1000] 2.44 sec: loss(t/v)=0.09/2.37, scores(t/v)=[0.78/0.39 + 0.65/0.48 + 0.53/0.27 + 1.00/0.27 = 0.72/0.34]
INFO:experiments.py:[257/1000] 2.44 sec: loss(t/v)=0.09/2.36, scores(t/v)=[0.78/0.39 + 0.64/0.49 + 0.51/0.27 + 1.00/0.27 = 0.71/0.35]
INFO:experiments.py:[258/1000] 2.44 sec: loss(t/v)=0.08/2.36, scores(t/v)=[0.80/0.39 + 0.69/0.49 + 0.52/0.27 + 1.00/0.27 = 0.73/0.35]
INFO:experiments.py:[259/1000] 2.43 sec: loss(t/v)=0.09/2.36, scores(t/v)=[0.80/0.39 + 0.71/0.49 + 0.51/0.27 + 1.00/0.29 = 0.73/0.35]
INFO:experiments.py:[260/1000] 2.43 sec: loss(t/v)=0.09/2.36, scores(t/v)=[0.77/0.39 + 0.67/0.49 + 0.48/0.28 + 1.00/0.29 = 0.71/0.35]
INFO:experiments.py:[261/1000] 2.44 sec: loss(t/v)=0.09/2.37, scores(t/v)=[0.79/0.38 + 0.69/0.49 + 0.52/0.27 + 1.00/0.27 = 0.73/0.35]
INFO:experiments.py:[262/1000] 2.42 sec: loss(t/v)=0.09/2.37, scores(t/v)=[0.75/0.39 + 0.67/0.48 + 0.48/0.27 + 1.00/0.29 = 0.70/0.35]
INFO:experiments.py:[263/1000] 2.41 sec: loss(t/v)=0.09/2.36, scores(t/v)=[0.79/0.39 + 0.68/0.48 + 0.51/0.28 + 1.00/0.29 = 0.72/0.35]
INFO:experiments.py:[264/1000] 2.43 sec: loss(t/v)=0.09/2.37, scores(t/v)=[0.79/0.39 + 0.65/0.49 + 0.50/0.28 + 1.00/0.29 = 0.71/0.35]
INFO:experiments.py:[265/1000] 2.44 sec: loss(t/v)=0.10/2.37, scores(t/v)=[0.77/0.38 + 0.65/0.49 + 0.47/0.27 + 1.00/0.27 = 0.70/0.34]
INFO:experiments.py:[266/1000] 2.45 sec: loss(t/v)=0.09/2.38, scores(t/v)=[0.78/0.38 + 0.69/0.49 + 0.51/0.28 + 1.00/0.27 = 0.72/0.35]
INFO:experiments.py:[267/1000] 2.44 sec: loss(t/v)=0.09/2.37, scores(t/v)=[0.79/0.38 + 0.65/0.48 + 0.52/0.27 + 1.00/0.27 = 0.72/0.34]
INFO:experiments.py:[268/1000] 2.46 sec: loss(t/v)=0.09/2.37, scores(t/v)=[0.78/0.38 + 0.66/0.49 + 0.48/0.28 + 1.00/0.29 = 0.71/0.35]
INFO:experiments.py:[269/1000] 2.44 sec: loss(t/v)=0.10/2.37, scores(t/v)=[0.77/0.39 + 0.63/0.49 + 0.47/0.27 + 1.00/0.27 = 0.69/0.35]
INFO:experiments.py:[270/1000] 2.42 sec: loss(t/v)=0.09/2.37, scores(t/v)=[0.77/0.39 + 0.65/0.49 + 0.49/0.27 + 1.00/0.27 = 0.70/0.35]
INFO:experiments.py:[271/1000] 2.41 sec: loss(t/v)=0.09/2.37, scores(t/v)=[0.79/0.39 + 0.67/0.50 + 0.54/0.27 + 1.00/0.27 = 0.73/0.35]
INFO:experiments.py:[272/1000] 2.43 sec: loss(t/v)=0.09/2.37, scores(t/v)=[0.78/0.39 + 0.67/0.49 + 0.51/0.27 + 1.00/0.27 = 0.72/0.35]
INFO:experiments.py:[273/1000] 2.44 sec: loss(t/v)=0.09/2.37, scores(t/v)=[0.77/0.40 + 0.65/0.49 + 0.50/0.27 + 1.00/0.27 = 0.71/0.35]
INFO:experiments.py:[274/1000] 2.43 sec: loss(t/v)=0.08/2.37, scores(t/v)=[0.80/0.39 + 0.67/0.49 + 0.48/0.28 + 1.00/0.27 = 0.71/0.35]
INFO:experiments.py:[275/1000] 2.44 sec: loss(t/v)=0.09/2.37, scores(t/v)=[0.79/0.40 + 0.69/0.49 + 0.50/0.28 + 1.00/0.27 = 0.72/0.35]
INFO:experiments.py:[276/1000] 2.44 sec: loss(t/v)=0.08/2.36, scores(t/v)=[0.78/0.40 + 0.68/0.49 + 0.52/0.28 + 1.00/0.27 = 0.72/0.35]
INFO:experiments.py:[277/1000] 2.42 sec: loss(t/v)=0.09/2.36, scores(t/v)=[0.77/0.40 + 0.64/0.49 + 0.49/0.28 + 1.00/0.27 = 0.70/0.35]
INFO:experiments.py:[278/1000] 2.41 sec: loss(t/v)=0.09/2.37, scores(t/v)=[0.75/0.39 + 0.66/0.49 + 0.52/0.28 + 1.00/0.27 = 0.71/0.35]
INFO:experiments.py:[279/1000] 2.44 sec: loss(t/v)=0.10/2.37, scores(t/v)=[0.75/0.40 + 0.66/0.48 + 0.47/0.27 + 1.00/0.27 = 0.69/0.35]
INFO:experiments.py:[280/1000] 2.45 sec: loss(t/v)=0.09/2.37, scores(t/v)=[0.79/0.39 + 0.67/0.49 + 0.52/0.28 + 1.00/0.27 = 0.73/0.35]
INFO:experiments.py:[281/1000] 2.44 sec: loss(t/v)=0.09/2.37, scores(t/v)=[0.76/0.38 + 0.67/0.48 + 0.49/0.27 + 1.00/0.27 = 0.71/0.34]
INFO:experiments.py:[282/1000] 2.46 sec: loss(t/v)=0.09/2.37, scores(t/v)=[0.76/0.38 + 0.69/0.48 + 0.47/0.27 + 1.00/0.27 = 0.70/0.34]
INFO:experiments.py:[283/1000] 2.43 sec: loss(t/v)=0.09/2.37, scores(t/v)=[0.77/0.40 + 0.66/0.48 + 0.52/0.27 + 1.00/0.27 = 0.72/0.35]
INFO:experiments.py:[284/1000] 2.41 sec: loss(t/v)=0.09/2.37, scores(t/v)=[0.77/0.39 + 0.64/0.49 + 0.53/0.27 + 1.00/0.27 = 0.72/0.34]
INFO:experiments.py:[285/1000] 2.43 sec: loss(t/v)=0.09/2.37, scores(t/v)=[0.79/0.40 + 0.67/0.49 + 0.47/0.27 + 1.00/0.27 = 0.71/0.35]
INFO:experiments.py:[286/1000] 2.47 sec: loss(t/v)=0.08/2.37, scores(t/v)=[0.77/0.40 + 0.68/0.48 + 0.52/0.27 + 1.00/0.29 = 0.72/0.35]
INFO:experiments.py:[287/1000] 2.46 sec: loss(t/v)=0.09/2.36, scores(t/v)=[0.76/0.39 + 0.64/0.49 + 0.51/0.27 + 1.00/0.27 = 0.71/0.35]
INFO:experiments.py:[288/1000] 2.48 sec: loss(t/v)=0.09/2.36, scores(t/v)=[0.79/0.39 + 0.67/0.49 + 0.51/0.27 + 1.00/0.29 = 0.72/0.35]
INFO:experiments.py:[289/1000] 2.47 sec: loss(t/v)=0.08/2.36, scores(t/v)=[0.76/0.39 + 0.70/0.49 + 0.54/0.27 + 1.00/0.27 = 0.73/0.35]
INFO:experiments.py:[290/1000] 2.47 sec: loss(t/v)=0.09/2.36, scores(t/v)=[0.79/0.39 + 0.65/0.49 + 0.51/0.27 + 1.00/0.29 = 0.72/0.35]
INFO:experiments.py:[291/1000] 2.43 sec: loss(t/v)=0.09/2.37, scores(t/v)=[0.78/0.39 + 0.66/0.49 + 0.50/0.26 + 1.00/0.27 = 0.71/0.34]
INFO:experiments.py:[292/1000] 2.42 sec: loss(t/v)=0.09/2.36, scores(t/v)=[0.76/0.38 + 0.67/0.49 + 0.50/0.26 + 1.00/0.27 = 0.71/0.34]
INFO:experiments.py:[293/1000] 2.43 sec: loss(t/v)=0.08/2.37, scores(t/v)=[0.80/0.38 + 0.71/0.49 + 0.50/0.27 + 1.00/0.29 = 0.73/0.35]
INFO:experiments.py:[294/1000] 2.45 sec: loss(t/v)=0.10/2.37, scores(t/v)=[0.76/0.38 + 0.65/0.49 + 0.45/0.27 + 1.00/0.27 = 0.69/0.34]
INFO:experiments.py:[295/1000] 2.46 sec: loss(t/v)=0.10/2.37, scores(t/v)=[0.78/0.38 + 0.67/0.49 + 0.51/0.28 + 1.00/0.29 = 0.72/0.35]
INFO:experiments.py:[296/1000] 2.45 sec: loss(t/v)=0.09/2.37, scores(t/v)=[0.78/0.39 + 0.64/0.48 + 0.53/0.28 + 1.00/0.29 = 0.72/0.35]
INFO:experiments.py:[297/1000] 2.47 sec: loss(t/v)=0.08/2.37, scores(t/v)=[0.79/0.39 + 0.68/0.49 + 0.49/0.28 + 1.00/0.27 = 0.72/0.35]
INFO:experiments.py:[298/1000] 2.42 sec: loss(t/v)=0.08/2.37, scores(t/v)=[0.79/0.39 + 0.68/0.49 + 0.52/0.27 + 1.00/0.29 = 0.73/0.35]
INFO:experiments.py:[299/1000] 2.42 sec: loss(t/v)=0.08/2.37, scores(t/v)=[0.78/0.39 + 0.69/0.49 + 0.54/0.27 + 1.00/0.27 = 0.74/0.35]
INFO:experiments.py:[300/1000] 2.42 sec: loss(t/v)=0.09/2.37, scores(t/v)=[0.76/0.39 + 0.67/0.49 + 0.55/0.27 + 1.00/0.27 = 0.73/0.35]
INFO:experiments.py:[301/1000] 2.44 sec: loss(t/v)=0.09/2.37, scores(t/v)=[0.77/0.39 + 0.65/0.49 + 0.47/0.27 + 1.00/0.27 = 0.70/0.34]
INFO:experiments.py:[302/1000] 2.43 sec: loss(t/v)=0.08/2.37, scores(t/v)=[0.79/0.39 + 0.70/0.48 + 0.51/0.27 + 1.00/0.27 = 0.73/0.35]
INFO:experiments.py:[303/1000] 2.43 sec: loss(t/v)=0.09/2.37, scores(t/v)=[0.79/0.39 + 0.67/0.49 + 0.47/0.28 + 1.00/0.27 = 0.71/0.35]
INFO:experiments.py:[304/1000] 2.44 sec: loss(t/v)=0.09/2.37, scores(t/v)=[0.77/0.39 + 0.67/0.49 + 0.50/0.27 + 1.00/0.27 = 0.71/0.35]
INFO:experiments.py:[305/1000] 2.42 sec: loss(t/v)=0.09/2.37, scores(t/v)=[0.75/0.39 + 0.64/0.48 + 0.46/0.28 + 1.00/0.27 = 0.69/0.35]
INFO:experiments.py:[306/1000] 2.41 sec: loss(t/v)=0.09/2.37, scores(t/v)=[0.78/0.39 + 0.67/0.48 + 0.49/0.28 + 1.00/0.27 = 0.71/0.34]
INFO:experiments.py:[307/1000] 2.46 sec: loss(t/v)=0.09/2.37, scores(t/v)=[0.76/0.39 + 0.66/0.48 + 0.47/0.28 + 1.00/0.27 = 0.70/0.35]
INFO:experiments.py:[308/1000] 2.47 sec: loss(t/v)=0.10/2.37, scores(t/v)=[0.77/0.40 + 0.65/0.49 + 0.48/0.27 + 1.00/0.27 = 0.70/0.35]
INFO:experiments.py:[309/1000] 2.43 sec: loss(t/v)=0.10/2.37, scores(t/v)=[0.77/0.39 + 0.68/0.49 + 0.45/0.28 + 1.00/0.27 = 0.70/0.35]
INFO:experiments.py:[310/1000] 2.45 sec: loss(t/v)=0.08/2.37, scores(t/v)=[0.76/0.39 + 0.68/0.49 + 0.47/0.27 + 1.00/0.27 = 0.70/0.35]
INFO:experiments.py:[311/1000] 2.45 sec: loss(t/v)=0.09/2.37, scores(t/v)=[0.78/0.39 + 0.68/0.49 + 0.54/0.28 + 1.00/0.27 = 0.73/0.35]
INFO:experiments.py:[312/1000] 2.45 sec: loss(t/v)=0.08/2.37, scores(t/v)=[0.80/0.39 + 0.68/0.49 + 0.47/0.27 + 1.00/0.27 = 0.71/0.34]
INFO:experiments.py:[313/1000] 2.41 sec: loss(t/v)=0.08/2.36, scores(t/v)=[0.77/0.39 + 0.70/0.49 + 0.51/0.27 + 1.00/0.27 = 0.72/0.34]
INFO:experiments.py:[314/1000] 2.42 sec: loss(t/v)=0.09/2.36, scores(t/v)=[0.77/0.39 + 0.67/0.49 + 0.48/0.28 + 1.00/0.27 = 0.71/0.35]
INFO:experiments.py:[315/1000] 2.44 sec: loss(t/v)=0.09/2.37, scores(t/v)=[0.77/0.39 + 0.67/0.49 + 0.46/0.27 + 1.00/0.29 = 0.70/0.35]
INFO:experiments.py:[316/1000] 2.44 sec: loss(t/v)=0.08/2.37, scores(t/v)=[0.78/0.39 + 0.70/0.48 + 0.47/0.27 + 1.00/0.27 = 0.71/0.34]
INFO:experiments.py:[317/1000] 2.43 sec: loss(t/v)=0.09/2.37, scores(t/v)=[0.76/0.39 + 0.68/0.49 + 0.50/0.27 + 1.00/0.27 = 0.72/0.35]
INFO:experiments.py:[318/1000] 2.45 sec: loss(t/v)=0.08/2.37, scores(t/v)=[0.77/0.39 + 0.67/0.48 + 0.49/0.27 + 1.00/0.27 = 0.71/0.34]
INFO:experiments.py:[319/1000] 2.43 sec: loss(t/v)=0.09/2.36, scores(t/v)=[0.76/0.39 + 0.65/0.49 + 0.49/0.27 + 1.00/0.27 = 0.70/0.34]
INFO:experiments.py:[320/1000] 2.41 sec: loss(t/v)=0.09/2.36, scores(t/v)=[0.79/0.39 + 0.68/0.49 + 0.45/0.26 + 1.00/0.27 = 0.70/0.34]
INFO:experiments.py:[321/1000] 2.42 sec: loss(t/v)=0.08/2.37, scores(t/v)=[0.79/0.39 + 0.71/0.49 + 0.52/0.26 + 1.00/0.27 = 0.73/0.34]
INFO:experiments.py:[322/1000] 2.46 sec: loss(t/v)=0.09/2.37, scores(t/v)=[0.78/0.39 + 0.67/0.49 + 0.51/0.27 + 1.00/0.29 = 0.72/0.35]
INFO:experiments.py:[323/1000] 2.43 sec: loss(t/v)=0.08/2.37, scores(t/v)=[0.77/0.39 + 0.69/0.49 + 0.55/0.27 + 1.00/0.27 = 0.73/0.34]
INFO:experiments.py:[324/1000] 2.43 sec: loss(t/v)=0.09/2.37, scores(t/v)=[0.77/0.39 + 0.67/0.49 + 0.48/0.28 + 1.00/0.27 = 0.71/0.35]
INFO:experiments.py:[325/1000] 2.45 sec: loss(t/v)=0.09/2.37, scores(t/v)=[0.77/0.39 + 0.63/0.48 + 0.47/0.28 + 1.00/0.27 = 0.69/0.35]
INFO:experiments.py:[326/1000] 2.42 sec: loss(t/v)=0.09/2.37, scores(t/v)=[0.78/0.39 + 0.65/0.48 + 0.51/0.27 + 1.00/0.27 = 0.71/0.34]
INFO:experiments.py:[327/1000] 2.42 sec: loss(t/v)=0.09/2.37, scores(t/v)=[0.79/0.39 + 0.66/0.48 + 0.48/0.27 + 1.00/0.27 = 0.71/0.34]
INFO:experiments.py:[328/1000] 2.40 sec: loss(t/v)=0.10/2.37, scores(t/v)=[0.78/0.38 + 0.64/0.48 + 0.52/0.27 + 1.00/0.27 = 0.71/0.34]
INFO:experiments.py:[329/1000] 2.44 sec: loss(t/v)=0.09/2.37, scores(t/v)=[0.75/0.39 + 0.68/0.48 + 0.52/0.27 + 1.00/0.27 = 0.71/0.34]
INFO:experiments.py:[330/1000] 2.44 sec: loss(t/v)=0.09/2.37, scores(t/v)=[0.77/0.39 + 0.67/0.49 + 0.51/0.27 + 1.00/0.27 = 0.72/0.35]
INFO:experiments.py:[331/1000] 2.43 sec: loss(t/v)=0.09/2.37, scores(t/v)=[0.76/0.39 + 0.64/0.49 + 0.57/0.27 + 1.00/0.27 = 0.73/0.35]
INFO:experiments.py:[332/1000] 2.46 sec: loss(t/v)=0.09/2.36, scores(t/v)=[0.79/0.39 + 0.66/0.49 + 0.46/0.27 + 1.00/0.27 = 0.70/0.35]
INFO:experiments.py:[333/1000] 2.46 sec: loss(t/v)=0.09/2.37, scores(t/v)=[0.77/0.38 + 0.67/0.49 + 0.50/0.27 + 1.00/0.27 = 0.71/0.34]
INFO:experiments.py:[334/1000] 2.42 sec: loss(t/v)=0.08/2.37, scores(t/v)=[0.78/0.39 + 0.66/0.48 + 0.51/0.27 + 1.00/0.29 = 0.71/0.35]
INFO:experiments.py:[335/1000] 2.40 sec: loss(t/v)=0.09/2.36, scores(t/v)=[0.78/0.39 + 0.63/0.48 + 0.45/0.27 + 1.00/0.29 = 0.69/0.35]
INFO:experiments.py:[336/1000] 2.40 sec: loss(t/v)=0.09/2.37, scores(t/v)=[0.78/0.39 + 0.64/0.48 + 0.47/0.27 + 1.00/0.29 = 0.70/0.35]
INFO:experiments.py:[337/1000] 2.44 sec: loss(t/v)=0.09/2.37, scores(t/v)=[0.77/0.39 + 0.65/0.48 + 0.47/0.27 + 1.00/0.29 = 0.70/0.35]
INFO:experiments.py:[338/1000] 2.43 sec: loss(t/v)=0.08/2.37, scores(t/v)=[0.77/0.39 + 0.65/0.48 + 0.46/0.27 + 1.00/0.27 = 0.69/0.34]
INFO:experiments.py:[339/1000] 2.43 sec: loss(t/v)=0.08/2.37, scores(t/v)=[0.79/0.39 + 0.69/0.48 + 0.54/0.27 + 1.00/0.29 = 0.74/0.35]
INFO:experiments.py:[340/1000] 2.45 sec: loss(t/v)=0.08/2.36, scores(t/v)=[0.77/0.39 + 0.69/0.48 + 0.54/0.27 + 1.00/0.27 = 0.73/0.34]
INFO:experiments.py:[341/1000] 2.41 sec: loss(t/v)=0.09/2.36, scores(t/v)=[0.78/0.38 + 0.66/0.49 + 0.45/0.27 + 1.00/0.27 = 0.70/0.34]
INFO:experiments.py:[342/1000] 2.42 sec: loss(t/v)=0.09/2.37, scores(t/v)=[0.78/0.38 + 0.69/0.49 + 0.46/0.27 + 1.00/0.29 = 0.71/0.35]
INFO:experiments.py:[343/1000] 2.41 sec: loss(t/v)=0.08/2.37, scores(t/v)=[0.76/0.39 + 0.64/0.49 + 0.52/0.27 + 1.00/0.27 = 0.71/0.35]
INFO:experiments.py:[344/1000] 2.43 sec: loss(t/v)=0.09/2.36, scores(t/v)=[0.79/0.39 + 0.68/0.49 + 0.50/0.27 + 1.00/0.27 = 0.72/0.34]
INFO:experiments.py:[345/1000] 2.43 sec: loss(t/v)=0.08/2.36, scores(t/v)=[0.78/0.39 + 0.67/0.49 + 0.49/0.27 + 1.00/0.27 = 0.71/0.34]
INFO:experiments.py:[346/1000] 2.44 sec: loss(t/v)=0.08/2.36, scores(t/v)=[0.76/0.39 + 0.68/0.49 + 0.45/0.27 + 1.00/0.27 = 0.70/0.34]
INFO:experiments.py:[347/1000] 2.43 sec: loss(t/v)=0.09/2.37, scores(t/v)=[0.78/0.38 + 0.67/0.49 + 0.54/0.27 + 1.00/0.27 = 0.73/0.34]
INFO:experiments.py:[348/1000] 2.41 sec: loss(t/v)=0.09/2.37, scores(t/v)=[0.80/0.38 + 0.67/0.49 + 0.45/0.27 + 1.00/0.27 = 0.70/0.34]
INFO:experiments.py:[349/1000] 2.40 sec: loss(t/v)=0.09/2.38, scores(t/v)=[0.77/0.38 + 0.66/0.49 + 0.47/0.27 + 1.00/0.27 = 0.70/0.34]
INFO:experiments.py:[350/1000] 2.46 sec: loss(t/v)=0.09/2.37, scores(t/v)=[0.78/0.38 + 0.66/0.48 + 0.48/0.27 + 1.00/0.27 = 0.71/0.34]
INFO:experiments.py:[351/1000] 2.45 sec: loss(t/v)=0.09/2.37, scores(t/v)=[0.78/0.39 + 0.67/0.49 + 0.44/0.28 + 1.00/0.27 = 0.69/0.35]
INFO:experiments.py:[352/1000] 2.43 sec: loss(t/v)=0.09/2.37, scores(t/v)=[0.76/0.39 + 0.65/0.48 + 0.48/0.27 + 1.00/0.27 = 0.70/0.34]
INFO:experiments.py:[353/1000] 2.45 sec: loss(t/v)=0.08/2.37, scores(t/v)=[0.80/0.39 + 0.71/0.48 + 0.47/0.28 + 1.00/0.27 = 0.72/0.35]
INFO:experiments.py:[354/1000] 2.46 sec: loss(t/v)=0.09/2.37, scores(t/v)=[0.78/0.39 + 0.67/0.48 + 0.47/0.27 + 1.00/0.27 = 0.70/0.34]
INFO:experiments.py:[355/1000] 2.45 sec: loss(t/v)=0.08/2.37, scores(t/v)=[0.78/0.39 + 0.68/0.48 + 0.51/0.27 + 1.00/0.27 = 0.72/0.34]
INFO:experiments.py:[356/1000] 2.41 sec: loss(t/v)=0.09/2.37, scores(t/v)=[0.77/0.39 + 0.68/0.48 + 0.53/0.28 + 1.00/0.29 = 0.73/0.35]
INFO:experiments.py:[357/1000] 2.40 sec: loss(t/v)=0.09/2.37, scores(t/v)=[0.78/0.37 + 0.65/0.48 + 0.47/0.27 + 1.00/0.29 = 0.70/0.35]
INFO:experiments.py:[358/1000] 2.42 sec: loss(t/v)=0.08/2.36, scores(t/v)=[0.78/0.37 + 0.71/0.48 + 0.50/0.27 + 1.00/0.27 = 0.73/0.34]
INFO:experiments.py:[359/1000] 2.44 sec: loss(t/v)=0.08/2.37, scores(t/v)=[0.79/0.38 + 0.69/0.48 + 0.54/0.27 + 1.00/0.29 = 0.74/0.35]
INFO:experiments.py:[360/1000] 2.44 sec: loss(t/v)=0.09/2.37, scores(t/v)=[0.78/0.39 + 0.66/0.49 + 0.48/0.27 + 1.00/0.29 = 0.70/0.35]
INFO:experiments.py:[361/1000] 2.42 sec: loss(t/v)=0.08/2.37, scores(t/v)=[0.77/0.39 + 0.68/0.48 + 0.49/0.28 + 1.00/0.27 = 0.71/0.35]
INFO:experiments.py:[362/1000] 2.44 sec: loss(t/v)=0.09/2.37, scores(t/v)=[0.80/0.39 + 0.71/0.49 + 0.54/0.28 + 1.00/0.27 = 0.75/0.35]
INFO:experiments.py:[363/1000] 2.44 sec: loss(t/v)=0.08/2.37, scores(t/v)=[0.79/0.40 + 0.69/0.50 + 0.49/0.28 + 1.00/0.27 = 0.72/0.35]
INFO:experiments.py:[364/1000] 2.42 sec: loss(t/v)=0.08/2.37, scores(t/v)=[0.79/0.39 + 0.69/0.49 + 0.53/0.28 + 1.00/0.27 = 0.73/0.35]
INFO:experiments.py:[365/1000] 2.41 sec: loss(t/v)=0.09/2.37, scores(t/v)=[0.78/0.39 + 0.68/0.49 + 0.47/0.27 + 1.00/0.27 = 0.71/0.35]
INFO:experiments.py:[366/1000] 2.44 sec: loss(t/v)=0.10/2.37, scores(t/v)=[0.75/0.39 + 0.67/0.49 + 0.55/0.27 + 1.00/0.29 = 0.72/0.35]
INFO:experiments.py:[367/1000] 2.45 sec: loss(t/v)=0.09/2.37, scores(t/v)=[0.77/0.39 + 0.67/0.48 + 0.50/0.27 + 1.00/0.29 = 0.71/0.35]
INFO:experiments.py:[368/1000] 2.45 sec: loss(t/v)=0.08/2.37, scores(t/v)=[0.79/0.39 + 0.67/0.48 + 0.52/0.27 + 1.00/0.29 = 0.72/0.35]
INFO:experiments.py:[369/1000] 2.46 sec: loss(t/v)=0.09/2.37, scores(t/v)=[0.77/0.38 + 0.68/0.48 + 0.53/0.28 + 1.00/0.29 = 0.73/0.35]
INFO:experiments.py:[370/1000] 2.45 sec: loss(t/v)=0.09/2.37, scores(t/v)=[0.77/0.38 + 0.67/0.49 + 0.48/0.27 + 1.00/0.29 = 0.71/0.35]
INFO:experiments.py:[371/1000] 2.41 sec: loss(t/v)=0.08/2.37, scores(t/v)=[0.78/0.38 + 0.66/0.49 + 0.50/0.27 + 1.00/0.27 = 0.71/0.34]
INFO:experiments.py:[372/1000] 2.41 sec: loss(t/v)=0.10/2.38, scores(t/v)=[0.76/0.38 + 0.62/0.49 + 0.46/0.27 + 1.00/0.29 = 0.68/0.35]
INFO:experiments.py:[373/1000] 2.46 sec: loss(t/v)=0.08/2.38, scores(t/v)=[0.79/0.38 + 0.68/0.49 + 0.53/0.27 + 1.00/0.27 = 0.73/0.34]
INFO:experiments.py:[374/1000] 2.45 sec: loss(t/v)=0.09/2.38, scores(t/v)=[0.78/0.38 + 0.66/0.49 + 0.51/0.28 + 1.00/0.27 = 0.72/0.35]
INFO:experiments.py:[375/1000] 2.44 sec: loss(t/v)=0.09/2.37, scores(t/v)=[0.77/0.38 + 0.65/0.49 + 0.51/0.27 + 1.00/0.27 = 0.71/0.34]
INFO:experiments.py:[376/1000] 2.46 sec: loss(t/v)=0.08/2.37, scores(t/v)=[0.76/0.39 + 0.66/0.49 + 0.49/0.27 + 1.00/0.27 = 0.70/0.35]
INFO:experiments.py:[377/1000] 2.47 sec: loss(t/v)=0.08/2.37, scores(t/v)=[0.78/0.39 + 0.69/0.49 + 0.52/0.27 + 1.00/0.27 = 0.73/0.35]
INFO:experiments.py:[378/1000] 2.45 sec: loss(t/v)=0.11/2.38, scores(t/v)=[0.76/0.39 + 0.64/0.49 + 0.46/0.27 + 1.00/0.27 = 0.69/0.34]
INFO:experiments.py:[379/1000] 2.42 sec: loss(t/v)=0.09/2.37, scores(t/v)=[0.76/0.39 + 0.69/0.49 + 0.50/0.28 + 1.00/0.27 = 0.72/0.35]
INFO:experiments.py:[380/1000] 2.41 sec: loss(t/v)=0.09/2.37, scores(t/v)=[0.77/0.39 + 0.65/0.49 + 0.52/0.28 + 1.00/0.27 = 0.72/0.35]
INFO:experiments.py:[381/1000] 2.44 sec: loss(t/v)=0.09/2.37, scores(t/v)=[0.77/0.39 + 0.68/0.49 + 0.49/0.28 + 1.00/0.27 = 0.71/0.35]
INFO:experiments.py:[382/1000] 2.45 sec: loss(t/v)=0.08/2.37, scores(t/v)=[0.80/0.39 + 0.68/0.49 + 0.54/0.28 + 1.00/0.27 = 0.73/0.35]
INFO:experiments.py:[383/1000] 2.44 sec: loss(t/v)=0.08/2.37, scores(t/v)=[0.80/0.39 + 0.69/0.49 + 0.48/0.27 + 1.00/0.29 = 0.72/0.35]
INFO:experiments.py:[384/1000] 2.44 sec: loss(t/v)=0.10/2.37, scores(t/v)=[0.75/0.39 + 0.66/0.49 + 0.50/0.27 + 1.00/0.27 = 0.71/0.34]
INFO:experiments.py:[385/1000] 2.46 sec: loss(t/v)=0.08/2.37, scores(t/v)=[0.77/0.38 + 0.67/0.49 + 0.51/0.27 + 1.00/0.27 = 0.72/0.34]
INFO:experiments.py:[386/1000] 2.42 sec: loss(t/v)=0.09/2.37, scores(t/v)=[0.77/0.38 + 0.65/0.50 + 0.50/0.27 + 1.00/0.27 = 0.71/0.34]
INFO:experiments.py:[387/1000] 2.43 sec: loss(t/v)=0.09/2.37, scores(t/v)=[0.78/0.39 + 0.70/0.49 + 0.53/0.27 + 1.00/0.27 = 0.74/0.34]
INFO:experiments.py:[388/1000] 2.46 sec: loss(t/v)=0.09/2.37, scores(t/v)=[0.75/0.38 + 0.67/0.49 + 0.44/0.27 + 1.00/0.27 = 0.69/0.34]
INFO:experiments.py:[389/1000] 2.45 sec: loss(t/v)=0.09/2.37, scores(t/v)=[0.78/0.38 + 0.65/0.48 + 0.51/0.27 + 1.00/0.29 = 0.71/0.35]
INFO:experiments.py:[390/1000] 2.44 sec: loss(t/v)=0.09/2.37, scores(t/v)=[0.78/0.39 + 0.63/0.48 + 0.46/0.27 + 1.00/0.29 = 0.69/0.35]
INFO:experiments.py:[391/1000] 2.45 sec: loss(t/v)=0.08/2.37, scores(t/v)=[0.78/0.39 + 0.66/0.49 + 0.49/0.27 + 1.00/0.29 = 0.71/0.35]
INFO:experiments.py:[392/1000] 2.44 sec: loss(t/v)=0.08/2.37, scores(t/v)=[0.78/0.39 + 0.69/0.48 + 0.48/0.28 + 1.00/0.27 = 0.71/0.35]
INFO:experiments.py:[393/1000] 2.43 sec: loss(t/v)=0.09/2.36, scores(t/v)=[0.77/0.39 + 0.67/0.48 + 0.49/0.28 + 1.00/0.27 = 0.71/0.35]
INFO:experiments.py:[394/1000] 2.42 sec: loss(t/v)=0.09/2.36, scores(t/v)=[0.75/0.38 + 0.64/0.48 + 0.50/0.28 + 1.00/0.27 = 0.70/0.34]
INFO:experiments.py:[395/1000] 2.45 sec: loss(t/v)=0.08/2.37, scores(t/v)=[0.78/0.38 + 0.70/0.49 + 0.49/0.29 + 1.00/0.27 = 0.72/0.35]
INFO:experiments.py:[396/1000] 2.44 sec: loss(t/v)=0.09/2.37, scores(t/v)=[0.76/0.39 + 0.65/0.48 + 0.51/0.28 + 1.00/0.27 = 0.71/0.34]
INFO:experiments.py:[397/1000] 2.44 sec: loss(t/v)=0.08/2.36, scores(t/v)=[0.80/0.39 + 0.68/0.48 + 0.53/0.28 + 1.00/0.27 = 0.73/0.35]
INFO:experiments.py:[398/1000] 2.46 sec: loss(t/v)=0.09/2.36, scores(t/v)=[0.81/0.38 + 0.66/0.48 + 0.49/0.27 + 1.00/0.27 = 0.71/0.34]
INFO:experiments.py:[399/1000] 2.47 sec: loss(t/v)=0.09/2.37, scores(t/v)=[0.77/0.39 + 0.65/0.49 + 0.50/0.27 + 1.00/0.27 = 0.71/0.35]
INFO:experiments.py:[400/1000] 2.46 sec: loss(t/v)=0.09/2.37, scores(t/v)=[0.77/0.38 + 0.64/0.49 + 0.51/0.27 + 1.00/0.27 = 0.71/0.34]
INFO:experiments.py:[401/1000] 2.43 sec: loss(t/v)=0.10/2.37, scores(t/v)=[0.77/0.38 + 0.65/0.49 + 0.48/0.28 + 1.00/0.27 = 0.70/0.35]
INFO:experiments.py:[402/1000] 2.43 sec: loss(t/v)=0.09/2.37, scores(t/v)=[0.77/0.38 + 0.67/0.49 + 0.48/0.27 + 1.00/0.27 = 0.70/0.35]
INFO:experiments.py:[403/1000] 2.45 sec: loss(t/v)=0.09/2.37, scores(t/v)=[0.79/0.39 + 0.66/0.49 + 0.49/0.27 + 1.00/0.27 = 0.71/0.35]
INFO:experiments.py:[404/1000] 2.47 sec: loss(t/v)=0.09/2.36, scores(t/v)=[0.78/0.39 + 0.67/0.49 + 0.46/0.27 + 1.00/0.27 = 0.70/0.34]
INFO:experiments.py:[405/1000] 2.45 sec: loss(t/v)=0.10/2.36, scores(t/v)=[0.75/0.38 + 0.65/0.49 + 0.44/0.27 + 1.00/0.27 = 0.68/0.35]
INFO:experiments.py:[406/1000] 2.45 sec: loss(t/v)=0.09/2.37, scores(t/v)=[0.77/0.39 + 0.65/0.48 + 0.49/0.27 + 1.00/0.27 = 0.70/0.35]
INFO:experiments.py:[407/1000] 2.45 sec: loss(t/v)=0.09/2.37, scores(t/v)=[0.77/0.39 + 0.67/0.48 + 0.49/0.28 + 1.00/0.27 = 0.71/0.35]
INFO:experiments.py:[408/1000] 2.43 sec: loss(t/v)=0.09/2.37, scores(t/v)=[0.79/0.39 + 0.65/0.48 + 0.52/0.28 + 1.00/0.29 = 0.72/0.35]
INFO:experiments.py:[409/1000] 2.46 sec: loss(t/v)=0.09/2.36, scores(t/v)=[0.77/0.39 + 0.66/0.47 + 0.49/0.27 + 1.00/0.27 = 0.70/0.34]
INFO:experiments.py:[410/1000] 2.47 sec: loss(t/v)=0.08/2.37, scores(t/v)=[0.80/0.39 + 0.69/0.48 + 0.52/0.27 + 1.00/0.27 = 0.73/0.34]
INFO:experiments.py:[411/1000] 2.48 sec: loss(t/v)=0.09/2.37, scores(t/v)=[0.77/0.39 + 0.67/0.48 + 0.49/0.28 + 1.00/0.27 = 0.71/0.35]
INFO:experiments.py:[412/1000] 2.47 sec: loss(t/v)=0.09/2.37, scores(t/v)=[0.79/0.39 + 0.65/0.48 + 0.55/0.28 + 1.00/0.27 = 0.73/0.35]
INFO:experiments.py:[413/1000] 2.47 sec: loss(t/v)=0.08/2.37, scores(t/v)=[0.79/0.39 + 0.70/0.48 + 0.49/0.28 + 1.00/0.27 = 0.72/0.35]
INFO:experiments.py:[414/1000] 2.45 sec: loss(t/v)=0.09/2.37, scores(t/v)=[0.76/0.38 + 0.68/0.48 + 0.46/0.28 + 1.00/0.27 = 0.70/0.35]
INFO:experiments.py:[415/1000] 2.45 sec: loss(t/v)=0.08/2.37, scores(t/v)=[0.78/0.38 + 0.68/0.49 + 0.49/0.27 + 1.00/0.27 = 0.72/0.34]
INFO:experiments.py:[416/1000] 2.47 sec: loss(t/v)=0.08/2.37, scores(t/v)=[0.80/0.38 + 0.70/0.49 + 0.53/0.28 + 1.00/0.27 = 0.74/0.35]
INFO:experiments.py:[417/1000] 2.47 sec: loss(t/v)=0.09/2.37, scores(t/v)=[0.80/0.38 + 0.65/0.49 + 0.45/0.28 + 1.00/0.27 = 0.69/0.34]
INFO:experiments.py:[418/1000] 2.48 sec: loss(t/v)=0.08/2.37, scores(t/v)=[0.80/0.38 + 0.69/0.49 + 0.54/0.27 + 1.00/0.27 = 0.74/0.34]
INFO:experiments.py:[419/1000] 2.45 sec: loss(t/v)=0.10/2.37, scores(t/v)=[0.75/0.38 + 0.65/0.47 + 0.46/0.28 + 1.00/0.27 = 0.69/0.34]
INFO:experiments.py:[420/1000] 2.46 sec: loss(t/v)=0.09/2.36, scores(t/v)=[0.77/0.39 + 0.61/0.48 + 0.47/0.28 + 1.00/0.29 = 0.69/0.35]
INFO:experiments.py:[421/1000] 2.47 sec: loss(t/v)=0.09/2.37, scores(t/v)=[0.76/0.39 + 0.67/0.49 + 0.51/0.27 + 1.00/0.29 = 0.72/0.35]
INFO:experiments.py:[422/1000] 2.47 sec: loss(t/v)=0.09/2.37, scores(t/v)=[0.75/0.39 + 0.64/0.48 + 0.54/0.26 + 1.00/0.29 = 0.71/0.35]
INFO:experiments.py:[423/1000] 2.44 sec: loss(t/v)=0.08/2.36, scores(t/v)=[0.79/0.40 + 0.69/0.49 + 0.54/0.27 + 1.00/0.29 = 0.74/0.35]
INFO:experiments.py:[424/1000] 2.45 sec: loss(t/v)=0.09/2.37, scores(t/v)=[0.75/0.40 + 0.65/0.49 + 0.49/0.28 + 1.00/0.29 = 0.70/0.35]
INFO:experiments.py:[425/1000] 2.44 sec: loss(t/v)=0.09/2.37, scores(t/v)=[0.80/0.39 + 0.66/0.48 + 0.49/0.27 + 1.00/0.27 = 0.71/0.35]
INFO:experiments.py:[426/1000] 2.47 sec: loss(t/v)=0.08/2.37, scores(t/v)=[0.78/0.39 + 0.67/0.48 + 0.47/0.28 + 1.00/0.27 = 0.70/0.35]
INFO:experiments.py:[427/1000] 2.47 sec: loss(t/v)=0.08/2.37, scores(t/v)=[0.79/0.39 + 0.68/0.48 + 0.50/0.28 + 1.00/0.27 = 0.72/0.35]
INFO:experiments.py:[428/1000] 2.48 sec: loss(t/v)=0.09/2.37, scores(t/v)=[0.79/0.39 + 0.66/0.48 + 0.49/0.28 + 1.00/0.27 = 0.71/0.35]
INFO:experiments.py:[429/1000] 2.50 sec: loss(t/v)=0.09/2.37, scores(t/v)=[0.79/0.39 + 0.64/0.48 + 0.52/0.28 + 1.00/0.27 = 0.72/0.35]
INFO:experiments.py:[430/1000] 2.45 sec: loss(t/v)=0.09/2.37, scores(t/v)=[0.78/0.39 + 0.67/0.48 + 0.50/0.27 + 1.00/0.27 = 0.72/0.34]
INFO:experiments.py:[431/1000] 2.44 sec: loss(t/v)=0.09/2.37, scores(t/v)=[0.81/0.39 + 0.70/0.48 + 0.47/0.27 + 1.00/0.27 = 0.72/0.34]
INFO:experiments.py:[432/1000] 2.45 sec: loss(t/v)=0.09/2.37, scores(t/v)=[0.78/0.40 + 0.64/0.48 + 0.45/0.27 + 1.00/0.27 = 0.69/0.34]
INFO:experiments.py:[433/1000] 2.46 sec: loss(t/v)=0.08/2.37, scores(t/v)=[0.79/0.40 + 0.67/0.48 + 0.51/0.27 + 1.00/0.27 = 0.72/0.34]
INFO:experiments.py:[434/1000] 2.46 sec: loss(t/v)=0.09/2.36, scores(t/v)=[0.77/0.39 + 0.64/0.47 + 0.48/0.27 + 1.00/0.27 = 0.70/0.34]
INFO:experiments.py:[435/1000] 2.46 sec: loss(t/v)=0.09/2.37, scores(t/v)=[0.74/0.39 + 0.66/0.49 + 0.49/0.26 + 1.00/0.29 = 0.70/0.35]
INFO:experiments.py:[436/1000] 2.46 sec: loss(t/v)=0.09/2.37, scores(t/v)=[0.77/0.39 + 0.66/0.48 + 0.49/0.27 + 1.00/0.27 = 0.71/0.35]
INFO:experiments.py:[437/1000] 2.46 sec: loss(t/v)=0.10/2.36, scores(t/v)=[0.79/0.38 + 0.66/0.48 + 0.45/0.27 + 1.00/0.29 = 0.70/0.34]
INFO:experiments.py:[438/1000] 2.45 sec: loss(t/v)=0.09/2.37, scores(t/v)=[0.77/0.38 + 0.65/0.48 + 0.51/0.27 + 1.00/0.29 = 0.71/0.35]
INFO:experiments.py:[439/1000] 2.45 sec: loss(t/v)=0.09/2.38, scores(t/v)=[0.76/0.38 + 0.66/0.50 + 0.47/0.27 + 1.00/0.27 = 0.70/0.35]
INFO:experiments.py:[440/1000] 2.45 sec: loss(t/v)=0.09/2.37, scores(t/v)=[0.78/0.38 + 0.66/0.49 + 0.49/0.27 + 1.00/0.27 = 0.71/0.34]
INFO:experiments.py:[441/1000] 2.44 sec: loss(t/v)=0.09/2.37, scores(t/v)=[0.78/0.38 + 0.67/0.48 + 0.52/0.27 + 1.00/0.27 = 0.72/0.34]
INFO:experiments.py:[442/1000] 2.46 sec: loss(t/v)=0.08/2.37, scores(t/v)=[0.76/0.39 + 0.69/0.48 + 0.48/0.28 + 1.00/0.27 = 0.71/0.34]
INFO:experiments.py:[443/1000] 2.45 sec: loss(t/v)=0.09/2.37, scores(t/v)=[0.77/0.38 + 0.67/0.48 + 0.50/0.27 + 1.00/0.27 = 0.71/0.34]
INFO:experiments.py:[444/1000] 2.45 sec: loss(t/v)=0.09/2.37, scores(t/v)=[0.77/0.39 + 0.63/0.48 + 0.50/0.28 + 1.00/0.27 = 0.70/0.34]
INFO:experiments.py:[445/1000] 2.44 sec: loss(t/v)=0.08/2.36, scores(t/v)=[0.79/0.39 + 0.69/0.47 + 0.51/0.27 + 1.00/0.27 = 0.73/0.34]
INFO:experiments.py:[446/1000] 2.43 sec: loss(t/v)=0.09/2.36, scores(t/v)=[0.77/0.39 + 0.67/0.48 + 0.50/0.27 + 1.00/0.27 = 0.71/0.34]
INFO:experiments.py:[447/1000] 2.45 sec: loss(t/v)=0.08/2.37, scores(t/v)=[0.80/0.39 + 0.72/0.48 + 0.50/0.28 + 1.00/0.27 = 0.73/0.35]
INFO:experiments.py:[448/1000] 2.45 sec: loss(t/v)=0.09/2.37, scores(t/v)=[0.76/0.38 + 0.65/0.49 + 0.51/0.26 + 1.00/0.29 = 0.71/0.35]
INFO:experiments.py:[449/1000] 2.44 sec: loss(t/v)=0.09/2.37, scores(t/v)=[0.78/0.39 + 0.68/0.48 + 0.47/0.27 + 1.00/0.27 = 0.71/0.34]
INFO:experiments.py:[450/1000] 2.47 sec: loss(t/v)=0.08/2.37, scores(t/v)=[0.79/0.39 + 0.70/0.49 + 0.52/0.28 + 1.00/0.27 = 0.73/0.35]
INFO:experiments.py:[451/1000] 2.45 sec: loss(t/v)=0.08/2.37, scores(t/v)=[0.77/0.39 + 0.65/0.48 + 0.54/0.28 + 1.00/0.27 = 0.72/0.34]
INFO:experiments.py:[452/1000] 2.44 sec: loss(t/v)=0.10/2.37, scores(t/v)=[0.77/0.38 + 0.67/0.48 + 0.51/0.27 + 1.00/0.27 = 0.72/0.34]
INFO:experiments.py:[453/1000] 2.43 sec: loss(t/v)=0.09/2.37, scores(t/v)=[0.79/0.38 + 0.65/0.48 + 0.48/0.27 + 1.00/0.29 = 0.71/0.35]
INFO:experiments.py:[454/1000] 2.46 sec: loss(t/v)=0.09/2.36, scores(t/v)=[0.79/0.38 + 0.68/0.49 + 0.46/0.28 + 1.00/0.29 = 0.71/0.35]
INFO:experiments.py:[455/1000] 2.45 sec: loss(t/v)=0.08/2.36, scores(t/v)=[0.78/0.38 + 0.66/0.49 + 0.51/0.28 + 1.00/0.31 = 0.71/0.36]
INFO:experiments.py:[456/1000] 2.44 sec: loss(t/v)=0.09/2.37, scores(t/v)=[0.78/0.39 + 0.63/0.49 + 0.52/0.28 + 1.00/0.31 = 0.71/0.36]
INFO:experiments.py:[457/1000] 2.46 sec: loss(t/v)=0.08/2.36, scores(t/v)=[0.79/0.39 + 0.66/0.50 + 0.53/0.27 + 1.00/0.29 = 0.72/0.35]
INFO:experiments.py:[458/1000] 2.43 sec: loss(t/v)=0.09/2.37, scores(t/v)=[0.79/0.39 + 0.67/0.49 + 0.52/0.27 + 1.00/0.27 = 0.73/0.35]
INFO:experiments.py:[459/1000] 2.43 sec: loss(t/v)=0.09/2.37, scores(t/v)=[0.77/0.40 + 0.68/0.49 + 0.46/0.27 + 1.00/0.27 = 0.70/0.35]
INFO:experiments.py:[460/1000] 2.44 sec: loss(t/v)=0.09/2.37, scores(t/v)=[0.80/0.38 + 0.66/0.48 + 0.49/0.27 + 1.00/0.27 = 0.72/0.34]
INFO:experiments.py:[461/1000] 2.46 sec: loss(t/v)=0.09/2.37, scores(t/v)=[0.76/0.38 + 0.66/0.48 + 0.50/0.28 + 1.00/0.27 = 0.70/0.34]
INFO:experiments.py:[462/1000] 2.45 sec: loss(t/v)=0.09/2.37, scores(t/v)=[0.76/0.38 + 0.67/0.49 + 0.47/0.27 + 1.00/0.29 = 0.70/0.35]
INFO:experiments.py:[463/1000] 2.44 sec: loss(t/v)=0.09/2.37, scores(t/v)=[0.79/0.39 + 0.66/0.48 + 0.51/0.27 + 1.00/0.29 = 0.72/0.35]
INFO:experiments.py:[464/1000] 2.46 sec: loss(t/v)=0.08/2.37, scores(t/v)=[0.80/0.39 + 0.67/0.49 + 0.52/0.27 + 1.00/0.27 = 0.73/0.34]
INFO:experiments.py:[465/1000] 2.46 sec: loss(t/v)=0.09/2.37, scores(t/v)=[0.81/0.39 + 0.66/0.48 + 0.49/0.27 + 1.00/0.27 = 0.72/0.34]
INFO:experiments.py:[466/1000] 2.44 sec: loss(t/v)=0.08/2.37, scores(t/v)=[0.80/0.39 + 0.67/0.49 + 0.53/0.27 + 1.00/0.27 = 0.73/0.34]
INFO:experiments.py:[467/1000] 2.43 sec: loss(t/v)=0.08/2.37, scores(t/v)=[0.76/0.39 + 0.64/0.49 + 0.57/0.27 + 1.00/0.27 = 0.72/0.35]
INFO:experiments.py:[468/1000] 2.44 sec: loss(t/v)=0.09/2.37, scores(t/v)=[0.77/0.39 + 0.66/0.49 + 0.46/0.27 + 1.00/0.27 = 0.70/0.34]
INFO:experiments.py:[469/1000] 2.47 sec: loss(t/v)=0.09/2.37, scores(t/v)=[0.77/0.38 + 0.67/0.49 + 0.50/0.27 + 1.00/0.27 = 0.71/0.34]
INFO:experiments.py:[470/1000] 2.47 sec: loss(t/v)=0.09/2.37, scores(t/v)=[0.77/0.38 + 0.67/0.49 + 0.48/0.27 + 1.00/0.27 = 0.71/0.34]
INFO:experiments.py:[471/1000] 2.46 sec: loss(t/v)=0.09/2.37, scores(t/v)=[0.76/0.39 + 0.64/0.49 + 0.51/0.26 + 1.00/0.27 = 0.71/0.34]
INFO:experiments.py:[472/1000] 2.47 sec: loss(t/v)=0.09/2.37, scores(t/v)=[0.77/0.38 + 0.67/0.49 + 0.51/0.27 + 1.00/0.27 = 0.71/0.34]
INFO:experiments.py:[473/1000] 2.43 sec: loss(t/v)=0.09/2.37, scores(t/v)=[0.75/0.39 + 0.66/0.48 + 0.51/0.28 + 1.00/0.27 = 0.71/0.34]
INFO:experiments.py:[474/1000] 2.43 sec: loss(t/v)=0.09/2.37, scores(t/v)=[0.76/0.39 + 0.66/0.48 + 0.49/0.28 + 1.00/0.29 = 0.71/0.35]
INFO:experiments.py:[475/1000] 2.44 sec: loss(t/v)=0.09/2.37, scores(t/v)=[0.79/0.39 + 0.67/0.49 + 0.49/0.28 + 1.00/0.29 = 0.71/0.35]
INFO:experiments.py:[476/1000] 2.46 sec: loss(t/v)=0.08/2.37, scores(t/v)=[0.80/0.39 + 0.69/0.49 + 0.47/0.28 + 1.00/0.29 = 0.72/0.35]
INFO:experiments.py:[477/1000] 2.44 sec: loss(t/v)=0.08/2.37, scores(t/v)=[0.78/0.39 + 0.69/0.49 + 0.49/0.28 + 1.00/0.27 = 0.72/0.35]
INFO:experiments.py:[478/1000] 2.46 sec: loss(t/v)=0.09/2.37, scores(t/v)=[0.78/0.38 + 0.69/0.49 + 0.51/0.27 + 1.00/0.27 = 0.72/0.34]
INFO:experiments.py:[479/1000] 2.44 sec: loss(t/v)=0.10/2.37, scores(t/v)=[0.78/0.39 + 0.63/0.48 + 0.51/0.27 + 1.00/0.27 = 0.71/0.34]
INFO:experiments.py:[480/1000] 2.43 sec: loss(t/v)=0.09/2.36, scores(t/v)=[0.78/0.39 + 0.64/0.49 + 0.48/0.27 + 1.00/0.29 = 0.70/0.35]
INFO:experiments.py:[481/1000] 2.43 sec: loss(t/v)=0.09/2.36, scores(t/v)=[0.80/0.39 + 0.67/0.48 + 0.50/0.28 + 1.00/0.27 = 0.72/0.35]
INFO:experiments.py:[482/1000] 2.46 sec: loss(t/v)=0.09/2.37, scores(t/v)=[0.78/0.39 + 0.67/0.48 + 0.52/0.28 + 1.00/0.27 = 0.72/0.34]
INFO:experiments.py:[483/1000] 2.44 sec: loss(t/v)=0.09/2.37, scores(t/v)=[0.77/0.38 + 0.63/0.48 + 0.44/0.27 + 1.00/0.27 = 0.68/0.34]
INFO:experiments.py:[484/1000] 2.45 sec: loss(t/v)=0.09/2.37, scores(t/v)=[0.76/0.39 + 0.65/0.49 + 0.53/0.26 + 1.00/0.27 = 0.71/0.34]
INFO:experiments.py:[485/1000] 2.46 sec: loss(t/v)=0.09/2.37, scores(t/v)=[0.77/0.39 + 0.66/0.48 + 0.47/0.27 + 1.00/0.27 = 0.70/0.35]
INFO:experiments.py:[486/1000] 2.46 sec: loss(t/v)=0.09/2.37, scores(t/v)=[0.78/0.38 + 0.67/0.48 + 0.50/0.27 + 1.00/0.27 = 0.72/0.34]
INFO:experiments.py:[487/1000] 2.45 sec: loss(t/v)=0.08/2.36, scores(t/v)=[0.79/0.39 + 0.67/0.48 + 0.54/0.27 + 1.00/0.27 = 0.73/0.35]
INFO:experiments.py:[488/1000] 2.44 sec: loss(t/v)=0.09/2.36, scores(t/v)=[0.78/0.39 + 0.66/0.49 + 0.51/0.28 + 1.00/0.27 = 0.72/0.35]
INFO:experiments.py:[489/1000] 2.45 sec: loss(t/v)=0.09/2.36, scores(t/v)=[0.78/0.39 + 0.65/0.49 + 0.53/0.28 + 1.00/0.27 = 0.72/0.35]
INFO:experiments.py:[490/1000] 2.46 sec: loss(t/v)=0.09/2.37, scores(t/v)=[0.75/0.39 + 0.67/0.49 + 0.47/0.28 + 1.00/0.29 = 0.70/0.35]
INFO:experiments.py:[491/1000] 2.46 sec: loss(t/v)=0.09/2.37, scores(t/v)=[0.75/0.39 + 0.62/0.49 + 0.54/0.28 + 1.00/0.27 = 0.71/0.35]
INFO:experiments.py:[492/1000] 2.46 sec: loss(t/v)=0.09/2.37, scores(t/v)=[0.77/0.39 + 0.63/0.49 + 0.52/0.27 + 1.00/0.27 = 0.71/0.35]
INFO:experiments.py:[493/1000] 2.47 sec: loss(t/v)=0.09/2.37, scores(t/v)=[0.78/0.39 + 0.66/0.49 + 0.48/0.27 + 1.00/0.27 = 0.70/0.34]
INFO:experiments.py:[494/1000] 2.44 sec: loss(t/v)=0.08/2.37, scores(t/v)=[0.79/0.39 + 0.68/0.49 + 0.48/0.27 + 1.00/0.27 = 0.71/0.35]
INFO:experiments.py:[495/1000] 2.43 sec: loss(t/v)=0.08/2.36, scores(t/v)=[0.78/0.39 + 0.70/0.48 + 0.51/0.27 + 1.00/0.27 = 0.73/0.34]
INFO:experiments.py:[496/1000] 2.43 sec: loss(t/v)=0.09/2.37, scores(t/v)=[0.78/0.39 + 0.67/0.48 + 0.50/0.27 + 1.00/0.29 = 0.71/0.35]
INFO:experiments.py:[497/1000] 2.45 sec: loss(t/v)=0.09/2.37, scores(t/v)=[0.78/0.39 + 0.64/0.48 + 0.50/0.28 + 1.00/0.27 = 0.71/0.35]
INFO:experiments.py:[498/1000] 2.47 sec: loss(t/v)=0.08/2.37, scores(t/v)=[0.79/0.39 + 0.67/0.48 + 0.46/0.28 + 1.00/0.27 = 0.70/0.35]
INFO:experiments.py:[499/1000] 2.46 sec: loss(t/v)=0.09/2.37, scores(t/v)=[0.76/0.37 + 0.68/0.48 + 0.44/0.28 + 1.00/0.27 = 0.69/0.34]
INFO:experiments.py:[500/1000] 2.47 sec: loss(t/v)=0.10/2.37, scores(t/v)=[0.76/0.38 + 0.64/0.48 + 0.41/0.28 + 1.00/0.27 = 0.67/0.34]
INFO:experiments.py:[501/1000] 2.44 sec: loss(t/v)=0.09/2.37, scores(t/v)=[0.78/0.38 + 0.67/0.49 + 0.45/0.28 + 1.00/0.31 = 0.70/0.35]
INFO:experiments.py:[502/1000] 2.41 sec: loss(t/v)=0.09/2.36, scores(t/v)=[0.78/0.38 + 0.68/0.48 + 0.46/0.27 + 1.00/0.29 = 0.70/0.35]
INFO:experiments.py:[503/1000] 2.44 sec: loss(t/v)=0.09/2.36, scores(t/v)=[0.78/0.39 + 0.68/0.49 + 0.50/0.27 + 1.00/0.29 = 0.72/0.35]
INFO:experiments.py:[504/1000] 2.45 sec: loss(t/v)=0.08/2.37, scores(t/v)=[0.77/0.38 + 0.69/0.48 + 0.51/0.27 + 1.00/0.29 = 0.72/0.35]
INFO:experiments.py:[505/1000] 2.43 sec: loss(t/v)=0.09/2.37, scores(t/v)=[0.77/0.38 + 0.66/0.48 + 0.48/0.27 + 1.00/0.29 = 0.70/0.35]
INFO:experiments.py:[506/1000] 2.45 sec: loss(t/v)=0.09/2.37, scores(t/v)=[0.75/0.38 + 0.66/0.49 + 0.51/0.27 + 1.00/0.27 = 0.71/0.34]
INFO:experiments.py:[507/1000] 2.46 sec: loss(t/v)=0.09/2.37, scores(t/v)=[0.77/0.39 + 0.68/0.49 + 0.50/0.27 + 1.00/0.27 = 0.72/0.35]
INFO:experiments.py:[508/1000] 2.46 sec: loss(t/v)=0.09/2.37, scores(t/v)=[0.79/0.39 + 0.70/0.49 + 0.48/0.27 + 1.00/0.27 = 0.72/0.34]
INFO:experiments.py:[509/1000] 2.43 sec: loss(t/v)=0.09/2.37, scores(t/v)=[0.80/0.39 + 0.68/0.49 + 0.51/0.27 + 1.00/0.27 = 0.73/0.34]
INFO:experiments.py:[510/1000] 2.42 sec: loss(t/v)=0.10/2.37, scores(t/v)=[0.76/0.39 + 0.68/0.49 + 0.46/0.27 + 1.00/0.29 = 0.69/0.35]
INFO:experiments.py:[511/1000] 2.43 sec: loss(t/v)=0.09/2.37, scores(t/v)=[0.78/0.38 + 0.64/0.49 + 0.49/0.28 + 1.00/0.29 = 0.70/0.35]
INFO:experiments.py:[512/1000] 2.46 sec: loss(t/v)=0.09/2.37, scores(t/v)=[0.80/0.37 + 0.65/0.48 + 0.52/0.27 + 1.00/0.29 = 0.72/0.34]
INFO:experiments.py:[513/1000] 2.44 sec: loss(t/v)=0.09/2.37, scores(t/v)=[0.78/0.38 + 0.67/0.48 + 0.53/0.28 + 1.00/0.27 = 0.73/0.34]
INFO:experiments.py:[514/1000] 2.42 sec: loss(t/v)=0.09/2.37, scores(t/v)=[0.77/0.38 + 0.65/0.48 + 0.47/0.28 + 1.00/0.27 = 0.70/0.34]
INFO:experiments.py:[515/1000] 2.43 sec: loss(t/v)=0.09/2.37, scores(t/v)=[0.78/0.38 + 0.68/0.49 + 0.47/0.28 + 1.00/0.27 = 0.70/0.34]
INFO:experiments.py:[516/1000] 2.42 sec: loss(t/v)=0.08/2.37, scores(t/v)=[0.80/0.39 + 0.71/0.49 + 0.53/0.27 + 1.00/0.27 = 0.74/0.35]
INFO:experiments.py:[517/1000] 2.43 sec: loss(t/v)=0.09/2.37, scores(t/v)=[0.75/0.39 + 0.66/0.49 + 0.49/0.28 + 1.00/0.27 = 0.70/0.35]
INFO:experiments.py:[518/1000] 2.45 sec: loss(t/v)=0.08/2.37, scores(t/v)=[0.78/0.38 + 0.66/0.49 + 0.51/0.27 + 1.00/0.27 = 0.72/0.34]
INFO:experiments.py:[519/1000] 2.43 sec: loss(t/v)=0.09/2.38, scores(t/v)=[0.79/0.39 + 0.71/0.49 + 0.50/0.27 + 1.00/0.27 = 0.73/0.35]
INFO:experiments.py:[520/1000] 2.43 sec: loss(t/v)=0.09/2.37, scores(t/v)=[0.77/0.38 + 0.68/0.49 + 0.49/0.26 + 1.00/0.27 = 0.71/0.34]
INFO:experiments.py:[521/1000] 2.45 sec: loss(t/v)=0.08/2.37, scores(t/v)=[0.80/0.38 + 0.65/0.48 + 0.50/0.28 + 1.00/0.27 = 0.71/0.34]
INFO:experiments.py:[522/1000] 2.43 sec: loss(t/v)=0.09/2.37, scores(t/v)=[0.79/0.38 + 0.67/0.49 + 0.49/0.28 + 1.00/0.27 = 0.71/0.34]
INFO:experiments.py:[523/1000] 2.41 sec: loss(t/v)=0.09/2.37, scores(t/v)=[0.77/0.39 + 0.63/0.49 + 0.48/0.27 + 1.00/0.27 = 0.69/0.35]
INFO:experiments.py:[524/1000] 2.43 sec: loss(t/v)=0.09/2.37, scores(t/v)=[0.78/0.39 + 0.66/0.49 + 0.53/0.29 + 1.00/0.27 = 0.72/0.35]
INFO:experiments.py:[525/1000] 2.45 sec: loss(t/v)=0.09/2.37, scores(t/v)=[0.79/0.38 + 0.66/0.49 + 0.56/0.29 + 1.00/0.27 = 0.73/0.35]
INFO:experiments.py:[526/1000] 2.43 sec: loss(t/v)=0.09/2.37, scores(t/v)=[0.81/0.39 + 0.69/0.49 + 0.46/0.28 + 1.00/0.27 = 0.71/0.35]
INFO:experiments.py:[527/1000] 2.44 sec: loss(t/v)=0.09/2.37, scores(t/v)=[0.77/0.39 + 0.67/0.48 + 0.48/0.27 + 1.00/0.27 = 0.70/0.34]
INFO:experiments.py:[528/1000] 2.47 sec: loss(t/v)=0.08/2.37, scores(t/v)=[0.79/0.40 + 0.69/0.49 + 0.53/0.27 + 1.00/0.27 = 0.73/0.34]
INFO:experiments.py:[529/1000] 2.47 sec: loss(t/v)=0.08/2.37, scores(t/v)=[0.78/0.39 + 0.67/0.49 + 0.49/0.27 + 1.00/0.27 = 0.71/0.35]
INFO:experiments.py:[530/1000] 2.43 sec: loss(t/v)=0.08/2.37, scores(t/v)=[0.78/0.39 + 0.69/0.49 + 0.49/0.27 + 1.00/0.27 = 0.72/0.35]
INFO:experiments.py:[531/1000] 2.43 sec: loss(t/v)=0.08/2.37, scores(t/v)=[0.79/0.39 + 0.71/0.48 + 0.50/0.28 + 1.00/0.27 = 0.73/0.35]
INFO:experiments.py:[532/1000] 2.41 sec: loss(t/v)=0.09/2.37, scores(t/v)=[0.80/0.39 + 0.64/0.49 + 0.51/0.27 + 1.00/0.27 = 0.71/0.34]
INFO:experiments.py:[533/1000] 2.46 sec: loss(t/v)=0.09/2.37, scores(t/v)=[0.77/0.39 + 0.67/0.49 + 0.51/0.27 + 1.00/0.27 = 0.72/0.34]
INFO:experiments.py:[534/1000] 2.45 sec: loss(t/v)=0.09/2.37, scores(t/v)=[0.78/0.39 + 0.65/0.49 + 0.52/0.27 + 1.00/0.29 = 0.72/0.35]
INFO:experiments.py:[535/1000] 2.45 sec: loss(t/v)=0.09/2.37, scores(t/v)=[0.78/0.40 + 0.70/0.49 + 0.48/0.28 + 1.00/0.27 = 0.71/0.35]
INFO:experiments.py:[536/1000] 2.45 sec: loss(t/v)=0.09/2.37, scores(t/v)=[0.79/0.40 + 0.68/0.49 + 0.52/0.28 + 1.00/0.27 = 0.73/0.35]
INFO:experiments.py:[537/1000] 2.43 sec: loss(t/v)=0.09/2.37, scores(t/v)=[0.75/0.40 + 0.65/0.48 + 0.50/0.28 + 1.00/0.29 = 0.70/0.35]
INFO:experiments.py:[538/1000] 2.43 sec: loss(t/v)=0.09/2.37, scores(t/v)=[0.76/0.40 + 0.66/0.49 + 0.49/0.27 + 1.00/0.27 = 0.70/0.35]
INFO:experiments.py:[539/1000] 2.45 sec: loss(t/v)=0.09/2.37, scores(t/v)=[0.78/0.39 + 0.66/0.48 + 0.50/0.28 + 1.00/0.27 = 0.71/0.35]
INFO:experiments.py:[540/1000] 2.47 sec: loss(t/v)=0.09/2.37, scores(t/v)=[0.77/0.38 + 0.64/0.48 + 0.44/0.27 + 1.00/0.27 = 0.68/0.34]
INFO:experiments.py:[541/1000] 2.45 sec: loss(t/v)=0.09/2.37, scores(t/v)=[0.76/0.39 + 0.65/0.48 + 0.53/0.27 + 1.00/0.31 = 0.71/0.35]
INFO:experiments.py:[542/1000] 2.46 sec: loss(t/v)=0.08/2.37, scores(t/v)=[0.79/0.39 + 0.69/0.48 + 0.50/0.27 + 1.00/0.27 = 0.72/0.34]
INFO:experiments.py:[543/1000] 2.45 sec: loss(t/v)=0.08/2.37, scores(t/v)=[0.79/0.39 + 0.68/0.49 + 0.50/0.27 + 1.00/0.29 = 0.72/0.35]
INFO:experiments.py:[544/1000] 2.43 sec: loss(t/v)=0.09/2.37, scores(t/v)=[0.77/0.39 + 0.68/0.49 + 0.54/0.27 + 1.00/0.27 = 0.73/0.34]
INFO:experiments.py:[545/1000] 2.43 sec: loss(t/v)=0.10/2.37, scores(t/v)=[0.75/0.39 + 0.67/0.49 + 0.50/0.27 + 1.00/0.27 = 0.71/0.34]
INFO:experiments.py:[546/1000] 2.46 sec: loss(t/v)=0.09/2.37, scores(t/v)=[0.78/0.38 + 0.68/0.49 + 0.52/0.27 + 1.00/0.27 = 0.72/0.34]
INFO:experiments.py:[547/1000] 2.44 sec: loss(t/v)=0.10/2.37, scores(t/v)=[0.76/0.39 + 0.65/0.48 + 0.49/0.27 + 1.00/0.27 = 0.70/0.34]
INFO:experiments.py:[548/1000] 2.46 sec: loss(t/v)=0.08/2.37, scores(t/v)=[0.78/0.39 + 0.69/0.49 + 0.52/0.27 + 1.00/0.27 = 0.73/0.34]
INFO:experiments.py:[549/1000] 2.47 sec: loss(t/v)=0.09/2.37, scores(t/v)=[0.77/0.39 + 0.65/0.48 + 0.46/0.27 + 1.00/0.27 = 0.69/0.34]
INFO:experiments.py:[550/1000] 2.47 sec: loss(t/v)=0.09/2.37, scores(t/v)=[0.79/0.39 + 0.66/0.48 + 0.45/0.27 + 1.00/0.27 = 0.70/0.35]
INFO:experiments.py:[551/1000] 2.46 sec: loss(t/v)=0.10/2.37, scores(t/v)=[0.78/0.39 + 0.64/0.49 + 0.46/0.28 + 1.00/0.27 = 0.69/0.35]
INFO:experiments.py:[552/1000] 2.43 sec: loss(t/v)=0.10/2.37, scores(t/v)=[0.76/0.39 + 0.65/0.49 + 0.49/0.28 + 1.00/0.27 = 0.70/0.35]
INFO:experiments.py:[553/1000] 2.43 sec: loss(t/v)=0.09/2.37, scores(t/v)=[0.77/0.39 + 0.68/0.48 + 0.53/0.28 + 1.00/0.29 = 0.73/0.35]
INFO:experiments.py:[554/1000] 2.44 sec: loss(t/v)=0.09/2.36, scores(t/v)=[0.78/0.39 + 0.65/0.49 + 0.44/0.28 + 1.00/0.27 = 0.69/0.35]
INFO:experiments.py:[555/1000] 2.46 sec: loss(t/v)=0.08/2.37, scores(t/v)=[0.79/0.39 + 0.68/0.48 + 0.52/0.27 + 1.00/0.27 = 0.73/0.35]
INFO:experiments.py:[556/1000] 2.46 sec: loss(t/v)=0.09/2.37, scores(t/v)=[0.79/0.39 + 0.67/0.49 + 0.52/0.28 + 1.00/0.27 = 0.72/0.35]
INFO:experiments.py:[557/1000] 2.47 sec: loss(t/v)=0.09/2.37, scores(t/v)=[0.76/0.39 + 0.67/0.48 + 0.47/0.27 + 1.00/0.27 = 0.70/0.35]
INFO:experiments.py:[558/1000] 2.47 sec: loss(t/v)=0.09/2.37, scores(t/v)=[0.78/0.39 + 0.65/0.48 + 0.48/0.28 + 1.00/0.27 = 0.70/0.35]
INFO:experiments.py:[559/1000] 2.43 sec: loss(t/v)=0.09/2.37, scores(t/v)=[0.80/0.39 + 0.68/0.48 + 0.49/0.28 + 1.00/0.27 = 0.72/0.35]
INFO:experiments.py:[560/1000] 2.43 sec: loss(t/v)=0.10/2.37, scores(t/v)=[0.77/0.39 + 0.63/0.48 + 0.48/0.28 + 1.00/0.27 = 0.70/0.35]
INFO:experiments.py:[561/1000] 2.43 sec: loss(t/v)=0.08/2.37, scores(t/v)=[0.80/0.39 + 0.67/0.48 + 0.49/0.27 + 1.00/0.27 = 0.72/0.35]
INFO:experiments.py:[562/1000] 2.45 sec: loss(t/v)=0.09/2.37, scores(t/v)=[0.78/0.39 + 0.69/0.48 + 0.44/0.28 + 1.00/0.29 = 0.70/0.35]
INFO:experiments.py:[563/1000] 2.44 sec: loss(t/v)=0.09/2.37, scores(t/v)=[0.76/0.39 + 0.67/0.48 + 0.51/0.28 + 1.00/0.29 = 0.71/0.35]
INFO:experiments.py:[564/1000] 2.46 sec: loss(t/v)=0.09/2.37, scores(t/v)=[0.77/0.39 + 0.67/0.49 + 0.52/0.28 + 1.00/0.27 = 0.72/0.35]
INFO:experiments.py:[565/1000] 2.46 sec: loss(t/v)=0.10/2.37, scores(t/v)=[0.77/0.40 + 0.62/0.49 + 0.50/0.28 + 1.00/0.27 = 0.70/0.35]
INFO:experiments.py:[566/1000] 2.45 sec: loss(t/v)=0.09/2.37, scores(t/v)=[0.77/0.39 + 0.68/0.49 + 0.49/0.28 + 1.00/0.27 = 0.71/0.35]
INFO:experiments.py:[567/1000] 2.43 sec: loss(t/v)=0.08/2.37, scores(t/v)=[0.80/0.38 + 0.69/0.49 + 0.50/0.28 + 1.00/0.27 = 0.72/0.35]
INFO:experiments.py:[568/1000] 2.43 sec: loss(t/v)=0.09/2.37, scores(t/v)=[0.80/0.38 + 0.67/0.49 + 0.53/0.28 + 1.00/0.29 = 0.73/0.35]
INFO:experiments.py:[569/1000] 2.45 sec: loss(t/v)=0.08/2.37, scores(t/v)=[0.80/0.38 + 0.66/0.49 + 0.50/0.28 + 1.00/0.29 = 0.72/0.35]
INFO:experiments.py:[570/1000] 2.43 sec: loss(t/v)=0.09/2.37, scores(t/v)=[0.80/0.39 + 0.64/0.49 + 0.49/0.28 + 1.00/0.27 = 0.71/0.35]
INFO:experiments.py:[571/1000] 2.46 sec: loss(t/v)=0.10/2.37, scores(t/v)=[0.81/0.38 + 0.64/0.49 + 0.51/0.27 + 1.00/0.27 = 0.72/0.34]
INFO:experiments.py:[572/1000] 2.46 sec: loss(t/v)=0.09/2.37, scores(t/v)=[0.78/0.39 + 0.67/0.49 + 0.50/0.27 + 1.00/0.29 = 0.72/0.35]
INFO:experiments.py:[573/1000] 2.48 sec: loss(t/v)=0.09/2.37, scores(t/v)=[0.77/0.38 + 0.67/0.49 + 0.54/0.27 + 1.00/0.27 = 0.73/0.34]
INFO:experiments.py:[574/1000] 2.45 sec: loss(t/v)=0.09/2.37, scores(t/v)=[0.80/0.39 + 0.66/0.49 + 0.53/0.28 + 1.00/0.27 = 0.73/0.35]
INFO:experiments.py:[575/1000] 2.44 sec: loss(t/v)=0.09/2.37, scores(t/v)=[0.76/0.39 + 0.66/0.49 + 0.53/0.28 + 1.00/0.27 = 0.72/0.35]
INFO:experiments.py:[576/1000] 2.44 sec: loss(t/v)=0.08/2.37, scores(t/v)=[0.78/0.38 + 0.67/0.49 + 0.47/0.28 + 1.00/0.27 = 0.71/0.35]
INFO:experiments.py:[577/1000] 2.45 sec: loss(t/v)=0.09/2.37, scores(t/v)=[0.78/0.40 + 0.65/0.50 + 0.44/0.27 + 1.00/0.27 = 0.69/0.35]
INFO:experiments.py:[578/1000] 2.45 sec: loss(t/v)=0.08/2.37, scores(t/v)=[0.80/0.40 + 0.66/0.49 + 0.54/0.27 + 1.00/0.27 = 0.73/0.35]
INFO:experiments.py:[579/1000] 2.46 sec: loss(t/v)=0.09/2.37, scores(t/v)=[0.78/0.40 + 0.65/0.48 + 0.48/0.27 + 1.00/0.27 = 0.70/0.35]
INFO:experiments.py:[580/1000] 2.47 sec: loss(t/v)=0.09/2.37, scores(t/v)=[0.77/0.39 + 0.66/0.48 + 0.50/0.27 + 1.00/0.27 = 0.71/0.34]
INFO:experiments.py:[581/1000] 2.45 sec: loss(t/v)=0.09/2.37, scores(t/v)=[0.80/0.39 + 0.68/0.49 + 0.51/0.28 + 1.00/0.27 = 0.73/0.35]
INFO:experiments.py:[582/1000] 2.44 sec: loss(t/v)=0.09/2.37, scores(t/v)=[0.78/0.38 + 0.66/0.49 + 0.56/0.28 + 1.00/0.27 = 0.73/0.35]
INFO:experiments.py:[583/1000] 2.43 sec: loss(t/v)=0.09/2.36, scores(t/v)=[0.75/0.39 + 0.67/0.49 + 0.51/0.27 + 1.00/0.27 = 0.71/0.35]
INFO:experiments.py:[584/1000] 2.46 sec: loss(t/v)=0.09/2.36, scores(t/v)=[0.78/0.39 + 0.63/0.49 + 0.50/0.28 + 1.00/0.27 = 0.70/0.35]
INFO:experiments.py:[585/1000] 2.44 sec: loss(t/v)=0.09/2.36, scores(t/v)=[0.79/0.38 + 0.68/0.49 + 0.48/0.27 + 1.00/0.27 = 0.71/0.34]
INFO:experiments.py:[586/1000] 2.46 sec: loss(t/v)=0.09/2.37, scores(t/v)=[0.76/0.38 + 0.68/0.49 + 0.50/0.28 + 1.00/0.29 = 0.71/0.35]
INFO:experiments.py:[587/1000] 2.47 sec: loss(t/v)=0.09/2.37, scores(t/v)=[0.77/0.38 + 0.69/0.48 + 0.48/0.28 + 1.00/0.29 = 0.71/0.35]
INFO:experiments.py:[588/1000] 2.46 sec: loss(t/v)=0.09/2.37, scores(t/v)=[0.79/0.39 + 0.66/0.48 + 0.43/0.28 + 1.00/0.29 = 0.69/0.35]
INFO:experiments.py:[589/1000] 2.45 sec: loss(t/v)=0.09/2.37, scores(t/v)=[0.80/0.39 + 0.65/0.48 + 0.47/0.27 + 1.00/0.29 = 0.71/0.35]
INFO:experiments.py:[590/1000] 2.44 sec: loss(t/v)=0.08/2.37, scores(t/v)=[0.79/0.38 + 0.67/0.48 + 0.49/0.27 + 1.00/0.27 = 0.72/0.34]
INFO:experiments.py:[591/1000] 2.47 sec: loss(t/v)=0.09/2.37, scores(t/v)=[0.79/0.39 + 0.67/0.48 + 0.50/0.27 + 1.00/0.27 = 0.72/0.34]
INFO:experiments.py:[592/1000] 2.46 sec: loss(t/v)=0.09/2.37, scores(t/v)=[0.76/0.39 + 0.67/0.48 + 0.51/0.28 + 1.00/0.29 = 0.71/0.35]
INFO:experiments.py:[593/1000] 2.48 sec: loss(t/v)=0.09/2.37, scores(t/v)=[0.78/0.39 + 0.68/0.48 + 0.51/0.28 + 1.00/0.27 = 0.72/0.35]
INFO:experiments.py:[594/1000] 2.49 sec: loss(t/v)=0.09/2.37, scores(t/v)=[0.78/0.38 + 0.70/0.48 + 0.50/0.29 + 1.00/0.27 = 0.72/0.35]
INFO:experiments.py:[595/1000] 2.48 sec: loss(t/v)=0.08/2.37, scores(t/v)=[0.80/0.39 + 0.71/0.49 + 0.50/0.28 + 1.00/0.27 = 0.73/0.35]
INFO:experiments.py:[596/1000] 2.47 sec: loss(t/v)=0.08/2.37, scores(t/v)=[0.79/0.39 + 0.69/0.49 + 0.49/0.28 + 1.00/0.27 = 0.72/0.35]
INFO:experiments.py:[597/1000] 2.46 sec: loss(t/v)=0.09/2.37, scores(t/v)=[0.76/0.39 + 0.66/0.49 + 0.52/0.28 + 1.00/0.27 = 0.71/0.35]
INFO:experiments.py:[598/1000] 2.46 sec: loss(t/v)=0.09/2.37, scores(t/v)=[0.76/0.39 + 0.65/0.49 + 0.48/0.27 + 1.00/0.27 = 0.70/0.35]
INFO:experiments.py:[599/1000] 2.46 sec: loss(t/v)=0.09/2.37, scores(t/v)=[0.78/0.40 + 0.67/0.49 + 0.50/0.27 + 1.00/0.27 = 0.71/0.35]
INFO:experiments.py:[600/1000] 2.46 sec: loss(t/v)=0.09/2.37, scores(t/v)=[0.79/0.39 + 0.67/0.49 + 0.52/0.28 + 1.00/0.27 = 0.72/0.35]
INFO:experiments.py:[601/1000] 2.45 sec: loss(t/v)=0.09/2.37, scores(t/v)=[0.78/0.39 + 0.65/0.49 + 0.52/0.27 + 1.00/0.27 = 0.72/0.35]
INFO:experiments.py:[602/1000] 2.47 sec: loss(t/v)=0.08/2.37, scores(t/v)=[0.80/0.39 + 0.69/0.49 + 0.54/0.27 + 1.00/0.27 = 0.74/0.35]
INFO:experiments.py:[603/1000] 2.45 sec: loss(t/v)=0.08/2.37, scores(t/v)=[0.78/0.39 + 0.67/0.49 + 0.49/0.27 + 1.00/0.27 = 0.71/0.34]
INFO:experiments.py:[604/1000] 2.44 sec: loss(t/v)=0.09/2.37, scores(t/v)=[0.77/0.38 + 0.65/0.49 + 0.55/0.26 + 1.00/0.27 = 0.73/0.34]
INFO:experiments.py:[605/1000] 2.45 sec: loss(t/v)=0.09/2.37, scores(t/v)=[0.78/0.38 + 0.65/0.49 + 0.51/0.27 + 1.00/0.27 = 0.71/0.34]
INFO:experiments.py:[606/1000] 2.47 sec: loss(t/v)=0.09/2.36, scores(t/v)=[0.81/0.39 + 0.68/0.49 + 0.50/0.27 + 1.00/0.29 = 0.72/0.35]
INFO:experiments.py:[607/1000] 2.47 sec: loss(t/v)=0.09/2.36, scores(t/v)=[0.77/0.38 + 0.60/0.49 + 0.48/0.27 + 1.00/0.29 = 0.68/0.35]
INFO:experiments.py:[608/1000] 2.45 sec: loss(t/v)=0.09/2.36, scores(t/v)=[0.79/0.39 + 0.66/0.48 + 0.51/0.26 + 1.00/0.29 = 0.72/0.35]
INFO:experiments.py:[609/1000] 2.46 sec: loss(t/v)=0.08/2.37, scores(t/v)=[0.81/0.39 + 0.67/0.49 + 0.53/0.27 + 1.00/0.27 = 0.73/0.34]
INFO:experiments.py:[610/1000] 2.45 sec: loss(t/v)=0.09/2.37, scores(t/v)=[0.78/0.40 + 0.64/0.48 + 0.45/0.27 + 1.00/0.27 = 0.69/0.35]
INFO:experiments.py:[611/1000] 2.43 sec: loss(t/v)=0.09/2.37, scores(t/v)=[0.77/0.40 + 0.67/0.49 + 0.53/0.27 + 1.00/0.27 = 0.72/0.35]
INFO:experiments.py:[612/1000] 2.44 sec: loss(t/v)=0.09/2.37, scores(t/v)=[0.81/0.39 + 0.68/0.48 + 0.50/0.26 + 1.00/0.27 = 0.72/0.34]
INFO:experiments.py:[613/1000] 2.45 sec: loss(t/v)=0.09/2.37, scores(t/v)=[0.77/0.40 + 0.69/0.50 + 0.48/0.27 + 1.00/0.27 = 0.71/0.35]
INFO:experiments.py:[614/1000] 2.43 sec: loss(t/v)=0.08/2.37, scores(t/v)=[0.79/0.39 + 0.67/0.50 + 0.52/0.27 + 1.00/0.27 = 0.73/0.35]
INFO:experiments.py:[615/1000] 2.44 sec: loss(t/v)=0.08/2.37, scores(t/v)=[0.78/0.39 + 0.65/0.49 + 0.55/0.27 + 1.00/0.27 = 0.73/0.34]
INFO:experiments.py:[616/1000] 2.46 sec: loss(t/v)=0.08/2.37, scores(t/v)=[0.79/0.39 + 0.68/0.49 + 0.51/0.27 + 1.00/0.27 = 0.72/0.34]
INFO:experiments.py:[617/1000] 2.48 sec: loss(t/v)=0.10/2.37, scores(t/v)=[0.78/0.38 + 0.68/0.49 + 0.46/0.27 + 1.00/0.27 = 0.70/0.34]
INFO:experiments.py:[618/1000] 2.45 sec: loss(t/v)=0.09/2.37, scores(t/v)=[0.78/0.38 + 0.68/0.49 + 0.48/0.26 + 1.00/0.27 = 0.71/0.34]
INFO:experiments.py:[619/1000] 2.43 sec: loss(t/v)=0.08/2.37, scores(t/v)=[0.77/0.38 + 0.67/0.49 + 0.54/0.26 + 1.00/0.27 = 0.72/0.34]
INFO:experiments.py:[620/1000] 2.43 sec: loss(t/v)=0.10/2.36, scores(t/v)=[0.79/0.39 + 0.63/0.48 + 0.47/0.27 + 1.00/0.29 = 0.70/0.35]
INFO:experiments.py:[621/1000] 2.44 sec: loss(t/v)=0.09/2.37, scores(t/v)=[0.77/0.39 + 0.67/0.49 + 0.51/0.26 + 1.00/0.29 = 0.72/0.35]
INFO:experiments.py:[622/1000] 2.45 sec: loss(t/v)=0.09/2.37, scores(t/v)=[0.78/0.39 + 0.66/0.48 + 0.45/0.27 + 1.00/0.29 = 0.69/0.35]
INFO:experiments.py:[623/1000] 2.44 sec: loss(t/v)=0.08/2.37, scores(t/v)=[0.80/0.39 + 0.66/0.49 + 0.50/0.27 + 1.00/0.27 = 0.72/0.34]
INFO:experiments.py:[624/1000] 2.47 sec: loss(t/v)=0.09/2.37, scores(t/v)=[0.77/0.39 + 0.66/0.48 + 0.48/0.26 + 1.00/0.27 = 0.70/0.34]
INFO:experiments.py:[625/1000] 2.44 sec: loss(t/v)=0.09/2.37, scores(t/v)=[0.78/0.39 + 0.70/0.48 + 0.56/0.27 + 1.00/0.27 = 0.75/0.34]
INFO:experiments.py:[626/1000] 2.42 sec: loss(t/v)=0.09/2.37, scores(t/v)=[0.77/0.39 + 0.68/0.47 + 0.48/0.27 + 1.00/0.27 = 0.71/0.34]
INFO:experiments.py:[627/1000] 2.43 sec: loss(t/v)=0.09/2.37, scores(t/v)=[0.78/0.39 + 0.66/0.48 + 0.50/0.27 + 1.00/0.29 = 0.71/0.35]
INFO:experiments.py:[628/1000] 2.46 sec: loss(t/v)=0.08/2.37, scores(t/v)=[0.79/0.39 + 0.66/0.48 + 0.52/0.27 + 1.00/0.29 = 0.72/0.35]
INFO:experiments.py:[629/1000] 2.43 sec: loss(t/v)=0.10/2.37, scores(t/v)=[0.77/0.39 + 0.64/0.48 + 0.49/0.27 + 1.00/0.29 = 0.70/0.35]
INFO:experiments.py:[630/1000] 2.44 sec: loss(t/v)=0.09/2.37, scores(t/v)=[0.78/0.39 + 0.67/0.48 + 0.53/0.27 + 1.00/0.29 = 0.73/0.35]
INFO:experiments.py:[631/1000] 2.48 sec: loss(t/v)=0.09/2.37, scores(t/v)=[0.78/0.40 + 0.70/0.49 + 0.47/0.27 + 1.00/0.29 = 0.71/0.35]
INFO:experiments.py:[632/1000] 2.44 sec: loss(t/v)=0.09/2.37, scores(t/v)=[0.77/0.39 + 0.66/0.48 + 0.47/0.27 + 1.00/0.27 = 0.70/0.34]
INFO:experiments.py:[633/1000] 2.43 sec: loss(t/v)=0.09/2.37, scores(t/v)=[0.77/0.39 + 0.66/0.49 + 0.52/0.27 + 1.00/0.27 = 0.72/0.34]
INFO:experiments.py:[634/1000] 2.43 sec: loss(t/v)=0.09/2.37, scores(t/v)=[0.77/0.39 + 0.67/0.49 + 0.47/0.27 + 1.00/0.27 = 0.70/0.34]
INFO:experiments.py:[635/1000] 2.45 sec: loss(t/v)=0.08/2.38, scores(t/v)=[0.79/0.39 + 0.70/0.48 + 0.47/0.27 + 1.00/0.27 = 0.71/0.34]
INFO:experiments.py:[636/1000] 2.44 sec: loss(t/v)=0.08/2.37, scores(t/v)=[0.79/0.39 + 0.70/0.48 + 0.48/0.27 + 1.00/0.27 = 0.72/0.34]
INFO:experiments.py:[637/1000] 2.45 sec: loss(t/v)=0.10/2.37, scores(t/v)=[0.76/0.38 + 0.65/0.49 + 0.45/0.27 + 1.00/0.27 = 0.69/0.34]
INFO:experiments.py:[638/1000] 2.47 sec: loss(t/v)=0.09/2.37, scores(t/v)=[0.77/0.39 + 0.67/0.48 + 0.48/0.27 + 1.00/0.27 = 0.70/0.34]
INFO:experiments.py:[639/1000] 2.46 sec: loss(t/v)=0.08/2.37, scores(t/v)=[0.78/0.38 + 0.69/0.49 + 0.52/0.27 + 1.00/0.27 = 0.73/0.34]
INFO:experiments.py:[640/1000] 2.43 sec: loss(t/v)=0.09/2.37, scores(t/v)=[0.78/0.39 + 0.65/0.48 + 0.47/0.27 + 1.00/0.27 = 0.70/0.34]
INFO:experiments.py:[641/1000] 2.43 sec: loss(t/v)=0.09/2.37, scores(t/v)=[0.79/0.38 + 0.68/0.48 + 0.52/0.27 + 1.00/0.27 = 0.73/0.34]
INFO:experiments.py:[642/1000] 2.41 sec: loss(t/v)=0.09/2.37, scores(t/v)=[0.79/0.38 + 0.67/0.48 + 0.56/0.27 + 1.00/0.27 = 0.74/0.34]
INFO:experiments.py:[643/1000] 2.45 sec: loss(t/v)=0.08/2.37, scores(t/v)=[0.77/0.38 + 0.67/0.48 + 0.50/0.27 + 1.00/0.27 = 0.71/0.34]
INFO:experiments.py:[644/1000] 2.44 sec: loss(t/v)=0.09/2.37, scores(t/v)=[0.80/0.39 + 0.68/0.47 + 0.48/0.27 + 1.00/0.27 = 0.72/0.34]
INFO:experiments.py:[645/1000] 2.44 sec: loss(t/v)=0.08/2.37, scores(t/v)=[0.80/0.38 + 0.64/0.48 + 0.50/0.28 + 1.00/0.27 = 0.71/0.34]
INFO:experiments.py:[646/1000] 2.45 sec: loss(t/v)=0.09/2.37, scores(t/v)=[0.75/0.38 + 0.65/0.48 + 0.48/0.27 + 1.00/0.27 = 0.69/0.34]
INFO:experiments.py:[647/1000] 2.41 sec: loss(t/v)=0.09/2.37, scores(t/v)=[0.79/0.39 + 0.65/0.49 + 0.49/0.27 + 1.00/0.27 = 0.71/0.34]
INFO:experiments.py:[648/1000] 2.43 sec: loss(t/v)=0.09/2.37, scores(t/v)=[0.79/0.38 + 0.66/0.49 + 0.49/0.27 + 1.00/0.27 = 0.71/0.35]
INFO:experiments.py:[649/1000] 2.44 sec: loss(t/v)=0.09/2.37, scores(t/v)=[0.78/0.38 + 0.67/0.50 + 0.50/0.28 + 1.00/0.27 = 0.71/0.35]
INFO:experiments.py:[650/1000] 2.45 sec: loss(t/v)=0.09/2.38, scores(t/v)=[0.79/0.38 + 0.65/0.49 + 0.49/0.28 + 1.00/0.27 = 0.71/0.35]
INFO:experiments.py:[651/1000] 2.44 sec: loss(t/v)=0.09/2.37, scores(t/v)=[0.78/0.38 + 0.67/0.48 + 0.50/0.28 + 1.00/0.27 = 0.71/0.34]
INFO:experiments.py:[652/1000] 2.46 sec: loss(t/v)=0.09/2.37, scores(t/v)=[0.77/0.38 + 0.63/0.49 + 0.46/0.27 + 1.00/0.27 = 0.69/0.34]
INFO:experiments.py:[653/1000] 2.44 sec: loss(t/v)=0.09/2.37, scores(t/v)=[0.79/0.39 + 0.69/0.49 + 0.47/0.28 + 1.00/0.27 = 0.71/0.35]
INFO:experiments.py:[654/1000] 2.43 sec: loss(t/v)=0.09/2.37, scores(t/v)=[0.76/0.39 + 0.63/0.49 + 0.47/0.28 + 1.00/0.27 = 0.69/0.35]
INFO:experiments.py:[655/1000] 2.43 sec: loss(t/v)=0.08/2.37, scores(t/v)=[0.76/0.38 + 0.67/0.49 + 0.51/0.28 + 1.00/0.27 = 0.72/0.35]
INFO:experiments.py:[656/1000] 2.45 sec: loss(t/v)=0.09/2.37, scores(t/v)=[0.78/0.39 + 0.63/0.50 + 0.48/0.27 + 1.00/0.27 = 0.70/0.35]
INFO:experiments.py:[657/1000] 2.45 sec: loss(t/v)=0.09/2.37, scores(t/v)=[0.78/0.40 + 0.66/0.49 + 0.49/0.27 + 1.00/0.27 = 0.71/0.35]
INFO:experiments.py:[658/1000] 2.44 sec: loss(t/v)=0.09/2.37, scores(t/v)=[0.78/0.39 + 0.66/0.49 + 0.52/0.27 + 1.00/0.29 = 0.72/0.35]
INFO:experiments.py:[659/1000] 2.45 sec: loss(t/v)=0.08/2.37, scores(t/v)=[0.78/0.40 + 0.66/0.49 + 0.50/0.27 + 1.00/0.29 = 0.71/0.35]
INFO:experiments.py:[660/1000] 2.46 sec: loss(t/v)=0.09/2.37, scores(t/v)=[0.75/0.40 + 0.62/0.48 + 0.46/0.27 + 1.00/0.29 = 0.68/0.35]
INFO:experiments.py:[661/1000] 2.45 sec: loss(t/v)=0.08/2.37, scores(t/v)=[0.78/0.40 + 0.67/0.48 + 0.48/0.27 + 1.00/0.27 = 0.71/0.35]
INFO:experiments.py:[662/1000] 2.42 sec: loss(t/v)=0.10/2.37, scores(t/v)=[0.76/0.39 + 0.65/0.48 + 0.48/0.28 + 1.00/0.27 = 0.70/0.35]
INFO:experiments.py:[663/1000] 2.41 sec: loss(t/v)=0.08/2.37, scores(t/v)=[0.77/0.40 + 0.65/0.49 + 0.48/0.28 + 1.00/0.27 = 0.70/0.35]
INFO:experiments.py:[664/1000] 2.45 sec: loss(t/v)=0.09/2.37, scores(t/v)=[0.79/0.40 + 0.67/0.49 + 0.48/0.27 + 1.00/0.27 = 0.71/0.35]
INFO:experiments.py:[665/1000] 2.45 sec: loss(t/v)=0.09/2.37, scores(t/v)=[0.78/0.39 + 0.66/0.49 + 0.53/0.27 + 1.00/0.27 = 0.72/0.34]
INFO:experiments.py:[666/1000] 2.43 sec: loss(t/v)=0.09/2.37, scores(t/v)=[0.78/0.39 + 0.69/0.48 + 0.46/0.28 + 1.00/0.27 = 0.71/0.35]
INFO:experiments.py:[667/1000] 2.46 sec: loss(t/v)=0.09/2.37, scores(t/v)=[0.76/0.38 + 0.63/0.49 + 0.49/0.28 + 1.00/0.27 = 0.70/0.35]
INFO:experiments.py:[668/1000] 2.43 sec: loss(t/v)=0.08/2.37, scores(t/v)=[0.79/0.39 + 0.67/0.49 + 0.49/0.28 + 1.00/0.27 = 0.71/0.35]
INFO:experiments.py:[669/1000] 2.41 sec: loss(t/v)=0.09/2.37, scores(t/v)=[0.77/0.39 + 0.66/0.49 + 0.46/0.27 + 1.00/0.27 = 0.70/0.35]
INFO:experiments.py:[670/1000] 2.43 sec: loss(t/v)=0.09/2.37, scores(t/v)=[0.79/0.39 + 0.66/0.48 + 0.47/0.28 + 1.00/0.27 = 0.70/0.35]
INFO:experiments.py:[671/1000] 2.46 sec: loss(t/v)=0.09/2.37, scores(t/v)=[0.78/0.39 + 0.68/0.48 + 0.49/0.27 + 1.00/0.29 = 0.71/0.35]
INFO:experiments.py:[672/1000] 2.45 sec: loss(t/v)=0.09/2.37, scores(t/v)=[0.75/0.39 + 0.67/0.49 + 0.48/0.28 + 1.00/0.27 = 0.70/0.35]
INFO:experiments.py:[673/1000] 2.44 sec: loss(t/v)=0.09/2.37, scores(t/v)=[0.76/0.39 + 0.64/0.49 + 0.49/0.28 + 1.00/0.27 = 0.70/0.35]
INFO:experiments.py:[674/1000] 2.46 sec: loss(t/v)=0.08/2.36, scores(t/v)=[0.79/0.40 + 0.67/0.49 + 0.53/0.27 + 1.00/0.27 = 0.73/0.35]
INFO:experiments.py:[675/1000] 2.42 sec: loss(t/v)=0.09/2.37, scores(t/v)=[0.77/0.38 + 0.65/0.49 + 0.45/0.27 + 1.00/0.27 = 0.69/0.34]
INFO:experiments.py:[676/1000] 2.43 sec: loss(t/v)=0.09/2.37, scores(t/v)=[0.78/0.39 + 0.66/0.48 + 0.50/0.28 + 1.00/0.27 = 0.71/0.35]
INFO:experiments.py:[677/1000] 2.44 sec: loss(t/v)=0.09/2.37, scores(t/v)=[0.76/0.40 + 0.66/0.48 + 0.56/0.27 + 1.00/0.29 = 0.73/0.35]
INFO:experiments.py:[678/1000] 2.44 sec: loss(t/v)=0.09/2.37, scores(t/v)=[0.79/0.40 + 0.65/0.49 + 0.51/0.26 + 1.00/0.29 = 0.72/0.35]
INFO:experiments.py:[679/1000] 2.44 sec: loss(t/v)=0.08/2.37, scores(t/v)=[0.79/0.39 + 0.68/0.49 + 0.53/0.27 + 1.00/0.27 = 0.73/0.35]
INFO:experiments.py:[680/1000] 2.46 sec: loss(t/v)=0.09/2.37, scores(t/v)=[0.77/0.39 + 0.66/0.49 + 0.50/0.27 + 1.00/0.27 = 0.71/0.35]
INFO:experiments.py:[681/1000] 2.47 sec: loss(t/v)=0.09/2.37, scores(t/v)=[0.79/0.39 + 0.67/0.49 + 0.50/0.28 + 1.00/0.27 = 0.72/0.35]
INFO:experiments.py:[682/1000] 2.47 sec: loss(t/v)=0.08/2.37, scores(t/v)=[0.80/0.39 + 0.70/0.49 + 0.50/0.27 + 1.00/0.27 = 0.73/0.34]
INFO:experiments.py:[683/1000] 2.44 sec: loss(t/v)=0.09/2.37, scores(t/v)=[0.76/0.38 + 0.66/0.48 + 0.47/0.27 + 1.00/0.27 = 0.70/0.34]
INFO:experiments.py:[684/1000] 2.42 sec: loss(t/v)=0.08/2.37, scores(t/v)=[0.79/0.39 + 0.69/0.49 + 0.49/0.27 + 1.00/0.27 = 0.72/0.34]
INFO:experiments.py:[685/1000] 2.43 sec: loss(t/v)=0.08/2.37, scores(t/v)=[0.79/0.38 + 0.69/0.48 + 0.53/0.27 + 1.00/0.29 = 0.73/0.35]
INFO:experiments.py:[686/1000] 2.46 sec: loss(t/v)=0.10/2.37, scores(t/v)=[0.76/0.38 + 0.66/0.48 + 0.49/0.27 + 1.00/0.27 = 0.70/0.34]
INFO:experiments.py:[687/1000] 2.43 sec: loss(t/v)=0.08/2.37, scores(t/v)=[0.80/0.38 + 0.68/0.48 + 0.52/0.28 + 1.00/0.27 = 0.73/0.34]
INFO:experiments.py:[688/1000] 2.44 sec: loss(t/v)=0.09/2.37, scores(t/v)=[0.77/0.38 + 0.63/0.49 + 0.49/0.28 + 1.00/0.27 = 0.70/0.34]
INFO:experiments.py:[689/1000] 2.46 sec: loss(t/v)=0.08/2.37, scores(t/v)=[0.78/0.38 + 0.68/0.49 + 0.45/0.27 + 1.00/0.27 = 0.70/0.34]
INFO:experiments.py:[690/1000] 2.43 sec: loss(t/v)=0.09/2.37, scores(t/v)=[0.77/0.38 + 0.67/0.49 + 0.50/0.27 + 1.00/0.27 = 0.71/0.34]
INFO:experiments.py:[691/1000] 2.42 sec: loss(t/v)=0.09/2.37, scores(t/v)=[0.79/0.39 + 0.67/0.48 + 0.50/0.27 + 1.00/0.27 = 0.72/0.35]
INFO:experiments.py:[692/1000] 2.45 sec: loss(t/v)=0.09/2.37, scores(t/v)=[0.78/0.39 + 0.67/0.48 + 0.48/0.28 + 1.00/0.27 = 0.71/0.35]
INFO:experiments.py:[693/1000] 2.45 sec: loss(t/v)=0.09/2.37, scores(t/v)=[0.79/0.39 + 0.63/0.48 + 0.48/0.27 + 1.00/0.27 = 0.70/0.35]
INFO:experiments.py:[694/1000] 2.46 sec: loss(t/v)=0.09/2.37, scores(t/v)=[0.80/0.39 + 0.67/0.49 + 0.52/0.27 + 1.00/0.27 = 0.73/0.35]
INFO:experiments.py:[695/1000] 2.45 sec: loss(t/v)=0.09/2.37, scores(t/v)=[0.76/0.39 + 0.66/0.49 + 0.49/0.27 + 1.00/0.27 = 0.70/0.35]
INFO:experiments.py:[696/1000] 2.44 sec: loss(t/v)=0.10/2.37, scores(t/v)=[0.75/0.39 + 0.65/0.49 + 0.47/0.28 + 1.00/0.29 = 0.69/0.35]
INFO:experiments.py:[697/1000] 2.42 sec: loss(t/v)=0.09/2.37, scores(t/v)=[0.79/0.39 + 0.67/0.49 + 0.52/0.28 + 1.00/0.27 = 0.73/0.35]
INFO:experiments.py:[698/1000] 2.40 sec: loss(t/v)=0.08/2.37, scores(t/v)=[0.75/0.39 + 0.67/0.49 + 0.52/0.28 + 1.00/0.29 = 0.72/0.36]
INFO:experiments.py:[699/1000] 2.46 sec: loss(t/v)=0.09/2.37, scores(t/v)=[0.75/0.39 + 0.64/0.49 + 0.47/0.28 + 1.00/0.27 = 0.69/0.35]
INFO:experiments.py:[700/1000] 2.43 sec: loss(t/v)=0.09/2.37, scores(t/v)=[0.77/0.39 + 0.65/0.49 + 0.48/0.27 + 1.00/0.29 = 0.70/0.35]
INFO:experiments.py:[701/1000] 2.44 sec: loss(t/v)=0.09/2.37, scores(t/v)=[0.77/0.39 + 0.67/0.49 + 0.52/0.27 + 1.00/0.27 = 0.72/0.34]
INFO:experiments.py:[702/1000] 2.46 sec: loss(t/v)=0.09/2.37, scores(t/v)=[0.80/0.39 + 0.68/0.49 + 0.48/0.28 + 1.00/0.27 = 0.71/0.35]
INFO:experiments.py:[703/1000] 2.47 sec: loss(t/v)=0.10/2.37, scores(t/v)=[0.76/0.39 + 0.61/0.49 + 0.49/0.27 + 1.00/0.29 = 0.69/0.35]
INFO:experiments.py:[704/1000] 2.44 sec: loss(t/v)=0.08/2.37, scores(t/v)=[0.81/0.39 + 0.72/0.49 + 0.51/0.28 + 1.00/0.27 = 0.74/0.35]
INFO:experiments.py:[705/1000] 2.43 sec: loss(t/v)=0.10/2.37, scores(t/v)=[0.78/0.39 + 0.64/0.48 + 0.43/0.27 + 1.00/0.29 = 0.68/0.35]
INFO:experiments.py:[706/1000] 2.43 sec: loss(t/v)=0.09/2.37, scores(t/v)=[0.80/0.38 + 0.65/0.48 + 0.45/0.27 + 1.00/0.27 = 0.70/0.34]
INFO:experiments.py:[707/1000] 2.45 sec: loss(t/v)=0.09/2.37, scores(t/v)=[0.79/0.39 + 0.65/0.48 + 0.48/0.28 + 1.00/0.27 = 0.71/0.34]
INFO:experiments.py:[708/1000] 2.44 sec: loss(t/v)=0.09/2.37, scores(t/v)=[0.80/0.39 + 0.63/0.48 + 0.47/0.27 + 1.00/0.27 = 0.70/0.34]
INFO:experiments.py:[709/1000] 2.44 sec: loss(t/v)=0.09/2.37, scores(t/v)=[0.77/0.39 + 0.64/0.48 + 0.48/0.27 + 1.00/0.27 = 0.70/0.34]
INFO:experiments.py:[710/1000] 2.46 sec: loss(t/v)=0.09/2.37, scores(t/v)=[0.78/0.39 + 0.69/0.48 + 0.50/0.26 + 1.00/0.27 = 0.72/0.34]
INFO:experiments.py:[711/1000] 2.43 sec: loss(t/v)=0.09/2.37, scores(t/v)=[0.79/0.39 + 0.66/0.49 + 0.51/0.27 + 1.00/0.27 = 0.72/0.34]
INFO:experiments.py:[712/1000] 2.44 sec: loss(t/v)=0.08/2.37, scores(t/v)=[0.79/0.38 + 0.68/0.48 + 0.49/0.27 + 1.00/0.27 = 0.72/0.34]
INFO:experiments.py:[713/1000] 2.44 sec: loss(t/v)=0.08/2.37, scores(t/v)=[0.78/0.39 + 0.69/0.47 + 0.49/0.27 + 1.00/0.27 = 0.72/0.34]
INFO:experiments.py:[714/1000] 2.46 sec: loss(t/v)=0.09/2.37, scores(t/v)=[0.78/0.40 + 0.64/0.48 + 0.49/0.27 + 1.00/0.27 = 0.70/0.35]
INFO:experiments.py:[715/1000] 2.44 sec: loss(t/v)=0.09/2.37, scores(t/v)=[0.80/0.40 + 0.65/0.49 + 0.52/0.27 + 1.00/0.27 = 0.72/0.35]
