INFO:experiments.py:+ Begin training with configuration:
{   'data': '/rap/jvb-000-aa/COURS2019/etudiants/data/omsignal/myHeartProject/',
    'dataloader': {   'batch_size': 64,
                      'num_workers': 6,
                      'shuffle': True,
                      'test_proportion': 0.3},
    'models': {   'tspec': {   'hid_dim': 500,
                               'num_layers': 4,
                               'out_dims': [1, 1, 1, 32],
                               'spec_len': 1876,
                               'ts_len': 3750}},
    'preprocessing': {'noise_gain': 0.25},
    'training': {   'early_stopping_patience': 100,
                    'epochs': 1000,
                    'l2': 0.001,
                    'learning_rate': 0.01,
                    'momentum': 0.9,
                    'schedule_patience': 20}}
INFO:experiments.py:+ New best model found: loss=3.465629458427429, score=0.0
INFO:experiments.py:[1/1000] 3.85 sec: loss(t/v)=3.73/3.47, scores(t/v)=[0.02/0.09 + 0.18/0.12 + 0.00/0.06 + 0.01/0.00 = 0.00/0.00]
INFO:experiments.py:+ New best model found: loss=3.4647486209869385, score=0.0
INFO:experiments.py:[2/1000] 3.58 sec: loss(t/v)=3.57/3.46, scores(t/v)=[0.16/0.02 + 0.21/0.25 + 0.21/0.00 + 0.04/0.00 = 0.13/0.00]
INFO:experiments.py:[3/1000] 3.58 sec: loss(t/v)=3.44/3.47, scores(t/v)=[0.15/0.11 + 0.35/0.11 + 0.14/0.00 + 0.13/0.00 = 0.18/0.00]
INFO:experiments.py:[4/1000] 3.59 sec: loss(t/v)=3.34/3.47, scores(t/v)=[0.17/0.00 + 0.29/0.19 + 0.30/0.10 + 0.23/0.00 = 0.24/0.00]
INFO:experiments.py:[5/1000] 3.60 sec: loss(t/v)=3.14/3.47, scores(t/v)=[0.24/0.29 + 0.37/0.00 + 0.32/0.09 + 0.31/0.00 = 0.31/0.00]
INFO:experiments.py:[6/1000] 3.57 sec: loss(t/v)=2.99/3.47, scores(t/v)=[0.20/0.19 + 0.48/0.26 + 0.36/0.10 + 0.37/0.00 = 0.34/0.00]
INFO:experiments.py:+ New best model found: loss=3.4312655925750732, score=0.0687806022161771
INFO:experiments.py:[7/1000] 3.60 sec: loss(t/v)=2.77/3.43, scores(t/v)=[0.26/0.10 + 0.44/0.06 + 0.34/0.17 + 0.37/0.02 = 0.35/0.07]
INFO:experiments.py:+ New best model found: loss=3.347609758377075, score=0.18119571858557368
INFO:experiments.py:[8/1000] 3.58 sec: loss(t/v)=2.55/3.35, scores(t/v)=[0.33/0.14 + 0.53/0.35 + 0.42/0.18 + 0.44/0.12 = 0.42/0.18]
INFO:experiments.py:+ New best model found: loss=3.2600173950195312, score=0.20666183419368664
INFO:experiments.py:[9/1000] 3.61 sec: loss(t/v)=2.37/3.26, scores(t/v)=[0.37/0.14 + 0.58/0.39 + 0.44/0.24 + 0.48/0.14 = 0.46/0.21]
INFO:experiments.py:+ New best model found: loss=3.1487021446228027, score=0.15985743951318807
INFO:experiments.py:[10/1000] 3.60 sec: loss(t/v)=2.18/3.15, scores(t/v)=[0.36/0.04 + 0.56/0.44 + 0.46/0.22 + 0.54/0.17 = 0.47/0.16]
INFO:experiments.py:+ New best model found: loss=3.0315130949020386, score=0.183711429604368
INFO:experiments.py:[11/1000] 3.61 sec: loss(t/v)=1.96/3.03, scores(t/v)=[0.43/0.11 + 0.54/0.45 + 0.43/0.11 + 0.65/0.20 = 0.51/0.18]
INFO:experiments.py:+ New best model found: loss=2.9197148084640503, score=0.20903293911874837
INFO:experiments.py:[12/1000] 3.59 sec: loss(t/v)=1.76/2.92, scores(t/v)=[0.40/0.19 + 0.52/0.38 + 0.49/0.13 + 0.68/0.19 = 0.51/0.21]
INFO:experiments.py:[13/1000] 3.59 sec: loss(t/v)=1.63/2.96, scores(t/v)=[0.50/0.17 + 0.60/0.46 + 0.53/0.15 + 0.70/0.18 = 0.58/0.21]
INFO:experiments.py:+ New best model found: loss=2.8781901597976685, score=0.1851988002728216
INFO:experiments.py:[14/1000] 3.58 sec: loss(t/v)=1.40/2.88, scores(t/v)=[0.50/0.14 + 0.64/0.46 + 0.50/0.08 + 0.79/0.23 = 0.60/0.19]
INFO:experiments.py:+ New best model found: loss=2.8097519874572754, score=0.21549109181283205
INFO:experiments.py:[15/1000] 3.60 sec: loss(t/v)=1.25/2.81, scores(t/v)=[0.50/0.10 + 0.61/0.41 + 0.52/0.23 + 0.81/0.24 = 0.60/0.22]
INFO:experiments.py:+ New best model found: loss=2.7273463010787964, score=0.2958583347122391
INFO:experiments.py:[16/1000] 3.60 sec: loss(t/v)=1.09/2.73, scores(t/v)=[0.56/0.26 + 0.60/0.43 + 0.53/0.27 + 0.88/0.25 = 0.63/0.30]
INFO:experiments.py:[17/1000] 3.58 sec: loss(t/v)=0.87/2.80, scores(t/v)=[0.64/0.33 + 0.64/0.50 + 0.54/0.26 + 0.91/0.22 = 0.67/0.31]
INFO:experiments.py:[18/1000] 3.60 sec: loss(t/v)=0.80/2.81, scores(t/v)=[0.61/0.25 + 0.61/0.47 + 0.51/0.16 + 0.95/0.23 = 0.65/0.26]
INFO:experiments.py:[19/1000] 3.61 sec: loss(t/v)=0.61/2.80, scores(t/v)=[0.64/0.27 + 0.55/0.50 + 0.51/0.18 + 0.94/0.23 = 0.64/0.27]
INFO:experiments.py:[20/1000] 3.60 sec: loss(t/v)=0.52/2.87, scores(t/v)=[0.66/0.29 + 0.62/0.55 + 0.53/0.18 + 0.98/0.23 = 0.68/0.29]
INFO:experiments.py:[21/1000] 3.62 sec: loss(t/v)=0.43/2.92, scores(t/v)=[0.67/0.26 + 0.65/0.52 + 0.55/0.24 + 0.99/0.23 = 0.70/0.29]
INFO:experiments.py:[22/1000] 3.60 sec: loss(t/v)=0.36/2.91, scores(t/v)=[0.71/0.27 + 0.69/0.53 + 0.57/0.24 + 1.00/0.23 = 0.73/0.30]
INFO:experiments.py:[23/1000] 3.60 sec: loss(t/v)=0.32/2.81, scores(t/v)=[0.70/0.27 + 0.69/0.54 + 0.60/0.20 + 1.00/0.24 = 0.74/0.29]
INFO:experiments.py:[24/1000] 3.58 sec: loss(t/v)=0.33/2.89, scores(t/v)=[0.71/0.27 + 0.71/0.56 + 0.63/0.16 + 0.99/0.26 = 0.75/0.28]
INFO:experiments.py:[25/1000] 3.60 sec: loss(t/v)=0.32/2.89, scores(t/v)=[0.77/0.27 + 0.71/0.57 + 0.60/0.12 + 0.99/0.26 = 0.76/0.26]
INFO:experiments.py:[26/1000] 3.59 sec: loss(t/v)=0.31/2.84, scores(t/v)=[0.73/0.27 + 0.70/0.56 + 0.62/0.15 + 1.00/0.27 = 0.75/0.28]
INFO:experiments.py:[27/1000] 3.60 sec: loss(t/v)=0.28/2.79, scores(t/v)=[0.75/0.27 + 0.74/0.55 + 0.62/0.16 + 1.00/0.27 = 0.76/0.28]
INFO:experiments.py:[28/1000] 3.58 sec: loss(t/v)=0.28/2.97, scores(t/v)=[0.75/0.27 + 0.71/0.54 + 0.60/0.15 + 1.00/0.26 = 0.75/0.28]
INFO:experiments.py:[29/1000] 3.59 sec: loss(t/v)=0.26/2.87, scores(t/v)=[0.77/0.27 + 0.73/0.54 + 0.63/0.16 + 1.00/0.24 = 0.77/0.27]
INFO:experiments.py:[30/1000] 3.60 sec: loss(t/v)=0.27/2.91, scores(t/v)=[0.76/0.27 + 0.71/0.54 + 0.62/0.15 + 1.00/0.26 = 0.76/0.27]
INFO:experiments.py:[31/1000] 3.61 sec: loss(t/v)=0.25/2.81, scores(t/v)=[0.77/0.27 + 0.72/0.53 + 0.64/0.15 + 1.00/0.26 = 0.77/0.27]
INFO:experiments.py:[32/1000] 3.60 sec: loss(t/v)=0.24/2.80, scores(t/v)=[0.78/0.27 + 0.72/0.54 + 0.67/0.15 + 1.00/0.25 = 0.78/0.27]
INFO:experiments.py:[33/1000] 3.61 sec: loss(t/v)=0.24/2.82, scores(t/v)=[0.77/0.28 + 0.75/0.54 + 0.66/0.12 + 1.00/0.25 = 0.79/0.26]
INFO:experiments.py:[34/1000] 3.59 sec: loss(t/v)=0.22/2.88, scores(t/v)=[0.77/0.28 + 0.76/0.54 + 0.64/0.13 + 1.00/0.23 = 0.78/0.26]
INFO:experiments.py:[35/1000] 3.59 sec: loss(t/v)=0.25/2.76, scores(t/v)=[0.77/0.28 + 0.75/0.54 + 0.65/0.13 + 0.99/0.24 = 0.78/0.26]
INFO:experiments.py:[36/1000] 3.60 sec: loss(t/v)=0.20/2.84, scores(t/v)=[0.79/0.30 + 0.75/0.54 + 0.67/0.13 + 1.00/0.26 = 0.79/0.27]
INFO:experiments.py:[37/1000] 3.59 sec: loss(t/v)=0.21/2.83, scores(t/v)=[0.79/0.29 + 0.75/0.54 + 0.68/0.13 + 1.00/0.25 = 0.80/0.27]
INFO:experiments.py:[38/1000] 3.57 sec: loss(t/v)=0.20/2.91, scores(t/v)=[0.80/0.29 + 0.74/0.53 + 0.67/0.11 + 1.00/0.25 = 0.80/0.26]
INFO:experiments.py:[39/1000] 3.61 sec: loss(t/v)=0.23/2.82, scores(t/v)=[0.76/0.29 + 0.76/0.53 + 0.65/0.11 + 1.00/0.24 = 0.78/0.25]
INFO:experiments.py:[40/1000] 3.60 sec: loss(t/v)=0.20/2.81, scores(t/v)=[0.78/0.28 + 0.76/0.53 + 0.65/0.12 + 1.00/0.25 = 0.79/0.26]
INFO:experiments.py:[41/1000] 3.63 sec: loss(t/v)=0.25/2.84, scores(t/v)=[0.77/0.27 + 0.76/0.53 + 0.65/0.09 + 1.00/0.26 = 0.78/0.24]
INFO:experiments.py:[42/1000] 3.61 sec: loss(t/v)=0.19/2.84, scores(t/v)=[0.79/0.28 + 0.71/0.53 + 0.62/0.11 + 1.00/0.25 = 0.77/0.25]
INFO:experiments.py:[43/1000] 3.62 sec: loss(t/v)=0.25/2.86, scores(t/v)=[0.77/0.28 + 0.74/0.54 + 0.65/0.11 + 0.99/0.25 = 0.78/0.25]
INFO:experiments.py:[44/1000] 3.59 sec: loss(t/v)=0.18/2.84, scores(t/v)=[0.81/0.29 + 0.77/0.54 + 0.68/0.11 + 1.00/0.25 = 0.81/0.25]
INFO:experiments.py:[45/1000] 3.60 sec: loss(t/v)=0.18/2.84, scores(t/v)=[0.80/0.29 + 0.76/0.54 + 0.66/0.12 + 1.00/0.25 = 0.80/0.26]
INFO:experiments.py:[46/1000] 3.60 sec: loss(t/v)=0.18/2.87, scores(t/v)=[0.80/0.29 + 0.75/0.54 + 0.66/0.11 + 1.00/0.25 = 0.79/0.26]
INFO:experiments.py:[47/1000] 3.60 sec: loss(t/v)=0.19/2.84, scores(t/v)=[0.80/0.29 + 0.77/0.54 + 0.66/0.11 + 1.00/0.25 = 0.80/0.26]
INFO:experiments.py:[48/1000] 3.57 sec: loss(t/v)=0.19/2.84, scores(t/v)=[0.78/0.28 + 0.73/0.54 + 0.69/0.12 + 1.00/0.25 = 0.79/0.26]
INFO:experiments.py:[49/1000] 3.61 sec: loss(t/v)=0.21/2.82, scores(t/v)=[0.77/0.29 + 0.73/0.54 + 0.64/0.11 + 1.00/0.25 = 0.78/0.25]
INFO:experiments.py:[50/1000] 3.61 sec: loss(t/v)=0.20/2.88, scores(t/v)=[0.78/0.28 + 0.76/0.54 + 0.65/0.12 + 1.00/0.25 = 0.79/0.26]
INFO:experiments.py:[51/1000] 3.61 sec: loss(t/v)=0.19/2.76, scores(t/v)=[0.81/0.27 + 0.76/0.55 + 0.64/0.12 + 1.00/0.25 = 0.79/0.26]
INFO:experiments.py:[52/1000] 3.61 sec: loss(t/v)=0.17/2.86, scores(t/v)=[0.81/0.28 + 0.76/0.54 + 0.67/0.12 + 1.00/0.25 = 0.80/0.26]
INFO:experiments.py:[53/1000] 3.61 sec: loss(t/v)=0.19/2.79, scores(t/v)=[0.81/0.28 + 0.76/0.54 + 0.67/0.12 + 1.00/0.24 = 0.80/0.26]
INFO:experiments.py:[54/1000] 3.60 sec: loss(t/v)=0.23/2.84, scores(t/v)=[0.78/0.28 + 0.78/0.53 + 0.67/0.12 + 1.00/0.25 = 0.80/0.26]
INFO:experiments.py:[55/1000] 3.60 sec: loss(t/v)=0.21/2.85, scores(t/v)=[0.77/0.28 + 0.76/0.53 + 0.67/0.12 + 1.00/0.25 = 0.79/0.25]
INFO:experiments.py:[56/1000] 3.59 sec: loss(t/v)=0.20/2.85, scores(t/v)=[0.77/0.27 + 0.72/0.53 + 0.67/0.12 + 1.00/0.24 = 0.78/0.25]
INFO:experiments.py:[57/1000] 3.61 sec: loss(t/v)=0.18/2.80, scores(t/v)=[0.77/0.28 + 0.76/0.53 + 0.67/0.13 + 1.00/0.24 = 0.79/0.26]
INFO:experiments.py:[58/1000] 3.61 sec: loss(t/v)=0.21/2.79, scores(t/v)=[0.79/0.28 + 0.77/0.53 + 0.64/0.14 + 1.00/0.23 = 0.79/0.26]
INFO:experiments.py:[59/1000] 3.62 sec: loss(t/v)=0.17/2.97, scores(t/v)=[0.80/0.28 + 0.75/0.54 + 0.69/0.12 + 1.00/0.24 = 0.80/0.26]
INFO:experiments.py:[60/1000] 3.59 sec: loss(t/v)=0.18/2.85, scores(t/v)=[0.80/0.29 + 0.75/0.53 + 0.71/0.12 + 1.00/0.25 = 0.81/0.26]
INFO:experiments.py:[61/1000] 3.60 sec: loss(t/v)=0.17/2.87, scores(t/v)=[0.81/0.28 + 0.78/0.55 + 0.68/0.13 + 1.00/0.24 = 0.81/0.26]
INFO:experiments.py:[62/1000] 3.60 sec: loss(t/v)=0.17/2.81, scores(t/v)=[0.81/0.28 + 0.76/0.55 + 0.68/0.12 + 1.00/0.25 = 0.80/0.26]
INFO:experiments.py:[63/1000] 3.60 sec: loss(t/v)=0.22/2.87, scores(t/v)=[0.79/0.28 + 0.73/0.54 + 0.65/0.12 + 1.00/0.25 = 0.78/0.26]
INFO:experiments.py:[64/1000] 3.61 sec: loss(t/v)=0.17/2.86, scores(t/v)=[0.80/0.27 + 0.74/0.54 + 0.68/0.11 + 1.00/0.25 = 0.80/0.25]
INFO:experiments.py:[65/1000] 3.60 sec: loss(t/v)=0.19/2.82, scores(t/v)=[0.81/0.28 + 0.76/0.55 + 0.69/0.12 + 1.00/0.24 = 0.81/0.26]
INFO:experiments.py:[66/1000] 3.60 sec: loss(t/v)=0.19/2.92, scores(t/v)=[0.81/0.28 + 0.78/0.55 + 0.70/0.12 + 1.00/0.24 = 0.81/0.26]
INFO:experiments.py:[67/1000] 3.61 sec: loss(t/v)=0.18/2.85, scores(t/v)=[0.74/0.28 + 0.76/0.55 + 0.68/0.12 + 1.00/0.24 = 0.79/0.26]
INFO:experiments.py:[68/1000] 3.59 sec: loss(t/v)=0.19/2.79, scores(t/v)=[0.79/0.29 + 0.78/0.55 + 0.63/0.13 + 1.00/0.24 = 0.79/0.26]
INFO:experiments.py:[69/1000] 3.61 sec: loss(t/v)=0.20/2.76, scores(t/v)=[0.79/0.28 + 0.75/0.55 + 0.64/0.13 + 1.00/0.23 = 0.79/0.26]
INFO:experiments.py:[70/1000] 3.61 sec: loss(t/v)=0.18/2.77, scores(t/v)=[0.79/0.28 + 0.75/0.54 + 0.66/0.13 + 1.00/0.24 = 0.79/0.26]
INFO:experiments.py:[71/1000] 3.61 sec: loss(t/v)=0.23/2.83, scores(t/v)=[0.76/0.28 + 0.75/0.54 + 0.69/0.12 + 1.00/0.24 = 0.79/0.26]
INFO:experiments.py:[72/1000] 3.60 sec: loss(t/v)=0.18/2.83, scores(t/v)=[0.78/0.28 + 0.76/0.54 + 0.69/0.13 + 1.00/0.24 = 0.80/0.26]
INFO:experiments.py:[73/1000] 3.61 sec: loss(t/v)=0.21/2.82, scores(t/v)=[0.79/0.28 + 0.73/0.54 + 0.67/0.13 + 1.00/0.25 = 0.79/0.27]
INFO:experiments.py:+ New best model found: loss=2.6246307492256165, score=0.2601260142541746
INFO:experiments.py:[74/1000] 3.61 sec: loss(t/v)=0.17/2.62, scores(t/v)=[0.80/0.28 + 0.77/0.54 + 0.69/0.12 + 1.00/0.25 = 0.81/0.26]
INFO:experiments.py:[75/1000] 3.60 sec: loss(t/v)=0.17/2.77, scores(t/v)=[0.79/0.28 + 0.75/0.54 + 0.68/0.13 + 1.00/0.26 = 0.80/0.27]
INFO:experiments.py:[76/1000] 3.60 sec: loss(t/v)=0.19/2.93, scores(t/v)=[0.80/0.28 + 0.77/0.54 + 0.66/0.12 + 1.00/0.25 = 0.80/0.26]
INFO:experiments.py:[77/1000] 3.59 sec: loss(t/v)=0.18/2.87, scores(t/v)=[0.78/0.28 + 0.76/0.54 + 0.69/0.12 + 1.00/0.25 = 0.80/0.26]
INFO:experiments.py:[78/1000] 3.59 sec: loss(t/v)=0.19/2.81, scores(t/v)=[0.79/0.28 + 0.76/0.54 + 0.65/0.11 + 1.00/0.25 = 0.79/0.26]
INFO:experiments.py:[79/1000] 3.61 sec: loss(t/v)=0.19/2.84, scores(t/v)=[0.79/0.27 + 0.75/0.54 + 0.63/0.11 + 1.00/0.25 = 0.78/0.25]
INFO:experiments.py:[80/1000] 3.62 sec: loss(t/v)=0.19/2.83, scores(t/v)=[0.83/0.28 + 0.78/0.54 + 0.69/0.12 + 1.00/0.25 = 0.81/0.26]
INFO:experiments.py:[81/1000] 3.63 sec: loss(t/v)=0.21/2.78, scores(t/v)=[0.80/0.28 + 0.75/0.53 + 0.65/0.12 + 1.00/0.25 = 0.79/0.26]
INFO:experiments.py:[82/1000] 3.61 sec: loss(t/v)=0.17/2.84, scores(t/v)=[0.81/0.28 + 0.78/0.54 + 0.70/0.12 + 1.00/0.25 = 0.82/0.26]
INFO:experiments.py:[83/1000] 3.62 sec: loss(t/v)=0.22/2.80, scores(t/v)=[0.79/0.27 + 0.75/0.54 + 0.68/0.12 + 1.00/0.24 = 0.80/0.25]
INFO:experiments.py:[84/1000] 3.61 sec: loss(t/v)=0.19/2.85, scores(t/v)=[0.79/0.28 + 0.74/0.54 + 0.66/0.12 + 1.00/0.25 = 0.79/0.26]
INFO:experiments.py:[85/1000] 3.61 sec: loss(t/v)=0.18/2.87, scores(t/v)=[0.80/0.28 + 0.77/0.53 + 0.68/0.12 + 1.00/0.25 = 0.80/0.26]
INFO:experiments.py:[86/1000] 3.61 sec: loss(t/v)=0.19/2.88, scores(t/v)=[0.79/0.28 + 0.76/0.54 + 0.68/0.13 + 1.00/0.24 = 0.80/0.26]
INFO:experiments.py:[87/1000] 3.59 sec: loss(t/v)=0.19/2.79, scores(t/v)=[0.79/0.29 + 0.74/0.54 + 0.66/0.13 + 1.00/0.24 = 0.79/0.26]
INFO:experiments.py:[88/1000] 3.59 sec: loss(t/v)=0.18/2.82, scores(t/v)=[0.79/0.28 + 0.76/0.54 + 0.66/0.12 + 1.00/0.25 = 0.79/0.26]
INFO:experiments.py:[89/1000] 3.60 sec: loss(t/v)=0.21/2.87, scores(t/v)=[0.77/0.28 + 0.73/0.54 + 0.65/0.11 + 1.00/0.25 = 0.78/0.26]
INFO:experiments.py:[90/1000] 3.59 sec: loss(t/v)=0.16/2.97, scores(t/v)=[0.80/0.27 + 0.75/0.54 + 0.71/0.12 + 1.00/0.25 = 0.81/0.26]
INFO:experiments.py:[91/1000] 3.62 sec: loss(t/v)=0.19/2.87, scores(t/v)=[0.80/0.27 + 0.74/0.54 + 0.68/0.11 + 1.00/0.25 = 0.80/0.25]
INFO:experiments.py:[92/1000] 3.60 sec: loss(t/v)=0.20/2.88, scores(t/v)=[0.78/0.27 + 0.77/0.54 + 0.65/0.11 + 1.00/0.25 = 0.79/0.25]
INFO:experiments.py:[93/1000] 3.61 sec: loss(t/v)=0.20/2.83, scores(t/v)=[0.78/0.28 + 0.76/0.54 + 0.64/0.11 + 1.00/0.25 = 0.78/0.25]
INFO:experiments.py:[94/1000] 3.60 sec: loss(t/v)=0.18/2.85, scores(t/v)=[0.80/0.28 + 0.76/0.54 + 0.67/0.11 + 1.00/0.25 = 0.80/0.25]
INFO:experiments.py:[95/1000] 3.62 sec: loss(t/v)=0.19/2.92, scores(t/v)=[0.81/0.28 + 0.75/0.54 + 0.69/0.11 + 1.00/0.25 = 0.81/0.25]
INFO:experiments.py:[96/1000] 3.61 sec: loss(t/v)=0.20/2.84, scores(t/v)=[0.78/0.29 + 0.73/0.54 + 0.67/0.12 + 1.00/0.24 = 0.79/0.26]
INFO:experiments.py:[97/1000] 3.62 sec: loss(t/v)=0.18/2.84, scores(t/v)=[0.80/0.28 + 0.77/0.54 + 0.69/0.12 + 1.00/0.25 = 0.81/0.26]
INFO:experiments.py:[98/1000] 3.60 sec: loss(t/v)=0.19/2.73, scores(t/v)=[0.80/0.28 + 0.76/0.54 + 0.72/0.12 + 1.00/0.25 = 0.81/0.26]
INFO:experiments.py:[99/1000] 3.61 sec: loss(t/v)=0.18/2.76, scores(t/v)=[0.79/0.29 + 0.76/0.55 + 0.68/0.12 + 1.00/0.26 = 0.80/0.27]
INFO:experiments.py:[100/1000] 3.59 sec: loss(t/v)=0.17/2.92, scores(t/v)=[0.78/0.29 + 0.73/0.55 + 0.69/0.12 + 1.00/0.26 = 0.79/0.27]
INFO:experiments.py:[101/1000] 3.60 sec: loss(t/v)=0.18/2.88, scores(t/v)=[0.78/0.29 + 0.75/0.54 + 0.67/0.12 + 1.00/0.25 = 0.79/0.26]
INFO:experiments.py:[102/1000] 3.58 sec: loss(t/v)=0.21/2.89, scores(t/v)=[0.80/0.29 + 0.78/0.54 + 0.69/0.12 + 1.00/0.25 = 0.81/0.26]
INFO:experiments.py:[103/1000] 3.61 sec: loss(t/v)=0.20/2.79, scores(t/v)=[0.79/0.29 + 0.74/0.54 + 0.65/0.13 + 1.00/0.25 = 0.79/0.26]
INFO:experiments.py:[104/1000] 3.61 sec: loss(t/v)=0.17/2.83, scores(t/v)=[0.80/0.28 + 0.76/0.53 + 0.67/0.13 + 1.00/0.25 = 0.80/0.27]
INFO:experiments.py:[105/1000] 3.62 sec: loss(t/v)=0.17/2.80, scores(t/v)=[0.79/0.29 + 0.77/0.53 + 0.70/0.13 + 1.00/0.25 = 0.81/0.26]
INFO:experiments.py:[106/1000] 3.59 sec: loss(t/v)=0.18/2.82, scores(t/v)=[0.78/0.29 + 0.76/0.53 + 0.64/0.12 + 1.00/0.25 = 0.79/0.26]
INFO:experiments.py:[107/1000] 3.60 sec: loss(t/v)=0.19/2.78, scores(t/v)=[0.79/0.28 + 0.73/0.54 + 0.69/0.12 + 1.00/0.25 = 0.79/0.26]
INFO:experiments.py:[108/1000] 3.59 sec: loss(t/v)=0.19/2.83, scores(t/v)=[0.79/0.29 + 0.77/0.54 + 0.68/0.11 + 1.00/0.25 = 0.80/0.26]
INFO:experiments.py:[109/1000] 3.60 sec: loss(t/v)=0.19/2.85, scores(t/v)=[0.77/0.30 + 0.75/0.54 + 0.67/0.11 + 1.00/0.24 = 0.79/0.25]
INFO:experiments.py:[110/1000] 3.58 sec: loss(t/v)=0.19/2.80, scores(t/v)=[0.79/0.29 + 0.75/0.54 + 0.64/0.12 + 1.00/0.25 = 0.79/0.26]
INFO:experiments.py:[111/1000] 3.60 sec: loss(t/v)=0.18/2.92, scores(t/v)=[0.80/0.29 + 0.76/0.54 + 0.67/0.13 + 1.00/0.24 = 0.80/0.26]
INFO:experiments.py:[112/1000] 3.59 sec: loss(t/v)=0.18/2.90, scores(t/v)=[0.83/0.29 + 0.76/0.54 + 0.69/0.13 + 1.00/0.25 = 0.81/0.27]
INFO:experiments.py:[113/1000] 3.60 sec: loss(t/v)=0.18/2.85, scores(t/v)=[0.81/0.29 + 0.74/0.54 + 0.67/0.12 + 1.00/0.25 = 0.80/0.26]
INFO:experiments.py:[114/1000] 3.59 sec: loss(t/v)=0.21/2.85, scores(t/v)=[0.78/0.28 + 0.73/0.54 + 0.66/0.12 + 1.00/0.24 = 0.78/0.26]
INFO:experiments.py:[115/1000] 3.61 sec: loss(t/v)=0.22/2.96, scores(t/v)=[0.79/0.27 + 0.75/0.54 + 0.66/0.11 + 1.00/0.25 = 0.79/0.25]
INFO:experiments.py:[116/1000] 3.61 sec: loss(t/v)=0.17/2.85, scores(t/v)=[0.81/0.28 + 0.77/0.54 + 0.71/0.11 + 1.00/0.25 = 0.81/0.26]
INFO:experiments.py:[117/1000] 3.61 sec: loss(t/v)=0.19/2.82, scores(t/v)=[0.79/0.28 + 0.75/0.54 + 0.69/0.12 + 1.00/0.25 = 0.80/0.26]
INFO:experiments.py:[118/1000] 3.62 sec: loss(t/v)=0.19/2.82, scores(t/v)=[0.80/0.28 + 0.74/0.55 + 0.69/0.12 + 1.00/0.25 = 0.80/0.26]
INFO:experiments.py:[119/1000] 3.61 sec: loss(t/v)=0.18/2.84, scores(t/v)=[0.82/0.29 + 0.77/0.55 + 0.68/0.13 + 1.00/0.26 = 0.81/0.27]
INFO:experiments.py:[120/1000] 3.61 sec: loss(t/v)=0.22/2.74, scores(t/v)=[0.80/0.28 + 0.76/0.54 + 0.69/0.13 + 1.00/0.24 = 0.80/0.26]
INFO:experiments.py:[121/1000] 3.62 sec: loss(t/v)=0.20/2.76, scores(t/v)=[0.79/0.29 + 0.73/0.54 + 0.68/0.13 + 1.00/0.26 = 0.79/0.27]
INFO:experiments.py:[122/1000] 3.60 sec: loss(t/v)=0.19/2.78, scores(t/v)=[0.78/0.28 + 0.75/0.53 + 0.65/0.13 + 1.00/0.26 = 0.79/0.26]
INFO:experiments.py:[123/1000] 3.60 sec: loss(t/v)=0.19/2.91, scores(t/v)=[0.79/0.27 + 0.75/0.54 + 0.67/0.12 + 1.00/0.25 = 0.79/0.26]
INFO:experiments.py:[124/1000] 3.58 sec: loss(t/v)=0.18/2.77, scores(t/v)=[0.78/0.28 + 0.73/0.54 + 0.66/0.13 + 1.00/0.24 = 0.78/0.26]
INFO:experiments.py:[125/1000] 3.59 sec: loss(t/v)=0.19/2.76, scores(t/v)=[0.80/0.28 + 0.78/0.54 + 0.65/0.13 + 1.00/0.26 = 0.80/0.27]
INFO:experiments.py:[126/1000] 3.59 sec: loss(t/v)=0.18/2.80, scores(t/v)=[0.80/0.29 + 0.80/0.54 + 0.68/0.13 + 1.00/0.24 = 0.81/0.26]
INFO:experiments.py:[127/1000] 3.62 sec: loss(t/v)=0.17/2.81, scores(t/v)=[0.80/0.28 + 0.76/0.54 + 0.72/0.12 + 1.00/0.26 = 0.81/0.26]
INFO:experiments.py:[128/1000] 3.61 sec: loss(t/v)=0.22/2.81, scores(t/v)=[0.80/0.29 + 0.74/0.53 + 0.68/0.13 + 1.00/0.24 = 0.80/0.26]
INFO:experiments.py:[129/1000] 3.61 sec: loss(t/v)=0.18/2.85, scores(t/v)=[0.82/0.29 + 0.76/0.53 + 0.67/0.14 + 1.00/0.25 = 0.80/0.27]
INFO:experiments.py:[130/1000] 3.61 sec: loss(t/v)=0.19/2.74, scores(t/v)=[0.79/0.29 + 0.75/0.54 + 0.65/0.13 + 1.00/0.24 = 0.79/0.26]
INFO:experiments.py:[131/1000] 3.61 sec: loss(t/v)=0.18/2.78, scores(t/v)=[0.82/0.29 + 0.77/0.53 + 0.66/0.14 + 1.00/0.24 = 0.80/0.26]
INFO:experiments.py:[132/1000] 3.63 sec: loss(t/v)=0.19/2.90, scores(t/v)=[0.79/0.29 + 0.77/0.54 + 0.68/0.13 + 1.00/0.23 = 0.80/0.26]
INFO:experiments.py:[133/1000] 3.62 sec: loss(t/v)=0.18/2.80, scores(t/v)=[0.81/0.29 + 0.76/0.54 + 0.68/0.13 + 1.00/0.24 = 0.80/0.26]
INFO:experiments.py:[134/1000] 3.61 sec: loss(t/v)=0.20/2.76, scores(t/v)=[0.80/0.29 + 0.78/0.54 + 0.68/0.13 + 1.00/0.24 = 0.81/0.26]
INFO:experiments.py:[135/1000] 3.62 sec: loss(t/v)=0.19/2.74, scores(t/v)=[0.80/0.28 + 0.76/0.54 + 0.69/0.13 + 1.00/0.24 = 0.80/0.26]
INFO:experiments.py:[136/1000] 3.60 sec: loss(t/v)=0.18/2.74, scores(t/v)=[0.80/0.29 + 0.75/0.54 + 0.68/0.14 + 1.00/0.24 = 0.80/0.27]
INFO:experiments.py:[137/1000] 3.62 sec: loss(t/v)=0.26/2.84, scores(t/v)=[0.76/0.29 + 0.74/0.54 + 0.68/0.12 + 1.00/0.25 = 0.79/0.26]
INFO:experiments.py:[138/1000] 3.60 sec: loss(t/v)=0.19/2.83, scores(t/v)=[0.79/0.28 + 0.74/0.54 + 0.70/0.12 + 1.00/0.25 = 0.80/0.26]
INFO:experiments.py:[139/1000] 3.60 sec: loss(t/v)=0.17/2.80, scores(t/v)=[0.81/0.29 + 0.75/0.54 + 0.68/0.11 + 1.00/0.24 = 0.80/0.26]
INFO:experiments.py:[140/1000] 3.60 sec: loss(t/v)=0.18/2.79, scores(t/v)=[0.81/0.29 + 0.78/0.54 + 0.70/0.12 + 1.00/0.24 = 0.82/0.26]
INFO:experiments.py:[141/1000] 3.62 sec: loss(t/v)=0.18/2.85, scores(t/v)=[0.78/0.29 + 0.76/0.54 + 0.64/0.12 + 1.00/0.24 = 0.78/0.26]
INFO:experiments.py:[142/1000] 3.63 sec: loss(t/v)=0.18/2.83, scores(t/v)=[0.78/0.28 + 0.76/0.54 + 0.69/0.13 + 1.00/0.25 = 0.80/0.26]
INFO:experiments.py:[143/1000] 3.63 sec: loss(t/v)=0.17/2.84, scores(t/v)=[0.77/0.28 + 0.76/0.54 + 0.71/0.12 + 1.00/0.24 = 0.80/0.26]
INFO:experiments.py:[144/1000] 3.62 sec: loss(t/v)=0.17/2.94, scores(t/v)=[0.79/0.27 + 0.77/0.54 + 0.68/0.13 + 1.00/0.25 = 0.80/0.26]
INFO:experiments.py:[145/1000] 3.61 sec: loss(t/v)=0.18/2.80, scores(t/v)=[0.80/0.27 + 0.74/0.54 + 0.69/0.12 + 1.00/0.25 = 0.80/0.26]
INFO:experiments.py:[146/1000] 3.60 sec: loss(t/v)=0.18/2.85, scores(t/v)=[0.82/0.29 + 0.75/0.53 + 0.68/0.13 + 1.00/0.24 = 0.81/0.26]
INFO:experiments.py:[147/1000] 3.61 sec: loss(t/v)=0.20/2.86, scores(t/v)=[0.80/0.28 + 0.73/0.53 + 0.65/0.12 + 1.00/0.25 = 0.79/0.26]
INFO:experiments.py:[148/1000] 3.60 sec: loss(t/v)=0.20/2.83, scores(t/v)=[0.79/0.28 + 0.75/0.54 + 0.69/0.11 + 1.00/0.25 = 0.80/0.25]
INFO:experiments.py:[149/1000] 3.61 sec: loss(t/v)=0.18/2.90, scores(t/v)=[0.78/0.28 + 0.75/0.54 + 0.68/0.12 + 1.00/0.25 = 0.79/0.26]
INFO:experiments.py:[150/1000] 3.62 sec: loss(t/v)=0.20/2.84, scores(t/v)=[0.80/0.29 + 0.75/0.54 + 0.69/0.12 + 1.00/0.25 = 0.80/0.26]
INFO:experiments.py:[151/1000] 3.64 sec: loss(t/v)=0.19/2.83, scores(t/v)=[0.78/0.29 + 0.75/0.54 + 0.66/0.12 + 1.00/0.25 = 0.79/0.26]
INFO:experiments.py:[152/1000] 3.61 sec: loss(t/v)=0.18/2.74, scores(t/v)=[0.79/0.29 + 0.73/0.54 + 0.66/0.12 + 1.00/0.25 = 0.79/0.26]
INFO:experiments.py:[153/1000] 3.62 sec: loss(t/v)=0.18/2.84, scores(t/v)=[0.81/0.28 + 0.78/0.54 + 0.72/0.13 + 1.00/0.26 = 0.82/0.27]
INFO:experiments.py:[154/1000] 3.61 sec: loss(t/v)=0.17/2.78, scores(t/v)=[0.81/0.28 + 0.80/0.54 + 0.73/0.12 + 1.00/0.25 = 0.83/0.26]
INFO:experiments.py:[155/1000] 3.62 sec: loss(t/v)=0.19/2.76, scores(t/v)=[0.81/0.28 + 0.75/0.54 + 0.68/0.12 + 1.00/0.24 = 0.80/0.25]
INFO:experiments.py:[156/1000] 3.61 sec: loss(t/v)=0.18/2.82, scores(t/v)=[0.80/0.28 + 0.76/0.54 + 0.67/0.11 + 1.00/0.25 = 0.80/0.25]
INFO:experiments.py:[157/1000] 3.62 sec: loss(t/v)=0.23/2.92, scores(t/v)=[0.82/0.28 + 0.76/0.54 + 0.68/0.11 + 1.00/0.26 = 0.80/0.26]
INFO:experiments.py:[158/1000] 3.60 sec: loss(t/v)=0.19/2.76, scores(t/v)=[0.80/0.28 + 0.76/0.54 + 0.66/0.12 + 1.00/0.25 = 0.80/0.26]
INFO:experiments.py:[159/1000] 3.63 sec: loss(t/v)=0.20/2.91, scores(t/v)=[0.79/0.28 + 0.76/0.54 + 0.69/0.12 + 1.00/0.24 = 0.80/0.26]
INFO:experiments.py:[160/1000] 3.62 sec: loss(t/v)=0.19/2.68, scores(t/v)=[0.80/0.28 + 0.77/0.55 + 0.68/0.14 + 1.00/0.25 = 0.81/0.27]
INFO:experiments.py:[161/1000] 3.60 sec: loss(t/v)=0.18/2.75, scores(t/v)=[0.81/0.28 + 0.75/0.55 + 0.68/0.12 + 1.00/0.25 = 0.80/0.26]
INFO:experiments.py:[162/1000] 3.60 sec: loss(t/v)=0.20/2.80, scores(t/v)=[0.78/0.28 + 0.76/0.54 + 0.70/0.13 + 1.00/0.24 = 0.80/0.26]
INFO:experiments.py:[163/1000] 3.62 sec: loss(t/v)=0.17/2.74, scores(t/v)=[0.80/0.29 + 0.73/0.54 + 0.70/0.13 + 1.00/0.24 = 0.80/0.26]
INFO:experiments.py:[164/1000] 3.58 sec: loss(t/v)=0.18/2.76, scores(t/v)=[0.79/0.29 + 0.75/0.54 + 0.67/0.12 + 1.00/0.25 = 0.79/0.26]
INFO:experiments.py:[165/1000] 3.61 sec: loss(t/v)=0.18/2.93, scores(t/v)=[0.78/0.28 + 0.77/0.54 + 0.63/0.12 + 1.00/0.25 = 0.78/0.26]
INFO:experiments.py:[166/1000] 3.61 sec: loss(t/v)=0.21/2.81, scores(t/v)=[0.79/0.28 + 0.73/0.54 + 0.64/0.12 + 1.00/0.25 = 0.78/0.26]
INFO:experiments.py:[167/1000] 3.59 sec: loss(t/v)=0.17/2.78, scores(t/v)=[0.80/0.28 + 0.77/0.54 + 0.70/0.12 + 1.00/0.24 = 0.81/0.26]
INFO:experiments.py:[168/1000] 3.59 sec: loss(t/v)=0.20/2.78, scores(t/v)=[0.79/0.28 + 0.74/0.54 + 0.66/0.13 + 1.00/0.24 = 0.79/0.26]
INFO:experiments.py:[169/1000] 3.60 sec: loss(t/v)=0.19/2.79, scores(t/v)=[0.80/0.28 + 0.75/0.54 + 0.67/0.12 + 1.00/0.25 = 0.80/0.26]
INFO:experiments.py:[170/1000] 3.60 sec: loss(t/v)=0.20/2.88, scores(t/v)=[0.82/0.29 + 0.72/0.54 + 0.70/0.12 + 1.00/0.24 = 0.80/0.26]
INFO:experiments.py:[171/1000] 3.61 sec: loss(t/v)=0.18/2.87, scores(t/v)=[0.79/0.28 + 0.75/0.54 + 0.68/0.12 + 1.00/0.24 = 0.80/0.26]
INFO:experiments.py:[172/1000] 3.60 sec: loss(t/v)=0.18/2.73, scores(t/v)=[0.79/0.28 + 0.75/0.54 + 0.69/0.12 + 1.00/0.26 = 0.80/0.26]
INFO:experiments.py:[173/1000] 3.64 sec: loss(t/v)=0.18/2.84, scores(t/v)=[0.80/0.29 + 0.71/0.54 + 0.66/0.12 + 1.00/0.24 = 0.79/0.26]
INFO:experiments.py:[174/1000] 3.60 sec: loss(t/v)=0.19/2.94, scores(t/v)=[0.79/0.28 + 0.75/0.54 + 0.69/0.12 + 1.00/0.25 = 0.80/0.26]
INFO:experiments.py:Impatient! No gen. improvement in 100 epochs
INFO:experiments.py:Early Stopping: Rewinding to epoch 74
