INFO:experiments.py:+ Begin training with configuration:
{   'data': '/rap/jvb-000-aa/COURS2019/etudiants/data/omsignal/myHeartProject/',
    'dataloader': {   'batch_size': 64,
                      'num_workers': 6,
                      'shuffle': True,
                      'test_proportion': 0.2},
    'models': {   'tspec': {   'hid_dim': 500,
                               'num_layers': 4,
                               'out_dims': [1, 1, 1, 32],
                               'spec_len': 1876,
                               'ts_len': 3750}},
    'preprocessing': {'noise_gain': 0.25},
    'training': {   'early_stopping_patience': 100,
                    'epochs': 1000,
                    'l2': 0.001,
                    'learning_rate': 0.01,
                    'momentum': 0.9,
                    'schedule_patience': 20}}
INFO:experiments.py:+ New best model found: loss=3.4661996364593506, score=0.0
INFO:experiments.py:[1/1000] 4.01 sec: loss(t/v)=3.78/3.47, scores(t/v)=[0.02/0.00 + 0.11/0.09 + 0.05/0.02 + 0.00/0.00 = 0.00/0.00]
INFO:experiments.py:[2/1000] 3.75 sec: loss(t/v)=3.60/3.47, scores(t/v)=[0.08/0.00 + 0.24/0.00 + 0.20/0.01 + 0.03/0.00 = 0.11/0.00]
INFO:experiments.py:[3/1000] 3.74 sec: loss(t/v)=3.39/3.47, scores(t/v)=[0.20/0.00 + 0.42/0.00 + 0.24/0.02 + 0.15/0.00 = 0.24/0.00]
INFO:experiments.py:[4/1000] 3.68 sec: loss(t/v)=3.24/3.47, scores(t/v)=[0.15/0.00 + 0.47/0.07 + 0.24/0.05 + 0.24/0.00 = 0.25/0.00]
INFO:experiments.py:[5/1000] 3.69 sec: loss(t/v)=3.14/3.47, scores(t/v)=[0.24/0.04 + 0.43/0.30 + 0.25/0.12 + 0.25/0.00 = 0.28/0.00]
INFO:experiments.py:+ New best model found: loss=3.4638724327087402, score=0.0
INFO:experiments.py:[6/1000] 3.70 sec: loss(t/v)=2.97/3.46, scores(t/v)=[0.33/0.08 + 0.48/0.43 + 0.24/0.14 + 0.35/0.00 = 0.34/0.00]
INFO:experiments.py:+ New best model found: loss=3.437953233718872, score=0.14365240373494984
INFO:experiments.py:[7/1000] 3.72 sec: loss(t/v)=2.82/3.44, scores(t/v)=[0.29/0.05 + 0.54/0.49 + 0.28/0.20 + 0.38/0.08 = 0.36/0.14]
INFO:experiments.py:+ New best model found: loss=3.3849852085113525, score=0.17672409597700522
INFO:experiments.py:[8/1000] 3.86 sec: loss(t/v)=2.62/3.38, scores(t/v)=[0.39/0.10 + 0.54/0.41 + 0.34/0.19 + 0.45/0.13 = 0.42/0.18]
INFO:experiments.py:+ New best model found: loss=3.281822919845581, score=0.21003609320179675
INFO:experiments.py:[9/1000] 3.71 sec: loss(t/v)=2.42/3.28, scores(t/v)=[0.44/0.16 + 0.57/0.40 + 0.38/0.19 + 0.51/0.16 = 0.47/0.21]
INFO:experiments.py:+ New best model found: loss=3.1697046756744385, score=0.268936497823201
INFO:experiments.py:[10/1000] 3.71 sec: loss(t/v)=2.25/3.17, scores(t/v)=[0.43/0.26 + 0.57/0.47 + 0.42/0.26 + 0.56/0.16 = 0.49/0.27]
INFO:experiments.py:+ New best model found: loss=3.0232739448547363, score=0.2390691500757711
INFO:experiments.py:[11/1000] 3.71 sec: loss(t/v)=2.03/3.02, scores(t/v)=[0.49/0.22 + 0.62/0.38 + 0.45/0.24 + 0.65/0.16 = 0.55/0.24]
INFO:experiments.py:+ New best model found: loss=2.917248010635376, score=0.26245160202191564
INFO:experiments.py:[12/1000] 3.73 sec: loss(t/v)=1.82/2.92, scores(t/v)=[0.53/0.26 + 0.60/0.41 + 0.38/0.31 + 0.67/0.15 = 0.53/0.26]
INFO:experiments.py:+ New best model found: loss=2.836402416229248, score=0.30409612698900673
INFO:experiments.py:[13/1000] 3.75 sec: loss(t/v)=1.65/2.84, scores(t/v)=[0.52/0.31 + 0.59/0.44 + 0.48/0.33 + 0.73/0.19 = 0.57/0.30]
INFO:experiments.py:+ New best model found: loss=2.8071370124816895, score=0.2888609622251628
INFO:experiments.py:[14/1000] 3.74 sec: loss(t/v)=1.41/2.81, scores(t/v)=[0.57/0.33 + 0.66/0.34 + 0.49/0.28 + 0.79/0.23 = 0.62/0.29]
INFO:experiments.py:+ New best model found: loss=2.768967628479004, score=0.3053283098024375
INFO:experiments.py:[15/1000] 3.73 sec: loss(t/v)=1.23/2.77, scores(t/v)=[0.61/0.34 + 0.64/0.43 + 0.51/0.29 + 0.83/0.21 = 0.64/0.31]
INFO:experiments.py:+ New best model found: loss=2.7196686267852783, score=0.31565985200193314
INFO:experiments.py:[16/1000] 3.76 sec: loss(t/v)=1.05/2.72, scores(t/v)=[0.63/0.39 + 0.65/0.46 + 0.45/0.26 + 0.87/0.21 = 0.63/0.32]
INFO:experiments.py:+ New best model found: loss=2.6902263164520264, score=0.2950693417592547
INFO:experiments.py:[17/1000] 3.76 sec: loss(t/v)=0.89/2.69, scores(t/v)=[0.70/0.30 + 0.63/0.38 + 0.48/0.28 + 0.93/0.24 = 0.67/0.30]
INFO:experiments.py:[18/1000] 3.73 sec: loss(t/v)=0.76/2.70, scores(t/v)=[0.65/0.32 + 0.62/0.44 + 0.45/0.24 + 0.94/0.24 = 0.64/0.30]
INFO:experiments.py:[19/1000] 3.74 sec: loss(t/v)=0.63/2.70, scores(t/v)=[0.68/0.37 + 0.65/0.53 + 0.54/0.25 + 0.96/0.24 = 0.69/0.33]
INFO:experiments.py:[20/1000] 3.74 sec: loss(t/v)=0.48/2.74, scores(t/v)=[0.70/0.33 + 0.65/0.44 + 0.56/0.23 + 1.00/0.21 = 0.71/0.29]
INFO:experiments.py:+ New best model found: loss=2.67388653755188, score=0.29413133668448194
INFO:experiments.py:[21/1000] 3.73 sec: loss(t/v)=0.38/2.67, scores(t/v)=[0.71/0.27 + 0.64/0.53 + 0.51/0.25 + 0.98/0.21 = 0.69/0.29]
INFO:experiments.py:+ New best model found: loss=2.6486527919769287, score=0.30650989255855127
INFO:experiments.py:[22/1000] 3.75 sec: loss(t/v)=0.32/2.65, scores(t/v)=[0.71/0.29 + 0.68/0.54 + 0.57/0.27 + 1.00/0.21 = 0.72/0.31]
INFO:experiments.py:+ New best model found: loss=2.6328418254852295, score=0.30997420873988263
INFO:experiments.py:[23/1000] 3.76 sec: loss(t/v)=0.32/2.63, scores(t/v)=[0.71/0.31 + 0.66/0.54 + 0.59/0.26 + 0.99/0.21 = 0.72/0.31]
INFO:experiments.py:+ New best model found: loss=2.6203150749206543, score=0.30922448407795194
INFO:experiments.py:[24/1000] 3.76 sec: loss(t/v)=0.29/2.62, scores(t/v)=[0.76/0.32 + 0.69/0.54 + 0.60/0.27 + 1.00/0.19 = 0.75/0.31]
INFO:experiments.py:+ New best model found: loss=2.6068460941314697, score=0.31182959587684916
INFO:experiments.py:[25/1000] 3.74 sec: loss(t/v)=0.29/2.61, scores(t/v)=[0.77/0.34 + 0.67/0.54 + 0.64/0.27 + 1.00/0.19 = 0.76/0.31]
INFO:experiments.py:+ New best model found: loss=2.5976672172546387, score=0.32076329045191526
INFO:experiments.py:[26/1000] 3.73 sec: loss(t/v)=0.26/2.60, scores(t/v)=[0.77/0.36 + 0.69/0.54 + 0.65/0.26 + 1.00/0.21 = 0.77/0.32]
INFO:experiments.py:[27/1000] 3.74 sec: loss(t/v)=0.26/2.60, scores(t/v)=[0.76/0.35 + 0.68/0.54 + 0.61/0.25 + 1.00/0.21 = 0.75/0.32]
INFO:experiments.py:+ New best model found: loss=2.597637891769409, score=0.31764452444513935
INFO:experiments.py:[28/1000] 3.76 sec: loss(t/v)=0.25/2.60, scores(t/v)=[0.77/0.34 + 0.72/0.55 + 0.63/0.26 + 1.00/0.21 = 0.77/0.32]
INFO:experiments.py:+ New best model found: loss=2.596132755279541, score=0.3166035383400137
INFO:experiments.py:[29/1000] 3.79 sec: loss(t/v)=0.26/2.60, scores(t/v)=[0.73/0.34 + 0.71/0.55 + 0.62/0.24 + 1.00/0.23 = 0.75/0.32]
INFO:experiments.py:+ New best model found: loss=2.5944442749023438, score=0.3163212307657357
INFO:experiments.py:[30/1000] 3.80 sec: loss(t/v)=0.26/2.59, scores(t/v)=[0.75/0.34 + 0.69/0.55 + 0.66/0.24 + 1.00/0.23 = 0.76/0.32]
INFO:experiments.py:[31/1000] 3.75 sec: loss(t/v)=0.24/2.60, scores(t/v)=[0.78/0.34 + 0.71/0.55 + 0.64/0.24 + 1.00/0.23 = 0.77/0.32]
INFO:experiments.py:[32/1000] 3.75 sec: loss(t/v)=0.22/2.61, scores(t/v)=[0.78/0.34 + 0.71/0.54 + 0.62/0.25 + 1.00/0.23 = 0.77/0.32]
INFO:experiments.py:[33/1000] 3.75 sec: loss(t/v)=0.21/2.60, scores(t/v)=[0.79/0.34 + 0.73/0.53 + 0.61/0.26 + 1.00/0.23 = 0.77/0.32]
INFO:experiments.py:[34/1000] 3.75 sec: loss(t/v)=0.22/2.61, scores(t/v)=[0.77/0.34 + 0.71/0.52 + 0.63/0.27 + 1.00/0.23 = 0.77/0.32]
INFO:experiments.py:[35/1000] 3.74 sec: loss(t/v)=0.21/2.61, scores(t/v)=[0.78/0.33 + 0.71/0.55 + 0.64/0.27 + 1.00/0.21 = 0.77/0.32]
INFO:experiments.py:[36/1000] 3.73 sec: loss(t/v)=0.21/2.61, scores(t/v)=[0.79/0.33 + 0.72/0.55 + 0.64/0.27 + 1.00/0.21 = 0.78/0.32]
INFO:experiments.py:[37/1000] 3.77 sec: loss(t/v)=0.20/2.61, scores(t/v)=[0.81/0.33 + 0.72/0.55 + 0.62/0.27 + 1.00/0.21 = 0.77/0.32]
INFO:experiments.py:[38/1000] 3.73 sec: loss(t/v)=0.21/2.61, scores(t/v)=[0.79/0.31 + 0.73/0.55 + 0.66/0.25 + 1.00/0.21 = 0.79/0.31]
INFO:experiments.py:[39/1000] 3.73 sec: loss(t/v)=0.22/2.62, scores(t/v)=[0.78/0.33 + 0.72/0.56 + 0.61/0.24 + 1.00/0.21 = 0.77/0.31]
INFO:experiments.py:[40/1000] 3.76 sec: loss(t/v)=0.20/2.62, scores(t/v)=[0.78/0.33 + 0.72/0.55 + 0.61/0.25 + 1.00/0.21 = 0.77/0.31]
INFO:experiments.py:[41/1000] 3.73 sec: loss(t/v)=0.19/2.62, scores(t/v)=[0.80/0.34 + 0.74/0.55 + 0.62/0.27 + 1.00/0.21 = 0.78/0.32]
INFO:experiments.py:[42/1000] 3.75 sec: loss(t/v)=0.19/2.62, scores(t/v)=[0.79/0.35 + 0.70/0.55 + 0.66/0.27 + 1.00/0.23 = 0.78/0.33]
INFO:experiments.py:[43/1000] 3.79 sec: loss(t/v)=0.18/2.61, scores(t/v)=[0.81/0.35 + 0.75/0.56 + 0.65/0.28 + 1.00/0.21 = 0.79/0.33]
INFO:experiments.py:[44/1000] 3.75 sec: loss(t/v)=0.19/2.60, scores(t/v)=[0.79/0.35 + 0.73/0.56 + 0.65/0.28 + 1.00/0.21 = 0.78/0.33]
INFO:experiments.py:+ New best model found: loss=2.592148780822754, score=0.33373723043945297
INFO:experiments.py:[45/1000] 3.74 sec: loss(t/v)=0.19/2.59, scores(t/v)=[0.77/0.36 + 0.71/0.55 + 0.67/0.30 + 1.00/0.21 = 0.78/0.33]
INFO:experiments.py:[46/1000] 3.82 sec: loss(t/v)=0.17/2.60, scores(t/v)=[0.80/0.36 + 0.73/0.56 + 0.68/0.27 + 1.00/0.21 = 0.79/0.33]
INFO:experiments.py:[47/1000] 3.78 sec: loss(t/v)=0.18/2.61, scores(t/v)=[0.79/0.35 + 0.72/0.56 + 0.64/0.28 + 1.00/0.21 = 0.78/0.33]
INFO:experiments.py:[48/1000] 3.75 sec: loss(t/v)=0.17/2.60, scores(t/v)=[0.79/0.36 + 0.74/0.56 + 0.65/0.29 + 1.00/0.21 = 0.78/0.33]
INFO:experiments.py:[49/1000] 3.80 sec: loss(t/v)=0.18/2.59, scores(t/v)=[0.79/0.35 + 0.74/0.56 + 0.65/0.28 + 1.00/0.21 = 0.79/0.33]
INFO:experiments.py:[50/1000] 3.78 sec: loss(t/v)=0.17/2.60, scores(t/v)=[0.81/0.36 + 0.75/0.56 + 0.68/0.28 + 1.00/0.21 = 0.80/0.33]
INFO:experiments.py:[51/1000] 3.76 sec: loss(t/v)=0.19/2.60, scores(t/v)=[0.76/0.36 + 0.74/0.56 + 0.67/0.28 + 1.00/0.23 = 0.78/0.33]
INFO:experiments.py:[52/1000] 3.74 sec: loss(t/v)=0.17/2.61, scores(t/v)=[0.77/0.36 + 0.74/0.56 + 0.68/0.27 + 1.00/0.23 = 0.79/0.33]
INFO:experiments.py:[53/1000] 3.74 sec: loss(t/v)=0.17/2.60, scores(t/v)=[0.81/0.35 + 0.76/0.56 + 0.68/0.27 + 1.00/0.23 = 0.80/0.33]
INFO:experiments.py:[54/1000] 3.72 sec: loss(t/v)=0.18/2.60, scores(t/v)=[0.79/0.36 + 0.73/0.56 + 0.68/0.27 + 1.00/0.23 = 0.79/0.33]
INFO:experiments.py:[55/1000] 3.73 sec: loss(t/v)=0.18/2.60, scores(t/v)=[0.80/0.35 + 0.71/0.57 + 0.66/0.26 + 1.00/0.23 = 0.78/0.33]
INFO:experiments.py:[56/1000] 3.75 sec: loss(t/v)=0.18/2.60, scores(t/v)=[0.81/0.35 + 0.74/0.57 + 0.67/0.26 + 1.00/0.23 = 0.80/0.33]
INFO:experiments.py:[57/1000] 3.74 sec: loss(t/v)=0.18/2.60, scores(t/v)=[0.79/0.35 + 0.73/0.56 + 0.70/0.27 + 1.00/0.23 = 0.80/0.33]
INFO:experiments.py:[58/1000] 3.72 sec: loss(t/v)=0.17/2.60, scores(t/v)=[0.80/0.35 + 0.72/0.56 + 0.66/0.27 + 1.00/0.23 = 0.79/0.33]
INFO:experiments.py:[59/1000] 3.74 sec: loss(t/v)=0.19/2.60, scores(t/v)=[0.79/0.35 + 0.74/0.57 + 0.66/0.26 + 1.00/0.23 = 0.79/0.33]
INFO:experiments.py:[60/1000] 3.77 sec: loss(t/v)=0.18/2.60, scores(t/v)=[0.79/0.34 + 0.72/0.57 + 0.69/0.27 + 1.00/0.23 = 0.79/0.33]
INFO:experiments.py:[61/1000] 3.74 sec: loss(t/v)=0.18/2.60, scores(t/v)=[0.81/0.36 + 0.74/0.56 + 0.63/0.28 + 1.00/0.21 = 0.79/0.33]
INFO:experiments.py:[62/1000] 3.78 sec: loss(t/v)=0.18/2.60, scores(t/v)=[0.81/0.35 + 0.72/0.57 + 0.67/0.28 + 1.00/0.23 = 0.79/0.33]
INFO:experiments.py:[63/1000] 3.75 sec: loss(t/v)=0.18/2.60, scores(t/v)=[0.80/0.35 + 0.74/0.57 + 0.66/0.27 + 1.00/0.23 = 0.79/0.33]
INFO:experiments.py:[64/1000] 3.77 sec: loss(t/v)=0.16/2.60, scores(t/v)=[0.77/0.34 + 0.73/0.57 + 0.68/0.27 + 1.00/0.23 = 0.79/0.33]
INFO:experiments.py:[65/1000] 3.77 sec: loss(t/v)=0.17/2.60, scores(t/v)=[0.78/0.34 + 0.74/0.58 + 0.68/0.26 + 1.00/0.23 = 0.79/0.33]
INFO:experiments.py:[66/1000] 3.78 sec: loss(t/v)=0.19/2.60, scores(t/v)=[0.76/0.34 + 0.75/0.58 + 0.67/0.27 + 1.00/0.23 = 0.79/0.33]
INFO:experiments.py:[67/1000] 3.77 sec: loss(t/v)=0.18/2.60, scores(t/v)=[0.81/0.35 + 0.73/0.58 + 0.68/0.27 + 1.00/0.23 = 0.80/0.33]
INFO:experiments.py:[68/1000] 3.79 sec: loss(t/v)=0.17/2.60, scores(t/v)=[0.79/0.35 + 0.73/0.58 + 0.66/0.27 + 1.00/0.23 = 0.79/0.33]
INFO:experiments.py:[69/1000] 3.76 sec: loss(t/v)=0.18/2.60, scores(t/v)=[0.81/0.35 + 0.74/0.58 + 0.68/0.28 + 1.00/0.23 = 0.80/0.34]
INFO:experiments.py:[70/1000] 3.76 sec: loss(t/v)=0.18/2.61, scores(t/v)=[0.79/0.35 + 0.75/0.58 + 0.68/0.27 + 1.00/0.21 = 0.80/0.33]
INFO:experiments.py:[71/1000] 3.76 sec: loss(t/v)=0.17/2.60, scores(t/v)=[0.79/0.35 + 0.73/0.57 + 0.67/0.27 + 1.00/0.21 = 0.79/0.32]
INFO:experiments.py:[72/1000] 3.76 sec: loss(t/v)=0.16/2.60, scores(t/v)=[0.80/0.35 + 0.74/0.57 + 0.68/0.27 + 1.00/0.23 = 0.80/0.33]
INFO:experiments.py:[73/1000] 3.74 sec: loss(t/v)=0.18/2.60, scores(t/v)=[0.77/0.35 + 0.74/0.57 + 0.68/0.28 + 1.00/0.21 = 0.79/0.33]
INFO:experiments.py:[74/1000] 3.77 sec: loss(t/v)=0.18/2.60, scores(t/v)=[0.77/0.35 + 0.75/0.57 + 0.66/0.28 + 1.00/0.23 = 0.79/0.34]
INFO:experiments.py:[75/1000] 3.76 sec: loss(t/v)=0.17/2.60, scores(t/v)=[0.79/0.35 + 0.75/0.57 + 0.66/0.27 + 1.00/0.21 = 0.79/0.33]
INFO:experiments.py:[76/1000] 3.80 sec: loss(t/v)=0.18/2.60, scores(t/v)=[0.79/0.35 + 0.72/0.57 + 0.70/0.27 + 1.00/0.21 = 0.80/0.33]
INFO:experiments.py:[77/1000] 3.74 sec: loss(t/v)=0.16/2.60, scores(t/v)=[0.81/0.35 + 0.74/0.56 + 0.67/0.27 + 1.00/0.23 = 0.80/0.33]
INFO:experiments.py:[78/1000] 3.77 sec: loss(t/v)=0.18/2.61, scores(t/v)=[0.80/0.36 + 0.73/0.56 + 0.66/0.27 + 1.00/0.23 = 0.79/0.33]
INFO:experiments.py:[79/1000] 3.75 sec: loss(t/v)=0.17/2.61, scores(t/v)=[0.80/0.36 + 0.75/0.57 + 0.67/0.26 + 1.00/0.21 = 0.80/0.32]
INFO:experiments.py:[80/1000] 3.77 sec: loss(t/v)=0.19/2.61, scores(t/v)=[0.78/0.36 + 0.73/0.57 + 0.67/0.26 + 1.00/0.23 = 0.79/0.33]
INFO:experiments.py:[81/1000] 3.78 sec: loss(t/v)=0.16/2.60, scores(t/v)=[0.81/0.36 + 0.75/0.57 + 0.66/0.26 + 1.00/0.23 = 0.80/0.33]
INFO:experiments.py:[82/1000] 3.78 sec: loss(t/v)=0.17/2.60, scores(t/v)=[0.82/0.37 + 0.73/0.57 + 0.68/0.26 + 1.00/0.21 = 0.80/0.33]
INFO:experiments.py:[83/1000] 3.79 sec: loss(t/v)=0.18/2.60, scores(t/v)=[0.80/0.36 + 0.75/0.57 + 0.65/0.27 + 1.00/0.23 = 0.79/0.33]
INFO:experiments.py:+ New best model found: loss=2.5912697315216064, score=0.3369037340130851
INFO:experiments.py:[84/1000] 3.77 sec: loss(t/v)=0.17/2.59, scores(t/v)=[0.79/0.36 + 0.76/0.57 + 0.66/0.28 + 1.00/0.23 = 0.79/0.34]
INFO:experiments.py:[85/1000] 3.75 sec: loss(t/v)=0.18/2.59, scores(t/v)=[0.78/0.36 + 0.72/0.57 + 0.65/0.27 + 1.00/0.23 = 0.78/0.33]
INFO:experiments.py:[86/1000] 3.78 sec: loss(t/v)=0.20/2.59, scores(t/v)=[0.77/0.35 + 0.72/0.57 + 0.65/0.27 + 1.00/0.23 = 0.77/0.33]
INFO:experiments.py:+ New best model found: loss=2.5911004543304443, score=0.3367595149302989
INFO:experiments.py:[87/1000] 3.74 sec: loss(t/v)=0.18/2.59, scores(t/v)=[0.77/0.35 + 0.73/0.58 + 0.67/0.28 + 1.00/0.23 = 0.78/0.34]
INFO:experiments.py:[88/1000] 3.77 sec: loss(t/v)=0.18/2.59, scores(t/v)=[0.80/0.35 + 0.74/0.57 + 0.69/0.27 + 1.00/0.23 = 0.80/0.33]
INFO:experiments.py:[89/1000] 3.81 sec: loss(t/v)=0.16/2.59, scores(t/v)=[0.81/0.36 + 0.75/0.57 + 0.65/0.28 + 1.00/0.23 = 0.79/0.34]
INFO:experiments.py:[90/1000] 3.80 sec: loss(t/v)=0.17/2.60, scores(t/v)=[0.82/0.35 + 0.73/0.58 + 0.66/0.28 + 1.00/0.23 = 0.79/0.34]
INFO:experiments.py:[91/1000] 3.76 sec: loss(t/v)=0.18/2.59, scores(t/v)=[0.78/0.36 + 0.75/0.57 + 0.67/0.28 + 1.00/0.21 = 0.79/0.33]
INFO:experiments.py:[92/1000] 3.80 sec: loss(t/v)=0.17/2.59, scores(t/v)=[0.81/0.35 + 0.76/0.57 + 0.65/0.27 + 1.00/0.23 = 0.80/0.33]
INFO:experiments.py:[93/1000] 3.79 sec: loss(t/v)=0.19/2.60, scores(t/v)=[0.80/0.36 + 0.73/0.57 + 0.69/0.27 + 1.00/0.23 = 0.80/0.33]
INFO:experiments.py:[94/1000] 3.73 sec: loss(t/v)=0.17/2.60, scores(t/v)=[0.80/0.35 + 0.75/0.56 + 0.67/0.27 + 1.00/0.23 = 0.80/0.33]
INFO:experiments.py:+ New best model found: loss=2.5909342765808105, score=0.3340673578057548
INFO:experiments.py:[95/1000] 3.77 sec: loss(t/v)=0.17/2.59, scores(t/v)=[0.79/0.35 + 0.74/0.57 + 0.68/0.28 + 1.00/0.23 = 0.79/0.33]
INFO:experiments.py:[96/1000] 3.76 sec: loss(t/v)=0.16/2.59, scores(t/v)=[0.82/0.35 + 0.74/0.56 + 0.71/0.28 + 1.00/0.21 = 0.81/0.33]
INFO:experiments.py:[97/1000] 3.74 sec: loss(t/v)=0.16/2.60, scores(t/v)=[0.79/0.34 + 0.74/0.56 + 0.66/0.28 + 1.00/0.21 = 0.79/0.32]
INFO:experiments.py:[98/1000] 3.76 sec: loss(t/v)=0.17/2.59, scores(t/v)=[0.79/0.34 + 0.74/0.56 + 0.69/0.28 + 1.00/0.23 = 0.80/0.33]
INFO:experiments.py:[99/1000] 3.74 sec: loss(t/v)=0.18/2.59, scores(t/v)=[0.79/0.35 + 0.75/0.55 + 0.66/0.27 + 1.00/0.23 = 0.79/0.33]
INFO:experiments.py:[100/1000] 3.74 sec: loss(t/v)=0.17/2.60, scores(t/v)=[0.80/0.35 + 0.73/0.55 + 0.68/0.27 + 1.00/0.23 = 0.79/0.33]
INFO:experiments.py:[101/1000] 3.74 sec: loss(t/v)=0.18/2.60, scores(t/v)=[0.81/0.35 + 0.75/0.56 + 0.67/0.27 + 1.00/0.23 = 0.80/0.33]
INFO:experiments.py:[102/1000] 3.72 sec: loss(t/v)=0.19/2.60, scores(t/v)=[0.79/0.36 + 0.75/0.57 + 0.65/0.27 + 1.00/0.23 = 0.79/0.33]
INFO:experiments.py:[103/1000] 3.71 sec: loss(t/v)=0.18/2.60, scores(t/v)=[0.77/0.36 + 0.74/0.57 + 0.67/0.27 + 1.00/0.23 = 0.79/0.33]
INFO:experiments.py:[104/1000] 3.68 sec: loss(t/v)=0.17/2.60, scores(t/v)=[0.78/0.36 + 0.75/0.57 + 0.67/0.27 + 1.00/0.23 = 0.79/0.33]
INFO:experiments.py:[105/1000] 3.68 sec: loss(t/v)=0.18/2.60, scores(t/v)=[0.79/0.35 + 0.74/0.56 + 0.63/0.27 + 1.00/0.23 = 0.78/0.33]
INFO:experiments.py:[106/1000] 3.69 sec: loss(t/v)=0.17/2.60, scores(t/v)=[0.80/0.36 + 0.73/0.57 + 0.65/0.27 + 1.00/0.23 = 0.79/0.33]
INFO:experiments.py:[107/1000] 3.68 sec: loss(t/v)=0.17/2.60, scores(t/v)=[0.81/0.36 + 0.73/0.56 + 0.68/0.27 + 1.00/0.23 = 0.80/0.33]
INFO:experiments.py:[108/1000] 3.69 sec: loss(t/v)=0.17/2.59, scores(t/v)=[0.80/0.36 + 0.73/0.55 + 0.65/0.27 + 1.00/0.23 = 0.78/0.33]
INFO:experiments.py:[109/1000] 3.71 sec: loss(t/v)=0.17/2.59, scores(t/v)=[0.81/0.36 + 0.72/0.56 + 0.66/0.27 + 1.00/0.23 = 0.79/0.33]
INFO:experiments.py:[110/1000] 3.69 sec: loss(t/v)=0.17/2.60, scores(t/v)=[0.81/0.36 + 0.78/0.57 + 0.68/0.28 + 1.00/0.23 = 0.81/0.34]
INFO:experiments.py:[111/1000] 3.68 sec: loss(t/v)=0.16/2.60, scores(t/v)=[0.82/0.35 + 0.75/0.56 + 0.64/0.27 + 1.00/0.23 = 0.79/0.33]
INFO:experiments.py:[112/1000] 3.69 sec: loss(t/v)=0.17/2.59, scores(t/v)=[0.80/0.35 + 0.75/0.57 + 0.66/0.27 + 1.00/0.23 = 0.79/0.33]
INFO:experiments.py:[113/1000] 3.69 sec: loss(t/v)=0.18/2.60, scores(t/v)=[0.79/0.35 + 0.74/0.58 + 0.69/0.27 + 1.00/0.23 = 0.80/0.33]
INFO:experiments.py:[114/1000] 3.70 sec: loss(t/v)=0.17/2.60, scores(t/v)=[0.81/0.35 + 0.75/0.58 + 0.65/0.27 + 1.00/0.23 = 0.79/0.33]
INFO:experiments.py:[115/1000] 3.74 sec: loss(t/v)=0.18/2.60, scores(t/v)=[0.80/0.34 + 0.75/0.57 + 0.65/0.27 + 1.00/0.23 = 0.79/0.33]
INFO:experiments.py:[116/1000] 3.73 sec: loss(t/v)=0.18/2.60, scores(t/v)=[0.79/0.35 + 0.71/0.57 + 0.67/0.27 + 1.00/0.21 = 0.78/0.33]
INFO:experiments.py:[117/1000] 3.70 sec: loss(t/v)=0.17/2.60, scores(t/v)=[0.81/0.34 + 0.75/0.56 + 0.67/0.27 + 1.00/0.23 = 0.80/0.33]
INFO:experiments.py:[118/1000] 3.68 sec: loss(t/v)=0.19/2.60, scores(t/v)=[0.78/0.34 + 0.73/0.56 + 0.64/0.27 + 1.00/0.23 = 0.78/0.33]
INFO:experiments.py:[119/1000] 3.68 sec: loss(t/v)=0.18/2.60, scores(t/v)=[0.79/0.35 + 0.75/0.57 + 0.64/0.27 + 1.00/0.23 = 0.79/0.33]
INFO:experiments.py:[120/1000] 3.71 sec: loss(t/v)=0.16/2.61, scores(t/v)=[0.79/0.35 + 0.75/0.56 + 0.66/0.27 + 1.00/0.23 = 0.79/0.33]
INFO:experiments.py:[121/1000] 3.72 sec: loss(t/v)=0.16/2.61, scores(t/v)=[0.80/0.35 + 0.74/0.57 + 0.69/0.26 + 1.00/0.23 = 0.80/0.33]
INFO:experiments.py:[122/1000] 3.76 sec: loss(t/v)=0.16/2.61, scores(t/v)=[0.82/0.35 + 0.76/0.58 + 0.68/0.26 + 1.00/0.23 = 0.81/0.33]
INFO:experiments.py:[123/1000] 3.79 sec: loss(t/v)=0.17/2.60, scores(t/v)=[0.79/0.34 + 0.75/0.58 + 0.66/0.27 + 1.00/0.23 = 0.79/0.33]
INFO:experiments.py:[124/1000] 3.81 sec: loss(t/v)=0.19/2.60, scores(t/v)=[0.79/0.34 + 0.73/0.57 + 0.67/0.27 + 1.00/0.23 = 0.79/0.33]
INFO:experiments.py:[125/1000] 3.79 sec: loss(t/v)=0.17/2.61, scores(t/v)=[0.80/0.34 + 0.73/0.57 + 0.66/0.27 + 1.00/0.23 = 0.79/0.33]
INFO:experiments.py:[126/1000] 3.73 sec: loss(t/v)=0.19/2.60, scores(t/v)=[0.77/0.35 + 0.75/0.56 + 0.65/0.26 + 1.00/0.23 = 0.78/0.33]
INFO:experiments.py:[127/1000] 3.73 sec: loss(t/v)=0.18/2.60, scores(t/v)=[0.78/0.34 + 0.76/0.56 + 0.61/0.27 + 1.00/0.23 = 0.78/0.33]
INFO:experiments.py:[128/1000] 3.75 sec: loss(t/v)=0.18/2.60, scores(t/v)=[0.78/0.35 + 0.75/0.56 + 0.68/0.27 + 1.00/0.23 = 0.80/0.33]
INFO:experiments.py:[129/1000] 3.73 sec: loss(t/v)=0.17/2.60, scores(t/v)=[0.82/0.35 + 0.72/0.56 + 0.67/0.27 + 1.00/0.21 = 0.79/0.32]
INFO:experiments.py:[130/1000] 3.72 sec: loss(t/v)=0.16/2.60, scores(t/v)=[0.80/0.35 + 0.75/0.56 + 0.67/0.27 + 1.00/0.23 = 0.80/0.33]
INFO:experiments.py:[131/1000] 3.72 sec: loss(t/v)=0.16/2.59, scores(t/v)=[0.78/0.35 + 0.77/0.56 + 0.69/0.27 + 1.00/0.23 = 0.80/0.33]
INFO:experiments.py:[132/1000] 3.75 sec: loss(t/v)=0.17/2.59, scores(t/v)=[0.79/0.35 + 0.75/0.55 + 0.69/0.27 + 1.00/0.21 = 0.80/0.32]
INFO:experiments.py:[133/1000] 3.75 sec: loss(t/v)=0.17/2.59, scores(t/v)=[0.80/0.35 + 0.74/0.55 + 0.70/0.27 + 1.00/0.21 = 0.80/0.32]
INFO:experiments.py:[134/1000] 3.72 sec: loss(t/v)=0.18/2.59, scores(t/v)=[0.78/0.35 + 0.72/0.56 + 0.65/0.27 + 1.00/0.23 = 0.78/0.33]
INFO:experiments.py:[135/1000] 3.75 sec: loss(t/v)=0.19/2.59, scores(t/v)=[0.78/0.35 + 0.70/0.55 + 0.64/0.27 + 1.00/0.21 = 0.77/0.32]
INFO:experiments.py:[136/1000] 3.75 sec: loss(t/v)=0.17/2.60, scores(t/v)=[0.80/0.36 + 0.74/0.55 + 0.68/0.27 + 1.00/0.23 = 0.80/0.33]
INFO:experiments.py:[137/1000] 3.72 sec: loss(t/v)=0.17/2.60, scores(t/v)=[0.80/0.35 + 0.74/0.55 + 0.64/0.27 + 1.00/0.23 = 0.79/0.33]
INFO:experiments.py:[138/1000] 3.75 sec: loss(t/v)=0.16/2.61, scores(t/v)=[0.82/0.35 + 0.78/0.56 + 0.67/0.28 + 1.00/0.23 = 0.81/0.33]
INFO:experiments.py:[139/1000] 3.74 sec: loss(t/v)=0.18/2.60, scores(t/v)=[0.79/0.35 + 0.73/0.55 + 0.66/0.27 + 1.00/0.23 = 0.79/0.33]
INFO:experiments.py:[140/1000] 3.73 sec: loss(t/v)=0.19/2.60, scores(t/v)=[0.74/0.35 + 0.72/0.56 + 0.68/0.27 + 1.00/0.23 = 0.78/0.33]
INFO:experiments.py:[141/1000] 3.76 sec: loss(t/v)=0.16/2.60, scores(t/v)=[0.79/0.35 + 0.73/0.56 + 0.70/0.28 + 1.00/0.23 = 0.80/0.33]
INFO:experiments.py:[142/1000] 3.83 sec: loss(t/v)=0.17/2.60, scores(t/v)=[0.80/0.35 + 0.75/0.56 + 0.65/0.27 + 1.00/0.23 = 0.79/0.33]
INFO:experiments.py:[143/1000] 3.77 sec: loss(t/v)=0.18/2.59, scores(t/v)=[0.80/0.35 + 0.73/0.57 + 0.66/0.26 + 1.00/0.23 = 0.79/0.33]
INFO:experiments.py:+ New best model found: loss=2.590157985687256, score=0.33156457228214214
INFO:experiments.py:[144/1000] 3.75 sec: loss(t/v)=0.18/2.59, scores(t/v)=[0.80/0.36 + 0.74/0.57 + 0.65/0.26 + 1.00/0.23 = 0.79/0.33]
INFO:experiments.py:[145/1000] 3.76 sec: loss(t/v)=0.17/2.59, scores(t/v)=[0.77/0.35 + 0.75/0.57 + 0.65/0.27 + 1.00/0.23 = 0.78/0.33]
INFO:experiments.py:[146/1000] 3.74 sec: loss(t/v)=0.18/2.60, scores(t/v)=[0.79/0.35 + 0.71/0.58 + 0.66/0.27 + 1.00/0.23 = 0.78/0.33]
INFO:experiments.py:[147/1000] 3.76 sec: loss(t/v)=0.18/2.60, scores(t/v)=[0.78/0.35 + 0.72/0.57 + 0.63/0.27 + 1.00/0.23 = 0.77/0.33]
INFO:experiments.py:[148/1000] 3.76 sec: loss(t/v)=0.18/2.60, scores(t/v)=[0.80/0.35 + 0.73/0.57 + 0.65/0.27 + 1.00/0.23 = 0.78/0.33]
INFO:experiments.py:+ New best model found: loss=2.589137315750122, score=0.3338439698349637
INFO:experiments.py:[149/1000] 3.76 sec: loss(t/v)=0.18/2.59, scores(t/v)=[0.79/0.35 + 0.73/0.57 + 0.64/0.27 + 1.00/0.23 = 0.78/0.33]
INFO:experiments.py:+ New best model found: loss=2.5865702629089355, score=0.3271577194660169
INFO:experiments.py:[150/1000] 3.78 sec: loss(t/v)=0.17/2.59, scores(t/v)=[0.79/0.36 + 0.74/0.57 + 0.65/0.27 + 1.00/0.21 = 0.78/0.33]
INFO:experiments.py:[151/1000] 3.74 sec: loss(t/v)=0.16/2.59, scores(t/v)=[0.80/0.35 + 0.77/0.56 + 0.68/0.27 + 1.00/0.23 = 0.81/0.33]
INFO:experiments.py:[152/1000] 3.76 sec: loss(t/v)=0.18/2.60, scores(t/v)=[0.81/0.34 + 0.74/0.57 + 0.67/0.27 + 1.00/0.23 = 0.80/0.33]
INFO:experiments.py:[153/1000] 3.73 sec: loss(t/v)=0.18/2.60, scores(t/v)=[0.82/0.35 + 0.74/0.57 + 0.66/0.27 + 1.00/0.23 = 0.80/0.33]
INFO:experiments.py:[154/1000] 3.71 sec: loss(t/v)=0.17/2.60, scores(t/v)=[0.80/0.35 + 0.74/0.57 + 0.65/0.27 + 1.00/0.23 = 0.79/0.33]
INFO:experiments.py:[155/1000] 3.77 sec: loss(t/v)=0.18/2.59, scores(t/v)=[0.79/0.36 + 0.74/0.57 + 0.67/0.28 + 1.00/0.23 = 0.79/0.33]
INFO:experiments.py:[156/1000] 3.81 sec: loss(t/v)=0.17/2.60, scores(t/v)=[0.81/0.36 + 0.74/0.57 + 0.65/0.27 + 1.00/0.23 = 0.79/0.33]
INFO:experiments.py:[157/1000] 3.78 sec: loss(t/v)=0.16/2.60, scores(t/v)=[0.81/0.35 + 0.76/0.56 + 0.68/0.27 + 1.00/0.23 = 0.80/0.33]
INFO:experiments.py:[158/1000] 3.79 sec: loss(t/v)=0.19/2.59, scores(t/v)=[0.78/0.36 + 0.71/0.56 + 0.64/0.28 + 1.00/0.23 = 0.77/0.34]
INFO:experiments.py:[159/1000] 3.77 sec: loss(t/v)=0.17/2.60, scores(t/v)=[0.79/0.35 + 0.75/0.56 + 0.68/0.28 + 1.00/0.23 = 0.80/0.33]
INFO:experiments.py:[160/1000] 3.74 sec: loss(t/v)=0.17/2.60, scores(t/v)=[0.78/0.35 + 0.74/0.57 + 0.66/0.29 + 1.00/0.21 = 0.79/0.33]
INFO:experiments.py:[161/1000] 3.75 sec: loss(t/v)=0.17/2.60, scores(t/v)=[0.79/0.35 + 0.75/0.56 + 0.66/0.27 + 1.00/0.23 = 0.79/0.33]
INFO:experiments.py:[162/1000] 3.74 sec: loss(t/v)=0.18/2.61, scores(t/v)=[0.78/0.35 + 0.74/0.56 + 0.63/0.28 + 1.00/0.23 = 0.78/0.33]
INFO:experiments.py:[163/1000] 3.73 sec: loss(t/v)=0.18/2.60, scores(t/v)=[0.80/0.35 + 0.72/0.56 + 0.70/0.27 + 1.00/0.23 = 0.80/0.33]
INFO:experiments.py:[164/1000] 3.74 sec: loss(t/v)=0.17/2.60, scores(t/v)=[0.79/0.35 + 0.72/0.57 + 0.67/0.27 + 1.00/0.21 = 0.79/0.33]
INFO:experiments.py:[165/1000] 3.72 sec: loss(t/v)=0.18/2.60, scores(t/v)=[0.79/0.35 + 0.74/0.56 + 0.67/0.28 + 1.00/0.21 = 0.79/0.33]
INFO:experiments.py:[166/1000] 3.73 sec: loss(t/v)=0.17/2.60, scores(t/v)=[0.80/0.35 + 0.74/0.56 + 0.68/0.27 + 1.00/0.21 = 0.80/0.33]
INFO:experiments.py:[167/1000] 3.76 sec: loss(t/v)=0.17/2.60, scores(t/v)=[0.81/0.35 + 0.72/0.57 + 0.68/0.27 + 1.00/0.23 = 0.79/0.33]
INFO:experiments.py:[168/1000] 3.73 sec: loss(t/v)=0.18/2.60, scores(t/v)=[0.78/0.36 + 0.73/0.56 + 0.66/0.27 + 1.00/0.23 = 0.78/0.33]
INFO:experiments.py:[169/1000] 3.73 sec: loss(t/v)=0.18/2.60, scores(t/v)=[0.78/0.36 + 0.75/0.56 + 0.63/0.27 + 1.00/0.21 = 0.78/0.33]
INFO:experiments.py:[170/1000] 3.74 sec: loss(t/v)=0.17/2.60, scores(t/v)=[0.79/0.35 + 0.73/0.57 + 0.67/0.27 + 1.00/0.21 = 0.79/0.33]
INFO:experiments.py:[171/1000] 3.76 sec: loss(t/v)=0.16/2.60, scores(t/v)=[0.81/0.35 + 0.76/0.57 + 0.67/0.27 + 1.00/0.23 = 0.80/0.33]
INFO:experiments.py:[172/1000] 3.73 sec: loss(t/v)=0.16/2.60, scores(t/v)=[0.81/0.35 + 0.78/0.58 + 0.66/0.27 + 1.00/0.23 = 0.80/0.33]
INFO:experiments.py:[173/1000] 3.75 sec: loss(t/v)=0.20/2.60, scores(t/v)=[0.78/0.35 + 0.72/0.57 + 0.64/0.28 + 1.00/0.23 = 0.78/0.33]
INFO:experiments.py:[174/1000] 3.76 sec: loss(t/v)=0.17/2.60, scores(t/v)=[0.77/0.35 + 0.72/0.57 + 0.65/0.27 + 1.00/0.21 = 0.78/0.33]
INFO:experiments.py:[175/1000] 3.74 sec: loss(t/v)=0.18/2.60, scores(t/v)=[0.79/0.36 + 0.74/0.57 + 0.61/0.28 + 1.00/0.23 = 0.77/0.34]
INFO:experiments.py:[176/1000] 3.75 sec: loss(t/v)=0.19/2.60, scores(t/v)=[0.79/0.35 + 0.75/0.57 + 0.68/0.27 + 1.00/0.23 = 0.80/0.33]
INFO:experiments.py:[177/1000] 3.71 sec: loss(t/v)=0.18/2.59, scores(t/v)=[0.81/0.36 + 0.71/0.57 + 0.66/0.28 + 1.00/0.23 = 0.79/0.34]
INFO:experiments.py:[178/1000] 3.71 sec: loss(t/v)=0.18/2.59, scores(t/v)=[0.81/0.36 + 0.73/0.56 + 0.67/0.28 + 1.00/0.23 = 0.79/0.34]
INFO:experiments.py:[179/1000] 3.72 sec: loss(t/v)=0.18/2.60, scores(t/v)=[0.79/0.36 + 0.74/0.57 + 0.69/0.29 + 1.00/0.23 = 0.80/0.34]
INFO:experiments.py:[180/1000] 3.75 sec: loss(t/v)=0.17/2.59, scores(t/v)=[0.79/0.35 + 0.74/0.57 + 0.67/0.27 + 1.00/0.23 = 0.79/0.33]
INFO:experiments.py:[181/1000] 3.73 sec: loss(t/v)=0.16/2.59, scores(t/v)=[0.81/0.35 + 0.75/0.57 + 0.68/0.27 + 1.00/0.21 = 0.80/0.33]
INFO:experiments.py:[182/1000] 3.75 sec: loss(t/v)=0.19/2.60, scores(t/v)=[0.78/0.35 + 0.72/0.57 + 0.66/0.27 + 1.00/0.21 = 0.78/0.33]
INFO:experiments.py:[183/1000] 3.78 sec: loss(t/v)=0.18/2.60, scores(t/v)=[0.78/0.35 + 0.74/0.57 + 0.67/0.28 + 1.00/0.23 = 0.79/0.33]
INFO:experiments.py:[184/1000] 3.76 sec: loss(t/v)=0.18/2.60, scores(t/v)=[0.81/0.35 + 0.74/0.56 + 0.67/0.28 + 1.00/0.21 = 0.80/0.33]
INFO:experiments.py:[185/1000] 3.78 sec: loss(t/v)=0.18/2.60, scores(t/v)=[0.79/0.34 + 0.73/0.56 + 0.67/0.27 + 1.00/0.23 = 0.79/0.33]
INFO:experiments.py:[186/1000] 3.76 sec: loss(t/v)=0.18/2.61, scores(t/v)=[0.81/0.35 + 0.74/0.57 + 0.63/0.26 + 1.00/0.21 = 0.78/0.32]
INFO:experiments.py:[187/1000] 3.77 sec: loss(t/v)=0.17/2.60, scores(t/v)=[0.80/0.35 + 0.76/0.56 + 0.67/0.27 + 1.00/0.23 = 0.80/0.33]
INFO:experiments.py:[188/1000] 3.76 sec: loss(t/v)=0.17/2.60, scores(t/v)=[0.80/0.35 + 0.75/0.57 + 0.67/0.26 + 1.00/0.21 = 0.79/0.32]
INFO:experiments.py:[189/1000] 3.78 sec: loss(t/v)=0.17/2.60, scores(t/v)=[0.78/0.35 + 0.74/0.57 + 0.67/0.27 + 1.00/0.23 = 0.79/0.33]
INFO:experiments.py:[190/1000] 3.77 sec: loss(t/v)=0.19/2.60, scores(t/v)=[0.79/0.35 + 0.72/0.57 + 0.64/0.28 + 1.00/0.23 = 0.78/0.33]
INFO:experiments.py:[191/1000] 3.77 sec: loss(t/v)=0.18/2.60, scores(t/v)=[0.78/0.35 + 0.74/0.56 + 0.66/0.27 + 1.00/0.23 = 0.78/0.33]
INFO:experiments.py:[192/1000] 3.73 sec: loss(t/v)=0.16/2.60, scores(t/v)=[0.80/0.36 + 0.77/0.56 + 0.68/0.27 + 1.00/0.23 = 0.80/0.33]
INFO:experiments.py:[193/1000] 3.74 sec: loss(t/v)=0.17/2.60, scores(t/v)=[0.80/0.36 + 0.74/0.56 + 0.66/0.27 + 1.00/0.23 = 0.79/0.33]
INFO:experiments.py:[194/1000] 3.76 sec: loss(t/v)=0.18/2.60, scores(t/v)=[0.80/0.36 + 0.74/0.57 + 0.63/0.27 + 1.00/0.23 = 0.78/0.33]
INFO:experiments.py:[195/1000] 3.71 sec: loss(t/v)=0.18/2.60, scores(t/v)=[0.79/0.36 + 0.76/0.57 + 0.67/0.28 + 1.00/0.23 = 0.80/0.33]
INFO:experiments.py:[196/1000] 3.70 sec: loss(t/v)=0.18/2.60, scores(t/v)=[0.79/0.35 + 0.73/0.57 + 0.65/0.28 + 1.00/0.23 = 0.78/0.34]
INFO:experiments.py:[197/1000] 3.73 sec: loss(t/v)=0.16/2.60, scores(t/v)=[0.78/0.35 + 0.75/0.58 + 0.66/0.28 + 1.00/0.23 = 0.79/0.34]
INFO:experiments.py:[198/1000] 3.73 sec: loss(t/v)=0.17/2.60, scores(t/v)=[0.78/0.35 + 0.74/0.57 + 0.65/0.27 + 1.00/0.23 = 0.78/0.33]
INFO:experiments.py:[199/1000] 3.74 sec: loss(t/v)=0.18/2.60, scores(t/v)=[0.80/0.35 + 0.76/0.58 + 0.67/0.27 + 1.00/0.21 = 0.80/0.33]
INFO:experiments.py:[200/1000] 3.73 sec: loss(t/v)=0.17/2.59, scores(t/v)=[0.79/0.36 + 0.73/0.58 + 0.66/0.28 + 1.00/0.23 = 0.79/0.34]
INFO:experiments.py:[201/1000] 3.74 sec: loss(t/v)=0.18/2.59, scores(t/v)=[0.77/0.36 + 0.72/0.57 + 0.65/0.27 + 1.00/0.23 = 0.78/0.33]
INFO:experiments.py:[202/1000] 3.74 sec: loss(t/v)=0.18/2.59, scores(t/v)=[0.78/0.36 + 0.74/0.57 + 0.66/0.27 + 1.00/0.23 = 0.78/0.33]
INFO:experiments.py:[203/1000] 3.73 sec: loss(t/v)=0.17/2.60, scores(t/v)=[0.81/0.35 + 0.76/0.58 + 0.65/0.27 + 1.00/0.23 = 0.80/0.33]
INFO:experiments.py:[204/1000] 3.76 sec: loss(t/v)=0.17/2.60, scores(t/v)=[0.79/0.36 + 0.76/0.57 + 0.68/0.28 + 1.00/0.23 = 0.80/0.34]
INFO:experiments.py:[205/1000] 3.75 sec: loss(t/v)=0.19/2.61, scores(t/v)=[0.78/0.36 + 0.70/0.58 + 0.65/0.28 + 1.00/0.23 = 0.77/0.34]
INFO:experiments.py:[206/1000] 3.73 sec: loss(t/v)=0.17/2.60, scores(t/v)=[0.79/0.35 + 0.73/0.57 + 0.68/0.28 + 1.00/0.23 = 0.79/0.34]
INFO:experiments.py:[207/1000] 3.76 sec: loss(t/v)=0.17/2.60, scores(t/v)=[0.80/0.35 + 0.73/0.57 + 0.67/0.28 + 1.00/0.19 = 0.79/0.32]
INFO:experiments.py:[208/1000] 3.74 sec: loss(t/v)=0.19/2.60, scores(t/v)=[0.77/0.35 + 0.71/0.57 + 0.68/0.28 + 1.00/0.21 = 0.78/0.33]
INFO:experiments.py:[209/1000] 3.72 sec: loss(t/v)=0.17/2.60, scores(t/v)=[0.79/0.36 + 0.71/0.57 + 0.66/0.28 + 1.00/0.21 = 0.78/0.33]
INFO:experiments.py:[210/1000] 3.75 sec: loss(t/v)=0.17/2.60, scores(t/v)=[0.75/0.36 + 0.72/0.56 + 0.67/0.28 + 1.00/0.21 = 0.78/0.33]
INFO:experiments.py:[211/1000] 3.75 sec: loss(t/v)=0.18/2.61, scores(t/v)=[0.78/0.36 + 0.73/0.56 + 0.65/0.27 + 1.00/0.21 = 0.78/0.33]
INFO:experiments.py:[212/1000] 3.71 sec: loss(t/v)=0.17/2.60, scores(t/v)=[0.80/0.36 + 0.73/0.56 + 0.67/0.27 + 1.00/0.21 = 0.79/0.33]
INFO:experiments.py:[213/1000] 3.73 sec: loss(t/v)=0.18/2.60, scores(t/v)=[0.78/0.35 + 0.72/0.57 + 0.65/0.27 + 1.00/0.23 = 0.78/0.33]
INFO:experiments.py:[214/1000] 3.74 sec: loss(t/v)=0.18/2.60, scores(t/v)=[0.79/0.35 + 0.75/0.58 + 0.67/0.27 + 1.00/0.23 = 0.79/0.33]
INFO:experiments.py:[215/1000] 3.73 sec: loss(t/v)=0.17/2.60, scores(t/v)=[0.82/0.35 + 0.75/0.57 + 0.69/0.27 + 1.00/0.23 = 0.81/0.33]
INFO:experiments.py:[216/1000] 3.72 sec: loss(t/v)=0.16/2.60, scores(t/v)=[0.82/0.35 + 0.75/0.57 + 0.69/0.27 + 1.00/0.23 = 0.81/0.33]
INFO:experiments.py:[217/1000] 3.75 sec: loss(t/v)=0.17/2.60, scores(t/v)=[0.79/0.35 + 0.75/0.58 + 0.66/0.28 + 1.00/0.23 = 0.79/0.33]
INFO:experiments.py:[218/1000] 3.74 sec: loss(t/v)=0.17/2.60, scores(t/v)=[0.79/0.35 + 0.75/0.57 + 0.64/0.27 + 1.00/0.23 = 0.79/0.33]
INFO:experiments.py:[219/1000] 3.72 sec: loss(t/v)=0.17/2.60, scores(t/v)=[0.79/0.35 + 0.74/0.57 + 0.66/0.28 + 1.00/0.23 = 0.79/0.34]
INFO:experiments.py:[220/1000] 3.78 sec: loss(t/v)=0.17/2.60, scores(t/v)=[0.80/0.36 + 0.74/0.57 + 0.64/0.28 + 1.00/0.23 = 0.78/0.34]
INFO:experiments.py:[221/1000] 3.72 sec: loss(t/v)=0.18/2.60, scores(t/v)=[0.79/0.35 + 0.75/0.56 + 0.65/0.28 + 1.00/0.21 = 0.79/0.33]
INFO:experiments.py:[222/1000] 3.71 sec: loss(t/v)=0.16/2.60, scores(t/v)=[0.82/0.35 + 0.78/0.57 + 0.69/0.28 + 1.00/0.21 = 0.82/0.33]
INFO:experiments.py:[223/1000] 3.70 sec: loss(t/v)=0.18/2.60, scores(t/v)=[0.79/0.35 + 0.74/0.56 + 0.66/0.28 + 1.00/0.23 = 0.79/0.33]
INFO:experiments.py:[224/1000] 3.72 sec: loss(t/v)=0.18/2.60, scores(t/v)=[0.78/0.35 + 0.72/0.57 + 0.66/0.28 + 1.00/0.23 = 0.78/0.33]
INFO:experiments.py:[225/1000] 3.75 sec: loss(t/v)=0.17/2.60, scores(t/v)=[0.78/0.35 + 0.73/0.56 + 0.67/0.28 + 1.00/0.21 = 0.79/0.33]
INFO:experiments.py:[226/1000] 3.79 sec: loss(t/v)=0.19/2.60, scores(t/v)=[0.79/0.35 + 0.74/0.57 + 0.63/0.27 + 1.00/0.23 = 0.78/0.33]
INFO:experiments.py:[227/1000] 3.76 sec: loss(t/v)=0.18/2.60, scores(t/v)=[0.79/0.35 + 0.74/0.57 + 0.67/0.27 + 1.00/0.23 = 0.79/0.33]
INFO:experiments.py:[228/1000] 3.70 sec: loss(t/v)=0.17/2.60, scores(t/v)=[0.78/0.35 + 0.74/0.56 + 0.66/0.27 + 1.00/0.23 = 0.79/0.33]
INFO:experiments.py:[229/1000] 3.70 sec: loss(t/v)=0.18/2.60, scores(t/v)=[0.77/0.35 + 0.73/0.56 + 0.67/0.26 + 1.00/0.23 = 0.78/0.33]
INFO:experiments.py:[230/1000] 3.71 sec: loss(t/v)=0.18/2.60, scores(t/v)=[0.80/0.35 + 0.77/0.57 + 0.62/0.27 + 1.00/0.21 = 0.79/0.32]
INFO:experiments.py:[231/1000] 3.70 sec: loss(t/v)=0.16/2.60, scores(t/v)=[0.79/0.35 + 0.77/0.56 + 0.67/0.28 + 1.00/0.21 = 0.80/0.33]
INFO:experiments.py:[232/1000] 3.74 sec: loss(t/v)=0.17/2.60, scores(t/v)=[0.81/0.36 + 0.75/0.57 + 0.66/0.27 + 1.00/0.23 = 0.80/0.34]
INFO:experiments.py:[233/1000] 3.73 sec: loss(t/v)=0.17/2.60, scores(t/v)=[0.78/0.35 + 0.76/0.57 + 0.63/0.27 + 1.00/0.23 = 0.78/0.33]
INFO:experiments.py:[234/1000] 3.70 sec: loss(t/v)=0.17/2.60, scores(t/v)=[0.79/0.35 + 0.75/0.58 + 0.68/0.28 + 1.00/0.23 = 0.80/0.33]
INFO:experiments.py:[235/1000] 3.72 sec: loss(t/v)=0.18/2.61, scores(t/v)=[0.79/0.35 + 0.72/0.57 + 0.67/0.27 + 1.00/0.23 = 0.78/0.33]
INFO:experiments.py:[236/1000] 3.72 sec: loss(t/v)=0.17/2.61, scores(t/v)=[0.80/0.35 + 0.72/0.57 + 0.69/0.28 + 1.00/0.23 = 0.80/0.34]
INFO:experiments.py:[237/1000] 3.73 sec: loss(t/v)=0.17/2.60, scores(t/v)=[0.79/0.35 + 0.77/0.56 + 0.67/0.27 + 1.00/0.23 = 0.80/0.33]
INFO:experiments.py:[238/1000] 3.74 sec: loss(t/v)=0.17/2.60, scores(t/v)=[0.79/0.35 + 0.74/0.56 + 0.68/0.27 + 1.00/0.23 = 0.79/0.33]
INFO:experiments.py:[239/1000] 3.73 sec: loss(t/v)=0.19/2.60, scores(t/v)=[0.79/0.36 + 0.74/0.57 + 0.63/0.27 + 1.00/0.21 = 0.78/0.33]
INFO:experiments.py:[240/1000] 3.73 sec: loss(t/v)=0.17/2.60, scores(t/v)=[0.80/0.36 + 0.75/0.57 + 0.65/0.27 + 1.00/0.23 = 0.79/0.34]
INFO:experiments.py:[241/1000] 3.74 sec: loss(t/v)=0.18/2.60, scores(t/v)=[0.79/0.36 + 0.74/0.57 + 0.65/0.28 + 1.00/0.21 = 0.79/0.33]
INFO:experiments.py:[242/1000] 3.73 sec: loss(t/v)=0.18/2.60, scores(t/v)=[0.81/0.36 + 0.74/0.58 + 0.65/0.28 + 1.00/0.23 = 0.79/0.34]
INFO:experiments.py:[243/1000] 3.73 sec: loss(t/v)=0.18/2.60, scores(t/v)=[0.78/0.35 + 0.72/0.58 + 0.66/0.27 + 1.00/0.21 = 0.78/0.33]
INFO:experiments.py:[244/1000] 3.77 sec: loss(t/v)=0.18/2.60, scores(t/v)=[0.78/0.35 + 0.74/0.57 + 0.68/0.28 + 1.00/0.19 = 0.79/0.32]
INFO:experiments.py:[245/1000] 3.73 sec: loss(t/v)=0.17/2.61, scores(t/v)=[0.79/0.35 + 0.74/0.58 + 0.66/0.27 + 1.00/0.21 = 0.79/0.33]
INFO:experiments.py:[246/1000] 3.73 sec: loss(t/v)=0.16/2.60, scores(t/v)=[0.81/0.35 + 0.75/0.57 + 0.70/0.27 + 1.00/0.23 = 0.81/0.33]
INFO:experiments.py:[247/1000] 3.75 sec: loss(t/v)=0.16/2.60, scores(t/v)=[0.81/0.35 + 0.77/0.57 + 0.69/0.27 + 1.00/0.21 = 0.81/0.33]
INFO:experiments.py:[248/1000] 3.77 sec: loss(t/v)=0.17/2.61, scores(t/v)=[0.81/0.35 + 0.74/0.57 + 0.67/0.28 + 1.00/0.21 = 0.80/0.33]
INFO:experiments.py:[249/1000] 3.80 sec: loss(t/v)=0.17/2.61, scores(t/v)=[0.80/0.35 + 0.73/0.56 + 0.69/0.28 + 1.00/0.21 = 0.80/0.33]
INFO:experiments.py:[250/1000] 3.82 sec: loss(t/v)=0.16/2.61, scores(t/v)=[0.81/0.34 + 0.73/0.56 + 0.66/0.28 + 1.00/0.23 = 0.79/0.33]
INFO:experiments.py:Impatient! No gen. improvement in 100 epochs
INFO:experiments.py:Early Stopping: Rewinding to epoch 150
