INFO:experiments.py:+ Begin training with configuration:
{   'data': '/rap/jvb-000-aa/COURS2019/etudiants/data/omsignal/myHeartProject/',
    'dataloader': {   'batch_size': 64,
                      'num_workers': 6,
                      'shuffle': True,
                      'test_proportion': 0.2},
    'models': {   'tspec': {   'hid_dim': 500,
                               'num_layers': 4,
                               'out_dims': [1, 1, 1, 32],
                               'spec_len': 1876,
                               'ts_len': 3750}},
    'preprocessing': {'noise_gain': 0.25},
    'training': {   'early_stopping_patience': 100,
                    'epochs': 1000,
                    'l2': 0.001,
                    'learning_rate': 0.01,
                    'momentum': 0.9,
                    'schedule_patience': 20}}
INFO:experiments.py:+ New best model found: loss=3.4662158489227295, score=0.0
INFO:experiments.py:[1/1000] 537.00 sec: loss(t/v)=3.84/3.47, scores(t/v)=[0.00/0.00 + 0.05/0.07 + 0.00/0.00 + 0.01/0.00 = 0.00/0.00]
