INFO:experiments.py:--- Begin Training with configuration:
{   'data': '/rap/jvb-000-aa/COURS2019/etudiants/data/omsignal/myHeartProject/',
    'dataloader': {   'batch_size': 64,
                      'num_workers': 6,
                      'shuffle': True,
                      'test_proportion': 0.2},
    'models': {   'tspec': {   'freeze': [False, False, False, True],
                               'hid_dim': 100,
                               'num_layers': 3,
                               'out_dims': [1, 1, 1, 32],
                               'spec_len': 1876,
                               'ts_len': 3750}},
    'preprocessing': {'noise_gain': 0.25},
    'training': {   'epochs': 1000,
                    'l2': 0.01,
                    'learning_rate': 0.01,
                    'momentum': 0.9}}
INFO:experiments.py:[1/1000] 2.57 sec: loss(t/v)=3.77/3.47, scores(t/v)=[0.04/0.00 + 0.12/0.18 + 0.00/0.00 + 0.00/0.00 = 0.00/0.00]
INFO:experiments.py:[2/1000] 2.52 sec: loss(t/v)=3.64/3.47, scores(t/v)=[0.12/0.05 + 0.23/0.19 + 0.04/0.05 + 0.02/0.00 = 0.07/0.00]
INFO:experiments.py:[3/1000] 2.48 sec: loss(t/v)=3.54/3.47, scores(t/v)=[0.16/0.01 + 0.26/0.20 + 0.21/0.10 + 0.03/0.02 = 0.13/0.04]
INFO:experiments.py:[4/1000] 2.47 sec: loss(t/v)=3.45/3.47, scores(t/v)=[0.15/0.03 + 0.27/0.18 + 0.16/0.07 + 0.11/0.02 = 0.17/0.05]
INFO:experiments.py:[5/1000] 2.45 sec: loss(t/v)=3.37/3.47, scores(t/v)=[0.18/0.13 + 0.30/0.12 + 0.16/0.04 + 0.16/0.00 = 0.19/0.00]
INFO:experiments.py:[6/1000] 2.44 sec: loss(t/v)=3.28/3.47, scores(t/v)=[0.16/0.09 + 0.41/0.26 + 0.26/0.13 + 0.17/0.02 = 0.23/0.08]
INFO:experiments.py:[7/1000] 2.44 sec: loss(t/v)=3.22/3.46, scores(t/v)=[0.17/0.04 + 0.36/0.39 + 0.26/0.11 + 0.20/0.03 = 0.24/0.08]
INFO:experiments.py:[8/1000] 2.47 sec: loss(t/v)=3.16/3.45, scores(t/v)=[0.25/0.07 + 0.35/0.37 + 0.25/0.09 + 0.22/0.05 = 0.26/0.11]
INFO:experiments.py:[9/1000] 2.47 sec: loss(t/v)=3.09/3.41, scores(t/v)=[0.25/0.16 + 0.40/0.38 + 0.23/0.15 + 0.25/0.03 = 0.28/0.13]
INFO:experiments.py:[10/1000] 2.45 sec: loss(t/v)=3.01/3.37, scores(t/v)=[0.23/0.21 + 0.47/0.40 + 0.27/0.24 + 0.25/0.11 = 0.29/0.22]
INFO:experiments.py:[11/1000] 2.47 sec: loss(t/v)=2.96/3.31, scores(t/v)=[0.24/0.24 + 0.48/0.40 + 0.27/0.22 + 0.32/0.11 = 0.32/0.22]
INFO:experiments.py:[12/1000] 2.44 sec: loss(t/v)=2.87/3.27, scores(t/v)=[0.30/0.24 + 0.49/0.39 + 0.23/0.19 + 0.34/0.15 = 0.33/0.22]
INFO:experiments.py:[13/1000] 2.44 sec: loss(t/v)=2.79/3.25, scores(t/v)=[0.30/0.18 + 0.52/0.34 + 0.30/0.13 + 0.37/0.18 = 0.36/0.20]
INFO:experiments.py:[14/1000] 2.44 sec: loss(t/v)=2.72/3.22, scores(t/v)=[0.28/0.31 + 0.48/0.37 + 0.24/0.09 + 0.38/0.18 = 0.33/0.21]
INFO:experiments.py:[15/1000] 2.46 sec: loss(t/v)=2.68/3.20, scores(t/v)=[0.32/0.35 + 0.51/0.32 + 0.25/0.18 + 0.41/0.18 = 0.36/0.24]
INFO:experiments.py:[16/1000] 2.45 sec: loss(t/v)=2.59/3.16, scores(t/v)=[0.29/0.38 + 0.52/0.38 + 0.30/0.22 + 0.46/0.15 = 0.38/0.26]
INFO:experiments.py:[17/1000] 2.46 sec: loss(t/v)=2.51/3.14, scores(t/v)=[0.33/0.32 + 0.47/0.39 + 0.28/0.21 + 0.47/0.18 = 0.38/0.26]
INFO:experiments.py:[18/1000] 2.46 sec: loss(t/v)=2.42/3.15, scores(t/v)=[0.32/0.20 + 0.48/0.43 + 0.32/0.34 + 0.51/0.10 = 0.40/0.23]
INFO:experiments.py:[19/1000] 2.45 sec: loss(t/v)=2.36/3.14, scores(t/v)=[0.36/0.23 + 0.52/0.45 + 0.26/0.35 + 0.53/0.08 = 0.40/0.23]
INFO:experiments.py:[20/1000] 2.44 sec: loss(t/v)=2.30/3.07, scores(t/v)=[0.33/0.32 + 0.45/0.46 + 0.31/0.26 + 0.50/0.19 = 0.39/0.29]
INFO:experiments.py:[21/1000] 2.45 sec: loss(t/v)=2.19/3.02, scores(t/v)=[0.35/0.27 + 0.50/0.45 + 0.34/0.19 + 0.57/0.15 = 0.43/0.24]
INFO:experiments.py:[22/1000] 2.44 sec: loss(t/v)=2.16/3.01, scores(t/v)=[0.34/0.17 + 0.51/0.45 + 0.25/0.27 + 0.57/0.16 = 0.40/0.24]
INFO:experiments.py:[23/1000] 2.46 sec: loss(t/v)=2.03/3.03, scores(t/v)=[0.31/0.27 + 0.49/0.41 + 0.33/0.17 + 0.66/0.18 = 0.43/0.24]
INFO:experiments.py:[24/1000] 2.46 sec: loss(t/v)=1.96/3.01, scores(t/v)=[0.41/0.27 + 0.49/0.38 + 0.34/0.27 + 0.65/0.15 = 0.46/0.25]
INFO:experiments.py:[25/1000] 2.47 sec: loss(t/v)=1.87/2.97, scores(t/v)=[0.38/0.23 + 0.49/0.44 + 0.32/0.12 + 0.64/0.16 = 0.44/0.21]
INFO:experiments.py:[26/1000] 2.47 sec: loss(t/v)=1.78/2.92, scores(t/v)=[0.43/0.23 + 0.52/0.44 + 0.28/0.20 + 0.70/0.18 = 0.46/0.24]
INFO:experiments.py:[27/1000] 2.45 sec: loss(t/v)=1.68/2.89, scores(t/v)=[0.44/0.28 + 0.50/0.47 + 0.34/0.16 + 0.73/0.21 = 0.48/0.26]
INFO:experiments.py:[28/1000] 2.46 sec: loss(t/v)=1.61/2.91, scores(t/v)=[0.44/0.21 + 0.50/0.46 + 0.37/0.15 + 0.75/0.19 = 0.50/0.23]
INFO:experiments.py:[29/1000] 2.44 sec: loss(t/v)=1.51/2.94, scores(t/v)=[0.43/0.26 + 0.50/0.40 + 0.32/0.18 + 0.77/0.16 = 0.48/0.24]
INFO:experiments.py:[30/1000] 2.50 sec: loss(t/v)=1.44/2.94, scores(t/v)=[0.48/0.25 + 0.46/0.41 + 0.38/0.14 + 0.78/0.19 = 0.51/0.23]
INFO:experiments.py:[31/1000] 2.44 sec: loss(t/v)=1.34/2.89, scores(t/v)=[0.44/0.29 + 0.44/0.36 + 0.35/0.11 + 0.83/0.19 = 0.49/0.22]
INFO:experiments.py:[32/1000] 2.45 sec: loss(t/v)=1.32/2.93, scores(t/v)=[0.45/0.24 + 0.44/0.45 + 0.29/0.24 + 0.81/0.19 = 0.46/0.27]
INFO:experiments.py:[33/1000] 2.46 sec: loss(t/v)=1.20/2.93, scores(t/v)=[0.43/0.27 + 0.52/0.39 + 0.30/0.15 + 0.85/0.16 = 0.49/0.22]
INFO:experiments.py:[34/1000] 2.43 sec: loss(t/v)=1.12/2.89, scores(t/v)=[0.49/0.32 + 0.49/0.46 + 0.32/0.36 + 0.89/0.15 = 0.51/0.30]
INFO:experiments.py:[35/1000] 2.44 sec: loss(t/v)=1.07/2.90, scores(t/v)=[0.44/0.31 + 0.48/0.42 + 0.28/0.15 + 0.90/0.18 = 0.48/0.24]
INFO:experiments.py:[36/1000] 2.45 sec: loss(t/v)=0.99/2.91, scores(t/v)=[0.57/0.34 + 0.47/0.45 + 0.35/0.12 + 0.92/0.24 = 0.54/0.26]
INFO:experiments.py:[37/1000] 2.46 sec: loss(t/v)=0.89/2.89, scores(t/v)=[0.53/0.34 + 0.46/0.42 + 0.27/0.21 + 0.95/0.23 = 0.50/0.29]
INFO:experiments.py:[38/1000] 2.45 sec: loss(t/v)=0.84/2.84, scores(t/v)=[0.46/0.35 + 0.53/0.45 + 0.28/0.24 + 0.96/0.21 = 0.50/0.30]
INFO:experiments.py:[39/1000] 2.46 sec: loss(t/v)=0.77/2.85, scores(t/v)=[0.58/0.35 + 0.53/0.41 + 0.27/0.20 + 0.95/0.24 = 0.53/0.29]
INFO:experiments.py:[40/1000] 2.46 sec: loss(t/v)=0.71/2.81, scores(t/v)=[0.49/0.26 + 0.48/0.42 + 0.32/0.14 + 0.97/0.26 = 0.52/0.25]
INFO:experiments.py:[41/1000] 2.44 sec: loss(t/v)=0.66/2.86, scores(t/v)=[0.55/0.31 + 0.40/0.37 + 0.24/0.04 + 0.98/0.24 = 0.48/0.18]
INFO:experiments.py:[42/1000] 2.44 sec: loss(t/v)=0.60/2.93, scores(t/v)=[0.58/0.22 + 0.49/0.31 + 0.29/0.04 + 0.98/0.23 = 0.53/0.16]
INFO:experiments.py:[43/1000] 2.45 sec: loss(t/v)=0.59/2.86, scores(t/v)=[0.52/0.37 + 0.45/0.42 + 0.31/0.25 + 0.98/0.23 = 0.51/0.31]
INFO:experiments.py:[44/1000] 2.47 sec: loss(t/v)=0.52/2.84, scores(t/v)=[0.54/0.26 + 0.50/0.39 + 0.26/0.12 + 0.99/0.24 = 0.52/0.24]
INFO:experiments.py:[45/1000] 2.45 sec: loss(t/v)=0.48/2.79, scores(t/v)=[0.52/0.38 + 0.48/0.35 + 0.27/0.00 + 1.00/0.27 = 0.51/0.00]
INFO:experiments.py:[46/1000] 2.47 sec: loss(t/v)=0.47/2.80, scores(t/v)=[0.54/0.27 + 0.47/0.38 + 0.24/0.12 + 0.99/0.27 = 0.50/0.24]
INFO:experiments.py:[47/1000] 2.48 sec: loss(t/v)=0.39/2.89, scores(t/v)=[0.58/0.34 + 0.47/0.43 + 0.33/0.03 + 1.00/0.19 = 0.55/0.17]
INFO:experiments.py:[48/1000] 2.50 sec: loss(t/v)=0.39/2.90, scores(t/v)=[0.55/0.31 + 0.50/0.49 + 0.29/0.09 + 1.00/0.18 = 0.53/0.22]
INFO:experiments.py:[49/1000] 2.47 sec: loss(t/v)=0.38/2.92, scores(t/v)=[0.55/0.29 + 0.43/0.33 + 0.33/0.18 + 1.00/0.18 = 0.53/0.23]
INFO:experiments.py:[50/1000] 2.47 sec: loss(t/v)=0.34/2.95, scores(t/v)=[0.59/0.31 + 0.43/0.56 + 0.30/0.13 + 1.00/0.21 = 0.53/0.26]
INFO:experiments.py:[51/1000] 2.46 sec: loss(t/v)=0.29/2.89, scores(t/v)=[0.64/0.28 + 0.49/0.41 + 0.37/0.10 + 1.00/0.24 = 0.58/0.23]
INFO:experiments.py:[52/1000] 2.48 sec: loss(t/v)=0.30/2.82, scores(t/v)=[0.55/0.34 + 0.41/0.43 + 0.27/0.16 + 1.00/0.26 = 0.50/0.28]
INFO:experiments.py:[53/1000] 2.45 sec: loss(t/v)=0.31/2.80, scores(t/v)=[0.55/0.32 + 0.43/0.51 + 0.28/0.13 + 0.99/0.23 = 0.51/0.26]
INFO:experiments.py:[54/1000] 2.45 sec: loss(t/v)=0.28/2.86, scores(t/v)=[0.61/0.32 + 0.42/0.43 + 0.36/0.08 + 1.00/0.24 = 0.55/0.23]
INFO:experiments.py:[55/1000] 2.46 sec: loss(t/v)=0.26/2.84, scores(t/v)=[0.56/0.20 + 0.43/0.38 + 0.30/0.15 + 1.00/0.21 = 0.52/0.22]
INFO:experiments.py:[56/1000] 2.44 sec: loss(t/v)=0.24/2.77, scores(t/v)=[0.56/0.26 + 0.44/0.42 + 0.28/0.18 + 1.00/0.24 = 0.51/0.26]
INFO:experiments.py:[57/1000] 2.44 sec: loss(t/v)=0.21/2.70, scores(t/v)=[0.57/0.33 + 0.51/0.42 + 0.31/0.00 + 1.00/0.29 = 0.55/0.00]
INFO:experiments.py:[58/1000] 2.45 sec: loss(t/v)=0.19/2.82, scores(t/v)=[0.63/0.35 + 0.51/0.44 + 0.31/0.12 + 1.00/0.27 = 0.56/0.27]
INFO:experiments.py:[59/1000] 2.45 sec: loss(t/v)=0.21/2.89, scores(t/v)=[0.61/0.32 + 0.49/0.45 + 0.34/0.12 + 1.00/0.24 = 0.56/0.26]
INFO:experiments.py:[60/1000] 2.45 sec: loss(t/v)=0.19/2.76, scores(t/v)=[0.59/0.39 + 0.44/0.47 + 0.26/0.00 + 1.00/0.27 = 0.51/0.00]
INFO:experiments.py:[61/1000] 2.46 sec: loss(t/v)=0.19/2.74, scores(t/v)=[0.65/0.36 + 0.41/0.47 + 0.35/0.16 + 1.00/0.26 = 0.56/0.29]
INFO:experiments.py:[62/1000] 2.45 sec: loss(t/v)=0.18/2.76, scores(t/v)=[0.70/0.27 + 0.51/0.49 + 0.39/0.02 + 1.00/0.27 = 0.61/0.17]
INFO:experiments.py:[63/1000] 2.45 sec: loss(t/v)=0.17/2.71, scores(t/v)=[0.66/0.27 + 0.48/0.44 + 0.33/0.18 + 1.00/0.27 = 0.57/0.28]
INFO:experiments.py:[64/1000] 2.45 sec: loss(t/v)=0.17/2.70, scores(t/v)=[0.68/0.35 + 0.55/0.45 + 0.28/0.26 + 1.00/0.32 = 0.57/0.34]
INFO:experiments.py:[65/1000] 2.45 sec: loss(t/v)=0.15/2.71, scores(t/v)=[0.68/0.32 + 0.45/0.44 + 0.34/0.10 + 1.00/0.29 = 0.57/0.25]
INFO:experiments.py:[66/1000] 2.46 sec: loss(t/v)=0.16/2.75, scores(t/v)=[0.67/0.32 + 0.47/0.40 + 0.29/0.27 + 1.00/0.26 = 0.55/0.31]
INFO:experiments.py:[67/1000] 2.47 sec: loss(t/v)=0.14/2.74, scores(t/v)=[0.64/0.35 + 0.47/0.48 + 0.28/0.09 + 1.00/0.29 = 0.54/0.26]
INFO:experiments.py:[68/1000] 2.48 sec: loss(t/v)=0.15/2.77, scores(t/v)=[0.63/0.30 + 0.50/0.43 + 0.33/0.25 + 1.00/0.29 = 0.57/0.31]
INFO:experiments.py:[69/1000] 2.47 sec: loss(t/v)=0.14/2.76, scores(t/v)=[0.65/0.29 + 0.51/0.46 + 0.30/0.12 + 1.00/0.26 = 0.56/0.25]
INFO:experiments.py:[70/1000] 2.46 sec: loss(t/v)=0.15/2.70, scores(t/v)=[0.63/0.30 + 0.43/0.47 + 0.38/0.29 + 1.00/0.32 = 0.56/0.34]
INFO:experiments.py:[71/1000] 2.45 sec: loss(t/v)=0.13/2.65, scores(t/v)=[0.70/0.37 + 0.41/0.49 + 0.42/0.08 + 1.00/0.31 = 0.59/0.25]
INFO:experiments.py:[72/1000] 2.45 sec: loss(t/v)=0.14/2.63, scores(t/v)=[0.69/0.35 + 0.50/0.53 + 0.30/0.26 + 1.00/0.31 = 0.57/0.35]
INFO:experiments.py:[73/1000] 2.46 sec: loss(t/v)=0.15/2.61, scores(t/v)=[0.67/0.36 + 0.49/0.43 + 0.36/0.32 + 1.00/0.29 = 0.59/0.35]
INFO:experiments.py:[74/1000] 2.48 sec: loss(t/v)=0.12/2.64, scores(t/v)=[0.67/0.35 + 0.51/0.56 + 0.45/0.35 + 1.00/0.29 = 0.63/0.38]
INFO:experiments.py:[75/1000] 2.47 sec: loss(t/v)=0.13/2.66, scores(t/v)=[0.66/0.32 + 0.49/0.44 + 0.41/0.15 + 1.00/0.26 = 0.60/0.27]
INFO:experiments.py:[76/1000] 2.47 sec: loss(t/v)=0.13/2.66, scores(t/v)=[0.65/0.37 + 0.52/0.46 + 0.31/0.24 + 1.00/0.26 = 0.57/0.32]
INFO:experiments.py:[77/1000] 2.47 sec: loss(t/v)=0.12/2.67, scores(t/v)=[0.66/0.33 + 0.48/0.47 + 0.31/0.22 + 1.00/0.26 = 0.56/0.31]
INFO:experiments.py:[78/1000] 2.45 sec: loss(t/v)=0.12/2.66, scores(t/v)=[0.63/0.40 + 0.49/0.47 + 0.34/0.08 + 1.00/0.29 = 0.57/0.26]
INFO:experiments.py:[79/1000] 2.45 sec: loss(t/v)=0.13/2.65, scores(t/v)=[0.63/0.33 + 0.43/0.46 + 0.32/0.19 + 1.00/0.31 = 0.54/0.31]
INFO:experiments.py:[80/1000] 2.47 sec: loss(t/v)=0.11/2.66, scores(t/v)=[0.63/0.29 + 0.52/0.53 + 0.40/0.29 + 1.00/0.27 = 0.60/0.33]
INFO:experiments.py:[81/1000] 2.47 sec: loss(t/v)=0.12/2.68, scores(t/v)=[0.65/0.26 + 0.53/0.38 + 0.39/0.06 + 1.00/0.31 = 0.60/0.21]
INFO:experiments.py:[82/1000] 2.47 sec: loss(t/v)=0.13/2.68, scores(t/v)=[0.63/0.27 + 0.46/0.49 + 0.34/0.19 + 1.00/0.31 = 0.56/0.30]
INFO:experiments.py:[83/1000] 2.49 sec: loss(t/v)=0.12/2.67, scores(t/v)=[0.65/0.31 + 0.49/0.50 + 0.36/0.11 + 1.00/0.32 = 0.58/0.27]
INFO:experiments.py:[84/1000] 2.48 sec: loss(t/v)=0.11/2.69, scores(t/v)=[0.66/0.27 + 0.54/0.47 + 0.33/0.22 + 1.00/0.26 = 0.59/0.29]
INFO:experiments.py:[85/1000] 2.45 sec: loss(t/v)=0.12/2.69, scores(t/v)=[0.67/0.35 + 0.55/0.57 + 0.36/0.15 + 1.00/0.24 = 0.60/0.29]
INFO:experiments.py:[86/1000] 2.46 sec: loss(t/v)=0.11/2.70, scores(t/v)=[0.68/0.32 + 0.53/0.48 + 0.36/0.22 + 1.00/0.24 = 0.60/0.30]
INFO:experiments.py:[87/1000] 2.47 sec: loss(t/v)=0.12/2.66, scores(t/v)=[0.69/0.33 + 0.50/0.51 + 0.34/0.14 + 1.00/0.26 = 0.59/0.28]
INFO:experiments.py:[88/1000] 2.47 sec: loss(t/v)=0.11/2.67, scores(t/v)=[0.70/0.33 + 0.50/0.51 + 0.38/0.23 + 1.00/0.27 = 0.60/0.32]
INFO:experiments.py:[89/1000] 2.50 sec: loss(t/v)=0.11/2.67, scores(t/v)=[0.69/0.35 + 0.49/0.44 + 0.35/0.30 + 1.00/0.29 = 0.59/0.34]
INFO:experiments.py:[90/1000] 2.48 sec: loss(t/v)=0.11/2.65, scores(t/v)=[0.66/0.31 + 0.46/0.46 + 0.33/0.16 + 1.00/0.31 = 0.56/0.29]
INFO:experiments.py:[91/1000] 2.48 sec: loss(t/v)=0.10/2.64, scores(t/v)=[0.71/0.35 + 0.52/0.54 + 0.37/0.24 + 1.00/0.31 = 0.61/0.34]
INFO:experiments.py:[92/1000] 2.46 sec: loss(t/v)=0.10/2.63, scores(t/v)=[0.72/0.32 + 0.51/0.43 + 0.39/0.18 + 1.00/0.31 = 0.62/0.29]
INFO:experiments.py:[93/1000] 2.45 sec: loss(t/v)=0.11/2.62, scores(t/v)=[0.69/0.41 + 0.47/0.56 + 0.38/0.22 + 1.00/0.31 = 0.59/0.35]
INFO:experiments.py:[94/1000] 2.45 sec: loss(t/v)=0.11/2.62, scores(t/v)=[0.67/0.34 + 0.50/0.55 + 0.36/0.23 + 1.00/0.27 = 0.59/0.33]
INFO:experiments.py:[95/1000] 2.46 sec: loss(t/v)=0.10/2.61, scores(t/v)=[0.69/0.34 + 0.56/0.55 + 0.48/0.24 + 1.00/0.29 = 0.66/0.34]
INFO:experiments.py:[96/1000] 2.47 sec: loss(t/v)=0.10/2.61, scores(t/v)=[0.74/0.36 + 0.61/0.57 + 0.48/0.24 + 1.00/0.29 = 0.68/0.35]
INFO:experiments.py:[97/1000] 2.47 sec: loss(t/v)=0.10/2.60, scores(t/v)=[0.77/0.37 + 0.64/0.54 + 0.54/0.23 + 1.00/0.29 = 0.72/0.34]
INFO:experiments.py:[98/1000] 2.48 sec: loss(t/v)=0.09/2.60, scores(t/v)=[0.76/0.36 + 0.63/0.51 + 0.51/0.23 + 1.00/0.27 = 0.70/0.33]
INFO:experiments.py:[99/1000] 2.47 sec: loss(t/v)=0.09/2.60, scores(t/v)=[0.74/0.35 + 0.60/0.52 + 0.51/0.27 + 1.00/0.27 = 0.69/0.34]
INFO:experiments.py:[100/1000] 2.46 sec: loss(t/v)=0.09/2.59, scores(t/v)=[0.75/0.36 + 0.65/0.51 + 0.54/0.28 + 1.00/0.27 = 0.71/0.34]
