INFO:experiments.py:+ Begin training with configuration:
{   'data': '/rap/jvb-000-aa/COURS2019/etudiants/data/omsignal/myHeartProject/',
    'dataloader': {   'batch_size': 64,
                      'num_workers': 6,
                      'shuffle': True,
                      'test_proportion': 0.2},
    'models': {   'tspec': {   'hid_dim': 500,
                               'num_layers': 4,
                               'out_dims': [1, 1, 1, 32],
                               'spec_len': 1876,
                               'ts_len': 3750}},
    'preprocessing': {'noise_gain': 0.4},
    'training': {   'early_stopping_patience': 100,
                    'epochs': 1000,
                    'l2': 0.001,
                    'learning_rate': 0.01,
                    'momentum': 0.9,
                    'schedule_patience': 20}}
INFO:experiments.py:+ New best model found: loss=3.4661178588867188, score=0.0
INFO:experiments.py:[1/1000] 4.02 sec: loss(t/v)=3.80/3.47, scores(t/v)=[0.05/0.08 + 0.08/0.11 + 0.03/0.04 + 0.00/0.00 = 0.00/0.00]
INFO:experiments.py:[2/1000] 3.75 sec: loss(t/v)=3.63/3.47, scores(t/v)=[0.13/0.15 + 0.25/0.27 + 0.11/0.04 + 0.04/0.00 = 0.11/0.00]
INFO:experiments.py:[3/1000] 3.78 sec: loss(t/v)=3.48/3.47, scores(t/v)=[0.16/0.09 + 0.23/0.32 + 0.13/0.07 + 0.12/0.00 = 0.16/0.00]
INFO:experiments.py:[4/1000] 3.76 sec: loss(t/v)=3.29/3.47, scores(t/v)=[0.18/0.19 + 0.30/0.31 + 0.23/0.03 + 0.19/0.00 = 0.22/0.00]
INFO:experiments.py:+ New best model found: loss=3.4660022258758545, score=0.04082193736422465
INFO:experiments.py:[5/1000] 3.78 sec: loss(t/v)=3.16/3.47, scores(t/v)=[0.15/0.07 + 0.39/0.25 + 0.27/0.01 + 0.21/0.02 = 0.24/0.04]
INFO:experiments.py:+ New best model found: loss=3.4525482654571533, score=0.0
INFO:experiments.py:[6/1000] 3.79 sec: loss(t/v)=3.02/3.45, scores(t/v)=[0.24/0.04 + 0.41/0.35 + 0.21/0.00 + 0.25/0.06 = 0.27/0.00]
INFO:experiments.py:+ New best model found: loss=3.4073681831359863, score=0.0
INFO:experiments.py:[7/1000] 3.81 sec: loss(t/v)=2.89/3.41, scores(t/v)=[0.23/0.09 + 0.38/0.31 + 0.23/0.00 + 0.31/0.03 = 0.28/0.00]
INFO:experiments.py:+ New best model found: loss=3.3543877601623535, score=0.0
INFO:experiments.py:[8/1000] 3.77 sec: loss(t/v)=2.74/3.35, scores(t/v)=[0.33/0.20 + 0.47/0.42 + 0.33/0.00 + 0.34/0.05 = 0.36/0.00]
INFO:experiments.py:[9/1000] 3.78 sec: loss(t/v)=2.54/3.37, scores(t/v)=[0.29/0.12 + 0.52/0.20 + 0.32/0.07 + 0.37/0.03 = 0.37/0.08]
INFO:experiments.py:[10/1000] 3.83 sec: loss(t/v)=2.36/3.38, scores(t/v)=[0.35/0.22 + 0.54/0.30 + 0.40/0.10 + 0.46/0.05 = 0.43/0.13]
INFO:experiments.py:+ New best model found: loss=3.3478829860687256, score=0.17120566453813155
INFO:experiments.py:[11/1000] 3.79 sec: loss(t/v)=2.23/3.35, scores(t/v)=[0.40/0.28 + 0.52/0.38 + 0.37/0.17 + 0.49/0.05 = 0.44/0.17]
INFO:experiments.py:+ New best model found: loss=3.268040418624878, score=0.19018587612725676
INFO:experiments.py:[12/1000] 3.80 sec: loss(t/v)=2.03/3.27, scores(t/v)=[0.40/0.29 + 0.50/0.41 + 0.45/0.10 + 0.56/0.11 = 0.47/0.19]
INFO:experiments.py:+ New best model found: loss=3.1416680812835693, score=0.2253346423378873
INFO:experiments.py:[13/1000] 3.77 sec: loss(t/v)=1.86/3.14, scores(t/v)=[0.45/0.26 + 0.56/0.44 + 0.38/0.18 + 0.62/0.13 = 0.50/0.23]
INFO:experiments.py:+ New best model found: loss=3.0539512634277344, score=0.2564615577062587
INFO:experiments.py:[14/1000] 3.80 sec: loss(t/v)=1.62/3.05, scores(t/v)=[0.43/0.29 + 0.54/0.43 + 0.45/0.22 + 0.68/0.16 = 0.52/0.26]
INFO:experiments.py:+ New best model found: loss=3.0109305381774902, score=0.23524860349082624
INFO:experiments.py:[15/1000] 3.80 sec: loss(t/v)=1.44/3.01, scores(t/v)=[0.52/0.22 + 0.59/0.46 + 0.50/0.21 + 0.75/0.15 = 0.58/0.24]
INFO:experiments.py:+ New best model found: loss=2.9030189514160156, score=0.24232347183923791
INFO:experiments.py:[16/1000] 3.77 sec: loss(t/v)=1.31/2.90, scores(t/v)=[0.47/0.25 + 0.54/0.54 + 0.45/0.16 + 0.77/0.16 = 0.55/0.24]
INFO:experiments.py:+ New best model found: loss=2.8945510387420654, score=0.23743271604784838
INFO:experiments.py:[17/1000] 3.78 sec: loss(t/v)=1.13/2.89, scores(t/v)=[0.52/0.33 + 0.60/0.55 + 0.47/0.12 + 0.83/0.15 = 0.59/0.24]
INFO:experiments.py:[18/1000] 3.76 sec: loss(t/v)=0.95/2.98, scores(t/v)=[0.58/0.26 + 0.61/0.60 + 0.46/0.18 + 0.88/0.16 = 0.61/0.26]
INFO:experiments.py:[19/1000] 3.79 sec: loss(t/v)=0.81/2.94, scores(t/v)=[0.59/0.20 + 0.62/0.53 + 0.50/0.17 + 0.94/0.16 = 0.64/0.23]
INFO:experiments.py:[20/1000] 3.80 sec: loss(t/v)=0.68/2.99, scores(t/v)=[0.58/0.27 + 0.63/0.49 + 0.44/0.18 + 0.94/0.16 = 0.62/0.25]
INFO:experiments.py:[21/1000] 3.85 sec: loss(t/v)=0.57/2.97, scores(t/v)=[0.64/0.28 + 0.63/0.47 + 0.47/0.26 + 0.96/0.18 = 0.65/0.28]
INFO:experiments.py:[22/1000] 3.94 sec: loss(t/v)=0.51/2.98, scores(t/v)=[0.65/0.27 + 0.67/0.46 + 0.51/0.30 + 0.96/0.18 = 0.68/0.28]
INFO:experiments.py:[23/1000] 3.87 sec: loss(t/v)=0.49/2.99, scores(t/v)=[0.66/0.27 + 0.67/0.47 + 0.56/0.27 + 0.97/0.18 = 0.70/0.28]
INFO:experiments.py:[24/1000] 3.78 sec: loss(t/v)=0.47/2.98, scores(t/v)=[0.69/0.25 + 0.66/0.48 + 0.53/0.23 + 0.96/0.18 = 0.70/0.26]
INFO:experiments.py:[25/1000] 3.77 sec: loss(t/v)=0.44/2.98, scores(t/v)=[0.69/0.24 + 0.68/0.47 + 0.55/0.23 + 0.99/0.16 = 0.71/0.25]
INFO:experiments.py:[26/1000] 3.80 sec: loss(t/v)=0.41/2.97, scores(t/v)=[0.71/0.25 + 0.69/0.46 + 0.58/0.23 + 0.98/0.16 = 0.72/0.26]
INFO:experiments.py:[27/1000] 3.78 sec: loss(t/v)=0.38/2.96, scores(t/v)=[0.73/0.25 + 0.67/0.46 + 0.57/0.23 + 0.99/0.16 = 0.72/0.26]
INFO:experiments.py:[28/1000] 3.80 sec: loss(t/v)=0.38/2.96, scores(t/v)=[0.72/0.26 + 0.66/0.46 + 0.60/0.22 + 0.99/0.16 = 0.73/0.26]
INFO:experiments.py:[29/1000] 3.80 sec: loss(t/v)=0.38/2.94, scores(t/v)=[0.68/0.27 + 0.68/0.46 + 0.57/0.22 + 0.99/0.16 = 0.72/0.26]
INFO:experiments.py:[30/1000] 3.79 sec: loss(t/v)=0.34/2.92, scores(t/v)=[0.75/0.27 + 0.71/0.45 + 0.58/0.22 + 0.99/0.16 = 0.74/0.26]
INFO:experiments.py:[31/1000] 3.79 sec: loss(t/v)=0.34/2.90, scores(t/v)=[0.74/0.27 + 0.70/0.45 + 0.60/0.22 + 0.99/0.16 = 0.74/0.26]
INFO:experiments.py:[32/1000] 3.79 sec: loss(t/v)=0.33/2.90, scores(t/v)=[0.73/0.28 + 0.68/0.45 + 0.58/0.22 + 0.99/0.16 = 0.73/0.26]
INFO:experiments.py:[33/1000] 3.80 sec: loss(t/v)=0.33/2.90, scores(t/v)=[0.72/0.28 + 0.66/0.46 + 0.57/0.22 + 1.00/0.16 = 0.72/0.26]
INFO:experiments.py:+ New best model found: loss=2.8912665843963623, score=0.2576880892380009
INFO:experiments.py:[34/1000] 3.82 sec: loss(t/v)=0.33/2.89, scores(t/v)=[0.71/0.28 + 0.68/0.45 + 0.57/0.22 + 1.00/0.16 = 0.72/0.26]
INFO:experiments.py:[35/1000] 3.79 sec: loss(t/v)=0.31/2.89, scores(t/v)=[0.75/0.28 + 0.68/0.45 + 0.57/0.21 + 1.00/0.18 = 0.73/0.26]
INFO:experiments.py:[36/1000] 3.80 sec: loss(t/v)=0.30/2.91, scores(t/v)=[0.74/0.30 + 0.69/0.45 + 0.62/0.21 + 1.00/0.18 = 0.75/0.27]
INFO:experiments.py:[37/1000] 3.79 sec: loss(t/v)=0.28/2.91, scores(t/v)=[0.73/0.31 + 0.70/0.45 + 0.61/0.21 + 1.00/0.18 = 0.75/0.27]
INFO:experiments.py:[38/1000] 3.78 sec: loss(t/v)=0.28/2.90, scores(t/v)=[0.74/0.29 + 0.71/0.45 + 0.58/0.23 + 1.00/0.19 = 0.74/0.28]
INFO:experiments.py:[39/1000] 3.82 sec: loss(t/v)=0.28/2.90, scores(t/v)=[0.76/0.28 + 0.69/0.45 + 0.59/0.24 + 0.99/0.19 = 0.75/0.28]
INFO:experiments.py:[40/1000] 3.80 sec: loss(t/v)=0.27/2.90, scores(t/v)=[0.73/0.29 + 0.70/0.45 + 0.60/0.22 + 1.00/0.18 = 0.74/0.27]
INFO:experiments.py:[41/1000] 3.79 sec: loss(t/v)=0.25/2.90, scores(t/v)=[0.77/0.30 + 0.69/0.47 + 0.63/0.21 + 1.00/0.19 = 0.76/0.27]
INFO:experiments.py:[42/1000] 3.79 sec: loss(t/v)=0.27/2.90, scores(t/v)=[0.71/0.32 + 0.69/0.48 + 0.56/0.19 + 1.00/0.21 = 0.72/0.28]
INFO:experiments.py:[43/1000] 3.80 sec: loss(t/v)=0.25/2.90, scores(t/v)=[0.75/0.32 + 0.68/0.47 + 0.61/0.20 + 1.00/0.19 = 0.74/0.28]
INFO:experiments.py:+ New best model found: loss=2.8893837928771973, score=0.29227346436555157
INFO:experiments.py:[44/1000] 3.79 sec: loss(t/v)=0.25/2.89, scores(t/v)=[0.76/0.32 + 0.71/0.47 + 0.59/0.22 + 1.00/0.23 = 0.75/0.29]
INFO:experiments.py:[45/1000] 3.80 sec: loss(t/v)=0.25/2.89, scores(t/v)=[0.74/0.32 + 0.69/0.47 + 0.60/0.22 + 1.00/0.21 = 0.74/0.29]
INFO:experiments.py:+ New best model found: loss=2.873114824295044, score=0.28813157741274575
INFO:experiments.py:[46/1000] 3.78 sec: loss(t/v)=0.24/2.87, scores(t/v)=[0.77/0.31 + 0.70/0.47 + 0.62/0.22 + 1.00/0.21 = 0.76/0.29]
INFO:experiments.py:[47/1000] 3.80 sec: loss(t/v)=0.23/2.88, scores(t/v)=[0.74/0.32 + 0.70/0.47 + 0.61/0.23 + 0.99/0.19 = 0.75/0.29]
INFO:experiments.py:[48/1000] 3.81 sec: loss(t/v)=0.25/2.88, scores(t/v)=[0.76/0.31 + 0.69/0.48 + 0.58/0.24 + 0.99/0.21 = 0.74/0.29]
INFO:experiments.py:[49/1000] 3.80 sec: loss(t/v)=0.25/2.88, scores(t/v)=[0.76/0.32 + 0.71/0.47 + 0.59/0.24 + 1.00/0.19 = 0.75/0.29]
INFO:experiments.py:[50/1000] 3.80 sec: loss(t/v)=0.25/2.88, scores(t/v)=[0.75/0.31 + 0.69/0.47 + 0.62/0.24 + 1.00/0.19 = 0.75/0.28]
INFO:experiments.py:[51/1000] 3.81 sec: loss(t/v)=0.23/2.88, scores(t/v)=[0.77/0.31 + 0.69/0.46 + 0.57/0.24 + 1.00/0.19 = 0.74/0.28]
INFO:experiments.py:[52/1000] 3.78 sec: loss(t/v)=0.24/2.88, scores(t/v)=[0.75/0.31 + 0.69/0.47 + 0.60/0.23 + 1.00/0.19 = 0.75/0.28]
INFO:experiments.py:[53/1000] 3.79 sec: loss(t/v)=0.24/2.89, scores(t/v)=[0.74/0.30 + 0.68/0.47 + 0.60/0.24 + 1.00/0.19 = 0.74/0.29]
INFO:experiments.py:[54/1000] 3.80 sec: loss(t/v)=0.25/2.89, scores(t/v)=[0.76/0.30 + 0.66/0.47 + 0.61/0.25 + 1.00/0.18 = 0.74/0.28]
INFO:experiments.py:[55/1000] 3.78 sec: loss(t/v)=0.23/2.88, scores(t/v)=[0.76/0.29 + 0.71/0.48 + 0.60/0.24 + 0.99/0.18 = 0.75/0.28]
INFO:experiments.py:[56/1000] 3.81 sec: loss(t/v)=0.24/2.89, scores(t/v)=[0.73/0.30 + 0.71/0.48 + 0.54/0.25 + 1.00/0.21 = 0.73/0.30]
INFO:experiments.py:+ New best model found: loss=2.8692784309387207, score=0.2957453321313434
INFO:experiments.py:[57/1000] 3.82 sec: loss(t/v)=0.24/2.87, scores(t/v)=[0.76/0.31 + 0.70/0.48 + 0.59/0.25 + 1.00/0.21 = 0.75/0.30]
INFO:experiments.py:[58/1000] 3.79 sec: loss(t/v)=0.24/2.88, scores(t/v)=[0.75/0.31 + 0.71/0.48 + 0.61/0.25 + 1.00/0.21 = 0.76/0.30]
INFO:experiments.py:[59/1000] 3.79 sec: loss(t/v)=0.24/2.88, scores(t/v)=[0.77/0.30 + 0.68/0.47 + 0.61/0.25 + 1.00/0.23 = 0.75/0.30]
INFO:experiments.py:[60/1000] 3.78 sec: loss(t/v)=0.22/2.88, scores(t/v)=[0.76/0.31 + 0.73/0.47 + 0.63/0.26 + 1.00/0.23 = 0.77/0.30]
INFO:experiments.py:+ New best model found: loss=2.8657712936401367, score=0.3059877926816409
INFO:experiments.py:[61/1000] 3.76 sec: loss(t/v)=0.22/2.87, scores(t/v)=[0.76/0.31 + 0.70/0.47 + 0.65/0.26 + 1.00/0.23 = 0.77/0.31]
INFO:experiments.py:+ New best model found: loss=2.859679698944092, score=0.29635428299524774
INFO:experiments.py:[62/1000] 3.81 sec: loss(t/v)=0.24/2.86, scores(t/v)=[0.75/0.32 + 0.68/0.47 + 0.59/0.24 + 1.00/0.21 = 0.74/0.30]
INFO:experiments.py:[63/1000] 3.77 sec: loss(t/v)=0.22/2.87, scores(t/v)=[0.77/0.32 + 0.71/0.48 + 0.63/0.24 + 1.00/0.21 = 0.76/0.30]
INFO:experiments.py:[64/1000] 3.81 sec: loss(t/v)=0.25/2.87, scores(t/v)=[0.77/0.31 + 0.69/0.48 + 0.62/0.24 + 1.00/0.21 = 0.76/0.29]
INFO:experiments.py:[65/1000] 3.81 sec: loss(t/v)=0.25/2.87, scores(t/v)=[0.74/0.32 + 0.67/0.48 + 0.60/0.25 + 0.99/0.23 = 0.74/0.30]
INFO:experiments.py:[66/1000] 3.78 sec: loss(t/v)=0.24/2.88, scores(t/v)=[0.75/0.31 + 0.68/0.48 + 0.63/0.24 + 1.00/0.21 = 0.75/0.29]
INFO:experiments.py:[67/1000] 3.79 sec: loss(t/v)=0.23/2.88, scores(t/v)=[0.75/0.31 + 0.67/0.48 + 0.66/0.24 + 1.00/0.21 = 0.76/0.29]
INFO:experiments.py:[68/1000] 3.78 sec: loss(t/v)=0.27/2.88, scores(t/v)=[0.74/0.31 + 0.66/0.48 + 0.59/0.23 + 1.00/0.21 = 0.73/0.29]
INFO:experiments.py:[69/1000] 3.77 sec: loss(t/v)=0.22/2.88, scores(t/v)=[0.78/0.31 + 0.67/0.48 + 0.59/0.25 + 1.00/0.21 = 0.74/0.30]
INFO:experiments.py:[70/1000] 3.79 sec: loss(t/v)=0.23/2.88, scores(t/v)=[0.77/0.31 + 0.68/0.47 + 0.63/0.25 + 1.00/0.21 = 0.76/0.30]
INFO:experiments.py:[71/1000] 3.78 sec: loss(t/v)=0.22/2.87, scores(t/v)=[0.79/0.31 + 0.72/0.47 + 0.59/0.24 + 1.00/0.23 = 0.76/0.30]
INFO:experiments.py:[72/1000] 3.81 sec: loss(t/v)=0.22/2.87, scores(t/v)=[0.76/0.31 + 0.70/0.48 + 0.63/0.26 + 1.00/0.21 = 0.76/0.30]
INFO:experiments.py:[73/1000] 3.79 sec: loss(t/v)=0.25/2.87, scores(t/v)=[0.75/0.30 + 0.68/0.48 + 0.60/0.25 + 1.00/0.21 = 0.74/0.29]
INFO:experiments.py:[74/1000] 3.77 sec: loss(t/v)=0.22/2.86, scores(t/v)=[0.76/0.30 + 0.68/0.48 + 0.64/0.24 + 1.00/0.21 = 0.76/0.29]
INFO:experiments.py:[75/1000] 3.79 sec: loss(t/v)=0.23/2.86, scores(t/v)=[0.77/0.31 + 0.69/0.47 + 0.58/0.25 + 1.00/0.21 = 0.75/0.29]
INFO:experiments.py:[76/1000] 3.78 sec: loss(t/v)=0.24/2.87, scores(t/v)=[0.75/0.30 + 0.68/0.47 + 0.64/0.25 + 1.00/0.21 = 0.76/0.29]
INFO:experiments.py:[77/1000] 3.81 sec: loss(t/v)=0.24/2.87, scores(t/v)=[0.76/0.31 + 0.70/0.47 + 0.58/0.25 + 1.00/0.21 = 0.75/0.30]
INFO:experiments.py:[78/1000] 3.78 sec: loss(t/v)=0.23/2.86, scores(t/v)=[0.77/0.32 + 0.70/0.48 + 0.63/0.24 + 1.00/0.21 = 0.76/0.29]
INFO:experiments.py:[79/1000] 3.78 sec: loss(t/v)=0.24/2.87, scores(t/v)=[0.75/0.32 + 0.71/0.48 + 0.63/0.24 + 0.99/0.21 = 0.76/0.30]
INFO:experiments.py:[80/1000] 3.81 sec: loss(t/v)=0.25/2.87, scores(t/v)=[0.77/0.31 + 0.65/0.48 + 0.63/0.23 + 1.00/0.21 = 0.75/0.29]
INFO:experiments.py:[81/1000] 3.78 sec: loss(t/v)=0.24/2.87, scores(t/v)=[0.76/0.31 + 0.71/0.47 + 0.61/0.24 + 1.00/0.21 = 0.76/0.29]
INFO:experiments.py:[82/1000] 3.82 sec: loss(t/v)=0.23/2.87, scores(t/v)=[0.77/0.31 + 0.68/0.47 + 0.62/0.25 + 1.00/0.21 = 0.76/0.30]
INFO:experiments.py:[83/1000] 3.80 sec: loss(t/v)=0.24/2.87, scores(t/v)=[0.77/0.32 + 0.67/0.47 + 0.63/0.25 + 1.00/0.21 = 0.76/0.30]
INFO:experiments.py:[84/1000] 3.79 sec: loss(t/v)=0.23/2.87, scores(t/v)=[0.76/0.31 + 0.69/0.48 + 0.59/0.25 + 1.00/0.21 = 0.74/0.29]
INFO:experiments.py:[85/1000] 3.80 sec: loss(t/v)=0.22/2.87, scores(t/v)=[0.80/0.31 + 0.70/0.48 + 0.66/0.25 + 1.00/0.21 = 0.78/0.30]
INFO:experiments.py:[86/1000] 3.79 sec: loss(t/v)=0.23/2.88, scores(t/v)=[0.77/0.31 + 0.72/0.48 + 0.63/0.24 + 1.00/0.23 = 0.77/0.30]
INFO:experiments.py:[87/1000] 3.79 sec: loss(t/v)=0.24/2.88, scores(t/v)=[0.76/0.31 + 0.70/0.48 + 0.58/0.24 + 1.00/0.23 = 0.74/0.30]
INFO:experiments.py:[88/1000] 3.81 sec: loss(t/v)=0.23/2.87, scores(t/v)=[0.77/0.31 + 0.69/0.47 + 0.63/0.26 + 1.00/0.24 = 0.76/0.31]
INFO:experiments.py:[89/1000] 3.80 sec: loss(t/v)=0.24/2.87, scores(t/v)=[0.77/0.32 + 0.70/0.47 + 0.61/0.26 + 0.99/0.24 = 0.76/0.31]
INFO:experiments.py:[90/1000] 3.78 sec: loss(t/v)=0.26/2.87, scores(t/v)=[0.76/0.31 + 0.67/0.47 + 0.60/0.25 + 1.00/0.23 = 0.74/0.30]
INFO:experiments.py:[91/1000] 3.80 sec: loss(t/v)=0.25/2.86, scores(t/v)=[0.76/0.31 + 0.69/0.47 + 0.63/0.25 + 1.00/0.24 = 0.76/0.31]
INFO:experiments.py:+ New best model found: loss=2.8592543601989746, score=0.30364932035429276
INFO:experiments.py:[92/1000] 3.79 sec: loss(t/v)=0.24/2.86, scores(t/v)=[0.78/0.32 + 0.73/0.47 + 0.63/0.25 + 1.00/0.23 = 0.77/0.30]
INFO:experiments.py:[93/1000] 3.75 sec: loss(t/v)=0.22/2.87, scores(t/v)=[0.78/0.31 + 0.73/0.47 + 0.63/0.26 + 1.00/0.21 = 0.77/0.30]
INFO:experiments.py:[94/1000] 3.80 sec: loss(t/v)=0.23/2.86, scores(t/v)=[0.75/0.32 + 0.69/0.48 + 0.63/0.25 + 1.00/0.23 = 0.76/0.30]
INFO:experiments.py:[95/1000] 3.78 sec: loss(t/v)=0.23/2.87, scores(t/v)=[0.75/0.32 + 0.70/0.47 + 0.62/0.25 + 1.00/0.21 = 0.76/0.30]
INFO:experiments.py:[96/1000] 3.82 sec: loss(t/v)=0.22/2.87, scores(t/v)=[0.77/0.30 + 0.68/0.47 + 0.63/0.25 + 1.00/0.21 = 0.76/0.30]
INFO:experiments.py:[97/1000] 3.82 sec: loss(t/v)=0.23/2.88, scores(t/v)=[0.75/0.32 + 0.67/0.48 + 0.64/0.25 + 1.00/0.21 = 0.75/0.30]
INFO:experiments.py:[98/1000] 3.79 sec: loss(t/v)=0.22/2.88, scores(t/v)=[0.78/0.32 + 0.71/0.48 + 0.64/0.24 + 1.00/0.21 = 0.77/0.30]
INFO:experiments.py:[99/1000] 3.79 sec: loss(t/v)=0.24/2.89, scores(t/v)=[0.75/0.31 + 0.68/0.48 + 0.62/0.25 + 1.00/0.21 = 0.75/0.30]
INFO:experiments.py:[100/1000] 3.81 sec: loss(t/v)=0.23/2.88, scores(t/v)=[0.76/0.31 + 0.68/0.48 + 0.59/0.25 + 1.00/0.21 = 0.74/0.30]
INFO:experiments.py:[101/1000] 3.77 sec: loss(t/v)=0.24/2.88, scores(t/v)=[0.75/0.31 + 0.72/0.48 + 0.62/0.25 + 1.00/0.21 = 0.76/0.30]
INFO:experiments.py:[102/1000] 3.81 sec: loss(t/v)=0.24/2.88, scores(t/v)=[0.77/0.31 + 0.72/0.48 + 0.60/0.25 + 1.00/0.21 = 0.76/0.30]
INFO:experiments.py:[103/1000] 3.81 sec: loss(t/v)=0.24/2.87, scores(t/v)=[0.76/0.32 + 0.67/0.48 + 0.60/0.24 + 1.00/0.21 = 0.75/0.30]
INFO:experiments.py:[104/1000] 3.79 sec: loss(t/v)=0.26/2.87, scores(t/v)=[0.76/0.32 + 0.67/0.48 + 0.62/0.24 + 1.00/0.21 = 0.75/0.30]
INFO:experiments.py:[105/1000] 3.80 sec: loss(t/v)=0.24/2.87, scores(t/v)=[0.76/0.31 + 0.67/0.48 + 0.64/0.25 + 1.00/0.23 = 0.75/0.30]
INFO:experiments.py:[106/1000] 3.84 sec: loss(t/v)=0.25/2.86, scores(t/v)=[0.75/0.31 + 0.69/0.48 + 0.61/0.25 + 1.00/0.21 = 0.75/0.30]
INFO:experiments.py:[107/1000] 3.81 sec: loss(t/v)=0.25/2.88, scores(t/v)=[0.75/0.31 + 0.69/0.48 + 0.59/0.25 + 0.99/0.21 = 0.74/0.29]
INFO:experiments.py:[108/1000] 3.81 sec: loss(t/v)=0.23/2.87, scores(t/v)=[0.76/0.31 + 0.71/0.48 + 0.63/0.25 + 1.00/0.23 = 0.76/0.30]
INFO:experiments.py:[109/1000] 3.82 sec: loss(t/v)=0.26/2.88, scores(t/v)=[0.74/0.31 + 0.70/0.47 + 0.58/0.24 + 0.99/0.21 = 0.74/0.29]
INFO:experiments.py:[110/1000] 3.82 sec: loss(t/v)=0.24/2.87, scores(t/v)=[0.75/0.30 + 0.70/0.48 + 0.59/0.25 + 0.99/0.21 = 0.75/0.30]
INFO:experiments.py:[111/1000] 3.81 sec: loss(t/v)=0.24/2.88, scores(t/v)=[0.76/0.31 + 0.69/0.48 + 0.64/0.25 + 1.00/0.21 = 0.76/0.30]
INFO:experiments.py:[112/1000] 3.80 sec: loss(t/v)=0.24/2.88, scores(t/v)=[0.77/0.30 + 0.72/0.47 + 0.64/0.26 + 1.00/0.21 = 0.77/0.30]
INFO:experiments.py:[113/1000] 3.77 sec: loss(t/v)=0.24/2.88, scores(t/v)=[0.77/0.31 + 0.71/0.47 + 0.65/0.24 + 1.00/0.21 = 0.77/0.29]
INFO:experiments.py:[114/1000] 3.78 sec: loss(t/v)=0.24/2.88, scores(t/v)=[0.75/0.31 + 0.70/0.47 + 0.62/0.25 + 1.00/0.19 = 0.75/0.29]
INFO:experiments.py:[115/1000] 3.79 sec: loss(t/v)=0.22/2.88, scores(t/v)=[0.74/0.30 + 0.73/0.47 + 0.61/0.24 + 1.00/0.19 = 0.76/0.29]
INFO:experiments.py:[116/1000] 3.81 sec: loss(t/v)=0.25/2.88, scores(t/v)=[0.76/0.31 + 0.67/0.47 + 0.61/0.25 + 1.00/0.21 = 0.75/0.30]
INFO:experiments.py:[117/1000] 3.81 sec: loss(t/v)=0.24/2.89, scores(t/v)=[0.77/0.30 + 0.70/0.47 + 0.59/0.25 + 1.00/0.19 = 0.75/0.29]
INFO:experiments.py:[118/1000] 3.79 sec: loss(t/v)=0.24/2.88, scores(t/v)=[0.76/0.30 + 0.70/0.46 + 0.61/0.25 + 1.00/0.19 = 0.75/0.29]
INFO:experiments.py:[119/1000] 3.81 sec: loss(t/v)=0.24/2.88, scores(t/v)=[0.76/0.30 + 0.69/0.47 + 0.60/0.24 + 1.00/0.21 = 0.75/0.29]
INFO:experiments.py:[120/1000] 3.81 sec: loss(t/v)=0.24/2.87, scores(t/v)=[0.76/0.31 + 0.70/0.48 + 0.65/0.25 + 1.00/0.23 = 0.76/0.30]
INFO:experiments.py:[121/1000] 3.78 sec: loss(t/v)=0.24/2.87, scores(t/v)=[0.78/0.31 + 0.69/0.48 + 0.61/0.27 + 1.00/0.21 = 0.76/0.30]
INFO:experiments.py:[122/1000] 3.80 sec: loss(t/v)=0.24/2.87, scores(t/v)=[0.77/0.31 + 0.66/0.48 + 0.61/0.25 + 1.00/0.21 = 0.75/0.30]
INFO:experiments.py:[123/1000] 3.78 sec: loss(t/v)=0.25/2.87, scores(t/v)=[0.76/0.32 + 0.69/0.48 + 0.61/0.23 + 1.00/0.23 = 0.75/0.30]
INFO:experiments.py:[124/1000] 3.78 sec: loss(t/v)=0.23/2.87, scores(t/v)=[0.77/0.31 + 0.71/0.48 + 0.62/0.24 + 1.00/0.21 = 0.76/0.30]
INFO:experiments.py:[125/1000] 3.81 sec: loss(t/v)=0.24/2.86, scores(t/v)=[0.76/0.31 + 0.66/0.48 + 0.64/0.24 + 1.00/0.23 = 0.75/0.30]
INFO:experiments.py:[126/1000] 3.80 sec: loss(t/v)=0.23/2.86, scores(t/v)=[0.79/0.31 + 0.67/0.48 + 0.64/0.24 + 1.00/0.21 = 0.76/0.29]
INFO:experiments.py:[127/1000] 3.79 sec: loss(t/v)=0.24/2.87, scores(t/v)=[0.78/0.31 + 0.70/0.48 + 0.63/0.24 + 1.00/0.21 = 0.76/0.29]
INFO:experiments.py:[128/1000] 3.83 sec: loss(t/v)=0.23/2.86, scores(t/v)=[0.77/0.31 + 0.68/0.48 + 0.59/0.24 + 1.00/0.23 = 0.74/0.30]
INFO:experiments.py:+ New best model found: loss=2.8588829040527344, score=0.2969794669064611
INFO:experiments.py:[129/1000] 3.79 sec: loss(t/v)=0.22/2.86, scores(t/v)=[0.79/0.31 + 0.68/0.47 + 0.65/0.24 + 1.00/0.23 = 0.77/0.30]
INFO:experiments.py:+ New best model found: loss=2.855803966522217, score=0.298680392764415
INFO:experiments.py:[130/1000] 3.79 sec: loss(t/v)=0.25/2.86, scores(t/v)=[0.75/0.31 + 0.65/0.48 + 0.59/0.24 + 1.00/0.23 = 0.73/0.30]
INFO:experiments.py:[131/1000] 3.81 sec: loss(t/v)=0.27/2.86, scores(t/v)=[0.77/0.30 + 0.68/0.47 + 0.60/0.24 + 0.99/0.23 = 0.75/0.30]
INFO:experiments.py:[132/1000] 3.82 sec: loss(t/v)=0.24/2.87, scores(t/v)=[0.77/0.31 + 0.71/0.47 + 0.63/0.24 + 1.00/0.23 = 0.76/0.30]
INFO:experiments.py:[133/1000] 3.81 sec: loss(t/v)=0.22/2.87, scores(t/v)=[0.74/0.32 + 0.68/0.47 + 0.64/0.24 + 1.00/0.23 = 0.75/0.30]
INFO:experiments.py:[134/1000] 3.77 sec: loss(t/v)=0.24/2.87, scores(t/v)=[0.75/0.32 + 0.73/0.47 + 0.60/0.25 + 1.00/0.23 = 0.76/0.30]
INFO:experiments.py:[135/1000] 3.80 sec: loss(t/v)=0.24/2.87, scores(t/v)=[0.74/0.31 + 0.68/0.48 + 0.62/0.25 + 1.00/0.21 = 0.75/0.30]
INFO:experiments.py:[136/1000] 3.77 sec: loss(t/v)=0.27/2.87, scores(t/v)=[0.74/0.32 + 0.68/0.48 + 0.60/0.24 + 0.99/0.23 = 0.74/0.30]
INFO:experiments.py:[137/1000] 3.81 sec: loss(t/v)=0.23/2.87, scores(t/v)=[0.75/0.32 + 0.71/0.47 + 0.60/0.25 + 1.00/0.23 = 0.75/0.30]
INFO:experiments.py:[138/1000] 3.81 sec: loss(t/v)=0.25/2.88, scores(t/v)=[0.77/0.31 + 0.71/0.47 + 0.63/0.25 + 1.00/0.21 = 0.77/0.30]
INFO:experiments.py:[139/1000] 3.78 sec: loss(t/v)=0.23/2.87, scores(t/v)=[0.76/0.31 + 0.68/0.48 + 0.64/0.25 + 1.00/0.23 = 0.76/0.30]
INFO:experiments.py:[140/1000] 3.80 sec: loss(t/v)=0.24/2.87, scores(t/v)=[0.76/0.31 + 0.70/0.48 + 0.63/0.24 + 1.00/0.23 = 0.76/0.30]
INFO:experiments.py:+ New best model found: loss=2.8534722328186035, score=0.3041657417794059
INFO:experiments.py:[141/1000] 3.79 sec: loss(t/v)=0.23/2.85, scores(t/v)=[0.76/0.31 + 0.70/0.47 + 0.59/0.24 + 1.00/0.24 = 0.75/0.30]
INFO:experiments.py:[142/1000] 3.78 sec: loss(t/v)=0.22/2.86, scores(t/v)=[0.78/0.32 + 0.68/0.47 + 0.69/0.24 + 1.00/0.23 = 0.78/0.30]
INFO:experiments.py:[143/1000] 3.83 sec: loss(t/v)=0.24/2.87, scores(t/v)=[0.77/0.31 + 0.71/0.46 + 0.60/0.24 + 1.00/0.23 = 0.76/0.30]
INFO:experiments.py:[144/1000] 3.81 sec: loss(t/v)=0.23/2.86, scores(t/v)=[0.78/0.30 + 0.71/0.47 + 0.62/0.25 + 1.00/0.23 = 0.76/0.30]
INFO:experiments.py:[145/1000] 3.78 sec: loss(t/v)=0.23/2.87, scores(t/v)=[0.75/0.31 + 0.68/0.47 + 0.64/0.26 + 1.00/0.23 = 0.75/0.30]
INFO:experiments.py:[146/1000] 3.81 sec: loss(t/v)=0.23/2.87, scores(t/v)=[0.75/0.32 + 0.69/0.47 + 0.62/0.25 + 1.00/0.21 = 0.75/0.30]
INFO:experiments.py:[147/1000] 3.79 sec: loss(t/v)=0.24/2.87, scores(t/v)=[0.78/0.31 + 0.67/0.47 + 0.66/0.25 + 1.00/0.21 = 0.76/0.30]
INFO:experiments.py:[148/1000] 3.78 sec: loss(t/v)=0.24/2.87, scores(t/v)=[0.73/0.31 + 0.68/0.47 + 0.62/0.25 + 1.00/0.21 = 0.75/0.30]
INFO:experiments.py:[149/1000] 3.80 sec: loss(t/v)=0.24/2.87, scores(t/v)=[0.76/0.32 + 0.70/0.47 + 0.61/0.24 + 1.00/0.21 = 0.76/0.30]
INFO:experiments.py:[150/1000] 3.79 sec: loss(t/v)=0.24/2.87, scores(t/v)=[0.75/0.31 + 0.71/0.48 + 0.61/0.25 + 0.99/0.21 = 0.75/0.30]
INFO:experiments.py:[151/1000] 3.78 sec: loss(t/v)=0.25/2.87, scores(t/v)=[0.76/0.30 + 0.69/0.48 + 0.61/0.25 + 1.00/0.21 = 0.75/0.30]
INFO:experiments.py:[152/1000] 3.79 sec: loss(t/v)=0.23/2.87, scores(t/v)=[0.77/0.30 + 0.67/0.48 + 0.63/0.25 + 1.00/0.21 = 0.76/0.30]
INFO:experiments.py:[153/1000] 3.78 sec: loss(t/v)=0.24/2.87, scores(t/v)=[0.79/0.30 + 0.69/0.49 + 0.63/0.24 + 1.00/0.21 = 0.76/0.29]
INFO:experiments.py:[154/1000] 3.80 sec: loss(t/v)=0.25/2.87, scores(t/v)=[0.76/0.31 + 0.70/0.49 + 0.60/0.24 + 0.99/0.21 = 0.75/0.29]
INFO:experiments.py:[155/1000] 3.78 sec: loss(t/v)=0.24/2.88, scores(t/v)=[0.78/0.30 + 0.69/0.49 + 0.64/0.25 + 1.00/0.21 = 0.76/0.30]
INFO:experiments.py:[156/1000] 3.79 sec: loss(t/v)=0.24/2.87, scores(t/v)=[0.72/0.31 + 0.67/0.48 + 0.62/0.25 + 1.00/0.21 = 0.74/0.30]
INFO:experiments.py:[157/1000] 3.82 sec: loss(t/v)=0.25/2.86, scores(t/v)=[0.77/0.31 + 0.69/0.48 + 0.61/0.25 + 0.99/0.21 = 0.75/0.30]
INFO:experiments.py:[158/1000] 3.79 sec: loss(t/v)=0.23/2.86, scores(t/v)=[0.76/0.31 + 0.69/0.47 + 0.64/0.25 + 1.00/0.21 = 0.76/0.30]
INFO:experiments.py:[159/1000] 3.78 sec: loss(t/v)=0.22/2.86, scores(t/v)=[0.78/0.31 + 0.71/0.47 + 0.60/0.24 + 1.00/0.23 = 0.76/0.30]
INFO:experiments.py:[160/1000] 3.80 sec: loss(t/v)=0.25/2.87, scores(t/v)=[0.76/0.31 + 0.69/0.48 + 0.59/0.24 + 0.99/0.21 = 0.75/0.29]
INFO:experiments.py:[161/1000] 3.78 sec: loss(t/v)=0.25/2.87, scores(t/v)=[0.75/0.32 + 0.70/0.48 + 0.61/0.24 + 0.99/0.21 = 0.75/0.29]
INFO:experiments.py:[162/1000] 3.80 sec: loss(t/v)=0.24/2.87, scores(t/v)=[0.76/0.32 + 0.68/0.49 + 0.66/0.24 + 1.00/0.21 = 0.76/0.30]
INFO:experiments.py:[163/1000] 3.78 sec: loss(t/v)=0.24/2.87, scores(t/v)=[0.76/0.32 + 0.68/0.49 + 0.61/0.24 + 1.00/0.21 = 0.75/0.30]
INFO:experiments.py:[164/1000] 3.76 sec: loss(t/v)=0.23/2.86, scores(t/v)=[0.77/0.32 + 0.68/0.48 + 0.65/0.26 + 1.00/0.21 = 0.76/0.30]
INFO:experiments.py:[165/1000] 3.78 sec: loss(t/v)=0.23/2.88, scores(t/v)=[0.74/0.31 + 0.70/0.48 + 0.63/0.25 + 1.00/0.21 = 0.76/0.30]
INFO:experiments.py:[166/1000] 3.77 sec: loss(t/v)=0.24/2.87, scores(t/v)=[0.77/0.30 + 0.72/0.48 + 0.61/0.24 + 1.00/0.21 = 0.76/0.29]
INFO:experiments.py:[167/1000] 3.78 sec: loss(t/v)=0.23/2.87, scores(t/v)=[0.76/0.32 + 0.69/0.47 + 0.62/0.25 + 1.00/0.21 = 0.76/0.30]
INFO:experiments.py:[168/1000] 3.78 sec: loss(t/v)=0.24/2.87, scores(t/v)=[0.76/0.31 + 0.70/0.47 + 0.60/0.25 + 1.00/0.21 = 0.75/0.30]
INFO:experiments.py:[169/1000] 3.80 sec: loss(t/v)=0.25/2.87, scores(t/v)=[0.76/0.31 + 0.71/0.47 + 0.62/0.25 + 0.99/0.21 = 0.76/0.30]
INFO:experiments.py:[170/1000] 3.77 sec: loss(t/v)=0.24/2.87, scores(t/v)=[0.75/0.32 + 0.65/0.48 + 0.59/0.24 + 1.00/0.21 = 0.74/0.30]
INFO:experiments.py:[171/1000] 3.79 sec: loss(t/v)=0.24/2.86, scores(t/v)=[0.77/0.32 + 0.66/0.48 + 0.66/0.25 + 1.00/0.23 = 0.76/0.30]
INFO:experiments.py:[172/1000] 3.80 sec: loss(t/v)=0.24/2.85, scores(t/v)=[0.77/0.32 + 0.70/0.47 + 0.65/0.24 + 1.00/0.24 = 0.77/0.31]
INFO:experiments.py:[173/1000] 3.77 sec: loss(t/v)=0.24/2.86, scores(t/v)=[0.74/0.32 + 0.67/0.47 + 0.60/0.25 + 1.00/0.23 = 0.74/0.30]
INFO:experiments.py:[174/1000] 3.77 sec: loss(t/v)=0.24/2.86, scores(t/v)=[0.76/0.31 + 0.71/0.48 + 0.59/0.25 + 1.00/0.24 = 0.75/0.31]
INFO:experiments.py:[175/1000] 3.77 sec: loss(t/v)=0.24/2.87, scores(t/v)=[0.75/0.31 + 0.70/0.47 + 0.61/0.25 + 1.00/0.24 = 0.75/0.31]
INFO:experiments.py:[176/1000] 3.79 sec: loss(t/v)=0.25/2.88, scores(t/v)=[0.76/0.32 + 0.72/0.47 + 0.59/0.25 + 1.00/0.21 = 0.75/0.30]
INFO:experiments.py:[177/1000] 3.77 sec: loss(t/v)=0.22/2.88, scores(t/v)=[0.77/0.31 + 0.70/0.47 + 0.58/0.25 + 1.00/0.19 = 0.75/0.29]
INFO:experiments.py:[178/1000] 3.78 sec: loss(t/v)=0.22/2.88, scores(t/v)=[0.79/0.31 + 0.72/0.48 + 0.61/0.24 + 1.00/0.19 = 0.77/0.29]
INFO:experiments.py:[179/1000] 3.77 sec: loss(t/v)=0.24/2.88, scores(t/v)=[0.77/0.31 + 0.68/0.47 + 0.64/0.24 + 1.00/0.21 = 0.76/0.29]
INFO:experiments.py:[180/1000] 3.79 sec: loss(t/v)=0.22/2.88, scores(t/v)=[0.77/0.31 + 0.68/0.48 + 0.64/0.24 + 1.00/0.21 = 0.76/0.30]
INFO:experiments.py:[181/1000] 3.80 sec: loss(t/v)=0.25/2.87, scores(t/v)=[0.76/0.32 + 0.71/0.47 + 0.62/0.24 + 1.00/0.21 = 0.76/0.29]
INFO:experiments.py:[182/1000] 3.77 sec: loss(t/v)=0.24/2.87, scores(t/v)=[0.77/0.31 + 0.69/0.48 + 0.61/0.24 + 1.00/0.21 = 0.75/0.29]
INFO:experiments.py:[183/1000] 3.78 sec: loss(t/v)=0.23/2.86, scores(t/v)=[0.77/0.31 + 0.72/0.47 + 0.64/0.25 + 1.00/0.21 = 0.77/0.29]
INFO:experiments.py:[184/1000] 3.78 sec: loss(t/v)=0.23/2.87, scores(t/v)=[0.75/0.30 + 0.69/0.47 + 0.61/0.24 + 1.00/0.23 = 0.75/0.30]
INFO:experiments.py:[185/1000] 3.82 sec: loss(t/v)=0.24/2.86, scores(t/v)=[0.76/0.30 + 0.72/0.47 + 0.63/0.25 + 1.00/0.21 = 0.76/0.29]
INFO:experiments.py:[186/1000] 3.80 sec: loss(t/v)=0.26/2.86, scores(t/v)=[0.75/0.31 + 0.68/0.47 + 0.62/0.24 + 1.00/0.23 = 0.75/0.30]
INFO:experiments.py:[187/1000] 3.78 sec: loss(t/v)=0.22/2.87, scores(t/v)=[0.79/0.31 + 0.70/0.47 + 0.62/0.25 + 1.00/0.21 = 0.77/0.30]
INFO:experiments.py:[188/1000] 3.77 sec: loss(t/v)=0.24/2.89, scores(t/v)=[0.76/0.31 + 0.71/0.47 + 0.61/0.24 + 1.00/0.21 = 0.76/0.29]
INFO:experiments.py:[189/1000] 3.79 sec: loss(t/v)=0.24/2.87, scores(t/v)=[0.76/0.32 + 0.66/0.47 + 0.61/0.24 + 1.00/0.21 = 0.75/0.29]
INFO:experiments.py:[190/1000] 3.78 sec: loss(t/v)=0.23/2.87, scores(t/v)=[0.77/0.31 + 0.71/0.48 + 0.64/0.24 + 1.00/0.21 = 0.77/0.29]
INFO:experiments.py:[191/1000] 3.81 sec: loss(t/v)=0.24/2.88, scores(t/v)=[0.75/0.31 + 0.71/0.47 + 0.63/0.25 + 1.00/0.21 = 0.76/0.30]
INFO:experiments.py:[192/1000] 3.78 sec: loss(t/v)=0.23/2.86, scores(t/v)=[0.77/0.32 + 0.71/0.47 + 0.61/0.26 + 1.00/0.21 = 0.76/0.30]
INFO:experiments.py:[193/1000] 3.80 sec: loss(t/v)=0.24/2.88, scores(t/v)=[0.77/0.32 + 0.70/0.47 + 0.61/0.25 + 1.00/0.23 = 0.76/0.30]
INFO:experiments.py:[194/1000] 3.79 sec: loss(t/v)=0.25/2.87, scores(t/v)=[0.77/0.32 + 0.68/0.48 + 0.63/0.24 + 1.00/0.23 = 0.76/0.30]
INFO:experiments.py:[195/1000] 3.79 sec: loss(t/v)=0.23/2.88, scores(t/v)=[0.76/0.32 + 0.71/0.47 + 0.64/0.24 + 1.00/0.21 = 0.77/0.29]
INFO:experiments.py:[196/1000] 3.80 sec: loss(t/v)=0.25/2.88, scores(t/v)=[0.76/0.31 + 0.69/0.48 + 0.65/0.24 + 1.00/0.21 = 0.76/0.29]
INFO:experiments.py:[197/1000] 3.80 sec: loss(t/v)=0.21/2.87, scores(t/v)=[0.78/0.32 + 0.70/0.47 + 0.60/0.23 + 1.00/0.21 = 0.76/0.29]
INFO:experiments.py:[198/1000] 3.77 sec: loss(t/v)=0.23/2.86, scores(t/v)=[0.77/0.32 + 0.69/0.48 + 0.61/0.24 + 1.00/0.21 = 0.75/0.30]
INFO:experiments.py:[199/1000] 3.80 sec: loss(t/v)=0.24/2.86, scores(t/v)=[0.78/0.32 + 0.69/0.48 + 0.61/0.24 + 1.00/0.21 = 0.76/0.30]
INFO:experiments.py:[200/1000] 3.79 sec: loss(t/v)=0.26/2.86, scores(t/v)=[0.74/0.31 + 0.67/0.48 + 0.60/0.24 + 1.00/0.21 = 0.74/0.30]
INFO:experiments.py:[201/1000] 3.76 sec: loss(t/v)=0.23/2.87, scores(t/v)=[0.74/0.30 + 0.68/0.48 + 0.66/0.25 + 1.00/0.21 = 0.76/0.30]
INFO:experiments.py:[202/1000] 3.78 sec: loss(t/v)=0.22/2.87, scores(t/v)=[0.79/0.31 + 0.69/0.48 + 0.61/0.25 + 1.00/0.21 = 0.76/0.30]
INFO:experiments.py:[203/1000] 3.76 sec: loss(t/v)=0.24/2.87, scores(t/v)=[0.77/0.31 + 0.69/0.47 + 0.60/0.25 + 1.00/0.21 = 0.75/0.29]
INFO:experiments.py:[204/1000] 3.78 sec: loss(t/v)=0.24/2.87, scores(t/v)=[0.75/0.31 + 0.69/0.48 + 0.60/0.25 + 1.00/0.23 = 0.74/0.30]
INFO:experiments.py:[205/1000] 3.76 sec: loss(t/v)=0.22/2.87, scores(t/v)=[0.79/0.31 + 0.68/0.47 + 0.63/0.24 + 1.00/0.21 = 0.76/0.29]
INFO:experiments.py:[206/1000] 3.78 sec: loss(t/v)=0.23/2.86, scores(t/v)=[0.76/0.31 + 0.70/0.48 + 0.63/0.25 + 1.00/0.23 = 0.76/0.30]
INFO:experiments.py:[207/1000] 3.76 sec: loss(t/v)=0.23/2.87, scores(t/v)=[0.78/0.30 + 0.70/0.48 + 0.62/0.25 + 1.00/0.23 = 0.76/0.30]
INFO:experiments.py:[208/1000] 3.79 sec: loss(t/v)=0.23/2.86, scores(t/v)=[0.75/0.31 + 0.69/0.48 + 0.59/0.25 + 1.00/0.23 = 0.75/0.30]
INFO:experiments.py:[209/1000] 3.78 sec: loss(t/v)=0.24/2.87, scores(t/v)=[0.75/0.31 + 0.70/0.48 + 0.63/0.25 + 1.00/0.21 = 0.76/0.30]
INFO:experiments.py:[210/1000] 3.81 sec: loss(t/v)=0.23/2.87, scores(t/v)=[0.76/0.31 + 0.69/0.48 + 0.62/0.25 + 1.00/0.21 = 0.76/0.30]
INFO:experiments.py:[211/1000] 3.79 sec: loss(t/v)=0.22/2.86, scores(t/v)=[0.78/0.31 + 0.71/0.48 + 0.63/0.25 + 1.00/0.21 = 0.77/0.30]
INFO:experiments.py:[212/1000] 3.76 sec: loss(t/v)=0.23/2.86, scores(t/v)=[0.77/0.31 + 0.69/0.48 + 0.63/0.25 + 1.00/0.21 = 0.76/0.30]
INFO:experiments.py:[213/1000] 3.80 sec: loss(t/v)=0.23/2.86, scores(t/v)=[0.77/0.31 + 0.71/0.48 + 0.61/0.26 + 1.00/0.21 = 0.76/0.30]
INFO:experiments.py:[214/1000] 3.78 sec: loss(t/v)=0.22/2.85, scores(t/v)=[0.78/0.31 + 0.71/0.47 + 0.62/0.24 + 1.00/0.21 = 0.77/0.29]
INFO:experiments.py:[215/1000] 3.80 sec: loss(t/v)=0.24/2.86, scores(t/v)=[0.77/0.32 + 0.70/0.48 + 0.62/0.24 + 1.00/0.21 = 0.76/0.30]
INFO:experiments.py:[216/1000] 3.78 sec: loss(t/v)=0.24/2.87, scores(t/v)=[0.75/0.31 + 0.66/0.47 + 0.64/0.24 + 1.00/0.21 = 0.75/0.29]
INFO:experiments.py:[217/1000] 3.77 sec: loss(t/v)=0.24/2.86, scores(t/v)=[0.76/0.31 + 0.67/0.47 + 0.62/0.24 + 1.00/0.21 = 0.75/0.29]
INFO:experiments.py:[218/1000] 3.79 sec: loss(t/v)=0.26/2.87, scores(t/v)=[0.75/0.31 + 0.69/0.47 + 0.61/0.25 + 1.00/0.23 = 0.75/0.30]
INFO:experiments.py:[219/1000] 3.78 sec: loss(t/v)=0.23/2.87, scores(t/v)=[0.76/0.31 + 0.72/0.47 + 0.65/0.24 + 0.99/0.21 = 0.77/0.29]
INFO:experiments.py:[220/1000] 3.78 sec: loss(t/v)=0.24/2.87, scores(t/v)=[0.77/0.31 + 0.70/0.48 + 0.60/0.25 + 1.00/0.21 = 0.75/0.30]
INFO:experiments.py:[221/1000] 3.78 sec: loss(t/v)=0.27/2.87, scores(t/v)=[0.75/0.32 + 0.65/0.48 + 0.61/0.25 + 1.00/0.21 = 0.74/0.30]
INFO:experiments.py:[222/1000] 3.81 sec: loss(t/v)=0.25/2.87, scores(t/v)=[0.76/0.31 + 0.68/0.48 + 0.61/0.25 + 1.00/0.24 = 0.75/0.31]
INFO:experiments.py:[223/1000] 3.81 sec: loss(t/v)=0.24/2.86, scores(t/v)=[0.76/0.31 + 0.69/0.48 + 0.61/0.25 + 1.00/0.21 = 0.75/0.30]
INFO:experiments.py:[224/1000] 3.77 sec: loss(t/v)=0.25/2.87, scores(t/v)=[0.78/0.32 + 0.68/0.48 + 0.59/0.25 + 1.00/0.23 = 0.75/0.30]
INFO:experiments.py:[225/1000] 3.79 sec: loss(t/v)=0.26/2.86, scores(t/v)=[0.76/0.32 + 0.70/0.48 + 0.62/0.25 + 1.00/0.23 = 0.76/0.31]
INFO:experiments.py:[226/1000] 3.79 sec: loss(t/v)=0.27/2.88, scores(t/v)=[0.78/0.31 + 0.69/0.47 + 0.61/0.25 + 1.00/0.21 = 0.75/0.30]
INFO:experiments.py:[227/1000] 3.77 sec: loss(t/v)=0.26/2.88, scores(t/v)=[0.74/0.31 + 0.67/0.48 + 0.60/0.25 + 1.00/0.21 = 0.74/0.30]
INFO:experiments.py:[228/1000] 3.79 sec: loss(t/v)=0.21/2.88, scores(t/v)=[0.79/0.31 + 0.71/0.47 + 0.59/0.26 + 1.00/0.23 = 0.76/0.30]
INFO:experiments.py:[229/1000] 3.79 sec: loss(t/v)=0.26/2.88, scores(t/v)=[0.75/0.31 + 0.67/0.47 + 0.58/0.26 + 1.00/0.21 = 0.73/0.30]
INFO:experiments.py:[230/1000] 3.80 sec: loss(t/v)=0.24/2.88, scores(t/v)=[0.76/0.31 + 0.70/0.47 + 0.62/0.26 + 1.00/0.21 = 0.76/0.30]
INFO:experiments.py:[231/1000] 3.80 sec: loss(t/v)=0.25/2.87, scores(t/v)=[0.76/0.30 + 0.72/0.47 + 0.60/0.25 + 1.00/0.23 = 0.76/0.30]
INFO:experiments.py:[232/1000] 3.77 sec: loss(t/v)=0.23/2.88, scores(t/v)=[0.75/0.30 + 0.67/0.47 + 0.62/0.25 + 1.00/0.21 = 0.74/0.29]
INFO:experiments.py:[233/1000] 3.79 sec: loss(t/v)=0.24/2.87, scores(t/v)=[0.77/0.31 + 0.70/0.48 + 0.63/0.26 + 1.00/0.21 = 0.76/0.30]
INFO:experiments.py:[234/1000] 3.76 sec: loss(t/v)=0.25/2.86, scores(t/v)=[0.77/0.30 + 0.71/0.48 + 0.61/0.26 + 1.00/0.21 = 0.76/0.30]
INFO:experiments.py:[235/1000] 3.80 sec: loss(t/v)=0.22/2.86, scores(t/v)=[0.78/0.31 + 0.70/0.48 + 0.65/0.26 + 1.00/0.21 = 0.77/0.30]
INFO:experiments.py:[236/1000] 3.80 sec: loss(t/v)=0.25/2.86, scores(t/v)=[0.75/0.31 + 0.69/0.48 + 0.59/0.25 + 1.00/0.21 = 0.74/0.30]
INFO:experiments.py:[237/1000] 3.79 sec: loss(t/v)=0.23/2.86, scores(t/v)=[0.78/0.32 + 0.71/0.48 + 0.65/0.24 + 1.00/0.19 = 0.77/0.29]
INFO:experiments.py:[238/1000] 3.80 sec: loss(t/v)=0.24/2.87, scores(t/v)=[0.75/0.31 + 0.67/0.48 + 0.63/0.25 + 1.00/0.21 = 0.75/0.30]
INFO:experiments.py:[239/1000] 3.78 sec: loss(t/v)=0.23/2.87, scores(t/v)=[0.76/0.31 + 0.70/0.47 + 0.64/0.24 + 0.99/0.21 = 0.76/0.29]
INFO:experiments.py:[240/1000] 3.77 sec: loss(t/v)=0.28/2.88, scores(t/v)=[0.76/0.31 + 0.69/0.47 + 0.59/0.24 + 0.98/0.23 = 0.74/0.30]
INFO:experiments.py:[241/1000] 3.80 sec: loss(t/v)=0.23/2.89, scores(t/v)=[0.77/0.31 + 0.71/0.47 + 0.60/0.25 + 1.00/0.19 = 0.76/0.29]
INFO:experiments.py:Impatient! No gen. improvement in 100 epochs
INFO:experiments.py:Early Stopping: Rewinding to epoch 141
