INFO:experiments.py:+ Begin training with configuration:
{   'data': '/rap/jvb-000-aa/COURS2019/etudiants/data/omsignal/myHeartProject/',
    'dataloader': {   'batch_size': 64,
                      'num_workers': 6,
                      'shuffle': True,
                      'test_proportion': 0.4},
    'models': {   'tspec': {   'hid_dim': 500,
                               'num_layers': 4,
                               'out_dims': [1, 1, 1, 32],
                               'spec_len': 1876,
                               'ts_len': 3750}},
    'preprocessing': {'noise_gain': 0.2},
    'training': {   'early_stopping_patience': 100,
                    'epochs': 1000,
                    'l2': 0.001,
                    'learning_rate': 0.01,
                    'momentum': 0.9,
                    'schedule_patience': 20}}
INFO:experiments.py:+ New best model found: loss=3.466139316558838, score=0.0
INFO:experiments.py:[1/1000] 4.11 sec: loss(t/v)=3.77/3.47, scores(t/v)=[0.02/0.00 + 0.00/0.00 + 0.01/0.00 + 0.00/0.00 = 0.00/0.00]
INFO:experiments.py:[2/1000] 3.28 sec: loss(t/v)=3.61/3.47, scores(t/v)=[0.13/0.00 + 0.30/0.12 + 0.20/0.06 + 0.01/0.00 = 0.09/0.00]
INFO:experiments.py:[3/1000] 3.33 sec: loss(t/v)=3.50/3.47, scores(t/v)=[0.15/0.00 + 0.24/0.12 + 0.31/0.07 + 0.09/0.00 = 0.18/0.00]
INFO:experiments.py:[4/1000] 3.29 sec: loss(t/v)=3.36/3.47, scores(t/v)=[0.29/0.00 + 0.35/0.13 + 0.24/0.09 + 0.16/0.00 = 0.25/0.00]
INFO:experiments.py:[5/1000] 3.34 sec: loss(t/v)=3.20/3.47, scores(t/v)=[0.21/0.05 + 0.42/0.12 + 0.39/0.15 + 0.28/0.00 = 0.31/0.00]
INFO:experiments.py:[6/1000] 3.28 sec: loss(t/v)=3.04/3.47, scores(t/v)=[0.31/0.16 + 0.45/0.22 + 0.38/0.17 + 0.33/0.00 = 0.36/0.00]
INFO:experiments.py:[7/1000] 3.33 sec: loss(t/v)=2.85/3.47, scores(t/v)=[0.35/0.15 + 0.49/0.29 + 0.43/0.16 + 0.45/0.00 = 0.43/0.00]
INFO:experiments.py:+ New best model found: loss=3.4607754945755005, score=0.15620869893832268
INFO:experiments.py:[8/1000] 3.30 sec: loss(t/v)=2.67/3.46, scores(t/v)=[0.37/0.17 + 0.50/0.39 + 0.43/0.22 + 0.56/0.04 = 0.46/0.16]
INFO:experiments.py:+ New best model found: loss=3.4461156129837036, score=0.13254520702077535
INFO:experiments.py:[9/1000] 3.32 sec: loss(t/v)=2.48/3.45, scores(t/v)=[0.44/0.25 + 0.58/0.33 + 0.47/0.23 + 0.59/0.02 = 0.52/0.13]
INFO:experiments.py:+ New best model found: loss=3.41759192943573, score=0.13584418066430617
INFO:experiments.py:[10/1000] 3.30 sec: loss(t/v)=2.34/3.42, scores(t/v)=[0.40/0.22 + 0.57/0.31 + 0.45/0.15 + 0.60/0.03 = 0.50/0.14]
INFO:experiments.py:+ New best model found: loss=3.373948097229004, score=0.1594119898251776
INFO:experiments.py:[11/1000] 3.42 sec: loss(t/v)=2.12/3.37, scores(t/v)=[0.48/0.17 + 0.64/0.31 + 0.57/0.16 + 0.72/0.07 = 0.60/0.16]
INFO:experiments.py:+ New best model found: loss=3.317323923110962, score=0.198790227717519
INFO:experiments.py:[12/1000] 3.32 sec: loss(t/v)=1.96/3.32, scores(t/v)=[0.51/0.22 + 0.63/0.32 + 0.53/0.20 + 0.75/0.11 = 0.60/0.20]
INFO:experiments.py:+ New best model found: loss=3.247269034385681, score=0.22956548481439484
INFO:experiments.py:[13/1000] 3.31 sec: loss(t/v)=1.76/3.25, scores(t/v)=[0.53/0.25 + 0.64/0.42 + 0.62/0.22 + 0.78/0.12 = 0.63/0.23]
INFO:experiments.py:+ New best model found: loss=3.164744019508362, score=0.25996991335439323
INFO:experiments.py:[14/1000] 3.31 sec: loss(t/v)=1.58/3.16, scores(t/v)=[0.56/0.31 + 0.68/0.50 + 0.62/0.19 + 0.82/0.15 = 0.66/0.26]
INFO:experiments.py:+ New best model found: loss=3.083330512046814, score=0.2655585627968048
INFO:experiments.py:[15/1000] 3.33 sec: loss(t/v)=1.42/3.08, scores(t/v)=[0.53/0.37 + 0.65/0.46 + 0.62/0.15 + 0.85/0.19 = 0.65/0.27]
INFO:experiments.py:+ New best model found: loss=3.0371590852737427, score=0.2782125420980369
INFO:experiments.py:[16/1000] 3.32 sec: loss(t/v)=1.27/3.04, scores(t/v)=[0.56/0.32 + 0.66/0.41 + 0.61/0.22 + 0.85/0.21 = 0.66/0.28]
INFO:experiments.py:+ New best model found: loss=3.0032471418380737, score=0.2952544031836492
INFO:experiments.py:[17/1000] 3.36 sec: loss(t/v)=1.05/3.00, scores(t/v)=[0.67/0.33 + 0.66/0.43 + 0.64/0.24 + 0.93/0.22 = 0.72/0.30]
INFO:experiments.py:+ New best model found: loss=2.9802201986312866, score=0.29647493429025057
INFO:experiments.py:[18/1000] 3.31 sec: loss(t/v)=0.87/2.98, scores(t/v)=[0.69/0.37 + 0.68/0.45 + 0.68/0.23 + 0.96/0.20 = 0.74/0.30]
INFO:experiments.py:+ New best model found: loss=2.9703304767608643, score=0.2582163410253078
INFO:experiments.py:[19/1000] 3.33 sec: loss(t/v)=0.77/2.97, scores(t/v)=[0.69/0.33 + 0.69/0.49 + 0.63/0.16 + 0.96/0.17 = 0.73/0.26]
INFO:experiments.py:+ New best model found: loss=2.9449210166931152, score=0.2638251694096318
INFO:experiments.py:[20/1000] 3.30 sec: loss(t/v)=0.64/2.94, scores(t/v)=[0.72/0.33 + 0.72/0.47 + 0.60/0.18 + 0.98/0.17 = 0.74/0.26]
INFO:experiments.py:+ New best model found: loss=2.9355605840682983, score=0.28098706141775504
INFO:experiments.py:[21/1000] 3.35 sec: loss(t/v)=0.51/2.94, scores(t/v)=[0.71/0.36 + 0.72/0.47 + 0.62/0.20 + 1.00/0.19 = 0.75/0.28]
INFO:experiments.py:+ New best model found: loss=2.920929193496704, score=0.28011863129811176
INFO:experiments.py:[22/1000] 3.31 sec: loss(t/v)=0.42/2.92, scores(t/v)=[0.74/0.36 + 0.75/0.49 + 0.60/0.20 + 1.00/0.18 = 0.76/0.28]
INFO:experiments.py:+ New best model found: loss=2.9104931354522705, score=0.2790602005629938
INFO:experiments.py:[23/1000] 3.33 sec: loss(t/v)=0.42/2.91, scores(t/v)=[0.75/0.36 + 0.73/0.49 + 0.64/0.20 + 1.00/0.17 = 0.77/0.28]
INFO:experiments.py:+ New best model found: loss=2.904168128967285, score=0.2793636410758577
INFO:experiments.py:[24/1000] 3.33 sec: loss(t/v)=0.38/2.90, scores(t/v)=[0.76/0.36 + 0.76/0.51 + 0.69/0.20 + 1.00/0.17 = 0.80/0.28]
INFO:experiments.py:+ New best model found: loss=2.9032983779907227, score=0.2868959631376684
INFO:experiments.py:[25/1000] 3.32 sec: loss(t/v)=0.40/2.90, scores(t/v)=[0.75/0.36 + 0.73/0.51 + 0.68/0.21 + 0.99/0.18 = 0.78/0.29]
INFO:experiments.py:[26/1000] 3.32 sec: loss(t/v)=0.40/2.90, scores(t/v)=[0.75/0.36 + 0.73/0.51 + 0.68/0.20 + 1.00/0.18 = 0.78/0.28]
INFO:experiments.py:[27/1000] 3.32 sec: loss(t/v)=0.38/2.90, scores(t/v)=[0.79/0.37 + 0.72/0.51 + 0.70/0.20 + 1.00/0.19 = 0.79/0.29]
INFO:experiments.py:+ New best model found: loss=2.9015767574310303, score=0.28793276616067226
INFO:experiments.py:[28/1000] 3.33 sec: loss(t/v)=0.36/2.90, scores(t/v)=[0.79/0.37 + 0.77/0.52 + 0.68/0.19 + 1.00/0.19 = 0.80/0.29]
INFO:experiments.py:+ New best model found: loss=2.8985432386398315, score=0.29164727257014683
INFO:experiments.py:[29/1000] 3.33 sec: loss(t/v)=0.33/2.90, scores(t/v)=[0.74/0.37 + 0.74/0.52 + 0.70/0.20 + 1.00/0.19 = 0.79/0.29]
INFO:experiments.py:+ New best model found: loss=2.8960821628570557, score=0.30089704773874226
INFO:experiments.py:[30/1000] 3.33 sec: loss(t/v)=0.32/2.90, scores(t/v)=[0.79/0.38 + 0.77/0.52 + 0.71/0.21 + 1.00/0.20 = 0.81/0.30]
INFO:experiments.py:+ New best model found: loss=2.895500659942627, score=0.3001989916144772
INFO:experiments.py:[31/1000] 3.35 sec: loss(t/v)=0.32/2.90, scores(t/v)=[0.80/0.39 + 0.79/0.52 + 0.71/0.21 + 1.00/0.19 = 0.82/0.30]
INFO:experiments.py:[32/1000] 3.32 sec: loss(t/v)=0.32/2.90, scores(t/v)=[0.81/0.39 + 0.75/0.52 + 0.74/0.21 + 1.00/0.20 = 0.82/0.31]
INFO:experiments.py:+ New best model found: loss=2.895334482192993, score=0.3057222295578907
INFO:experiments.py:[33/1000] 3.32 sec: loss(t/v)=0.28/2.90, scores(t/v)=[0.83/0.40 + 0.78/0.53 + 0.73/0.22 + 1.00/0.19 = 0.83/0.31]
INFO:experiments.py:+ New best model found: loss=2.892615556716919, score=0.3063357354329488
INFO:experiments.py:[34/1000] 3.32 sec: loss(t/v)=0.28/2.89, scores(t/v)=[0.78/0.40 + 0.79/0.53 + 0.72/0.22 + 1.00/0.19 = 0.82/0.31]
INFO:experiments.py:+ New best model found: loss=2.892058849334717, score=0.30397676571142895
INFO:experiments.py:[35/1000] 3.35 sec: loss(t/v)=0.27/2.89, scores(t/v)=[0.81/0.40 + 0.79/0.53 + 0.75/0.21 + 1.00/0.19 = 0.83/0.30]
INFO:experiments.py:+ New best model found: loss=2.89109206199646, score=0.30814771215596487
INFO:experiments.py:[36/1000] 3.32 sec: loss(t/v)=0.27/2.89, scores(t/v)=[0.79/0.40 + 0.80/0.53 + 0.73/0.21 + 1.00/0.20 = 0.83/0.31]
INFO:experiments.py:+ New best model found: loss=2.8861650228500366, score=0.3095369710675777
INFO:experiments.py:[37/1000] 3.38 sec: loss(t/v)=0.27/2.89, scores(t/v)=[0.80/0.39 + 0.80/0.53 + 0.73/0.22 + 1.00/0.20 = 0.82/0.31]
INFO:experiments.py:[38/1000] 3.32 sec: loss(t/v)=0.26/2.89, scores(t/v)=[0.82/0.40 + 0.78/0.54 + 0.74/0.22 + 1.00/0.21 = 0.83/0.31]
INFO:experiments.py:+ New best model found: loss=2.8857849836349487, score=0.3147659151694649
INFO:experiments.py:[39/1000] 3.35 sec: loss(t/v)=0.26/2.89, scores(t/v)=[0.81/0.40 + 0.79/0.54 + 0.73/0.22 + 1.00/0.21 = 0.83/0.31]
INFO:experiments.py:+ New best model found: loss=2.8842447996139526, score=0.30796985044961533
INFO:experiments.py:[40/1000] 3.29 sec: loss(t/v)=0.25/2.88, scores(t/v)=[0.80/0.40 + 0.78/0.54 + 0.72/0.22 + 1.00/0.19 = 0.82/0.31]
INFO:experiments.py:+ New best model found: loss=2.881996512413025, score=0.3021450580872065
INFO:experiments.py:[41/1000] 3.33 sec: loss(t/v)=0.24/2.88, scores(t/v)=[0.82/0.40 + 0.81/0.54 + 0.75/0.21 + 1.00/0.19 = 0.84/0.30]
INFO:experiments.py:[42/1000] 3.31 sec: loss(t/v)=0.26/2.89, scores(t/v)=[0.81/0.40 + 0.78/0.54 + 0.71/0.21 + 1.00/0.19 = 0.82/0.30]
INFO:experiments.py:[43/1000] 3.36 sec: loss(t/v)=0.25/2.88, scores(t/v)=[0.81/0.40 + 0.80/0.54 + 0.70/0.21 + 1.00/0.20 = 0.82/0.31]
INFO:experiments.py:[44/1000] 3.32 sec: loss(t/v)=0.24/2.88, scores(t/v)=[0.78/0.40 + 0.79/0.54 + 0.78/0.21 + 1.00/0.21 = 0.83/0.31]
INFO:experiments.py:[45/1000] 3.34 sec: loss(t/v)=0.27/2.89, scores(t/v)=[0.81/0.40 + 0.77/0.55 + 0.74/0.21 + 1.00/0.20 = 0.82/0.31]
INFO:experiments.py:[46/1000] 3.32 sec: loss(t/v)=0.25/2.88, scores(t/v)=[0.82/0.39 + 0.78/0.54 + 0.74/0.21 + 1.00/0.20 = 0.83/0.31]
INFO:experiments.py:[47/1000] 3.32 sec: loss(t/v)=0.24/2.88, scores(t/v)=[0.80/0.39 + 0.80/0.55 + 0.73/0.22 + 1.00/0.20 = 0.83/0.31]
INFO:experiments.py:[48/1000] 3.33 sec: loss(t/v)=0.25/2.89, scores(t/v)=[0.81/0.40 + 0.79/0.54 + 0.75/0.21 + 1.00/0.19 = 0.83/0.31]
INFO:experiments.py:[49/1000] 3.31 sec: loss(t/v)=0.25/2.88, scores(t/v)=[0.79/0.40 + 0.80/0.54 + 0.71/0.21 + 1.00/0.20 = 0.82/0.31]
INFO:experiments.py:[50/1000] 3.33 sec: loss(t/v)=0.25/2.88, scores(t/v)=[0.81/0.40 + 0.79/0.54 + 0.76/0.21 + 1.00/0.20 = 0.84/0.31]
INFO:experiments.py:[51/1000] 3.34 sec: loss(t/v)=0.26/2.89, scores(t/v)=[0.80/0.40 + 0.79/0.54 + 0.71/0.21 + 1.00/0.21 = 0.82/0.31]
INFO:experiments.py:[52/1000] 3.32 sec: loss(t/v)=0.25/2.88, scores(t/v)=[0.83/0.40 + 0.80/0.54 + 0.74/0.21 + 1.00/0.22 = 0.84/0.32]
INFO:experiments.py:[53/1000] 3.30 sec: loss(t/v)=0.24/2.89, scores(t/v)=[0.81/0.40 + 0.79/0.54 + 0.74/0.22 + 1.00/0.21 = 0.83/0.32]
INFO:experiments.py:[54/1000] 3.32 sec: loss(t/v)=0.25/2.89, scores(t/v)=[0.80/0.40 + 0.76/0.54 + 0.72/0.22 + 1.00/0.21 = 0.81/0.31]
INFO:experiments.py:[55/1000] 3.30 sec: loss(t/v)=0.25/2.89, scores(t/v)=[0.81/0.40 + 0.80/0.54 + 0.75/0.21 + 1.00/0.21 = 0.83/0.31]
INFO:experiments.py:[56/1000] 3.31 sec: loss(t/v)=0.24/2.89, scores(t/v)=[0.82/0.40 + 0.79/0.54 + 0.74/0.21 + 1.00/0.20 = 0.83/0.31]
INFO:experiments.py:[57/1000] 3.33 sec: loss(t/v)=0.24/2.90, scores(t/v)=[0.82/0.40 + 0.79/0.54 + 0.73/0.21 + 1.00/0.20 = 0.83/0.31]
INFO:experiments.py:[58/1000] 3.32 sec: loss(t/v)=0.26/2.89, scores(t/v)=[0.81/0.40 + 0.77/0.54 + 0.72/0.22 + 1.00/0.19 = 0.82/0.31]
INFO:experiments.py:[59/1000] 3.34 sec: loss(t/v)=0.24/2.89, scores(t/v)=[0.81/0.40 + 0.77/0.54 + 0.72/0.21 + 1.00/0.20 = 0.82/0.31]
INFO:experiments.py:[60/1000] 3.35 sec: loss(t/v)=0.24/2.89, scores(t/v)=[0.80/0.40 + 0.79/0.54 + 0.73/0.21 + 1.00/0.20 = 0.82/0.31]
INFO:experiments.py:[61/1000] 3.30 sec: loss(t/v)=0.23/2.88, scores(t/v)=[0.80/0.40 + 0.77/0.54 + 0.74/0.21 + 1.00/0.20 = 0.82/0.31]
INFO:experiments.py:[62/1000] 3.31 sec: loss(t/v)=0.24/2.89, scores(t/v)=[0.82/0.40 + 0.79/0.54 + 0.75/0.21 + 1.00/0.20 = 0.84/0.31]
INFO:experiments.py:[63/1000] 3.33 sec: loss(t/v)=0.24/2.88, scores(t/v)=[0.82/0.40 + 0.81/0.54 + 0.76/0.21 + 1.00/0.20 = 0.84/0.31]
INFO:experiments.py:[64/1000] 3.33 sec: loss(t/v)=0.23/2.88, scores(t/v)=[0.82/0.40 + 0.81/0.54 + 0.76/0.21 + 1.00/0.20 = 0.84/0.31]
INFO:experiments.py:[65/1000] 3.37 sec: loss(t/v)=0.24/2.88, scores(t/v)=[0.82/0.40 + 0.81/0.54 + 0.72/0.21 + 1.00/0.20 = 0.83/0.31]
INFO:experiments.py:[66/1000] 3.36 sec: loss(t/v)=0.24/2.89, scores(t/v)=[0.82/0.40 + 0.80/0.53 + 0.76/0.20 + 0.99/0.20 = 0.84/0.31]
INFO:experiments.py:[67/1000] 3.36 sec: loss(t/v)=0.23/2.89, scores(t/v)=[0.81/0.40 + 0.78/0.54 + 0.78/0.20 + 1.00/0.20 = 0.84/0.31]
INFO:experiments.py:[68/1000] 3.34 sec: loss(t/v)=0.24/2.88, scores(t/v)=[0.82/0.40 + 0.76/0.54 + 0.73/0.21 + 1.00/0.20 = 0.82/0.31]
INFO:experiments.py:[69/1000] 3.37 sec: loss(t/v)=0.23/2.89, scores(t/v)=[0.81/0.40 + 0.80/0.54 + 0.73/0.21 + 1.00/0.19 = 0.83/0.30]
INFO:experiments.py:[70/1000] 3.34 sec: loss(t/v)=0.25/2.88, scores(t/v)=[0.80/0.40 + 0.78/0.54 + 0.76/0.21 + 1.00/0.19 = 0.83/0.30]
INFO:experiments.py:[71/1000] 3.38 sec: loss(t/v)=0.24/2.89, scores(t/v)=[0.81/0.40 + 0.77/0.54 + 0.74/0.21 + 1.00/0.20 = 0.82/0.31]
INFO:experiments.py:[72/1000] 3.32 sec: loss(t/v)=0.24/2.88, scores(t/v)=[0.79/0.40 + 0.78/0.54 + 0.76/0.21 + 1.00/0.20 = 0.83/0.31]
INFO:experiments.py:[73/1000] 3.37 sec: loss(t/v)=0.25/2.89, scores(t/v)=[0.82/0.41 + 0.78/0.54 + 0.72/0.21 + 1.00/0.20 = 0.82/0.31]
INFO:experiments.py:[74/1000] 3.33 sec: loss(t/v)=0.23/2.89, scores(t/v)=[0.78/0.40 + 0.80/0.54 + 0.75/0.21 + 1.00/0.20 = 0.83/0.31]
INFO:experiments.py:[75/1000] 3.38 sec: loss(t/v)=0.23/2.89, scores(t/v)=[0.82/0.40 + 0.80/0.54 + 0.75/0.21 + 1.00/0.20 = 0.84/0.31]
INFO:experiments.py:[76/1000] 3.30 sec: loss(t/v)=0.24/2.89, scores(t/v)=[0.81/0.40 + 0.81/0.54 + 0.72/0.21 + 1.00/0.20 = 0.83/0.31]
INFO:experiments.py:[77/1000] 3.35 sec: loss(t/v)=0.23/2.88, scores(t/v)=[0.82/0.40 + 0.78/0.54 + 0.73/0.21 + 1.00/0.20 = 0.82/0.31]
INFO:experiments.py:[78/1000] 3.32 sec: loss(t/v)=0.25/2.88, scores(t/v)=[0.83/0.40 + 0.76/0.54 + 0.74/0.21 + 1.00/0.20 = 0.82/0.31]
INFO:experiments.py:[79/1000] 3.35 sec: loss(t/v)=0.23/2.89, scores(t/v)=[0.85/0.40 + 0.81/0.54 + 0.76/0.21 + 1.00/0.20 = 0.85/0.31]
INFO:experiments.py:[80/1000] 3.31 sec: loss(t/v)=0.24/2.89, scores(t/v)=[0.81/0.40 + 0.77/0.54 + 0.73/0.21 + 1.00/0.20 = 0.82/0.31]
INFO:experiments.py:[81/1000] 3.33 sec: loss(t/v)=0.23/2.89, scores(t/v)=[0.80/0.40 + 0.77/0.54 + 0.72/0.22 + 1.00/0.20 = 0.82/0.31]
INFO:experiments.py:[82/1000] 3.31 sec: loss(t/v)=0.24/2.89, scores(t/v)=[0.82/0.40 + 0.77/0.54 + 0.73/0.22 + 1.00/0.20 = 0.82/0.31]
INFO:experiments.py:+ New best model found: loss=2.8810116052627563, score=0.31130368424481136
INFO:experiments.py:[83/1000] 3.35 sec: loss(t/v)=0.24/2.88, scores(t/v)=[0.81/0.40 + 0.77/0.54 + 0.74/0.22 + 1.00/0.20 = 0.82/0.31]
INFO:experiments.py:[84/1000] 3.32 sec: loss(t/v)=0.26/2.88, scores(t/v)=[0.80/0.40 + 0.77/0.54 + 0.74/0.22 + 1.00/0.21 = 0.82/0.31]
INFO:experiments.py:[85/1000] 3.35 sec: loss(t/v)=0.25/2.89, scores(t/v)=[0.80/0.40 + 0.79/0.53 + 0.74/0.22 + 1.00/0.21 = 0.82/0.31]
INFO:experiments.py:[86/1000] 3.31 sec: loss(t/v)=0.23/2.89, scores(t/v)=[0.82/0.40 + 0.80/0.54 + 0.76/0.22 + 1.00/0.21 = 0.84/0.31]
INFO:experiments.py:[87/1000] 3.34 sec: loss(t/v)=0.22/2.89, scores(t/v)=[0.82/0.40 + 0.79/0.54 + 0.77/0.21 + 1.00/0.21 = 0.84/0.31]
INFO:experiments.py:[88/1000] 3.33 sec: loss(t/v)=0.26/2.88, scores(t/v)=[0.80/0.40 + 0.74/0.54 + 0.72/0.22 + 1.00/0.21 = 0.81/0.31]
INFO:experiments.py:[89/1000] 3.35 sec: loss(t/v)=0.23/2.89, scores(t/v)=[0.83/0.40 + 0.79/0.54 + 0.73/0.21 + 1.00/0.21 = 0.83/0.31]
INFO:experiments.py:[90/1000] 3.28 sec: loss(t/v)=0.24/2.89, scores(t/v)=[0.82/0.40 + 0.80/0.54 + 0.74/0.21 + 1.00/0.21 = 0.83/0.31]
INFO:experiments.py:[91/1000] 3.34 sec: loss(t/v)=0.25/2.89, scores(t/v)=[0.82/0.40 + 0.79/0.54 + 0.72/0.21 + 1.00/0.21 = 0.82/0.31]
INFO:experiments.py:[92/1000] 3.32 sec: loss(t/v)=0.23/2.89, scores(t/v)=[0.79/0.40 + 0.81/0.54 + 0.73/0.21 + 1.00/0.21 = 0.83/0.31]
INFO:experiments.py:[93/1000] 3.35 sec: loss(t/v)=0.25/2.89, scores(t/v)=[0.80/0.40 + 0.75/0.54 + 0.72/0.21 + 1.00/0.21 = 0.81/0.31]
INFO:experiments.py:[94/1000] 3.33 sec: loss(t/v)=0.24/2.89, scores(t/v)=[0.81/0.40 + 0.78/0.54 + 0.71/0.21 + 1.00/0.20 = 0.82/0.31]
INFO:experiments.py:[95/1000] 3.34 sec: loss(t/v)=0.23/2.89, scores(t/v)=[0.83/0.40 + 0.79/0.54 + 0.75/0.21 + 1.00/0.20 = 0.84/0.31]
INFO:experiments.py:[96/1000] 3.33 sec: loss(t/v)=0.23/2.88, scores(t/v)=[0.83/0.41 + 0.81/0.54 + 0.74/0.21 + 1.00/0.20 = 0.84/0.31]
INFO:experiments.py:+ New best model found: loss=2.8806416988372803, score=0.3132192141129457
INFO:experiments.py:[97/1000] 3.33 sec: loss(t/v)=0.25/2.88, scores(t/v)=[0.83/0.40 + 0.80/0.54 + 0.75/0.21 + 1.00/0.21 = 0.84/0.31]
INFO:experiments.py:[98/1000] 3.32 sec: loss(t/v)=0.25/2.88, scores(t/v)=[0.76/0.40 + 0.76/0.54 + 0.74/0.21 + 1.00/0.21 = 0.81/0.31]
INFO:experiments.py:[99/1000] 3.28 sec: loss(t/v)=0.23/2.88, scores(t/v)=[0.82/0.40 + 0.78/0.54 + 0.71/0.21 + 1.00/0.21 = 0.82/0.31]
INFO:experiments.py:[100/1000] 3.27 sec: loss(t/v)=0.24/2.88, scores(t/v)=[0.83/0.40 + 0.79/0.53 + 0.75/0.21 + 1.00/0.21 = 0.84/0.31]
INFO:experiments.py:[101/1000] 3.30 sec: loss(t/v)=0.25/2.88, scores(t/v)=[0.80/0.40 + 0.78/0.54 + 0.74/0.21 + 1.00/0.21 = 0.82/0.31]
INFO:experiments.py:[102/1000] 3.28 sec: loss(t/v)=0.25/2.88, scores(t/v)=[0.84/0.40 + 0.81/0.54 + 0.75/0.21 + 1.00/0.22 = 0.84/0.31]
INFO:experiments.py:[103/1000] 3.27 sec: loss(t/v)=0.25/2.89, scores(t/v)=[0.79/0.40 + 0.79/0.54 + 0.74/0.21 + 1.00/0.21 = 0.82/0.31]
INFO:experiments.py:[104/1000] 3.28 sec: loss(t/v)=0.24/2.89, scores(t/v)=[0.83/0.40 + 0.77/0.54 + 0.73/0.21 + 1.00/0.21 = 0.82/0.31]
INFO:experiments.py:[105/1000] 3.28 sec: loss(t/v)=0.24/2.89, scores(t/v)=[0.80/0.40 + 0.78/0.53 + 0.77/0.21 + 1.00/0.21 = 0.83/0.31]
INFO:experiments.py:[106/1000] 3.28 sec: loss(t/v)=0.23/2.88, scores(t/v)=[0.83/0.40 + 0.79/0.54 + 0.76/0.21 + 1.00/0.21 = 0.84/0.31]
INFO:experiments.py:[107/1000] 3.28 sec: loss(t/v)=0.23/2.88, scores(t/v)=[0.84/0.40 + 0.76/0.54 + 0.76/0.21 + 1.00/0.20 = 0.83/0.31]
INFO:experiments.py:[108/1000] 3.27 sec: loss(t/v)=0.24/2.89, scores(t/v)=[0.81/0.40 + 0.79/0.54 + 0.75/0.21 + 1.00/0.21 = 0.83/0.31]
INFO:experiments.py:[109/1000] 3.30 sec: loss(t/v)=0.24/2.89, scores(t/v)=[0.81/0.40 + 0.78/0.54 + 0.74/0.21 + 1.00/0.20 = 0.83/0.31]
INFO:experiments.py:[110/1000] 3.25 sec: loss(t/v)=0.24/2.89, scores(t/v)=[0.81/0.40 + 0.79/0.54 + 0.75/0.21 + 1.00/0.21 = 0.83/0.31]
INFO:experiments.py:[111/1000] 3.27 sec: loss(t/v)=0.24/2.89, scores(t/v)=[0.83/0.40 + 0.82/0.54 + 0.74/0.21 + 1.00/0.21 = 0.84/0.31]
INFO:experiments.py:[112/1000] 3.25 sec: loss(t/v)=0.25/2.89, scores(t/v)=[0.80/0.40 + 0.79/0.54 + 0.75/0.21 + 1.00/0.20 = 0.83/0.31]
INFO:experiments.py:[113/1000] 3.29 sec: loss(t/v)=0.24/2.89, scores(t/v)=[0.82/0.40 + 0.80/0.54 + 0.74/0.21 + 1.00/0.21 = 0.83/0.31]
INFO:experiments.py:[114/1000] 3.26 sec: loss(t/v)=0.24/2.88, scores(t/v)=[0.83/0.40 + 0.78/0.54 + 0.76/0.21 + 1.00/0.21 = 0.84/0.31]
INFO:experiments.py:[115/1000] 3.29 sec: loss(t/v)=0.24/2.88, scores(t/v)=[0.81/0.40 + 0.74/0.54 + 0.76/0.21 + 1.00/0.22 = 0.82/0.32]
INFO:experiments.py:[116/1000] 3.27 sec: loss(t/v)=0.24/2.88, scores(t/v)=[0.83/0.40 + 0.81/0.54 + 0.75/0.21 + 1.00/0.20 = 0.84/0.31]
INFO:experiments.py:[117/1000] 3.30 sec: loss(t/v)=0.23/2.88, scores(t/v)=[0.80/0.40 + 0.78/0.54 + 0.78/0.21 + 1.00/0.20 = 0.84/0.31]
INFO:experiments.py:[118/1000] 3.28 sec: loss(t/v)=0.23/2.88, scores(t/v)=[0.82/0.40 + 0.81/0.54 + 0.72/0.21 + 1.00/0.20 = 0.83/0.31]
INFO:experiments.py:[119/1000] 3.27 sec: loss(t/v)=0.23/2.88, scores(t/v)=[0.81/0.40 + 0.79/0.54 + 0.75/0.21 + 1.00/0.20 = 0.83/0.31]
INFO:experiments.py:[120/1000] 3.27 sec: loss(t/v)=0.22/2.89, scores(t/v)=[0.83/0.40 + 0.82/0.54 + 0.76/0.21 + 1.00/0.20 = 0.85/0.31]
INFO:experiments.py:[121/1000] 3.29 sec: loss(t/v)=0.24/2.88, scores(t/v)=[0.82/0.40 + 0.78/0.54 + 0.75/0.21 + 1.00/0.20 = 0.83/0.31]
INFO:experiments.py:[122/1000] 3.28 sec: loss(t/v)=0.23/2.88, scores(t/v)=[0.82/0.40 + 0.81/0.54 + 0.75/0.21 + 1.00/0.20 = 0.84/0.31]
INFO:experiments.py:[123/1000] 3.27 sec: loss(t/v)=0.23/2.88, scores(t/v)=[0.82/0.40 + 0.80/0.54 + 0.76/0.22 + 1.00/0.20 = 0.84/0.31]
INFO:experiments.py:[124/1000] 3.27 sec: loss(t/v)=0.26/2.88, scores(t/v)=[0.81/0.40 + 0.79/0.54 + 0.73/0.21 + 1.00/0.20 = 0.83/0.31]
INFO:experiments.py:[125/1000] 3.30 sec: loss(t/v)=0.24/2.89, scores(t/v)=[0.80/0.40 + 0.80/0.54 + 0.76/0.21 + 1.00/0.20 = 0.83/0.31]
INFO:experiments.py:[126/1000] 3.27 sec: loss(t/v)=0.24/2.88, scores(t/v)=[0.81/0.40 + 0.74/0.53 + 0.72/0.21 + 1.00/0.20 = 0.81/0.31]
INFO:experiments.py:[127/1000] 3.30 sec: loss(t/v)=0.23/2.88, scores(t/v)=[0.83/0.40 + 0.82/0.53 + 0.76/0.21 + 1.00/0.20 = 0.85/0.31]
INFO:experiments.py:[128/1000] 3.25 sec: loss(t/v)=0.24/2.89, scores(t/v)=[0.78/0.40 + 0.78/0.53 + 0.73/0.21 + 1.00/0.20 = 0.81/0.31]
INFO:experiments.py:[129/1000] 3.30 sec: loss(t/v)=0.23/2.89, scores(t/v)=[0.82/0.40 + 0.80/0.53 + 0.76/0.21 + 1.00/0.20 = 0.84/0.31]
INFO:experiments.py:[130/1000] 3.25 sec: loss(t/v)=0.23/2.89, scores(t/v)=[0.82/0.39 + 0.81/0.53 + 0.72/0.21 + 1.00/0.20 = 0.83/0.31]
INFO:experiments.py:[131/1000] 3.28 sec: loss(t/v)=0.24/2.89, scores(t/v)=[0.81/0.40 + 0.80/0.54 + 0.76/0.21 + 1.00/0.20 = 0.84/0.31]
INFO:experiments.py:[132/1000] 3.28 sec: loss(t/v)=0.23/2.89, scores(t/v)=[0.79/0.40 + 0.78/0.54 + 0.75/0.21 + 1.00/0.20 = 0.82/0.31]
INFO:experiments.py:[133/1000] 3.30 sec: loss(t/v)=0.22/2.89, scores(t/v)=[0.85/0.40 + 0.80/0.53 + 0.71/0.21 + 1.00/0.21 = 0.83/0.31]
INFO:experiments.py:[134/1000] 3.26 sec: loss(t/v)=0.23/2.88, scores(t/v)=[0.83/0.40 + 0.76/0.53 + 0.73/0.21 + 1.00/0.22 = 0.82/0.32]
INFO:experiments.py:+ New best model found: loss=2.8797487020492554, score=0.3129174391864797
INFO:experiments.py:[135/1000] 3.30 sec: loss(t/v)=0.26/2.88, scores(t/v)=[0.82/0.40 + 0.77/0.54 + 0.71/0.21 + 1.00/0.21 = 0.82/0.31]
INFO:experiments.py:[136/1000] 3.25 sec: loss(t/v)=0.24/2.88, scores(t/v)=[0.82/0.40 + 0.78/0.54 + 0.74/0.21 + 1.00/0.21 = 0.83/0.31]
INFO:experiments.py:[137/1000] 3.29 sec: loss(t/v)=0.24/2.89, scores(t/v)=[0.80/0.40 + 0.78/0.54 + 0.75/0.21 + 1.00/0.20 = 0.83/0.31]
INFO:experiments.py:[138/1000] 3.24 sec: loss(t/v)=0.24/2.90, scores(t/v)=[0.82/0.40 + 0.78/0.53 + 0.74/0.21 + 1.00/0.20 = 0.83/0.31]
INFO:experiments.py:[139/1000] 3.31 sec: loss(t/v)=0.24/2.89, scores(t/v)=[0.81/0.40 + 0.76/0.53 + 0.72/0.21 + 1.00/0.19 = 0.82/0.31]
INFO:experiments.py:[140/1000] 3.26 sec: loss(t/v)=0.25/2.89, scores(t/v)=[0.81/0.40 + 0.77/0.54 + 0.73/0.21 + 1.00/0.20 = 0.82/0.31]
INFO:experiments.py:[141/1000] 3.30 sec: loss(t/v)=0.24/2.89, scores(t/v)=[0.81/0.40 + 0.82/0.54 + 0.72/0.21 + 1.00/0.20 = 0.83/0.31]
INFO:experiments.py:[142/1000] 3.27 sec: loss(t/v)=0.24/2.89, scores(t/v)=[0.80/0.40 + 0.79/0.53 + 0.72/0.21 + 1.00/0.21 = 0.82/0.31]
INFO:experiments.py:[143/1000] 3.28 sec: loss(t/v)=0.24/2.89, scores(t/v)=[0.83/0.40 + 0.80/0.54 + 0.74/0.21 + 1.00/0.20 = 0.84/0.31]
INFO:experiments.py:[144/1000] 3.27 sec: loss(t/v)=0.24/2.89, scores(t/v)=[0.82/0.39 + 0.78/0.54 + 0.75/0.22 + 1.00/0.20 = 0.83/0.31]
INFO:experiments.py:[145/1000] 3.29 sec: loss(t/v)=0.24/2.89, scores(t/v)=[0.82/0.40 + 0.79/0.54 + 0.76/0.22 + 1.00/0.21 = 0.84/0.31]
INFO:experiments.py:[146/1000] 3.27 sec: loss(t/v)=0.25/2.89, scores(t/v)=[0.80/0.40 + 0.79/0.54 + 0.72/0.22 + 1.00/0.21 = 0.82/0.31]
INFO:experiments.py:[147/1000] 3.28 sec: loss(t/v)=0.25/2.89, scores(t/v)=[0.79/0.39 + 0.79/0.54 + 0.75/0.21 + 1.00/0.21 = 0.83/0.31]
INFO:experiments.py:[148/1000] 3.29 sec: loss(t/v)=0.24/2.89, scores(t/v)=[0.81/0.40 + 0.79/0.54 + 0.73/0.21 + 1.00/0.21 = 0.83/0.31]
INFO:experiments.py:[149/1000] 3.30 sec: loss(t/v)=0.23/2.89, scores(t/v)=[0.81/0.40 + 0.81/0.54 + 0.77/0.21 + 1.00/0.21 = 0.84/0.31]
INFO:experiments.py:[150/1000] 3.27 sec: loss(t/v)=0.25/2.89, scores(t/v)=[0.81/0.40 + 0.79/0.54 + 0.70/0.21 + 1.00/0.21 = 0.82/0.31]
INFO:experiments.py:[151/1000] 3.29 sec: loss(t/v)=0.22/2.88, scores(t/v)=[0.81/0.40 + 0.80/0.54 + 0.76/0.22 + 1.00/0.21 = 0.84/0.31]
INFO:experiments.py:[152/1000] 3.29 sec: loss(t/v)=0.23/2.88, scores(t/v)=[0.82/0.40 + 0.81/0.54 + 0.74/0.21 + 1.00/0.20 = 0.84/0.31]
INFO:experiments.py:[153/1000] 3.29 sec: loss(t/v)=0.25/2.88, scores(t/v)=[0.81/0.40 + 0.76/0.54 + 0.74/0.21 + 1.00/0.20 = 0.82/0.31]
INFO:experiments.py:[154/1000] 3.28 sec: loss(t/v)=0.24/2.89, scores(t/v)=[0.83/0.40 + 0.82/0.54 + 0.74/0.21 + 1.00/0.20 = 0.84/0.31]
INFO:experiments.py:[155/1000] 3.28 sec: loss(t/v)=0.24/2.89, scores(t/v)=[0.80/0.40 + 0.79/0.54 + 0.73/0.21 + 1.00/0.20 = 0.83/0.31]
INFO:experiments.py:[156/1000] 3.28 sec: loss(t/v)=0.23/2.89, scores(t/v)=[0.82/0.40 + 0.80/0.54 + 0.74/0.21 + 1.00/0.20 = 0.84/0.31]
INFO:experiments.py:[157/1000] 3.29 sec: loss(t/v)=0.24/2.89, scores(t/v)=[0.83/0.40 + 0.78/0.53 + 0.75/0.21 + 1.00/0.20 = 0.84/0.31]
INFO:experiments.py:[158/1000] 3.27 sec: loss(t/v)=0.26/2.89, scores(t/v)=[0.80/0.40 + 0.78/0.53 + 0.70/0.21 + 1.00/0.20 = 0.81/0.31]
INFO:experiments.py:[159/1000] 3.29 sec: loss(t/v)=0.23/2.89, scores(t/v)=[0.84/0.40 + 0.78/0.53 + 0.74/0.21 + 1.00/0.20 = 0.83/0.31]
INFO:experiments.py:[160/1000] 3.29 sec: loss(t/v)=0.23/2.89, scores(t/v)=[0.80/0.40 + 0.81/0.54 + 0.75/0.21 + 1.00/0.20 = 0.83/0.31]
INFO:experiments.py:[161/1000] 3.27 sec: loss(t/v)=0.23/2.89, scores(t/v)=[0.81/0.40 + 0.79/0.54 + 0.74/0.21 + 1.00/0.20 = 0.83/0.31]
INFO:experiments.py:[162/1000] 3.28 sec: loss(t/v)=0.25/2.89, scores(t/v)=[0.82/0.40 + 0.77/0.54 + 0.75/0.22 + 1.00/0.20 = 0.83/0.31]
INFO:experiments.py:[163/1000] 3.27 sec: loss(t/v)=0.25/2.89, scores(t/v)=[0.80/0.40 + 0.74/0.54 + 0.72/0.22 + 1.00/0.20 = 0.81/0.31]
INFO:experiments.py:[164/1000] 3.26 sec: loss(t/v)=0.23/2.89, scores(t/v)=[0.82/0.40 + 0.77/0.54 + 0.74/0.22 + 1.00/0.20 = 0.83/0.31]
INFO:experiments.py:[165/1000] 3.27 sec: loss(t/v)=0.26/2.89, scores(t/v)=[0.79/0.40 + 0.78/0.54 + 0.71/0.22 + 1.00/0.21 = 0.82/0.32]
INFO:experiments.py:[166/1000] 3.27 sec: loss(t/v)=0.23/2.89, scores(t/v)=[0.83/0.40 + 0.81/0.54 + 0.75/0.22 + 1.00/0.21 = 0.84/0.32]
INFO:experiments.py:[167/1000] 3.29 sec: loss(t/v)=0.23/2.89, scores(t/v)=[0.83/0.40 + 0.76/0.54 + 0.77/0.22 + 1.00/0.21 = 0.84/0.32]
INFO:experiments.py:[168/1000] 3.26 sec: loss(t/v)=0.23/2.89, scores(t/v)=[0.80/0.40 + 0.76/0.54 + 0.74/0.22 + 1.00/0.19 = 0.82/0.31]
INFO:experiments.py:[169/1000] 3.28 sec: loss(t/v)=0.25/2.89, scores(t/v)=[0.81/0.40 + 0.78/0.54 + 0.72/0.22 + 1.00/0.20 = 0.82/0.31]
INFO:experiments.py:[170/1000] 3.27 sec: loss(t/v)=0.26/2.89, scores(t/v)=[0.79/0.40 + 0.79/0.54 + 0.74/0.22 + 1.00/0.20 = 0.83/0.31]
INFO:experiments.py:[171/1000] 3.29 sec: loss(t/v)=0.25/2.89, scores(t/v)=[0.80/0.40 + 0.78/0.54 + 0.71/0.22 + 1.00/0.21 = 0.82/0.32]
INFO:experiments.py:[172/1000] 3.26 sec: loss(t/v)=0.25/2.89, scores(t/v)=[0.80/0.40 + 0.78/0.54 + 0.74/0.22 + 1.00/0.20 = 0.82/0.31]
INFO:experiments.py:[173/1000] 3.30 sec: loss(t/v)=0.26/2.89, scores(t/v)=[0.80/0.41 + 0.74/0.54 + 0.71/0.21 + 1.00/0.21 = 0.80/0.31]
INFO:experiments.py:[174/1000] 3.26 sec: loss(t/v)=0.23/2.88, scores(t/v)=[0.81/0.40 + 0.79/0.54 + 0.74/0.21 + 1.00/0.21 = 0.83/0.31]
INFO:experiments.py:[175/1000] 3.30 sec: loss(t/v)=0.24/2.89, scores(t/v)=[0.79/0.40 + 0.80/0.54 + 0.75/0.21 + 1.00/0.21 = 0.83/0.31]
INFO:experiments.py:[176/1000] 3.29 sec: loss(t/v)=0.23/2.89, scores(t/v)=[0.82/0.39 + 0.79/0.54 + 0.76/0.21 + 1.00/0.20 = 0.84/0.31]
INFO:experiments.py:[177/1000] 3.30 sec: loss(t/v)=0.24/2.89, scores(t/v)=[0.81/0.39 + 0.79/0.54 + 0.75/0.21 + 1.00/0.20 = 0.83/0.31]
INFO:experiments.py:[178/1000] 3.28 sec: loss(t/v)=0.25/2.89, scores(t/v)=[0.82/0.40 + 0.78/0.54 + 0.75/0.21 + 1.00/0.20 = 0.83/0.31]
INFO:experiments.py:[179/1000] 3.27 sec: loss(t/v)=0.25/2.89, scores(t/v)=[0.75/0.39 + 0.76/0.53 + 0.76/0.21 + 1.00/0.21 = 0.81/0.31]
INFO:experiments.py:[180/1000] 3.28 sec: loss(t/v)=0.25/2.89, scores(t/v)=[0.79/0.40 + 0.79/0.54 + 0.71/0.21 + 1.00/0.20 = 0.82/0.31]
INFO:experiments.py:[181/1000] 3.30 sec: loss(t/v)=0.23/2.89, scores(t/v)=[0.80/0.40 + 0.78/0.53 + 0.71/0.21 + 1.00/0.21 = 0.81/0.31]
INFO:experiments.py:[182/1000] 3.28 sec: loss(t/v)=0.25/2.88, scores(t/v)=[0.80/0.40 + 0.78/0.54 + 0.73/0.21 + 1.00/0.20 = 0.82/0.31]
INFO:experiments.py:+ New best model found: loss=2.879491448402405, score=0.3082192889199853
INFO:experiments.py:[183/1000] 3.28 sec: loss(t/v)=0.23/2.88, scores(t/v)=[0.81/0.40 + 0.78/0.54 + 0.77/0.21 + 1.00/0.20 = 0.83/0.31]
INFO:experiments.py:[184/1000] 3.27 sec: loss(t/v)=0.24/2.88, scores(t/v)=[0.80/0.40 + 0.80/0.54 + 0.73/0.21 + 1.00/0.20 = 0.83/0.31]
INFO:experiments.py:[185/1000] 3.27 sec: loss(t/v)=0.24/2.89, scores(t/v)=[0.81/0.40 + 0.79/0.53 + 0.72/0.21 + 1.00/0.21 = 0.83/0.31]
INFO:experiments.py:[186/1000] 3.29 sec: loss(t/v)=0.22/2.89, scores(t/v)=[0.83/0.40 + 0.79/0.53 + 0.77/0.21 + 1.00/0.20 = 0.84/0.31]
INFO:experiments.py:[187/1000] 3.27 sec: loss(t/v)=0.25/2.88, scores(t/v)=[0.82/0.40 + 0.81/0.54 + 0.72/0.21 + 1.00/0.20 = 0.83/0.31]
INFO:experiments.py:[188/1000] 3.27 sec: loss(t/v)=0.22/2.88, scores(t/v)=[0.82/0.40 + 0.82/0.54 + 0.76/0.21 + 1.00/0.20 = 0.85/0.31]
INFO:experiments.py:[189/1000] 3.29 sec: loss(t/v)=0.23/2.88, scores(t/v)=[0.82/0.40 + 0.79/0.54 + 0.77/0.21 + 1.00/0.20 = 0.84/0.31]
INFO:experiments.py:[190/1000] 3.28 sec: loss(t/v)=0.23/2.88, scores(t/v)=[0.80/0.40 + 0.79/0.53 + 0.72/0.21 + 1.00/0.20 = 0.82/0.31]
INFO:experiments.py:[191/1000] 3.31 sec: loss(t/v)=0.24/2.88, scores(t/v)=[0.80/0.40 + 0.79/0.53 + 0.74/0.21 + 1.00/0.20 = 0.83/0.31]
INFO:experiments.py:[192/1000] 3.27 sec: loss(t/v)=0.24/2.88, scores(t/v)=[0.77/0.40 + 0.77/0.53 + 0.72/0.21 + 1.00/0.20 = 0.81/0.31]
INFO:experiments.py:[193/1000] 3.31 sec: loss(t/v)=0.25/2.89, scores(t/v)=[0.79/0.40 + 0.76/0.53 + 0.76/0.21 + 1.00/0.20 = 0.82/0.31]
INFO:experiments.py:[194/1000] 3.26 sec: loss(t/v)=0.22/2.88, scores(t/v)=[0.81/0.40 + 0.80/0.53 + 0.74/0.21 + 1.00/0.20 = 0.83/0.31]
INFO:experiments.py:[195/1000] 3.29 sec: loss(t/v)=0.23/2.89, scores(t/v)=[0.82/0.40 + 0.79/0.54 + 0.71/0.21 + 1.00/0.20 = 0.82/0.31]
INFO:experiments.py:[196/1000] 3.27 sec: loss(t/v)=0.27/2.88, scores(t/v)=[0.79/0.39 + 0.77/0.54 + 0.73/0.21 + 1.00/0.20 = 0.82/0.31]
INFO:experiments.py:[197/1000] 3.31 sec: loss(t/v)=0.25/2.88, scores(t/v)=[0.79/0.40 + 0.77/0.54 + 0.72/0.21 + 1.00/0.19 = 0.82/0.30]
INFO:experiments.py:[198/1000] 3.26 sec: loss(t/v)=0.23/2.88, scores(t/v)=[0.83/0.40 + 0.79/0.54 + 0.72/0.20 + 1.00/0.20 = 0.83/0.31]
INFO:experiments.py:[199/1000] 3.29 sec: loss(t/v)=0.24/2.89, scores(t/v)=[0.81/0.40 + 0.77/0.54 + 0.70/0.20 + 1.00/0.20 = 0.82/0.31]
INFO:experiments.py:[200/1000] 3.30 sec: loss(t/v)=0.23/2.89, scores(t/v)=[0.81/0.40 + 0.80/0.54 + 0.73/0.21 + 1.00/0.21 = 0.83/0.31]
INFO:experiments.py:[201/1000] 3.31 sec: loss(t/v)=0.24/2.89, scores(t/v)=[0.79/0.40 + 0.78/0.54 + 0.73/0.21 + 1.00/0.21 = 0.82/0.31]
INFO:experiments.py:[202/1000] 3.27 sec: loss(t/v)=0.24/2.89, scores(t/v)=[0.81/0.40 + 0.79/0.54 + 0.75/0.21 + 1.00/0.20 = 0.83/0.31]
INFO:experiments.py:[203/1000] 3.30 sec: loss(t/v)=0.25/2.88, scores(t/v)=[0.80/0.40 + 0.76/0.54 + 0.75/0.21 + 1.00/0.21 = 0.82/0.31]
INFO:experiments.py:[204/1000] 3.25 sec: loss(t/v)=0.24/2.88, scores(t/v)=[0.81/0.40 + 0.80/0.54 + 0.72/0.21 + 1.00/0.21 = 0.83/0.31]
INFO:experiments.py:[205/1000] 3.31 sec: loss(t/v)=0.25/2.89, scores(t/v)=[0.81/0.40 + 0.80/0.54 + 0.69/0.22 + 1.00/0.20 = 0.82/0.31]
INFO:experiments.py:[206/1000] 3.25 sec: loss(t/v)=0.24/2.89, scores(t/v)=[0.80/0.40 + 0.82/0.54 + 0.72/0.21 + 1.00/0.20 = 0.83/0.31]
INFO:experiments.py:[207/1000] 3.30 sec: loss(t/v)=0.22/2.89, scores(t/v)=[0.80/0.40 + 0.80/0.53 + 0.75/0.21 + 1.00/0.20 = 0.83/0.31]
INFO:experiments.py:[208/1000] 3.29 sec: loss(t/v)=0.24/2.89, scores(t/v)=[0.81/0.40 + 0.77/0.53 + 0.76/0.21 + 1.00/0.20 = 0.83/0.31]
INFO:experiments.py:[209/1000] 3.31 sec: loss(t/v)=0.24/2.89, scores(t/v)=[0.81/0.40 + 0.80/0.54 + 0.77/0.21 + 1.00/0.20 = 0.84/0.31]
INFO:experiments.py:[210/1000] 3.27 sec: loss(t/v)=0.25/2.88, scores(t/v)=[0.82/0.40 + 0.78/0.54 + 0.74/0.22 + 1.00/0.20 = 0.83/0.31]
INFO:experiments.py:[211/1000] 3.28 sec: loss(t/v)=0.22/2.89, scores(t/v)=[0.79/0.40 + 0.78/0.54 + 0.75/0.21 + 1.00/0.21 = 0.82/0.31]
INFO:experiments.py:[212/1000] 3.28 sec: loss(t/v)=0.22/2.89, scores(t/v)=[0.83/0.40 + 0.81/0.54 + 0.73/0.21 + 1.00/0.20 = 0.84/0.31]
INFO:experiments.py:[213/1000] 3.30 sec: loss(t/v)=0.26/2.89, scores(t/v)=[0.77/0.40 + 0.77/0.53 + 0.72/0.21 + 1.00/0.21 = 0.81/0.31]
INFO:experiments.py:[214/1000] 3.24 sec: loss(t/v)=0.23/2.89, scores(t/v)=[0.81/0.40 + 0.82/0.54 + 0.74/0.21 + 1.00/0.20 = 0.84/0.31]
INFO:experiments.py:[215/1000] 3.30 sec: loss(t/v)=0.23/2.88, scores(t/v)=[0.82/0.40 + 0.79/0.54 + 0.74/0.21 + 1.00/0.21 = 0.83/0.31]
INFO:experiments.py:[216/1000] 3.27 sec: loss(t/v)=0.24/2.88, scores(t/v)=[0.82/0.40 + 0.80/0.54 + 0.71/0.21 + 1.00/0.21 = 0.83/0.31]
INFO:experiments.py:[217/1000] 3.30 sec: loss(t/v)=0.23/2.88, scores(t/v)=[0.83/0.40 + 0.80/0.54 + 0.74/0.21 + 1.00/0.21 = 0.83/0.31]
INFO:experiments.py:[218/1000] 3.26 sec: loss(t/v)=0.24/2.88, scores(t/v)=[0.79/0.40 + 0.78/0.54 + 0.74/0.21 + 1.00/0.21 = 0.82/0.31]
INFO:experiments.py:[219/1000] 3.29 sec: loss(t/v)=0.23/2.88, scores(t/v)=[0.83/0.40 + 0.80/0.54 + 0.74/0.21 + 1.00/0.21 = 0.84/0.31]
INFO:experiments.py:[220/1000] 3.28 sec: loss(t/v)=0.22/2.89, scores(t/v)=[0.81/0.40 + 0.81/0.53 + 0.75/0.21 + 1.00/0.20 = 0.84/0.31]
INFO:experiments.py:[221/1000] 3.27 sec: loss(t/v)=0.24/2.88, scores(t/v)=[0.82/0.40 + 0.78/0.54 + 0.72/0.20 + 1.00/0.20 = 0.82/0.31]
INFO:experiments.py:[222/1000] 3.26 sec: loss(t/v)=0.22/2.88, scores(t/v)=[0.83/0.40 + 0.81/0.54 + 0.76/0.21 + 1.00/0.20 = 0.85/0.31]
INFO:experiments.py:[223/1000] 3.28 sec: loss(t/v)=0.24/2.88, scores(t/v)=[0.82/0.40 + 0.77/0.54 + 0.72/0.21 + 1.00/0.20 = 0.82/0.31]
INFO:experiments.py:[224/1000] 3.29 sec: loss(t/v)=0.24/2.89, scores(t/v)=[0.81/0.40 + 0.79/0.54 + 0.73/0.20 + 1.00/0.19 = 0.83/0.30]
INFO:experiments.py:[225/1000] 3.29 sec: loss(t/v)=0.24/2.89, scores(t/v)=[0.81/0.40 + 0.78/0.54 + 0.74/0.20 + 1.00/0.20 = 0.83/0.31]
INFO:experiments.py:[226/1000] 3.26 sec: loss(t/v)=0.22/2.89, scores(t/v)=[0.83/0.40 + 0.82/0.54 + 0.75/0.21 + 1.00/0.20 = 0.85/0.31]
INFO:experiments.py:[227/1000] 3.28 sec: loss(t/v)=0.25/2.89, scores(t/v)=[0.77/0.40 + 0.74/0.54 + 0.72/0.21 + 1.00/0.19 = 0.80/0.31]
INFO:experiments.py:[228/1000] 3.27 sec: loss(t/v)=0.25/2.89, scores(t/v)=[0.76/0.40 + 0.79/0.54 + 0.71/0.21 + 1.00/0.20 = 0.81/0.31]
INFO:experiments.py:[229/1000] 3.28 sec: loss(t/v)=0.26/2.89, scores(t/v)=[0.81/0.40 + 0.75/0.54 + 0.74/0.21 + 0.99/0.20 = 0.82/0.31]
INFO:experiments.py:[230/1000] 3.25 sec: loss(t/v)=0.24/2.89, scores(t/v)=[0.81/0.40 + 0.76/0.54 + 0.72/0.21 + 1.00/0.20 = 0.82/0.31]
INFO:experiments.py:[231/1000] 3.29 sec: loss(t/v)=0.24/2.89, scores(t/v)=[0.83/0.40 + 0.81/0.53 + 0.72/0.20 + 1.00/0.20 = 0.83/0.31]
INFO:experiments.py:[232/1000] 3.27 sec: loss(t/v)=0.24/2.89, scores(t/v)=[0.79/0.40 + 0.78/0.53 + 0.72/0.20 + 1.00/0.20 = 0.82/0.31]
INFO:experiments.py:[233/1000] 3.30 sec: loss(t/v)=0.24/2.89, scores(t/v)=[0.82/0.40 + 0.79/0.53 + 0.74/0.21 + 1.00/0.20 = 0.83/0.31]
INFO:experiments.py:[234/1000] 3.26 sec: loss(t/v)=0.22/2.89, scores(t/v)=[0.81/0.40 + 0.80/0.53 + 0.74/0.21 + 1.00/0.20 = 0.83/0.31]
INFO:experiments.py:[235/1000] 3.29 sec: loss(t/v)=0.25/2.89, scores(t/v)=[0.82/0.40 + 0.77/0.53 + 0.73/0.22 + 1.00/0.20 = 0.82/0.31]
INFO:experiments.py:[236/1000] 3.29 sec: loss(t/v)=0.24/2.88, scores(t/v)=[0.83/0.40 + 0.79/0.54 + 0.70/0.21 + 1.00/0.20 = 0.82/0.31]
INFO:experiments.py:[237/1000] 3.30 sec: loss(t/v)=0.24/2.88, scores(t/v)=[0.80/0.40 + 0.80/0.54 + 0.75/0.21 + 1.00/0.20 = 0.83/0.31]
INFO:experiments.py:[238/1000] 3.25 sec: loss(t/v)=0.24/2.88, scores(t/v)=[0.81/0.40 + 0.78/0.54 + 0.75/0.21 + 1.00/0.20 = 0.83/0.31]
INFO:experiments.py:[239/1000] 3.28 sec: loss(t/v)=0.23/2.89, scores(t/v)=[0.84/0.40 + 0.81/0.53 + 0.76/0.21 + 1.00/0.20 = 0.85/0.31]
INFO:experiments.py:[240/1000] 3.27 sec: loss(t/v)=0.23/2.89, scores(t/v)=[0.82/0.40 + 0.79/0.53 + 0.73/0.21 + 1.00/0.20 = 0.83/0.31]
INFO:experiments.py:[241/1000] 3.32 sec: loss(t/v)=0.26/2.89, scores(t/v)=[0.84/0.40 + 0.77/0.53 + 0.72/0.21 + 0.99/0.20 = 0.83/0.31]
INFO:experiments.py:[242/1000] 3.25 sec: loss(t/v)=0.22/2.88, scores(t/v)=[0.81/0.40 + 0.81/0.54 + 0.73/0.21 + 1.00/0.20 = 0.83/0.31]
INFO:experiments.py:[243/1000] 3.30 sec: loss(t/v)=0.23/2.88, scores(t/v)=[0.81/0.39 + 0.80/0.54 + 0.78/0.20 + 1.00/0.20 = 0.84/0.30]
INFO:experiments.py:[244/1000] 3.27 sec: loss(t/v)=0.24/2.88, scores(t/v)=[0.81/0.40 + 0.77/0.54 + 0.75/0.21 + 1.00/0.20 = 0.83/0.31]
INFO:experiments.py:[245/1000] 3.30 sec: loss(t/v)=0.24/2.88, scores(t/v)=[0.81/0.40 + 0.77/0.54 + 0.74/0.22 + 1.00/0.20 = 0.83/0.31]
INFO:experiments.py:[246/1000] 3.27 sec: loss(t/v)=0.24/2.88, scores(t/v)=[0.82/0.40 + 0.77/0.54 + 0.76/0.21 + 1.00/0.20 = 0.83/0.31]
INFO:experiments.py:[247/1000] 3.27 sec: loss(t/v)=0.23/2.88, scores(t/v)=[0.82/0.39 + 0.80/0.54 + 0.73/0.21 + 1.00/0.20 = 0.83/0.31]
INFO:experiments.py:[248/1000] 3.28 sec: loss(t/v)=0.24/2.89, scores(t/v)=[0.80/0.39 + 0.78/0.54 + 0.72/0.21 + 1.00/0.20 = 0.82/0.31]
INFO:experiments.py:[249/1000] 3.28 sec: loss(t/v)=0.24/2.89, scores(t/v)=[0.82/0.40 + 0.80/0.54 + 0.72/0.21 + 1.00/0.21 = 0.83/0.31]
INFO:experiments.py:[250/1000] 3.29 sec: loss(t/v)=0.24/2.89, scores(t/v)=[0.81/0.40 + 0.81/0.54 + 0.73/0.21 + 1.00/0.21 = 0.83/0.31]
INFO:experiments.py:[251/1000] 3.28 sec: loss(t/v)=0.24/2.89, scores(t/v)=[0.81/0.40 + 0.80/0.53 + 0.75/0.21 + 1.00/0.20 = 0.83/0.31]
INFO:experiments.py:[252/1000] 3.27 sec: loss(t/v)=0.23/2.88, scores(t/v)=[0.82/0.40 + 0.78/0.53 + 0.76/0.21 + 1.00/0.20 = 0.83/0.31]
INFO:experiments.py:[253/1000] 3.30 sec: loss(t/v)=0.23/2.88, scores(t/v)=[0.83/0.40 + 0.81/0.54 + 0.76/0.21 + 1.00/0.20 = 0.85/0.31]
INFO:experiments.py:[254/1000] 3.26 sec: loss(t/v)=0.23/2.88, scores(t/v)=[0.83/0.39 + 0.83/0.54 + 0.74/0.21 + 1.00/0.20 = 0.84/0.31]
INFO:experiments.py:[255/1000] 3.30 sec: loss(t/v)=0.22/2.88, scores(t/v)=[0.81/0.39 + 0.80/0.54 + 0.72/0.22 + 1.00/0.20 = 0.82/0.31]
INFO:experiments.py:[256/1000] 3.25 sec: loss(t/v)=0.24/2.88, scores(t/v)=[0.83/0.39 + 0.80/0.54 + 0.72/0.22 + 1.00/0.20 = 0.83/0.31]
INFO:experiments.py:[257/1000] 3.29 sec: loss(t/v)=0.25/2.89, scores(t/v)=[0.81/0.39 + 0.78/0.54 + 0.74/0.21 + 1.00/0.20 = 0.83/0.31]
INFO:experiments.py:[258/1000] 3.28 sec: loss(t/v)=0.23/2.89, scores(t/v)=[0.82/0.39 + 0.81/0.53 + 0.72/0.21 + 1.00/0.20 = 0.83/0.31]
INFO:experiments.py:[259/1000] 3.29 sec: loss(t/v)=0.25/2.89, scores(t/v)=[0.80/0.40 + 0.78/0.54 + 0.72/0.21 + 1.00/0.19 = 0.82/0.30]
INFO:experiments.py:[260/1000] 3.26 sec: loss(t/v)=0.26/2.89, scores(t/v)=[0.81/0.40 + 0.80/0.53 + 0.71/0.21 + 1.00/0.21 = 0.82/0.31]
INFO:experiments.py:[261/1000] 3.27 sec: loss(t/v)=0.26/2.89, scores(t/v)=[0.80/0.40 + 0.79/0.54 + 0.74/0.22 + 1.00/0.21 = 0.83/0.31]
INFO:experiments.py:[262/1000] 3.27 sec: loss(t/v)=0.24/2.88, scores(t/v)=[0.80/0.40 + 0.81/0.54 + 0.76/0.21 + 1.00/0.20 = 0.84/0.31]
INFO:experiments.py:[263/1000] 3.29 sec: loss(t/v)=0.26/2.89, scores(t/v)=[0.81/0.40 + 0.79/0.54 + 0.73/0.21 + 1.00/0.21 = 0.83/0.31]
INFO:experiments.py:[264/1000] 3.29 sec: loss(t/v)=0.23/2.89, scores(t/v)=[0.79/0.40 + 0.78/0.53 + 0.74/0.21 + 1.00/0.20 = 0.82/0.31]
INFO:experiments.py:[265/1000] 3.30 sec: loss(t/v)=0.23/2.89, scores(t/v)=[0.80/0.39 + 0.81/0.53 + 0.76/0.21 + 1.00/0.20 = 0.84/0.31]
INFO:experiments.py:[266/1000] 3.27 sec: loss(t/v)=0.25/2.89, scores(t/v)=[0.82/0.40 + 0.80/0.53 + 0.74/0.21 + 1.00/0.20 = 0.83/0.31]
INFO:experiments.py:[267/1000] 3.29 sec: loss(t/v)=0.26/2.89, scores(t/v)=[0.77/0.39 + 0.79/0.53 + 0.76/0.22 + 1.00/0.21 = 0.82/0.31]
INFO:experiments.py:[268/1000] 3.27 sec: loss(t/v)=0.25/2.88, scores(t/v)=[0.82/0.39 + 0.78/0.54 + 0.72/0.22 + 1.00/0.21 = 0.82/0.31]
INFO:experiments.py:[269/1000] 3.28 sec: loss(t/v)=0.24/2.89, scores(t/v)=[0.82/0.39 + 0.78/0.54 + 0.75/0.21 + 1.00/0.21 = 0.83/0.31]
INFO:experiments.py:[270/1000] 3.28 sec: loss(t/v)=0.24/2.89, scores(t/v)=[0.81/0.39 + 0.77/0.53 + 0.68/0.21 + 1.00/0.21 = 0.81/0.31]
INFO:experiments.py:[271/1000] 3.28 sec: loss(t/v)=0.24/2.88, scores(t/v)=[0.80/0.40 + 0.78/0.53 + 0.73/0.21 + 1.00/0.20 = 0.82/0.31]
INFO:experiments.py:[272/1000] 3.29 sec: loss(t/v)=0.24/2.88, scores(t/v)=[0.82/0.40 + 0.79/0.54 + 0.74/0.20 + 1.00/0.20 = 0.83/0.30]
INFO:experiments.py:[273/1000] 3.28 sec: loss(t/v)=0.23/2.89, scores(t/v)=[0.81/0.40 + 0.82/0.53 + 0.77/0.21 + 1.00/0.20 = 0.84/0.31]
INFO:experiments.py:[274/1000] 3.27 sec: loss(t/v)=0.24/2.89, scores(t/v)=[0.82/0.40 + 0.78/0.53 + 0.75/0.21 + 1.00/0.21 = 0.83/0.31]
INFO:experiments.py:[275/1000] 3.30 sec: loss(t/v)=0.22/2.89, scores(t/v)=[0.82/0.40 + 0.80/0.53 + 0.75/0.21 + 1.00/0.21 = 0.84/0.31]
INFO:experiments.py:[276/1000] 3.26 sec: loss(t/v)=0.23/2.89, scores(t/v)=[0.84/0.40 + 0.79/0.53 + 0.75/0.21 + 1.00/0.21 = 0.84/0.31]
INFO:experiments.py:[277/1000] 3.29 sec: loss(t/v)=0.24/2.89, scores(t/v)=[0.81/0.40 + 0.80/0.53 + 0.74/0.21 + 1.00/0.20 = 0.83/0.31]
INFO:experiments.py:[278/1000] 3.24 sec: loss(t/v)=0.25/2.89, scores(t/v)=[0.80/0.40 + 0.78/0.53 + 0.72/0.21 + 1.00/0.20 = 0.82/0.31]
INFO:experiments.py:[279/1000] 3.29 sec: loss(t/v)=0.23/2.88, scores(t/v)=[0.82/0.40 + 0.80/0.54 + 0.74/0.21 + 1.00/0.22 = 0.84/0.31]
INFO:experiments.py:+ New best model found: loss=2.8792223930358887, score=0.314004829647871
INFO:experiments.py:[280/1000] 3.26 sec: loss(t/v)=0.24/2.88, scores(t/v)=[0.81/0.40 + 0.79/0.54 + 0.74/0.21 + 1.00/0.22 = 0.83/0.31]
INFO:experiments.py:[281/1000] 3.30 sec: loss(t/v)=0.24/2.88, scores(t/v)=[0.82/0.40 + 0.77/0.54 + 0.74/0.21 + 1.00/0.21 = 0.83/0.31]
INFO:experiments.py:[282/1000] 3.29 sec: loss(t/v)=0.24/2.88, scores(t/v)=[0.81/0.40 + 0.79/0.54 + 0.76/0.21 + 1.00/0.21 = 0.84/0.31]
INFO:experiments.py:[283/1000] 3.27 sec: loss(t/v)=0.23/2.88, scores(t/v)=[0.80/0.40 + 0.77/0.54 + 0.75/0.21 + 1.00/0.21 = 0.82/0.31]
INFO:experiments.py:[284/1000] 3.28 sec: loss(t/v)=0.25/2.88, scores(t/v)=[0.78/0.41 + 0.75/0.54 + 0.73/0.21 + 1.00/0.20 = 0.81/0.31]
INFO:experiments.py:[285/1000] 3.28 sec: loss(t/v)=0.23/2.88, scores(t/v)=[0.82/0.41 + 0.79/0.54 + 0.76/0.21 + 1.00/0.21 = 0.84/0.31]
INFO:experiments.py:[286/1000] 3.29 sec: loss(t/v)=0.23/2.88, scores(t/v)=[0.83/0.40 + 0.82/0.54 + 0.77/0.20 + 1.00/0.20 = 0.85/0.31]
INFO:experiments.py:[287/1000] 3.27 sec: loss(t/v)=0.24/2.88, scores(t/v)=[0.83/0.40 + 0.79/0.54 + 0.75/0.20 + 1.00/0.21 = 0.84/0.31]
INFO:experiments.py:[288/1000] 3.27 sec: loss(t/v)=0.24/2.88, scores(t/v)=[0.81/0.40 + 0.80/0.54 + 0.73/0.21 + 1.00/0.21 = 0.83/0.31]
INFO:experiments.py:[289/1000] 3.28 sec: loss(t/v)=0.23/2.88, scores(t/v)=[0.81/0.40 + 0.77/0.54 + 0.75/0.21 + 1.00/0.20 = 0.83/0.31]
INFO:experiments.py:[290/1000] 3.26 sec: loss(t/v)=0.23/2.89, scores(t/v)=[0.83/0.40 + 0.79/0.53 + 0.76/0.21 + 1.00/0.20 = 0.84/0.31]
INFO:experiments.py:[291/1000] 3.29 sec: loss(t/v)=0.23/2.89, scores(t/v)=[0.84/0.40 + 0.80/0.54 + 0.74/0.20 + 1.00/0.21 = 0.84/0.31]
INFO:experiments.py:[292/1000] 3.26 sec: loss(t/v)=0.24/2.89, scores(t/v)=[0.80/0.40 + 0.80/0.54 + 0.74/0.21 + 1.00/0.20 = 0.83/0.31]
INFO:experiments.py:[293/1000] 3.30 sec: loss(t/v)=0.25/2.89, scores(t/v)=[0.82/0.40 + 0.78/0.54 + 0.72/0.21 + 1.00/0.21 = 0.82/0.31]
INFO:experiments.py:[294/1000] 3.26 sec: loss(t/v)=0.24/2.89, scores(t/v)=[0.81/0.40 + 0.80/0.53 + 0.73/0.21 + 1.00/0.21 = 0.83/0.31]
INFO:experiments.py:[295/1000] 3.30 sec: loss(t/v)=0.24/2.89, scores(t/v)=[0.81/0.40 + 0.77/0.53 + 0.69/0.21 + 1.00/0.20 = 0.81/0.31]
INFO:experiments.py:[296/1000] 3.24 sec: loss(t/v)=0.23/2.89, scores(t/v)=[0.81/0.40 + 0.78/0.53 + 0.75/0.21 + 1.00/0.20 = 0.83/0.31]
INFO:experiments.py:[297/1000] 3.28 sec: loss(t/v)=0.22/2.89, scores(t/v)=[0.82/0.40 + 0.79/0.53 + 0.74/0.21 + 1.00/0.21 = 0.83/0.31]
INFO:experiments.py:[298/1000] 3.26 sec: loss(t/v)=0.27/2.89, scores(t/v)=[0.79/0.40 + 0.76/0.53 + 0.71/0.21 + 1.00/0.21 = 0.81/0.31]
INFO:experiments.py:[299/1000] 3.28 sec: loss(t/v)=0.24/2.88, scores(t/v)=[0.81/0.40 + 0.80/0.53 + 0.75/0.20 + 1.00/0.20 = 0.84/0.31]
INFO:experiments.py:[300/1000] 3.27 sec: loss(t/v)=0.23/2.88, scores(t/v)=[0.82/0.40 + 0.80/0.54 + 0.77/0.20 + 1.00/0.21 = 0.84/0.31]
INFO:experiments.py:[301/1000] 3.28 sec: loss(t/v)=0.25/2.89, scores(t/v)=[0.80/0.40 + 0.78/0.53 + 0.71/0.21 + 1.00/0.21 = 0.82/0.31]
INFO:experiments.py:[302/1000] 3.29 sec: loss(t/v)=0.23/2.89, scores(t/v)=[0.83/0.40 + 0.80/0.53 + 0.75/0.21 + 1.00/0.20 = 0.84/0.31]
INFO:experiments.py:[303/1000] 3.28 sec: loss(t/v)=0.24/2.89, scores(t/v)=[0.81/0.40 + 0.79/0.53 + 0.74/0.21 + 1.00/0.21 = 0.83/0.31]
INFO:experiments.py:[304/1000] 3.28 sec: loss(t/v)=0.23/2.89, scores(t/v)=[0.82/0.40 + 0.77/0.53 + 0.75/0.21 + 1.00/0.20 = 0.83/0.31]
INFO:experiments.py:[305/1000] 3.27 sec: loss(t/v)=0.24/2.89, scores(t/v)=[0.82/0.40 + 0.78/0.53 + 0.73/0.21 + 1.00/0.20 = 0.82/0.31]
INFO:experiments.py:[306/1000] 3.26 sec: loss(t/v)=0.23/2.89, scores(t/v)=[0.80/0.40 + 0.82/0.54 + 0.73/0.21 + 1.00/0.22 = 0.83/0.31]
INFO:experiments.py:[307/1000] 3.28 sec: loss(t/v)=0.24/2.88, scores(t/v)=[0.82/0.40 + 0.77/0.54 + 0.74/0.21 + 1.00/0.23 = 0.83/0.32]
INFO:experiments.py:[308/1000] 3.27 sec: loss(t/v)=0.24/2.89, scores(t/v)=[0.81/0.40 + 0.78/0.54 + 0.76/0.21 + 1.00/0.21 = 0.83/0.31]
INFO:experiments.py:[309/1000] 3.30 sec: loss(t/v)=0.23/2.89, scores(t/v)=[0.82/0.40 + 0.78/0.54 + 0.75/0.21 + 1.00/0.21 = 0.83/0.31]
INFO:experiments.py:[310/1000] 3.24 sec: loss(t/v)=0.23/2.88, scores(t/v)=[0.83/0.40 + 0.80/0.54 + 0.74/0.21 + 1.00/0.21 = 0.84/0.31]
INFO:experiments.py:[311/1000] 3.30 sec: loss(t/v)=0.24/2.89, scores(t/v)=[0.81/0.40 + 0.80/0.55 + 0.72/0.21 + 1.00/0.20 = 0.83/0.31]
INFO:experiments.py:[312/1000] 3.26 sec: loss(t/v)=0.24/2.89, scores(t/v)=[0.82/0.40 + 0.79/0.55 + 0.73/0.21 + 1.00/0.19 = 0.83/0.31]
INFO:experiments.py:[313/1000] 3.30 sec: loss(t/v)=0.24/2.89, scores(t/v)=[0.81/0.40 + 0.76/0.54 + 0.71/0.21 + 1.00/0.19 = 0.81/0.31]
INFO:experiments.py:[314/1000] 3.25 sec: loss(t/v)=0.25/2.89, scores(t/v)=[0.78/0.40 + 0.80/0.54 + 0.76/0.21 + 1.00/0.20 = 0.83/0.31]
INFO:experiments.py:[315/1000] 3.29 sec: loss(t/v)=0.24/2.89, scores(t/v)=[0.83/0.40 + 0.78/0.54 + 0.74/0.20 + 1.00/0.20 = 0.83/0.31]
INFO:experiments.py:[316/1000] 3.26 sec: loss(t/v)=0.24/2.89, scores(t/v)=[0.83/0.40 + 0.80/0.54 + 0.76/0.20 + 1.00/0.22 = 0.84/0.31]
INFO:experiments.py:[317/1000] 3.29 sec: loss(t/v)=0.23/2.88, scores(t/v)=[0.83/0.40 + 0.78/0.54 + 0.73/0.21 + 1.00/0.21 = 0.83/0.31]
INFO:experiments.py:[318/1000] 3.28 sec: loss(t/v)=0.22/2.88, scores(t/v)=[0.82/0.40 + 0.78/0.54 + 0.73/0.21 + 1.00/0.22 = 0.83/0.31]
INFO:experiments.py:[319/1000] 3.26 sec: loss(t/v)=0.25/2.88, scores(t/v)=[0.81/0.40 + 0.77/0.54 + 0.77/0.21 + 1.00/0.21 = 0.83/0.31]
INFO:experiments.py:[320/1000] 3.28 sec: loss(t/v)=0.24/2.88, scores(t/v)=[0.80/0.39 + 0.81/0.54 + 0.74/0.21 + 1.00/0.21 = 0.83/0.31]
INFO:experiments.py:[321/1000] 3.27 sec: loss(t/v)=0.23/2.88, scores(t/v)=[0.83/0.40 + 0.79/0.54 + 0.76/0.20 + 1.00/0.20 = 0.84/0.31]
INFO:experiments.py:[322/1000] 3.28 sec: loss(t/v)=0.24/2.88, scores(t/v)=[0.82/0.39 + 0.79/0.54 + 0.73/0.21 + 1.00/0.20 = 0.83/0.31]
INFO:experiments.py:+ New best model found: loss=2.8776775598526, score=0.30987444614385956
INFO:experiments.py:[323/1000] 3.26 sec: loss(t/v)=0.22/2.88, scores(t/v)=[0.82/0.39 + 0.80/0.54 + 0.76/0.21 + 1.00/0.21 = 0.84/0.31]
INFO:experiments.py:[324/1000] 3.27 sec: loss(t/v)=0.23/2.88, scores(t/v)=[0.81/0.39 + 0.80/0.54 + 0.75/0.21 + 1.00/0.21 = 0.83/0.31]
INFO:experiments.py:[325/1000] 3.27 sec: loss(t/v)=0.23/2.88, scores(t/v)=[0.81/0.40 + 0.81/0.54 + 0.77/0.21 + 1.00/0.21 = 0.84/0.31]
INFO:experiments.py:[326/1000] 3.26 sec: loss(t/v)=0.25/2.88, scores(t/v)=[0.82/0.40 + 0.80/0.54 + 0.74/0.21 + 1.00/0.21 = 0.83/0.31]
INFO:experiments.py:[327/1000] 3.28 sec: loss(t/v)=0.24/2.88, scores(t/v)=[0.83/0.40 + 0.77/0.54 + 0.72/0.21 + 1.00/0.21 = 0.83/0.31]
INFO:experiments.py:[328/1000] 3.25 sec: loss(t/v)=0.24/2.89, scores(t/v)=[0.81/0.40 + 0.79/0.54 + 0.73/0.21 + 1.00/0.21 = 0.82/0.31]
INFO:experiments.py:[329/1000] 3.28 sec: loss(t/v)=0.25/2.88, scores(t/v)=[0.77/0.40 + 0.79/0.54 + 0.75/0.21 + 1.00/0.21 = 0.82/0.31]
INFO:experiments.py:[330/1000] 3.26 sec: loss(t/v)=0.23/2.88, scores(t/v)=[0.83/0.40 + 0.78/0.54 + 0.71/0.21 + 1.00/0.20 = 0.82/0.31]
INFO:experiments.py:[331/1000] 3.28 sec: loss(t/v)=0.24/2.88, scores(t/v)=[0.82/0.40 + 0.76/0.54 + 0.76/0.21 + 1.00/0.21 = 0.83/0.31]
INFO:experiments.py:[332/1000] 3.27 sec: loss(t/v)=0.24/2.88, scores(t/v)=[0.81/0.40 + 0.78/0.54 + 0.75/0.21 + 1.00/0.21 = 0.83/0.31]
INFO:experiments.py:[333/1000] 3.26 sec: loss(t/v)=0.25/2.88, scores(t/v)=[0.82/0.40 + 0.78/0.53 + 0.72/0.20 + 1.00/0.21 = 0.82/0.31]
INFO:experiments.py:[334/1000] 3.27 sec: loss(t/v)=0.23/2.88, scores(t/v)=[0.82/0.40 + 0.80/0.53 + 0.70/0.21 + 1.00/0.21 = 0.83/0.31]
INFO:experiments.py:[335/1000] 3.28 sec: loss(t/v)=0.24/2.89, scores(t/v)=[0.83/0.40 + 0.76/0.54 + 0.73/0.21 + 1.00/0.21 = 0.82/0.31]
INFO:experiments.py:[336/1000] 3.26 sec: loss(t/v)=0.24/2.88, scores(t/v)=[0.82/0.40 + 0.80/0.54 + 0.73/0.21 + 1.00/0.21 = 0.83/0.31]
INFO:experiments.py:[337/1000] 3.26 sec: loss(t/v)=0.23/2.89, scores(t/v)=[0.82/0.40 + 0.80/0.54 + 0.73/0.20 + 1.00/0.21 = 0.83/0.31]
INFO:experiments.py:[338/1000] 3.27 sec: loss(t/v)=0.24/2.89, scores(t/v)=[0.81/0.40 + 0.79/0.54 + 0.75/0.21 + 1.00/0.22 = 0.83/0.32]
INFO:experiments.py:[339/1000] 3.28 sec: loss(t/v)=0.23/2.89, scores(t/v)=[0.82/0.40 + 0.80/0.54 + 0.75/0.21 + 1.00/0.21 = 0.83/0.31]
INFO:experiments.py:[340/1000] 3.26 sec: loss(t/v)=0.23/2.89, scores(t/v)=[0.83/0.40 + 0.80/0.54 + 0.74/0.22 + 1.00/0.21 = 0.84/0.31]
INFO:experiments.py:[341/1000] 3.28 sec: loss(t/v)=0.26/2.89, scores(t/v)=[0.79/0.40 + 0.80/0.54 + 0.75/0.22 + 1.00/0.21 = 0.83/0.31]
INFO:experiments.py:[342/1000] 3.25 sec: loss(t/v)=0.24/2.89, scores(t/v)=[0.84/0.40 + 0.79/0.54 + 0.74/0.21 + 1.00/0.21 = 0.84/0.31]
INFO:experiments.py:[343/1000] 3.27 sec: loss(t/v)=0.23/2.89, scores(t/v)=[0.83/0.40 + 0.79/0.54 + 0.74/0.21 + 1.00/0.20 = 0.84/0.31]
INFO:experiments.py:[344/1000] 3.27 sec: loss(t/v)=0.23/2.89, scores(t/v)=[0.82/0.40 + 0.80/0.54 + 0.74/0.21 + 1.00/0.20 = 0.83/0.31]
INFO:experiments.py:[345/1000] 3.27 sec: loss(t/v)=0.24/2.89, scores(t/v)=[0.81/0.40 + 0.77/0.54 + 0.72/0.21 + 1.00/0.21 = 0.82/0.31]
INFO:experiments.py:[346/1000] 3.27 sec: loss(t/v)=0.23/2.89, scores(t/v)=[0.81/0.40 + 0.81/0.54 + 0.73/0.21 + 1.00/0.21 = 0.83/0.31]
INFO:experiments.py:[347/1000] 3.26 sec: loss(t/v)=0.25/2.89, scores(t/v)=[0.83/0.40 + 0.80/0.54 + 0.74/0.21 + 1.00/0.21 = 0.84/0.31]
INFO:experiments.py:[348/1000] 3.26 sec: loss(t/v)=0.24/2.88, scores(t/v)=[0.81/0.40 + 0.78/0.53 + 0.76/0.22 + 1.00/0.21 = 0.83/0.31]
INFO:experiments.py:[349/1000] 3.28 sec: loss(t/v)=0.23/2.89, scores(t/v)=[0.82/0.40 + 0.80/0.54 + 0.74/0.22 + 1.00/0.21 = 0.84/0.31]
INFO:experiments.py:[350/1000] 3.26 sec: loss(t/v)=0.26/2.89, scores(t/v)=[0.82/0.40 + 0.78/0.53 + 0.74/0.21 + 1.00/0.21 = 0.83/0.31]
INFO:experiments.py:[351/1000] 3.30 sec: loss(t/v)=0.24/2.89, scores(t/v)=[0.81/0.40 + 0.80/0.53 + 0.74/0.21 + 1.00/0.21 = 0.83/0.31]
INFO:experiments.py:[352/1000] 3.27 sec: loss(t/v)=0.23/2.89, scores(t/v)=[0.82/0.40 + 0.79/0.53 + 0.73/0.21 + 1.00/0.20 = 0.83/0.31]
INFO:experiments.py:[353/1000] 3.28 sec: loss(t/v)=0.24/2.88, scores(t/v)=[0.82/0.40 + 0.78/0.53 + 0.75/0.21 + 1.00/0.21 = 0.83/0.31]
INFO:experiments.py:[354/1000] 3.23 sec: loss(t/v)=0.23/2.89, scores(t/v)=[0.81/0.40 + 0.79/0.53 + 0.76/0.21 + 1.00/0.20 = 0.84/0.31]
INFO:experiments.py:[355/1000] 3.29 sec: loss(t/v)=0.24/2.88, scores(t/v)=[0.82/0.40 + 0.78/0.54 + 0.74/0.21 + 1.00/0.21 = 0.83/0.31]
INFO:experiments.py:[356/1000] 3.25 sec: loss(t/v)=0.24/2.88, scores(t/v)=[0.80/0.40 + 0.79/0.53 + 0.76/0.21 + 1.00/0.20 = 0.83/0.31]
INFO:experiments.py:[357/1000] 3.28 sec: loss(t/v)=0.24/2.89, scores(t/v)=[0.80/0.40 + 0.80/0.54 + 0.75/0.21 + 1.00/0.20 = 0.83/0.31]
INFO:experiments.py:[358/1000] 3.25 sec: loss(t/v)=0.24/2.89, scores(t/v)=[0.82/0.40 + 0.79/0.54 + 0.77/0.21 + 1.00/0.20 = 0.84/0.31]
INFO:experiments.py:[359/1000] 3.27 sec: loss(t/v)=0.25/2.89, scores(t/v)=[0.81/0.40 + 0.78/0.54 + 0.74/0.21 + 1.00/0.20 = 0.83/0.31]
INFO:experiments.py:[360/1000] 3.26 sec: loss(t/v)=0.23/2.89, scores(t/v)=[0.83/0.40 + 0.79/0.54 + 0.74/0.21 + 1.00/0.21 = 0.84/0.31]
INFO:experiments.py:[361/1000] 3.29 sec: loss(t/v)=0.23/2.89, scores(t/v)=[0.81/0.40 + 0.78/0.54 + 0.72/0.21 + 1.00/0.20 = 0.82/0.31]
INFO:experiments.py:[362/1000] 3.24 sec: loss(t/v)=0.24/2.89, scores(t/v)=[0.82/0.40 + 0.79/0.54 + 0.73/0.21 + 1.00/0.20 = 0.83/0.31]
INFO:experiments.py:[363/1000] 3.30 sec: loss(t/v)=0.24/2.89, scores(t/v)=[0.81/0.40 + 0.78/0.54 + 0.75/0.21 + 1.00/0.21 = 0.83/0.31]
INFO:experiments.py:[364/1000] 3.26 sec: loss(t/v)=0.25/2.89, scores(t/v)=[0.79/0.40 + 0.80/0.54 + 0.74/0.21 + 1.00/0.22 = 0.83/0.32]
INFO:experiments.py:[365/1000] 3.28 sec: loss(t/v)=0.24/2.89, scores(t/v)=[0.78/0.40 + 0.77/0.54 + 0.75/0.22 + 1.00/0.22 = 0.82/0.32]
INFO:experiments.py:[366/1000] 3.25 sec: loss(t/v)=0.24/2.89, scores(t/v)=[0.82/0.40 + 0.77/0.54 + 0.73/0.22 + 1.00/0.21 = 0.83/0.31]
INFO:experiments.py:[367/1000] 3.29 sec: loss(t/v)=0.23/2.89, scores(t/v)=[0.82/0.40 + 0.80/0.54 + 0.73/0.21 + 1.00/0.20 = 0.83/0.31]
INFO:experiments.py:[368/1000] 3.26 sec: loss(t/v)=0.24/2.89, scores(t/v)=[0.78/0.40 + 0.78/0.54 + 0.74/0.21 + 1.00/0.21 = 0.82/0.31]
INFO:experiments.py:[369/1000] 3.28 sec: loss(t/v)=0.26/2.89, scores(t/v)=[0.81/0.40 + 0.78/0.54 + 0.74/0.21 + 1.00/0.21 = 0.83/0.31]
INFO:experiments.py:[370/1000] 3.26 sec: loss(t/v)=0.24/2.89, scores(t/v)=[0.81/0.39 + 0.80/0.54 + 0.76/0.22 + 1.00/0.21 = 0.84/0.31]
INFO:experiments.py:[371/1000] 3.26 sec: loss(t/v)=0.26/2.89, scores(t/v)=[0.82/0.40 + 0.78/0.54 + 0.71/0.22 + 1.00/0.21 = 0.82/0.31]
INFO:experiments.py:[372/1000] 3.24 sec: loss(t/v)=0.24/2.88, scores(t/v)=[0.83/0.40 + 0.77/0.54 + 0.75/0.21 + 1.00/0.20 = 0.83/0.31]
INFO:experiments.py:[373/1000] 3.28 sec: loss(t/v)=0.23/2.88, scores(t/v)=[0.81/0.40 + 0.80/0.54 + 0.75/0.21 + 1.00/0.20 = 0.84/0.31]
INFO:experiments.py:[374/1000] 3.24 sec: loss(t/v)=0.25/2.88, scores(t/v)=[0.81/0.40 + 0.79/0.54 + 0.73/0.21 + 1.00/0.20 = 0.83/0.31]
INFO:experiments.py:[375/1000] 3.28 sec: loss(t/v)=0.23/2.88, scores(t/v)=[0.84/0.40 + 0.79/0.54 + 0.74/0.21 + 1.00/0.20 = 0.84/0.31]
INFO:experiments.py:[376/1000] 3.25 sec: loss(t/v)=0.24/2.88, scores(t/v)=[0.80/0.40 + 0.80/0.54 + 0.73/0.21 + 1.00/0.20 = 0.83/0.31]
INFO:experiments.py:[377/1000] 3.27 sec: loss(t/v)=0.22/2.88, scores(t/v)=[0.83/0.40 + 0.82/0.54 + 0.74/0.21 + 1.00/0.19 = 0.84/0.31]
INFO:experiments.py:[378/1000] 3.26 sec: loss(t/v)=0.24/2.88, scores(t/v)=[0.82/0.40 + 0.78/0.54 + 0.72/0.21 + 1.00/0.20 = 0.82/0.31]
INFO:experiments.py:[379/1000] 3.28 sec: loss(t/v)=0.23/2.88, scores(t/v)=[0.81/0.40 + 0.79/0.54 + 0.74/0.22 + 1.00/0.20 = 0.83/0.31]
INFO:experiments.py:[380/1000] 3.25 sec: loss(t/v)=0.23/2.89, scores(t/v)=[0.83/0.40 + 0.80/0.54 + 0.73/0.21 + 1.00/0.20 = 0.83/0.31]
INFO:experiments.py:[381/1000] 3.29 sec: loss(t/v)=0.24/2.89, scores(t/v)=[0.82/0.40 + 0.78/0.54 + 0.73/0.21 + 1.00/0.20 = 0.83/0.31]
INFO:experiments.py:[382/1000] 3.27 sec: loss(t/v)=0.24/2.89, scores(t/v)=[0.80/0.40 + 0.80/0.54 + 0.75/0.21 + 1.00/0.20 = 0.83/0.31]
INFO:experiments.py:[383/1000] 3.28 sec: loss(t/v)=0.24/2.89, scores(t/v)=[0.82/0.40 + 0.82/0.54 + 0.75/0.21 + 1.00/0.20 = 0.84/0.31]
INFO:experiments.py:[384/1000] 3.25 sec: loss(t/v)=0.26/2.88, scores(t/v)=[0.79/0.40 + 0.76/0.54 + 0.72/0.21 + 1.00/0.21 = 0.81/0.31]
INFO:experiments.py:[385/1000] 3.29 sec: loss(t/v)=0.24/2.88, scores(t/v)=[0.81/0.40 + 0.79/0.54 + 0.75/0.21 + 1.00/0.22 = 0.83/0.32]
INFO:experiments.py:[386/1000] 3.24 sec: loss(t/v)=0.24/2.89, scores(t/v)=[0.82/0.40 + 0.76/0.54 + 0.76/0.21 + 1.00/0.21 = 0.83/0.31]
INFO:experiments.py:[387/1000] 3.28 sec: loss(t/v)=0.23/2.88, scores(t/v)=[0.84/0.40 + 0.80/0.54 + 0.77/0.21 + 1.00/0.21 = 0.85/0.31]
INFO:experiments.py:[388/1000] 3.25 sec: loss(t/v)=0.25/2.88, scores(t/v)=[0.82/0.40 + 0.78/0.54 + 0.72/0.22 + 1.00/0.22 = 0.82/0.32]
INFO:experiments.py:[389/1000] 3.25 sec: loss(t/v)=0.24/2.88, scores(t/v)=[0.81/0.40 + 0.81/0.54 + 0.74/0.22 + 1.00/0.22 = 0.83/0.32]
INFO:experiments.py:[390/1000] 3.25 sec: loss(t/v)=0.22/2.88, scores(t/v)=[0.83/0.40 + 0.81/0.54 + 0.75/0.22 + 1.00/0.21 = 0.84/0.32]
INFO:experiments.py:[391/1000] 3.28 sec: loss(t/v)=0.24/2.89, scores(t/v)=[0.83/0.40 + 0.81/0.54 + 0.76/0.22 + 1.00/0.21 = 0.84/0.32]
INFO:experiments.py:[392/1000] 3.26 sec: loss(t/v)=0.24/2.89, scores(t/v)=[0.80/0.40 + 0.78/0.53 + 0.78/0.22 + 1.00/0.21 = 0.84/0.32]
INFO:experiments.py:[393/1000] 3.28 sec: loss(t/v)=0.24/2.89, scores(t/v)=[0.83/0.40 + 0.79/0.53 + 0.80/0.22 + 1.00/0.21 = 0.85/0.31]
INFO:experiments.py:[394/1000] 3.26 sec: loss(t/v)=0.24/2.88, scores(t/v)=[0.81/0.40 + 0.80/0.54 + 0.75/0.21 + 1.00/0.21 = 0.83/0.31]
INFO:experiments.py:[395/1000] 3.26 sec: loss(t/v)=0.24/2.89, scores(t/v)=[0.82/0.40 + 0.78/0.53 + 0.74/0.21 + 1.00/0.21 = 0.83/0.31]
INFO:experiments.py:[396/1000] 3.27 sec: loss(t/v)=0.25/2.89, scores(t/v)=[0.82/0.40 + 0.78/0.53 + 0.73/0.21 + 1.00/0.21 = 0.83/0.31]
INFO:experiments.py:[397/1000] 3.28 sec: loss(t/v)=0.23/2.89, scores(t/v)=[0.81/0.40 + 0.79/0.53 + 0.71/0.21 + 1.00/0.21 = 0.82/0.31]
INFO:experiments.py:[398/1000] 3.26 sec: loss(t/v)=0.24/2.89, scores(t/v)=[0.80/0.40 + 0.81/0.54 + 0.75/0.22 + 1.00/0.21 = 0.84/0.31]
INFO:experiments.py:[399/1000] 3.29 sec: loss(t/v)=0.24/2.89, scores(t/v)=[0.83/0.40 + 0.77/0.54 + 0.74/0.22 + 1.00/0.21 = 0.83/0.31]
INFO:experiments.py:[400/1000] 3.25 sec: loss(t/v)=0.24/2.89, scores(t/v)=[0.81/0.40 + 0.80/0.53 + 0.75/0.21 + 1.00/0.21 = 0.83/0.31]
INFO:experiments.py:[401/1000] 3.26 sec: loss(t/v)=0.23/2.89, scores(t/v)=[0.79/0.40 + 0.78/0.54 + 0.74/0.22 + 1.00/0.21 = 0.82/0.31]
INFO:experiments.py:[402/1000] 3.25 sec: loss(t/v)=0.24/2.89, scores(t/v)=[0.82/0.40 + 0.79/0.54 + 0.74/0.21 + 1.00/0.21 = 0.83/0.31]
INFO:experiments.py:[403/1000] 3.28 sec: loss(t/v)=0.24/2.89, scores(t/v)=[0.81/0.40 + 0.79/0.53 + 0.72/0.21 + 1.00/0.20 = 0.82/0.31]
INFO:experiments.py:[404/1000] 3.30 sec: loss(t/v)=0.24/2.89, scores(t/v)=[0.82/0.40 + 0.81/0.54 + 0.75/0.21 + 1.00/0.20 = 0.84/0.31]
INFO:experiments.py:[405/1000] 3.33 sec: loss(t/v)=0.23/2.88, scores(t/v)=[0.82/0.40 + 0.79/0.54 + 0.77/0.21 + 1.00/0.21 = 0.84/0.31]
INFO:experiments.py:[406/1000] 3.31 sec: loss(t/v)=0.23/2.88, scores(t/v)=[0.81/0.40 + 0.79/0.54 + 0.75/0.21 + 1.00/0.21 = 0.83/0.31]
INFO:experiments.py:[407/1000] 3.31 sec: loss(t/v)=0.23/2.89, scores(t/v)=[0.83/0.40 + 0.79/0.54 + 0.76/0.21 + 1.00/0.21 = 0.84/0.31]
INFO:experiments.py:[408/1000] 3.29 sec: loss(t/v)=0.24/2.89, scores(t/v)=[0.83/0.40 + 0.78/0.54 + 0.73/0.21 + 1.00/0.21 = 0.83/0.31]
INFO:experiments.py:[409/1000] 3.30 sec: loss(t/v)=0.24/2.89, scores(t/v)=[0.82/0.40 + 0.78/0.54 + 0.72/0.21 + 1.00/0.21 = 0.82/0.31]
INFO:experiments.py:[410/1000] 3.30 sec: loss(t/v)=0.25/2.89, scores(t/v)=[0.78/0.40 + 0.77/0.54 + 0.74/0.21 + 1.00/0.20 = 0.82/0.31]
INFO:experiments.py:[411/1000] 3.31 sec: loss(t/v)=0.24/2.89, scores(t/v)=[0.81/0.40 + 0.80/0.54 + 0.76/0.22 + 1.00/0.21 = 0.84/0.31]
INFO:experiments.py:[412/1000] 3.30 sec: loss(t/v)=0.24/2.88, scores(t/v)=[0.83/0.40 + 0.78/0.54 + 0.72/0.21 + 1.00/0.20 = 0.83/0.31]
INFO:experiments.py:[413/1000] 3.32 sec: loss(t/v)=0.23/2.88, scores(t/v)=[0.82/0.40 + 0.82/0.54 + 0.74/0.21 + 1.00/0.20 = 0.84/0.31]
INFO:experiments.py:[414/1000] 3.27 sec: loss(t/v)=0.24/2.89, scores(t/v)=[0.83/0.40 + 0.79/0.54 + 0.75/0.21 + 1.00/0.20 = 0.84/0.31]
INFO:experiments.py:[415/1000] 3.25 sec: loss(t/v)=0.27/2.89, scores(t/v)=[0.80/0.39 + 0.79/0.54 + 0.73/0.21 + 1.00/0.20 = 0.82/0.31]
INFO:experiments.py:[416/1000] 3.26 sec: loss(t/v)=0.23/2.89, scores(t/v)=[0.81/0.39 + 0.78/0.54 + 0.72/0.21 + 1.00/0.20 = 0.82/0.31]
INFO:experiments.py:[417/1000] 3.25 sec: loss(t/v)=0.25/2.88, scores(t/v)=[0.81/0.39 + 0.74/0.54 + 0.74/0.21 + 1.00/0.20 = 0.82/0.31]
INFO:experiments.py:[418/1000] 3.26 sec: loss(t/v)=0.24/2.88, scores(t/v)=[0.78/0.40 + 0.78/0.54 + 0.73/0.21 + 1.00/0.20 = 0.82/0.31]
INFO:experiments.py:[419/1000] 3.27 sec: loss(t/v)=0.24/2.89, scores(t/v)=[0.83/0.40 + 0.80/0.54 + 0.75/0.21 + 1.00/0.21 = 0.84/0.31]
INFO:experiments.py:[420/1000] 3.27 sec: loss(t/v)=0.26/2.89, scores(t/v)=[0.81/0.40 + 0.79/0.54 + 0.74/0.21 + 1.00/0.21 = 0.83/0.31]
INFO:experiments.py:[421/1000] 3.25 sec: loss(t/v)=0.23/2.89, scores(t/v)=[0.83/0.40 + 0.79/0.54 + 0.75/0.21 + 1.00/0.20 = 0.84/0.31]
INFO:experiments.py:[422/1000] 3.26 sec: loss(t/v)=0.23/2.88, scores(t/v)=[0.81/0.40 + 0.81/0.54 + 0.76/0.22 + 1.00/0.20 = 0.84/0.31]
INFO:experiments.py:[423/1000] 3.26 sec: loss(t/v)=0.24/2.88, scores(t/v)=[0.81/0.39 + 0.80/0.54 + 0.73/0.21 + 1.00/0.20 = 0.83/0.31]
INFO:experiments.py:Impatient! No gen. improvement in 100 epochs
INFO:experiments.py:Early Stopping: Rewinding to epoch 323
