INFO:experiments.py:--- Begin Training with configuration:
{   'data': '/rap/jvb-000-aa/COURS2019/etudiants/data/omsignal/myHeartProject/',
    'dataloader': {   'batch_size': 64,
                      'num_workers': 6,
                      'shuffle': True,
                      'test_proportion': 0.2},
    'models': {   'tspec': {   'hid_dim': 100,
                               'num_layers': 3,
                               'out_dims': [1, 1, 1, 32],
                               'spec_len': 1876,
                               'ts_len': 3750}},
    'preprocessing': {'noise_gain': 0.25},
    'training': {   'epochs': 1000,
                    'l2': 0.1,
                    'learning_rate': 0.01,
                    'momentum': 0.9}}
INFO:experiments.py:[1/1000] 2.59 sec: loss(t/v)=3.73/3.47, scores(t/v)=[0.01/0.00 + 0.04/0.02 + 0.03/0.00 + 0.02/0.00 = 0.02/0.00]
INFO:experiments.py:[2/1000] 2.36 sec: loss(t/v)=3.62/3.47, scores(t/v)=[0.06/0.00 + 0.11/0.00 + 0.15/0.00 + 0.01/0.00 = 0.05/0.00]
INFO:experiments.py:[3/1000] 2.34 sec: loss(t/v)=3.49/3.47, scores(t/v)=[0.10/0.00 + 0.26/0.01 + 0.12/0.00 + 0.06/0.00 = 0.11/0.00]
INFO:experiments.py:[4/1000] 2.34 sec: loss(t/v)=3.45/3.47, scores(t/v)=[0.16/0.00 + 0.21/0.19 + 0.18/0.00 + 0.08/0.00 = 0.15/0.00]
INFO:experiments.py:[5/1000] 2.33 sec: loss(t/v)=3.37/3.47, scores(t/v)=[0.16/0.10 + 0.31/0.26 + 0.20/0.00 + 0.09/0.00 = 0.17/0.00]
INFO:experiments.py:[6/1000] 2.33 sec: loss(t/v)=3.32/3.47, scores(t/v)=[0.20/0.16 + 0.31/0.38 + 0.25/0.07 + 0.18/0.00 = 0.23/0.00]
INFO:experiments.py:[7/1000] 2.34 sec: loss(t/v)=3.27/3.47, scores(t/v)=[0.21/0.12 + 0.42/0.33 + 0.25/0.09 + 0.23/0.00 = 0.26/0.00]
INFO:experiments.py:[8/1000] 2.33 sec: loss(t/v)=3.25/3.47, scores(t/v)=[0.26/0.10 + 0.42/0.29 + 0.27/0.12 + 0.25/0.02 = 0.29/0.09]
INFO:experiments.py:[9/1000] 2.33 sec: loss(t/v)=3.19/3.46, scores(t/v)=[0.27/0.08 + 0.40/0.27 + 0.25/0.13 + 0.31/0.02 = 0.30/0.08]
INFO:experiments.py:[10/1000] 2.29 sec: loss(t/v)=3.16/3.46, scores(t/v)=[0.30/0.00 + 0.45/0.28 + 0.30/0.12 + 0.29/0.03 = 0.33/0.00]
INFO:experiments.py:[11/1000] 2.35 sec: loss(t/v)=3.14/3.46, scores(t/v)=[0.27/0.00 + 0.45/0.20 + 0.30/0.04 + 0.33/0.00 = 0.33/0.00]
INFO:experiments.py:[12/1000] 2.37 sec: loss(t/v)=3.10/3.46, scores(t/v)=[0.31/0.00 + 0.43/0.12 + 0.29/0.02 + 0.35/0.00 = 0.34/0.00]
INFO:experiments.py:[13/1000] 2.35 sec: loss(t/v)=3.07/3.46, scores(t/v)=[0.34/0.00 + 0.43/0.22 + 0.35/0.05 + 0.41/0.00 = 0.38/0.00]
INFO:experiments.py:[14/1000] 2.36 sec: loss(t/v)=3.06/3.46, scores(t/v)=[0.34/0.03 + 0.45/0.29 + 0.33/0.11 + 0.38/0.00 = 0.37/0.00]
INFO:experiments.py:[15/1000] 2.34 sec: loss(t/v)=3.03/3.45, scores(t/v)=[0.28/0.10 + 0.47/0.34 + 0.32/0.13 + 0.39/0.00 = 0.36/0.00]
INFO:experiments.py:[16/1000] 2.33 sec: loss(t/v)=3.01/3.45, scores(t/v)=[0.36/0.01 + 0.42/0.28 + 0.29/0.08 + 0.45/0.00 = 0.37/0.00]
INFO:experiments.py:[17/1000] 2.37 sec: loss(t/v)=3.00/3.45, scores(t/v)=[0.38/0.00 + 0.41/0.32 + 0.28/0.07 + 0.42/0.02 = 0.37/0.00]
INFO:experiments.py:[18/1000] 2.36 sec: loss(t/v)=2.97/3.45, scores(t/v)=[0.31/0.00 + 0.45/0.43 + 0.30/0.03 + 0.44/0.08 = 0.37/0.00]
INFO:experiments.py:[19/1000] 2.31 sec: loss(t/v)=2.95/3.44, scores(t/v)=[0.35/0.03 + 0.45/0.48 + 0.30/0.10 + 0.43/0.08 = 0.38/0.10]
INFO:experiments.py:[20/1000] 2.32 sec: loss(t/v)=2.93/3.44, scores(t/v)=[0.34/0.00 + 0.38/0.52 + 0.29/0.05 + 0.42/0.05 = 0.36/0.00]
INFO:experiments.py:[21/1000] 2.33 sec: loss(t/v)=2.91/3.44, scores(t/v)=[0.48/0.00 + 0.42/0.50 + 0.29/0.00 + 0.43/0.08 = 0.40/0.00]
INFO:experiments.py:[22/1000] 2.36 sec: loss(t/v)=2.91/3.44, scores(t/v)=[0.40/0.02 + 0.44/0.51 + 0.25/0.00 + 0.43/0.06 = 0.37/0.00]
INFO:experiments.py:[23/1000] 2.29 sec: loss(t/v)=2.88/3.44, scores(t/v)=[0.48/0.05 + 0.43/0.52 + 0.25/0.00 + 0.40/0.11 = 0.38/0.00]
INFO:experiments.py:[24/1000] 2.36 sec: loss(t/v)=2.87/3.44, scores(t/v)=[0.44/0.00 + 0.41/0.47 + 0.31/0.00 + 0.42/0.10 = 0.39/0.00]
INFO:experiments.py:[25/1000] 2.37 sec: loss(t/v)=2.86/3.45, scores(t/v)=[0.45/0.05 + 0.49/0.44 + 0.27/0.00 + 0.41/0.05 = 0.39/0.00]
INFO:experiments.py:[26/1000] 2.36 sec: loss(t/v)=2.85/3.44, scores(t/v)=[0.44/0.03 + 0.47/0.26 + 0.24/0.04 + 0.44/0.08 = 0.38/0.07]
INFO:experiments.py:[27/1000] 2.36 sec: loss(t/v)=2.83/3.42, scores(t/v)=[0.39/0.09 + 0.45/0.37 + 0.33/0.04 + 0.44/0.02 = 0.40/0.07]
INFO:experiments.py:[28/1000] 2.36 sec: loss(t/v)=2.83/3.42, scores(t/v)=[0.45/0.09 + 0.41/0.42 + 0.27/0.17 + 0.44/0.03 = 0.39/0.12]
INFO:experiments.py:[29/1000] 2.35 sec: loss(t/v)=2.81/3.42, scores(t/v)=[0.41/0.08 + 0.39/0.43 + 0.21/0.19 + 0.42/0.11 = 0.35/0.16]
INFO:experiments.py:[30/1000] 2.35 sec: loss(t/v)=2.81/3.42, scores(t/v)=[0.40/0.04 + 0.44/0.38 + 0.31/0.00 + 0.42/0.15 = 0.39/0.06]
INFO:experiments.py:[31/1000] 2.35 sec: loss(t/v)=2.78/3.43, scores(t/v)=[0.39/0.04 + 0.37/0.43 + 0.21/0.00 + 0.44/0.10 = 0.34/0.00]
INFO:experiments.py:[32/1000] 2.37 sec: loss(t/v)=2.79/3.43, scores(t/v)=[0.44/0.00 + 0.36/0.44 + 0.21/0.00 + 0.45/0.11 = 0.35/0.00]
INFO:experiments.py:[33/1000] 2.35 sec: loss(t/v)=2.77/3.43, scores(t/v)=[0.45/0.06 + 0.38/0.45 + 0.20/0.00 + 0.46/0.08 = 0.35/0.00]
INFO:experiments.py:[34/1000] 2.36 sec: loss(t/v)=2.76/3.43, scores(t/v)=[0.35/0.00 + 0.40/0.42 + 0.32/0.00 + 0.44/0.13 = 0.37/0.00]
INFO:experiments.py:[35/1000] 2.35 sec: loss(t/v)=2.77/3.44, scores(t/v)=[0.51/0.00 + 0.34/0.41 + 0.24/0.00 + 0.41/0.06 = 0.36/0.00]
INFO:experiments.py:[36/1000] 2.35 sec: loss(t/v)=2.76/3.43, scores(t/v)=[0.36/0.07 + 0.37/0.54 + 0.22/0.00 + 0.44/0.08 = 0.34/0.00]
INFO:experiments.py:[37/1000] 2.37 sec: loss(t/v)=2.76/3.42, scores(t/v)=[0.43/0.05 + 0.40/0.52 + 0.18/0.00 + 0.45/0.11 = 0.34/0.00]
INFO:experiments.py:[38/1000] 2.29 sec: loss(t/v)=2.73/3.42, scores(t/v)=[0.40/0.00 + 0.43/0.50 + 0.22/0.08 + 0.49/0.11 = 0.37/0.00]
INFO:experiments.py:[39/1000] 2.35 sec: loss(t/v)=2.73/3.42, scores(t/v)=[0.43/0.18 + 0.35/0.38 + 0.16/0.00 + 0.49/0.08 = 0.33/0.00]
INFO:experiments.py:[40/1000] 2.37 sec: loss(t/v)=2.73/3.41, scores(t/v)=[0.40/0.26 + 0.36/0.51 + 0.22/0.00 + 0.46/0.05 = 0.35/0.00]
INFO:experiments.py:[41/1000] 2.36 sec: loss(t/v)=2.72/3.41, scores(t/v)=[0.34/0.29 + 0.42/0.45 + 0.19/0.08 + 0.47/0.10 = 0.33/0.18]
INFO:experiments.py:[42/1000] 2.36 sec: loss(t/v)=2.72/3.41, scores(t/v)=[0.39/0.13 + 0.39/0.30 + 0.08/0.08 + 0.48/0.11 = 0.27/0.14]
INFO:experiments.py:[43/1000] 2.36 sec: loss(t/v)=2.70/3.40, scores(t/v)=[0.35/0.13 + 0.28/0.38 + 0.26/0.08 + 0.47/0.18 = 0.33/0.16]
INFO:experiments.py:[44/1000] 2.35 sec: loss(t/v)=2.68/3.40, scores(t/v)=[0.38/0.00 + 0.35/0.43 + 0.21/0.04 + 0.46/0.15 = 0.34/0.00]
INFO:experiments.py:[45/1000] 2.37 sec: loss(t/v)=2.70/3.40, scores(t/v)=[0.34/0.07 + 0.31/0.35 + 0.27/0.03 + 0.48/0.13 = 0.34/0.09]
INFO:experiments.py:[46/1000] 2.35 sec: loss(t/v)=2.69/3.40, scores(t/v)=[0.21/0.22 + 0.32/0.32 + 0.20/0.11 + 0.49/0.13 = 0.29/0.18]
INFO:experiments.py:[47/1000] 2.37 sec: loss(t/v)=2.69/3.38, scores(t/v)=[0.38/0.24 + 0.33/0.53 + 0.17/0.22 + 0.49/0.13 = 0.32/0.25]
INFO:experiments.py:[48/1000] 2.38 sec: loss(t/v)=2.67/3.38, scores(t/v)=[0.35/0.10 + 0.26/0.51 + 0.16/0.01 + 0.49/0.13 = 0.29/0.09]
INFO:experiments.py:[49/1000] 2.39 sec: loss(t/v)=2.66/3.37, scores(t/v)=[0.35/0.17 + 0.37/0.48 + 0.16/0.05 + 0.48/0.19 = 0.32/0.17]
INFO:experiments.py:[50/1000] 2.38 sec: loss(t/v)=2.65/3.34, scores(t/v)=[0.34/0.19 + 0.31/0.42 + 0.20/0.02 + 0.48/0.13 = 0.32/0.12]
INFO:experiments.py:[51/1000] 2.36 sec: loss(t/v)=2.65/3.34, scores(t/v)=[0.32/0.14 + 0.37/0.47 + 0.18/0.20 + 0.49/0.11 = 0.32/0.20]
INFO:experiments.py:[52/1000] 2.35 sec: loss(t/v)=2.62/3.34, scores(t/v)=[0.32/0.12 + 0.30/0.40 + 0.11/0.00 + 0.52/0.15 = 0.27/0.00]
INFO:experiments.py:[53/1000] 2.32 sec: loss(t/v)=2.62/3.37, scores(t/v)=[0.31/0.14 + 0.38/0.35 + 0.17/0.20 + 0.50/0.13 = 0.32/0.19]
INFO:experiments.py:[54/1000] 2.32 sec: loss(t/v)=2.62/3.38, scores(t/v)=[0.34/0.00 + 0.35/0.46 + 0.18/0.13 + 0.48/0.18 = 0.32/0.00]
INFO:experiments.py:[55/1000] 2.35 sec: loss(t/v)=2.60/3.35, scores(t/v)=[0.28/0.18 + 0.30/0.38 + 0.02/0.15 + 0.51/0.16 = 0.17/0.20]
INFO:experiments.py:[56/1000] 2.34 sec: loss(t/v)=2.61/3.35, scores(t/v)=[0.42/0.02 + 0.29/0.51 + 0.24/0.05 + 0.50/0.08 = 0.35/0.08]
INFO:experiments.py:[57/1000] 2.37 sec: loss(t/v)=2.59/3.30, scores(t/v)=[0.19/0.06 + 0.28/0.42 + 0.15/0.13 + 0.52/0.15 = 0.25/0.15]
INFO:experiments.py:[58/1000] 2.37 sec: loss(t/v)=2.57/3.32, scores(t/v)=[0.37/0.12 + 0.37/0.23 + 0.29/0.07 + 0.50/0.16 = 0.37/0.13]
INFO:experiments.py:[59/1000] 2.36 sec: loss(t/v)=2.56/3.30, scores(t/v)=[0.30/0.00 + 0.24/0.36 + 0.16/0.08 + 0.50/0.08 = 0.28/0.04]
INFO:experiments.py:[60/1000] 2.36 sec: loss(t/v)=2.57/3.29, scores(t/v)=[0.35/0.24 + 0.34/0.23 + 0.17/0.12 + 0.50/0.05 = 0.32/0.13]
INFO:experiments.py:[61/1000] 2.37 sec: loss(t/v)=2.55/3.25, scores(t/v)=[0.34/0.23 + 0.28/0.36 + 0.26/0.18 + 0.50/0.11 = 0.33/0.20]
INFO:experiments.py:[62/1000] 2.37 sec: loss(t/v)=2.55/3.24, scores(t/v)=[0.30/0.25 + 0.28/0.33 + 0.19/0.12 + 0.48/0.21 = 0.30/0.21]
INFO:experiments.py:[63/1000] 2.37 sec: loss(t/v)=2.55/3.21, scores(t/v)=[0.40/0.20 + 0.33/0.16 + 0.22/0.19 + 0.49/0.21 = 0.35/0.19]
INFO:experiments.py:[64/1000] 2.37 sec: loss(t/v)=2.53/3.24, scores(t/v)=[0.34/0.08 + 0.28/0.26 + 0.26/0.00 + 0.50/0.06 = 0.33/0.00]
INFO:experiments.py:[65/1000] 2.37 sec: loss(t/v)=2.52/3.18, scores(t/v)=[0.36/0.22 + 0.31/0.37 + 0.21/0.16 + 0.48/0.18 = 0.33/0.22]
INFO:experiments.py:[66/1000] 2.36 sec: loss(t/v)=2.52/3.14, scores(t/v)=[0.33/0.23 + 0.32/0.25 + 0.23/0.00 + 0.50/0.16 = 0.33/0.00]
INFO:experiments.py:[67/1000] 2.36 sec: loss(t/v)=2.50/3.17, scores(t/v)=[0.34/0.23 + 0.31/0.47 + 0.14/0.18 + 0.48/0.16 = 0.29/0.24]
INFO:experiments.py:[68/1000] 2.37 sec: loss(t/v)=2.48/3.22, scores(t/v)=[0.40/0.20 + 0.27/0.40 + 0.20/0.16 + 0.49/0.13 = 0.32/0.20]
INFO:experiments.py:[69/1000] 2.30 sec: loss(t/v)=2.47/3.18, scores(t/v)=[0.38/0.31 + 0.30/0.40 + 0.21/0.24 + 0.50/0.18 = 0.33/0.27]
INFO:experiments.py:[70/1000] 2.39 sec: loss(t/v)=2.46/3.17, scores(t/v)=[0.30/0.25 + 0.32/0.31 + 0.15/0.11 + 0.50/0.21 = 0.29/0.21]
INFO:experiments.py:[71/1000] 2.37 sec: loss(t/v)=2.45/3.18, scores(t/v)=[0.25/0.24 + 0.29/0.40 + 0.12/0.20 + 0.49/0.21 = 0.26/0.25]
INFO:experiments.py:[72/1000] 2.35 sec: loss(t/v)=2.46/3.19, scores(t/v)=[0.38/0.19 + 0.22/0.36 + 0.23/0.23 + 0.50/0.18 = 0.31/0.23]
INFO:experiments.py:[73/1000] 2.35 sec: loss(t/v)=2.44/3.21, scores(t/v)=[0.34/0.26 + 0.36/0.27 + 0.21/0.09 + 0.48/0.13 = 0.33/0.17]
INFO:experiments.py:[74/1000] 2.35 sec: loss(t/v)=2.44/3.19, scores(t/v)=[0.29/0.18 + 0.23/0.40 + 0.16/0.19 + 0.51/0.11 = 0.27/0.20]
INFO:experiments.py:[75/1000] 2.36 sec: loss(t/v)=2.43/3.18, scores(t/v)=[0.34/0.22 + 0.35/0.23 + 0.20/0.17 + 0.49/0.19 = 0.33/0.20]
INFO:experiments.py:[76/1000] 2.35 sec: loss(t/v)=2.40/3.18, scores(t/v)=[0.40/0.08 + 0.27/0.36 + 0.21/0.00 + 0.50/0.15 = 0.33/0.00]
INFO:experiments.py:[77/1000] 2.36 sec: loss(t/v)=2.43/3.20, scores(t/v)=[0.28/0.19 + 0.35/0.32 + 0.17/0.13 + 0.48/0.10 = 0.30/0.16]
INFO:experiments.py:[78/1000] 2.37 sec: loss(t/v)=2.41/3.18, scores(t/v)=[0.26/0.02 + 0.22/0.24 + 0.19/0.02 + 0.49/0.16 = 0.27/0.06]
INFO:experiments.py:[79/1000] 2.36 sec: loss(t/v)=2.42/3.15, scores(t/v)=[0.21/0.11 + 0.36/0.37 + 0.15/0.15 + 0.47/0.19 = 0.27/0.19]
INFO:experiments.py:[80/1000] 2.36 sec: loss(t/v)=2.40/3.24, scores(t/v)=[0.26/0.20 + 0.25/0.16 + 0.21/0.18 + 0.50/0.10 = 0.29/0.15]
INFO:experiments.py:[81/1000] 2.36 sec: loss(t/v)=2.41/3.16, scores(t/v)=[0.26/0.16 + 0.26/0.33 + 0.20/0.17 + 0.50/0.11 = 0.29/0.18]
INFO:experiments.py:[82/1000] 2.33 sec: loss(t/v)=2.40/3.04, scores(t/v)=[0.31/0.27 + 0.29/0.29 + 0.24/0.10 + 0.48/0.21 = 0.32/0.20]
INFO:experiments.py:[83/1000] 2.31 sec: loss(t/v)=2.41/3.14, scores(t/v)=[0.28/0.00 + 0.32/0.37 + 0.13/0.14 + 0.50/0.27 = 0.28/0.00]
INFO:experiments.py:[84/1000] 2.35 sec: loss(t/v)=2.40/3.06, scores(t/v)=[0.22/0.28 + 0.25/0.38 + 0.18/0.10 + 0.49/0.23 = 0.26/0.22]
INFO:experiments.py:[85/1000] 2.35 sec: loss(t/v)=2.37/3.09, scores(t/v)=[0.34/0.13 + 0.37/0.19 + 0.18/0.08 + 0.50/0.23 = 0.33/0.14]
INFO:experiments.py:[86/1000] 2.36 sec: loss(t/v)=2.40/3.11, scores(t/v)=[0.24/0.20 + 0.21/0.34 + 0.20/0.16 + 0.48/0.19 = 0.26/0.21]
INFO:experiments.py:[87/1000] 2.34 sec: loss(t/v)=2.38/3.10, scores(t/v)=[0.29/0.28 + 0.33/0.36 + 0.23/0.02 + 0.48/0.18 = 0.32/0.15]
INFO:experiments.py:[88/1000] 2.35 sec: loss(t/v)=2.35/3.08, scores(t/v)=[0.32/0.29 + 0.29/0.26 + 0.14/0.11 + 0.50/0.16 = 0.29/0.19]
INFO:experiments.py:[89/1000] 2.35 sec: loss(t/v)=2.36/3.04, scores(t/v)=[0.35/0.04 + 0.23/0.31 + 0.11/0.17 + 0.49/0.16 = 0.26/0.14]
INFO:experiments.py:[90/1000] 2.38 sec: loss(t/v)=2.34/3.02, scores(t/v)=[0.35/0.16 + 0.29/0.30 + 0.23/0.12 + 0.49/0.19 = 0.33/0.18]
INFO:experiments.py:[91/1000] 2.40 sec: loss(t/v)=2.35/3.05, scores(t/v)=[0.24/0.26 + 0.33/0.41 + 0.26/0.08 + 0.51/0.18 = 0.32/0.19]
INFO:experiments.py:[92/1000] 2.37 sec: loss(t/v)=2.33/3.11, scores(t/v)=[0.29/0.21 + 0.25/0.17 + 0.16/0.10 + 0.50/0.18 = 0.28/0.16]
INFO:experiments.py:[93/1000] 2.36 sec: loss(t/v)=2.32/3.12, scores(t/v)=[0.28/0.19 + 0.27/0.47 + 0.21/0.03 + 0.50/0.16 = 0.30/0.14]
INFO:experiments.py:[94/1000] 2.35 sec: loss(t/v)=2.33/3.16, scores(t/v)=[0.31/0.18 + 0.25/0.24 + 0.15/0.00 + 0.51/0.15 = 0.28/0.00]
INFO:experiments.py:[95/1000] 2.35 sec: loss(t/v)=2.32/3.12, scores(t/v)=[0.33/0.11 + 0.20/0.44 + 0.20/0.16 + 0.49/0.18 = 0.28/0.19]
INFO:experiments.py:[96/1000] 2.35 sec: loss(t/v)=2.29/3.10, scores(t/v)=[0.28/0.27 + 0.38/0.51 + 0.24/0.15 + 0.50/0.23 = 0.34/0.26]
INFO:experiments.py:[97/1000] 2.35 sec: loss(t/v)=2.30/3.07, scores(t/v)=[0.28/0.14 + 0.27/0.45 + 0.24/0.14 + 0.51/0.27 = 0.31/0.22]
INFO:experiments.py:[98/1000] 2.30 sec: loss(t/v)=2.32/3.09, scores(t/v)=[0.31/0.22 + 0.29/0.51 + 0.24/0.18 + 0.52/0.21 = 0.32/0.25]
INFO:experiments.py:[99/1000] 2.33 sec: loss(t/v)=2.29/3.10, scores(t/v)=[0.23/0.22 + 0.24/0.36 + 0.18/0.28 + 0.50/0.18 = 0.26/0.25]
INFO:experiments.py:[100/1000] 2.34 sec: loss(t/v)=2.31/3.12, scores(t/v)=[0.31/0.11 + 0.32/0.31 + 0.18/0.09 + 0.50/0.15 = 0.31/0.14]
INFO:experiments.py:[101/1000] 2.33 sec: loss(t/v)=2.30/3.20, scores(t/v)=[0.29/0.18 + 0.23/0.36 + 0.08/0.08 + 0.51/0.10 = 0.23/0.15]
INFO:experiments.py:[102/1000] 2.33 sec: loss(t/v)=2.29/3.13, scores(t/v)=[0.24/0.28 + 0.36/0.43 + 0.22/0.26 + 0.50/0.18 = 0.31/0.27]
INFO:experiments.py:[103/1000] 2.35 sec: loss(t/v)=2.29/3.18, scores(t/v)=[0.32/0.27 + 0.25/0.35 + 0.19/0.08 + 0.53/0.11 = 0.30/0.17]
INFO:experiments.py:[104/1000] 2.34 sec: loss(t/v)=2.31/3.08, scores(t/v)=[0.29/0.25 + 0.40/0.35 + 0.16/0.20 + 0.53/0.16 = 0.31/0.23]
INFO:experiments.py:[105/1000] 2.34 sec: loss(t/v)=2.29/3.02, scores(t/v)=[0.30/0.15 + 0.27/0.34 + 0.22/0.08 + 0.52/0.21 = 0.31/0.17]
INFO:experiments.py:[106/1000] 2.33 sec: loss(t/v)=2.31/3.11, scores(t/v)=[0.24/0.00 + 0.25/0.42 + 0.14/0.20 + 0.49/0.21 = 0.25/0.00]
INFO:experiments.py:[107/1000] 2.33 sec: loss(t/v)=2.34/3.11, scores(t/v)=[0.27/0.20 + 0.30/0.34 + 0.10/0.01 + 0.50/0.13 = 0.25/0.10]
INFO:experiments.py:[108/1000] 2.32 sec: loss(t/v)=2.28/3.18, scores(t/v)=[0.28/0.24 + 0.31/0.22 + 0.14/0.06 + 0.52/0.15 = 0.28/0.15]
INFO:experiments.py:[109/1000] 2.33 sec: loss(t/v)=2.30/3.14, scores(t/v)=[0.33/0.18 + 0.19/0.35 + 0.15/0.02 + 0.53/0.16 = 0.26/0.12]
INFO:experiments.py:[110/1000] 2.33 sec: loss(t/v)=2.30/3.13, scores(t/v)=[0.31/0.14 + 0.37/0.31 + 0.22/0.07 + 0.52/0.15 = 0.34/0.15]
INFO:experiments.py:[111/1000] 2.33 sec: loss(t/v)=2.29/3.05, scores(t/v)=[0.31/0.18 + 0.20/0.39 + 0.16/0.12 + 0.53/0.21 = 0.27/0.20]
INFO:experiments.py:[112/1000] 2.31 sec: loss(t/v)=2.25/3.07, scores(t/v)=[0.29/0.22 + 0.37/0.42 + 0.23/0.14 + 0.54/0.21 = 0.34/0.23]
INFO:experiments.py:[113/1000] 2.38 sec: loss(t/v)=2.27/3.06, scores(t/v)=[0.40/0.25 + 0.40/0.40 + 0.30/0.09 + 0.53/0.23 = 0.40/0.21]
INFO:experiments.py:[114/1000] 2.34 sec: loss(t/v)=2.20/3.06, scores(t/v)=[0.43/0.20 + 0.38/0.39 + 0.21/0.20 + 0.54/0.23 = 0.37/0.24]
INFO:experiments.py:[115/1000] 2.33 sec: loss(t/v)=2.20/3.06, scores(t/v)=[0.41/0.07 + 0.31/0.00 + 0.28/0.12 + 0.56/0.24 = 0.38/0.00]
INFO:experiments.py:[116/1000] 2.35 sec: loss(t/v)=2.20/3.05, scores(t/v)=[0.35/0.24 + 0.11/0.44 + 0.30/0.17 + 0.57/0.26 = 0.28/0.26]
INFO:experiments.py:[117/1000] 2.36 sec: loss(t/v)=2.22/3.05, scores(t/v)=[0.38/0.25 + 0.33/0.38 + 0.21/0.14 + 0.56/0.26 = 0.35/0.24]
INFO:experiments.py:[118/1000] 2.36 sec: loss(t/v)=2.21/3.04, scores(t/v)=[0.33/0.20 + 0.37/0.41 + 0.20/0.16 + 0.56/0.24 = 0.34/0.23]
INFO:experiments.py:[119/1000] 2.35 sec: loss(t/v)=2.21/3.05, scores(t/v)=[0.40/0.18 + 0.32/0.35 + 0.27/0.20 + 0.57/0.24 = 0.37/0.24]
INFO:experiments.py:[120/1000] 2.35 sec: loss(t/v)=2.21/3.04, scores(t/v)=[0.36/0.19 + 0.25/0.25 + 0.24/0.05 + 0.57/0.23 = 0.33/0.15]
INFO:experiments.py:[121/1000] 2.34 sec: loss(t/v)=2.19/3.04, scores(t/v)=[0.41/0.20 + 0.28/0.35 + 0.22/0.10 + 0.57/0.23 = 0.35/0.20]
INFO:experiments.py:[122/1000] 2.35 sec: loss(t/v)=2.19/3.04, scores(t/v)=[0.38/0.23 + 0.31/0.48 + 0.31/0.19 + 0.56/0.23 = 0.38/0.26]
INFO:experiments.py:[123/1000] 2.35 sec: loss(t/v)=2.17/3.04, scores(t/v)=[0.40/0.16 + 0.31/0.34 + 0.23/0.15 + 0.57/0.23 = 0.36/0.21]
INFO:experiments.py:[124/1000] 2.34 sec: loss(t/v)=2.18/3.04, scores(t/v)=[0.39/0.19 + 0.35/0.21 + 0.20/0.17 + 0.57/0.24 = 0.35/0.20]
INFO:experiments.py:[125/1000] 2.35 sec: loss(t/v)=2.18/3.04, scores(t/v)=[0.36/0.19 + 0.24/0.33 + 0.27/0.18 + 0.58/0.26 = 0.34/0.23]
INFO:experiments.py:[126/1000] 2.35 sec: loss(t/v)=2.18/3.04, scores(t/v)=[0.38/0.21 + 0.32/0.42 + 0.27/0.00 + 0.58/0.26 = 0.37/0.00]
INFO:experiments.py:[127/1000] 2.25 sec: loss(t/v)=2.18/3.04, scores(t/v)=[0.32/0.22 + 0.34/0.45 + 0.20/0.24 + 0.57/0.27 = 0.33/0.28]
INFO:experiments.py:[128/1000] 2.34 sec: loss(t/v)=2.17/3.05, scores(t/v)=[0.30/0.27 + 0.34/0.24 + 0.29/0.23 + 0.57/0.26 = 0.36/0.25]
INFO:experiments.py:[129/1000] 2.35 sec: loss(t/v)=2.21/3.05, scores(t/v)=[0.43/0.19 + 0.28/0.31 + 0.27/0.00 + 0.56/0.26 = 0.37/0.00]
INFO:experiments.py:[130/1000] 2.36 sec: loss(t/v)=2.17/3.05, scores(t/v)=[0.38/0.15 + 0.27/0.36 + 0.23/0.21 + 0.57/0.26 = 0.34/0.23]
INFO:experiments.py:[131/1000] 2.35 sec: loss(t/v)=2.18/3.05, scores(t/v)=[0.32/0.20 + 0.37/0.42 + 0.27/0.22 + 0.58/0.24 = 0.37/0.26]
INFO:experiments.py:[132/1000] 2.36 sec: loss(t/v)=2.18/3.05, scores(t/v)=[0.44/0.26 + 0.21/0.22 + 0.29/0.03 + 0.58/0.23 = 0.35/0.14]
INFO:experiments.py:[133/1000] 2.38 sec: loss(t/v)=2.17/3.04, scores(t/v)=[0.39/0.27 + 0.29/0.28 + 0.17/0.10 + 0.58/0.24 = 0.33/0.21]
INFO:experiments.py:[134/1000] 2.38 sec: loss(t/v)=2.18/3.04, scores(t/v)=[0.41/0.24 + 0.37/0.36 + 0.29/0.17 + 0.58/0.23 = 0.40/0.24]
INFO:experiments.py:[135/1000] 2.37 sec: loss(t/v)=2.17/3.04, scores(t/v)=[0.42/0.16 + 0.39/0.41 + 0.34/0.18 + 0.58/0.23 = 0.42/0.23]
INFO:experiments.py:[136/1000] 2.37 sec: loss(t/v)=2.16/3.04, scores(t/v)=[0.40/0.15 + 0.39/0.41 + 0.33/0.20 + 0.58/0.23 = 0.42/0.23]
INFO:experiments.py:[137/1000] 2.37 sec: loss(t/v)=2.18/3.04, scores(t/v)=[0.37/0.18 + 0.33/0.39 + 0.29/0.24 + 0.57/0.23 = 0.38/0.25]
INFO:experiments.py:[138/1000] 2.37 sec: loss(t/v)=2.16/3.04, scores(t/v)=[0.39/0.18 + 0.35/0.37 + 0.33/0.23 + 0.58/0.23 = 0.40/0.24]
INFO:experiments.py:[139/1000] 2.37 sec: loss(t/v)=2.16/3.04, scores(t/v)=[0.36/0.24 + 0.30/0.44 + 0.29/0.17 + 0.57/0.23 = 0.36/0.25]
INFO:experiments.py:[140/1000] 2.37 sec: loss(t/v)=2.17/3.04, scores(t/v)=[0.45/0.25 + 0.31/0.39 + 0.29/0.17 + 0.58/0.23 = 0.39/0.25]
INFO:experiments.py:[141/1000] 2.37 sec: loss(t/v)=2.17/3.04, scores(t/v)=[0.43/0.19 + 0.40/0.38 + 0.25/0.18 + 0.58/0.23 = 0.40/0.23]
INFO:experiments.py:[142/1000] 2.31 sec: loss(t/v)=2.17/3.04, scores(t/v)=[0.40/0.17 + 0.34/0.41 + 0.23/0.22 + 0.57/0.24 = 0.36/0.24]
INFO:experiments.py:[143/1000] 2.32 sec: loss(t/v)=2.17/3.03, scores(t/v)=[0.42/0.17 + 0.34/0.44 + 0.27/0.18 + 0.56/0.21 = 0.38/0.23]
INFO:experiments.py:[144/1000] 2.36 sec: loss(t/v)=2.16/3.03, scores(t/v)=[0.39/0.20 + 0.40/0.43 + 0.25/0.14 + 0.58/0.21 = 0.39/0.22]
INFO:experiments.py:[145/1000] 2.35 sec: loss(t/v)=2.17/3.04, scores(t/v)=[0.42/0.20 + 0.36/0.35 + 0.25/0.13 + 0.58/0.21 = 0.38/0.21]
INFO:experiments.py:[146/1000] 2.34 sec: loss(t/v)=2.18/3.03, scores(t/v)=[0.40/0.23 + 0.32/0.34 + 0.21/0.17 + 0.57/0.23 = 0.35/0.23]
INFO:experiments.py:[147/1000] 2.36 sec: loss(t/v)=2.18/3.03, scores(t/v)=[0.36/0.21 + 0.32/0.36 + 0.24/0.19 + 0.58/0.24 = 0.36/0.24]
INFO:experiments.py:[148/1000] 2.36 sec: loss(t/v)=2.17/3.03, scores(t/v)=[0.40/0.22 + 0.27/0.39 + 0.31/0.20 + 0.58/0.23 = 0.37/0.25]
INFO:experiments.py:[149/1000] 2.35 sec: loss(t/v)=2.16/3.03, scores(t/v)=[0.40/0.18 + 0.34/0.33 + 0.24/0.20 + 0.57/0.21 = 0.37/0.23]
INFO:experiments.py:[150/1000] 2.35 sec: loss(t/v)=2.17/3.04, scores(t/v)=[0.40/0.23 + 0.34/0.30 + 0.28/0.17 + 0.58/0.23 = 0.38/0.23]
INFO:experiments.py:[151/1000] 2.36 sec: loss(t/v)=2.16/3.04, scores(t/v)=[0.42/0.23 + 0.39/0.35 + 0.29/0.14 + 0.58/0.21 = 0.41/0.22]
INFO:experiments.py:[152/1000] 2.35 sec: loss(t/v)=2.17/3.03, scores(t/v)=[0.35/0.22 + 0.29/0.38 + 0.21/0.15 + 0.56/0.21 = 0.33/0.23]
INFO:experiments.py:[153/1000] 2.35 sec: loss(t/v)=2.18/3.03, scores(t/v)=[0.39/0.23 + 0.34/0.30 + 0.29/0.19 + 0.57/0.21 = 0.38/0.23]
INFO:experiments.py:[154/1000] 2.35 sec: loss(t/v)=2.18/3.03, scores(t/v)=[0.43/0.23 + 0.30/0.28 + 0.29/0.20 + 0.57/0.24 = 0.38/0.24]
INFO:experiments.py:[155/1000] 2.35 sec: loss(t/v)=2.19/3.03, scores(t/v)=[0.44/0.24 + 0.27/0.29 + 0.28/0.21 + 0.56/0.21 = 0.37/0.23]
INFO:experiments.py:[156/1000] 2.35 sec: loss(t/v)=2.17/3.03, scores(t/v)=[0.40/0.23 + 0.36/0.32 + 0.34/0.21 + 0.57/0.23 = 0.41/0.24]
INFO:experiments.py:[157/1000] 2.33 sec: loss(t/v)=2.19/3.03, scores(t/v)=[0.40/0.22 + 0.35/0.35 + 0.31/0.21 + 0.57/0.23 = 0.40/0.25]
INFO:experiments.py:[158/1000] 2.31 sec: loss(t/v)=2.18/3.03, scores(t/v)=[0.39/0.21 + 0.29/0.39 + 0.25/0.21 + 0.58/0.23 = 0.36/0.25]
INFO:experiments.py:[159/1000] 2.37 sec: loss(t/v)=2.18/3.04, scores(t/v)=[0.46/0.21 + 0.34/0.38 + 0.26/0.21 + 0.58/0.23 = 0.39/0.25]
INFO:experiments.py:[160/1000] 2.36 sec: loss(t/v)=2.17/3.03, scores(t/v)=[0.42/0.22 + 0.36/0.38 + 0.22/0.19 + 0.58/0.21 = 0.37/0.24]
INFO:experiments.py:[161/1000] 2.35 sec: loss(t/v)=2.16/3.03, scores(t/v)=[0.45/0.21 + 0.34/0.39 + 0.32/0.18 + 0.58/0.21 = 0.41/0.23]
INFO:experiments.py:[162/1000] 2.35 sec: loss(t/v)=2.17/3.04, scores(t/v)=[0.33/0.21 + 0.36/0.39 + 0.21/0.17 + 0.57/0.21 = 0.35/0.23]
INFO:experiments.py:[163/1000] 2.35 sec: loss(t/v)=2.17/3.04, scores(t/v)=[0.43/0.21 + 0.39/0.39 + 0.35/0.18 + 0.58/0.21 = 0.43/0.24]
INFO:experiments.py:[164/1000] 2.35 sec: loss(t/v)=2.18/3.04, scores(t/v)=[0.42/0.20 + 0.29/0.39 + 0.27/0.18 + 0.58/0.23 = 0.37/0.24]
INFO:experiments.py:[165/1000] 2.35 sec: loss(t/v)=2.17/3.04, scores(t/v)=[0.41/0.20 + 0.41/0.39 + 0.32/0.17 + 0.58/0.23 = 0.42/0.23]
INFO:experiments.py:[166/1000] 2.34 sec: loss(t/v)=2.16/3.04, scores(t/v)=[0.40/0.20 + 0.39/0.37 + 0.29/0.19 + 0.58/0.23 = 0.40/0.23]
INFO:experiments.py:[167/1000] 2.35 sec: loss(t/v)=2.17/3.04, scores(t/v)=[0.42/0.20 + 0.39/0.38 + 0.33/0.19 + 0.58/0.23 = 0.42/0.24]
INFO:experiments.py:[168/1000] 2.35 sec: loss(t/v)=2.18/3.03, scores(t/v)=[0.38/0.19 + 0.31/0.37 + 0.30/0.19 + 0.57/0.21 = 0.38/0.23]
INFO:experiments.py:[169/1000] 2.35 sec: loss(t/v)=2.17/3.04, scores(t/v)=[0.37/0.18 + 0.38/0.38 + 0.22/0.19 + 0.58/0.21 = 0.37/0.23]
INFO:experiments.py:[170/1000] 2.35 sec: loss(t/v)=2.19/3.03, scores(t/v)=[0.39/0.17 + 0.26/0.37 + 0.24/0.18 + 0.57/0.21 = 0.34/0.22]
INFO:experiments.py:[171/1000] 2.35 sec: loss(t/v)=2.16/3.03, scores(t/v)=[0.38/0.17 + 0.36/0.37 + 0.25/0.18 + 0.57/0.21 = 0.37/0.22]
INFO:experiments.py:[172/1000] 2.35 sec: loss(t/v)=2.17/3.04, scores(t/v)=[0.37/0.16 + 0.36/0.38 + 0.31/0.17 + 0.57/0.23 = 0.39/0.22]
INFO:experiments.py:[173/1000] 2.27 sec: loss(t/v)=2.16/3.03, scores(t/v)=[0.39/0.18 + 0.31/0.38 + 0.26/0.17 + 0.58/0.23 = 0.37/0.23]
INFO:experiments.py:[174/1000] 2.34 sec: loss(t/v)=2.16/3.03, scores(t/v)=[0.42/0.19 + 0.33/0.38 + 0.31/0.19 + 0.58/0.23 = 0.40/0.24]
INFO:experiments.py:[175/1000] 2.35 sec: loss(t/v)=2.17/3.03, scores(t/v)=[0.35/0.20 + 0.33/0.37 + 0.22/0.19 + 0.56/0.23 = 0.35/0.24]
INFO:experiments.py:[176/1000] 2.35 sec: loss(t/v)=2.16/3.04, scores(t/v)=[0.38/0.19 + 0.41/0.37 + 0.28/0.19 + 0.58/0.24 = 0.40/0.24]
INFO:experiments.py:[177/1000] 2.34 sec: loss(t/v)=2.17/3.04, scores(t/v)=[0.39/0.19 + 0.35/0.38 + 0.29/0.20 + 0.57/0.21 = 0.39/0.24]
INFO:experiments.py:[178/1000] 2.35 sec: loss(t/v)=2.16/3.04, scores(t/v)=[0.39/0.19 + 0.35/0.38 + 0.27/0.19 + 0.58/0.23 = 0.38/0.23]
INFO:experiments.py:[179/1000] 2.34 sec: loss(t/v)=2.18/3.03, scores(t/v)=[0.39/0.19 + 0.33/0.38 + 0.26/0.20 + 0.57/0.21 = 0.37/0.23]
INFO:experiments.py:[180/1000] 2.35 sec: loss(t/v)=2.16/3.04, scores(t/v)=[0.40/0.19 + 0.37/0.38 + 0.27/0.20 + 0.57/0.24 = 0.39/0.24]
INFO:experiments.py:[181/1000] 2.35 sec: loss(t/v)=2.18/3.04, scores(t/v)=[0.39/0.20 + 0.36/0.38 + 0.34/0.20 + 0.58/0.23 = 0.41/0.24]
INFO:experiments.py:[182/1000] 2.34 sec: loss(t/v)=2.17/3.04, scores(t/v)=[0.40/0.19 + 0.38/0.39 + 0.30/0.19 + 0.58/0.23 = 0.40/0.24]
INFO:experiments.py:[183/1000] 2.35 sec: loss(t/v)=2.16/3.04, scores(t/v)=[0.41/0.19 + 0.29/0.39 + 0.25/0.20 + 0.58/0.23 = 0.36/0.24]
INFO:experiments.py:[184/1000] 2.34 sec: loss(t/v)=2.16/3.04, scores(t/v)=[0.42/0.19 + 0.32/0.39 + 0.29/0.19 + 0.58/0.23 = 0.39/0.24]
INFO:experiments.py:[185/1000] 2.35 sec: loss(t/v)=2.18/3.03, scores(t/v)=[0.38/0.19 + 0.35/0.40 + 0.26/0.19 + 0.57/0.23 = 0.38/0.24]
INFO:experiments.py:[186/1000] 2.34 sec: loss(t/v)=2.17/3.03, scores(t/v)=[0.36/0.19 + 0.37/0.39 + 0.32/0.19 + 0.58/0.23 = 0.40/0.24]
INFO:experiments.py:[187/1000] 2.35 sec: loss(t/v)=2.19/3.03, scores(t/v)=[0.38/0.19 + 0.25/0.38 + 0.23/0.19 + 0.58/0.23 = 0.33/0.24]
INFO:experiments.py:[188/1000] 2.32 sec: loss(t/v)=2.17/3.03, scores(t/v)=[0.36/0.19 + 0.28/0.39 + 0.24/0.19 + 0.58/0.21 = 0.34/0.23]
INFO:experiments.py:[189/1000] 2.40 sec: loss(t/v)=2.16/3.04, scores(t/v)=[0.39/0.18 + 0.40/0.39 + 0.35/0.18 + 0.58/0.21 = 0.42/0.23]
INFO:experiments.py:[190/1000] 2.37 sec: loss(t/v)=2.17/3.04, scores(t/v)=[0.38/0.18 + 0.32/0.39 + 0.19/0.19 + 0.57/0.21 = 0.34/0.23]
INFO:experiments.py:[191/1000] 2.36 sec: loss(t/v)=2.19/3.03, scores(t/v)=[0.38/0.18 + 0.31/0.40 + 0.16/0.19 + 0.57/0.21 = 0.32/0.23]
INFO:experiments.py:[192/1000] 2.34 sec: loss(t/v)=2.17/3.03, scores(t/v)=[0.42/0.18 + 0.36/0.39 + 0.28/0.19 + 0.57/0.21 = 0.40/0.23]
INFO:experiments.py:[193/1000] 2.34 sec: loss(t/v)=2.16/3.04, scores(t/v)=[0.41/0.19 + 0.36/0.39 + 0.31/0.19 + 0.58/0.21 = 0.40/0.23]
INFO:experiments.py:[194/1000] 2.34 sec: loss(t/v)=2.17/3.04, scores(t/v)=[0.41/0.19 + 0.37/0.39 + 0.26/0.19 + 0.58/0.21 = 0.39/0.23]
INFO:experiments.py:[195/1000] 2.32 sec: loss(t/v)=2.15/3.04, scores(t/v)=[0.42/0.19 + 0.40/0.39 + 0.33/0.19 + 0.58/0.23 = 0.42/0.24]
INFO:experiments.py:[196/1000] 2.32 sec: loss(t/v)=2.18/3.03, scores(t/v)=[0.36/0.19 + 0.31/0.38 + 0.29/0.18 + 0.56/0.21 = 0.37/0.23]
INFO:experiments.py:[197/1000] 2.32 sec: loss(t/v)=2.17/3.04, scores(t/v)=[0.40/0.20 + 0.27/0.38 + 0.30/0.20 + 0.58/0.21 = 0.37/0.24]
INFO:experiments.py:[198/1000] 2.33 sec: loss(t/v)=2.19/3.03, scores(t/v)=[0.38/0.20 + 0.29/0.38 + 0.27/0.19 + 0.57/0.21 = 0.36/0.23]
INFO:experiments.py:[199/1000] 2.32 sec: loss(t/v)=2.17/3.03, scores(t/v)=[0.41/0.20 + 0.32/0.38 + 0.24/0.18 + 0.57/0.23 = 0.37/0.24]
INFO:experiments.py:[200/1000] 2.32 sec: loss(t/v)=2.16/3.04, scores(t/v)=[0.42/0.19 + 0.40/0.38 + 0.30/0.19 + 0.58/0.23 = 0.41/0.24]
INFO:experiments.py:[201/1000] 2.33 sec: loss(t/v)=2.17/3.03, scores(t/v)=[0.39/0.20 + 0.28/0.38 + 0.26/0.18 + 0.57/0.23 = 0.36/0.24]
INFO:experiments.py:[202/1000] 2.31 sec: loss(t/v)=2.18/3.03, scores(t/v)=[0.41/0.20 + 0.32/0.38 + 0.20/0.18 + 0.57/0.23 = 0.35/0.24]
INFO:experiments.py:[203/1000] 2.28 sec: loss(t/v)=2.18/3.03, scores(t/v)=[0.40/0.19 + 0.30/0.37 + 0.29/0.19 + 0.57/0.23 = 0.38/0.24]
INFO:experiments.py:[204/1000] 2.31 sec: loss(t/v)=2.17/3.03, scores(t/v)=[0.39/0.19 + 0.33/0.37 + 0.33/0.19 + 0.58/0.23 = 0.40/0.24]
INFO:experiments.py:[205/1000] 2.32 sec: loss(t/v)=2.17/3.03, scores(t/v)=[0.43/0.19 + 0.34/0.38 + 0.23/0.19 + 0.57/0.23 = 0.37/0.24]
INFO:experiments.py:[206/1000] 2.32 sec: loss(t/v)=2.16/3.03, scores(t/v)=[0.44/0.19 + 0.37/0.39 + 0.32/0.19 + 0.57/0.21 = 0.41/0.23]
INFO:experiments.py:[207/1000] 2.32 sec: loss(t/v)=2.16/3.03, scores(t/v)=[0.43/0.19 + 0.36/0.39 + 0.29/0.19 + 0.58/0.21 = 0.40/0.23]
INFO:experiments.py:[208/1000] 2.32 sec: loss(t/v)=2.17/3.03, scores(t/v)=[0.40/0.19 + 0.34/0.39 + 0.30/0.19 + 0.58/0.21 = 0.39/0.23]
INFO:experiments.py:[209/1000] 2.32 sec: loss(t/v)=2.16/3.03, scores(t/v)=[0.42/0.19 + 0.29/0.38 + 0.25/0.19 + 0.58/0.21 = 0.37/0.23]
INFO:experiments.py:[210/1000] 2.39 sec: loss(t/v)=2.16/3.03, scores(t/v)=[0.40/0.19 + 0.33/0.38 + 0.27/0.19 + 0.56/0.21 = 0.37/0.23]
INFO:experiments.py:[211/1000] 2.35 sec: loss(t/v)=2.17/3.04, scores(t/v)=[0.40/0.19 + 0.36/0.39 + 0.30/0.19 + 0.58/0.23 = 0.40/0.23]
INFO:experiments.py:[212/1000] 2.34 sec: loss(t/v)=2.17/3.03, scores(t/v)=[0.39/0.19 + 0.41/0.38 + 0.30/0.19 + 0.58/0.23 = 0.41/0.23]
INFO:experiments.py:[213/1000] 2.35 sec: loss(t/v)=2.18/3.03, scores(t/v)=[0.39/0.19 + 0.30/0.37 + 0.30/0.18 + 0.58/0.23 = 0.38/0.23]
INFO:experiments.py:[214/1000] 2.34 sec: loss(t/v)=2.18/3.03, scores(t/v)=[0.33/0.19 + 0.32/0.38 + 0.22/0.19 + 0.58/0.23 = 0.34/0.24]
INFO:experiments.py:[215/1000] 2.35 sec: loss(t/v)=2.19/3.03, scores(t/v)=[0.40/0.19 + 0.36/0.38 + 0.27/0.19 + 0.57/0.21 = 0.39/0.23]
INFO:experiments.py:[216/1000] 2.26 sec: loss(t/v)=2.18/3.03, scores(t/v)=[0.39/0.19 + 0.38/0.38 + 0.24/0.20 + 0.58/0.23 = 0.38/0.24]
INFO:experiments.py:[217/1000] 2.34 sec: loss(t/v)=2.16/3.03, scores(t/v)=[0.45/0.19 + 0.42/0.38 + 0.34/0.20 + 0.58/0.23 = 0.44/0.24]
INFO:experiments.py:[218/1000] 2.34 sec: loss(t/v)=2.17/3.03, scores(t/v)=[0.39/0.19 + 0.37/0.37 + 0.28/0.20 + 0.58/0.21 = 0.39/0.23]
INFO:experiments.py:[219/1000] 2.34 sec: loss(t/v)=2.17/3.03, scores(t/v)=[0.39/0.19 + 0.40/0.38 + 0.34/0.20 + 0.57/0.23 = 0.42/0.24]
INFO:experiments.py:[220/1000] 2.34 sec: loss(t/v)=2.18/3.03, scores(t/v)=[0.39/0.19 + 0.31/0.38 + 0.32/0.20 + 0.56/0.23 = 0.38/0.24]
INFO:experiments.py:[221/1000] 2.34 sec: loss(t/v)=2.17/3.04, scores(t/v)=[0.39/0.19 + 0.39/0.38 + 0.27/0.20 + 0.58/0.24 = 0.39/0.24]
INFO:experiments.py:[222/1000] 2.34 sec: loss(t/v)=2.17/3.04, scores(t/v)=[0.41/0.18 + 0.31/0.38 + 0.30/0.20 + 0.58/0.24 = 0.38/0.24]
INFO:experiments.py:[223/1000] 2.34 sec: loss(t/v)=2.16/3.04, scores(t/v)=[0.47/0.19 + 0.39/0.38 + 0.33/0.19 + 0.57/0.24 = 0.43/0.24]
INFO:experiments.py:[224/1000] 2.34 sec: loss(t/v)=2.17/3.04, scores(t/v)=[0.38/0.18 + 0.37/0.38 + 0.28/0.20 + 0.58/0.23 = 0.39/0.24]
INFO:experiments.py:[225/1000] 2.35 sec: loss(t/v)=2.18/3.04, scores(t/v)=[0.36/0.18 + 0.33/0.38 + 0.26/0.19 + 0.57/0.23 = 0.36/0.23]
INFO:experiments.py:[226/1000] 2.35 sec: loss(t/v)=2.17/3.03, scores(t/v)=[0.34/0.19 + 0.37/0.38 + 0.26/0.18 + 0.58/0.23 = 0.37/0.23]
INFO:experiments.py:[227/1000] 2.35 sec: loss(t/v)=2.17/3.04, scores(t/v)=[0.41/0.20 + 0.35/0.38 + 0.26/0.19 + 0.58/0.23 = 0.38/0.24]
INFO:experiments.py:[228/1000] 2.34 sec: loss(t/v)=2.17/3.04, scores(t/v)=[0.42/0.19 + 0.35/0.38 + 0.28/0.19 + 0.58/0.23 = 0.39/0.24]
INFO:experiments.py:[229/1000] 2.34 sec: loss(t/v)=2.18/3.03, scores(t/v)=[0.41/0.20 + 0.34/0.38 + 0.26/0.18 + 0.56/0.23 = 0.37/0.23]
INFO:experiments.py:[230/1000] 2.28 sec: loss(t/v)=2.17/3.03, scores(t/v)=[0.42/0.20 + 0.36/0.38 + 0.28/0.19 + 0.56/0.21 = 0.39/0.23]
INFO:experiments.py:[231/1000] 2.38 sec: loss(t/v)=2.16/3.04, scores(t/v)=[0.36/0.20 + 0.40/0.38 + 0.26/0.18 + 0.58/0.21 = 0.38/0.23]
INFO:experiments.py:[232/1000] 2.37 sec: loss(t/v)=2.18/3.03, scores(t/v)=[0.38/0.19 + 0.37/0.38 + 0.29/0.18 + 0.57/0.23 = 0.39/0.23]
INFO:experiments.py:[233/1000] 2.40 sec: loss(t/v)=2.17/3.04, scores(t/v)=[0.41/0.18 + 0.42/0.38 + 0.32/0.18 + 0.58/0.23 = 0.42/0.23]
INFO:experiments.py:[234/1000] 2.39 sec: loss(t/v)=2.16/3.04, scores(t/v)=[0.44/0.18 + 0.35/0.38 + 0.29/0.19 + 0.58/0.23 = 0.40/0.23]
INFO:experiments.py:[235/1000] 2.36 sec: loss(t/v)=2.17/3.04, scores(t/v)=[0.41/0.19 + 0.34/0.38 + 0.25/0.18 + 0.58/0.23 = 0.38/0.23]
INFO:experiments.py:[236/1000] 2.36 sec: loss(t/v)=2.17/3.03, scores(t/v)=[0.40/0.18 + 0.36/0.38 + 0.25/0.18 + 0.58/0.23 = 0.38/0.23]
INFO:experiments.py:[237/1000] 2.34 sec: loss(t/v)=2.18/3.03, scores(t/v)=[0.40/0.18 + 0.36/0.38 + 0.26/0.18 + 0.57/0.24 = 0.38/0.23]
INFO:experiments.py:[238/1000] 2.34 sec: loss(t/v)=2.18/3.03, scores(t/v)=[0.36/0.18 + 0.34/0.39 + 0.30/0.19 + 0.57/0.23 = 0.38/0.23]
INFO:experiments.py:[239/1000] 2.34 sec: loss(t/v)=2.18/3.03, scores(t/v)=[0.39/0.19 + 0.31/0.39 + 0.31/0.18 + 0.58/0.24 = 0.38/0.24]
INFO:experiments.py:[240/1000] 2.35 sec: loss(t/v)=2.16/3.03, scores(t/v)=[0.38/0.19 + 0.36/0.38 + 0.25/0.18 + 0.57/0.24 = 0.37/0.23]
INFO:experiments.py:[241/1000] 2.34 sec: loss(t/v)=2.17/3.03, scores(t/v)=[0.40/0.18 + 0.40/0.38 + 0.24/0.18 + 0.58/0.24 = 0.38/0.24]
INFO:experiments.py:[242/1000] 2.34 sec: loss(t/v)=2.18/3.03, scores(t/v)=[0.39/0.18 + 0.30/0.38 + 0.30/0.19 + 0.57/0.23 = 0.38/0.23]
INFO:experiments.py:[243/1000] 2.28 sec: loss(t/v)=2.16/3.04, scores(t/v)=[0.44/0.19 + 0.43/0.38 + 0.28/0.19 + 0.58/0.23 = 0.42/0.24]
INFO:experiments.py:[244/1000] 2.31 sec: loss(t/v)=2.18/3.03, scores(t/v)=[0.36/0.20 + 0.32/0.39 + 0.31/0.18 + 0.57/0.23 = 0.38/0.24]
INFO:experiments.py:[245/1000] 2.35 sec: loss(t/v)=2.16/3.03, scores(t/v)=[0.43/0.20 + 0.43/0.39 + 0.30/0.18 + 0.58/0.21 = 0.42/0.23]
INFO:experiments.py:[246/1000] 2.33 sec: loss(t/v)=2.18/3.03, scores(t/v)=[0.44/0.20 + 0.29/0.39 + 0.24/0.19 + 0.58/0.21 = 0.37/0.24]
INFO:experiments.py:[247/1000] 2.35 sec: loss(t/v)=2.17/3.03, scores(t/v)=[0.40/0.21 + 0.37/0.39 + 0.33/0.18 + 0.58/0.21 = 0.41/0.23]
INFO:experiments.py:[248/1000] 2.35 sec: loss(t/v)=2.16/3.03, scores(t/v)=[0.35/0.20 + 0.41/0.40 + 0.29/0.18 + 0.58/0.21 = 0.39/0.23]
INFO:experiments.py:[249/1000] 2.34 sec: loss(t/v)=2.17/3.04, scores(t/v)=[0.37/0.19 + 0.32/0.39 + 0.25/0.19 + 0.58/0.21 = 0.36/0.23]
INFO:experiments.py:[250/1000] 2.34 sec: loss(t/v)=2.18/3.03, scores(t/v)=[0.34/0.19 + 0.37/0.39 + 0.23/0.17 + 0.56/0.21 = 0.36/0.23]
INFO:experiments.py:[251/1000] 2.40 sec: loss(t/v)=2.18/3.03, scores(t/v)=[0.38/0.18 + 0.29/0.39 + 0.26/0.18 + 0.58/0.21 = 0.36/0.23]
INFO:experiments.py:[252/1000] 2.38 sec: loss(t/v)=2.17/3.03, scores(t/v)=[0.40/0.19 + 0.41/0.38 + 0.24/0.18 + 0.57/0.21 = 0.39/0.23]
INFO:experiments.py:[253/1000] 2.37 sec: loss(t/v)=2.18/3.03, scores(t/v)=[0.35/0.19 + 0.34/0.38 + 0.22/0.18 + 0.58/0.21 = 0.35/0.23]
INFO:experiments.py:[254/1000] 2.37 sec: loss(t/v)=2.17/3.03, scores(t/v)=[0.40/0.19 + 0.27/0.39 + 0.23/0.18 + 0.58/0.21 = 0.34/0.23]
INFO:experiments.py:[255/1000] 2.35 sec: loss(t/v)=2.16/3.04, scores(t/v)=[0.43/0.19 + 0.33/0.40 + 0.25/0.18 + 0.57/0.21 = 0.38/0.23]
INFO:experiments.py:[256/1000] 2.30 sec: loss(t/v)=2.19/3.04, scores(t/v)=[0.37/0.18 + 0.29/0.40 + 0.26/0.18 + 0.58/0.23 = 0.35/0.23]
INFO:experiments.py:[257/1000] 2.32 sec: loss(t/v)=2.16/3.04, scores(t/v)=[0.40/0.19 + 0.32/0.39 + 0.22/0.18 + 0.58/0.21 = 0.36/0.23]
INFO:experiments.py:[258/1000] 2.34 sec: loss(t/v)=2.17/3.03, scores(t/v)=[0.39/0.19 + 0.33/0.39 + 0.34/0.18 + 0.56/0.23 = 0.40/0.23]
INFO:experiments.py:[259/1000] 2.34 sec: loss(t/v)=2.16/3.03, scores(t/v)=[0.44/0.19 + 0.37/0.39 + 0.33/0.18 + 0.58/0.23 = 0.42/0.24]
INFO:experiments.py:[260/1000] 2.34 sec: loss(t/v)=2.16/3.04, scores(t/v)=[0.42/0.19 + 0.39/0.39 + 0.33/0.20 + 0.58/0.23 = 0.42/0.24]
INFO:experiments.py:[261/1000] 2.34 sec: loss(t/v)=2.18/3.04, scores(t/v)=[0.41/0.19 + 0.30/0.38 + 0.23/0.20 + 0.58/0.23 = 0.36/0.24]
INFO:experiments.py:[262/1000] 2.35 sec: loss(t/v)=2.18/3.03, scores(t/v)=[0.40/0.19 + 0.36/0.39 + 0.24/0.20 + 0.55/0.23 = 0.37/0.24]
INFO:experiments.py:[263/1000] 2.34 sec: loss(t/v)=2.17/3.03, scores(t/v)=[0.40/0.20 + 0.40/0.39 + 0.26/0.20 + 0.57/0.23 = 0.39/0.24]
INFO:experiments.py:[264/1000] 2.33 sec: loss(t/v)=2.19/3.03, scores(t/v)=[0.38/0.19 + 0.36/0.38 + 0.26/0.18 + 0.56/0.23 = 0.38/0.23]
INFO:experiments.py:[265/1000] 2.33 sec: loss(t/v)=2.17/3.03, scores(t/v)=[0.41/0.19 + 0.28/0.38 + 0.27/0.18 + 0.57/0.23 = 0.36/0.23]
INFO:experiments.py:[266/1000] 2.34 sec: loss(t/v)=2.17/3.03, scores(t/v)=[0.42/0.20 + 0.39/0.38 + 0.31/0.19 + 0.57/0.21 = 0.41/0.23]
INFO:experiments.py:[267/1000] 2.33 sec: loss(t/v)=2.19/3.03, scores(t/v)=[0.39/0.20 + 0.31/0.39 + 0.22/0.19 + 0.58/0.21 = 0.35/0.24]
INFO:experiments.py:[268/1000] 2.34 sec: loss(t/v)=2.17/3.03, scores(t/v)=[0.34/0.19 + 0.38/0.39 + 0.27/0.18 + 0.58/0.23 = 0.38/0.23]
INFO:experiments.py:[269/1000] 2.28 sec: loss(t/v)=2.17/3.03, scores(t/v)=[0.42/0.19 + 0.39/0.39 + 0.28/0.20 + 0.57/0.21 = 0.40/0.23]
INFO:experiments.py:[270/1000] 2.37 sec: loss(t/v)=2.16/3.03, scores(t/v)=[0.41/0.19 + 0.38/0.39 + 0.30/0.19 + 0.57/0.23 = 0.41/0.24]
INFO:experiments.py:[271/1000] 2.35 sec: loss(t/v)=2.18/3.03, scores(t/v)=[0.37/0.19 + 0.35/0.39 + 0.22/0.19 + 0.58/0.23 = 0.36/0.24]
INFO:experiments.py:[272/1000] 2.35 sec: loss(t/v)=2.18/3.03, scores(t/v)=[0.37/0.20 + 0.28/0.38 + 0.26/0.20 + 0.58/0.23 = 0.35/0.24]
INFO:experiments.py:[273/1000] 2.35 sec: loss(t/v)=2.18/3.03, scores(t/v)=[0.41/0.19 + 0.37/0.38 + 0.26/0.20 + 0.58/0.23 = 0.39/0.24]
INFO:experiments.py:[274/1000] 2.35 sec: loss(t/v)=2.17/3.03, scores(t/v)=[0.40/0.20 + 0.37/0.38 + 0.28/0.20 + 0.58/0.23 = 0.40/0.24]
INFO:experiments.py:[275/1000] 2.34 sec: loss(t/v)=2.19/3.03, scores(t/v)=[0.38/0.19 + 0.34/0.39 + 0.22/0.18 + 0.57/0.23 = 0.36/0.24]
INFO:experiments.py:[276/1000] 2.35 sec: loss(t/v)=2.18/3.03, scores(t/v)=[0.37/0.20 + 0.29/0.39 + 0.25/0.18 + 0.58/0.23 = 0.35/0.24]
INFO:experiments.py:[277/1000] 2.35 sec: loss(t/v)=2.16/3.03, scores(t/v)=[0.39/0.21 + 0.36/0.39 + 0.25/0.19 + 0.56/0.21 = 0.37/0.24]
INFO:experiments.py:[278/1000] 2.36 sec: loss(t/v)=2.17/3.03, scores(t/v)=[0.39/0.21 + 0.31/0.39 + 0.31/0.18 + 0.58/0.21 = 0.38/0.23]
INFO:experiments.py:[279/1000] 2.37 sec: loss(t/v)=2.17/3.03, scores(t/v)=[0.38/0.20 + 0.37/0.39 + 0.30/0.18 + 0.57/0.21 = 0.39/0.23]
INFO:experiments.py:[280/1000] 2.36 sec: loss(t/v)=2.16/3.03, scores(t/v)=[0.41/0.19 + 0.34/0.38 + 0.27/0.19 + 0.57/0.21 = 0.39/0.23]
INFO:experiments.py:[281/1000] 2.27 sec: loss(t/v)=2.16/3.03, scores(t/v)=[0.45/0.20 + 0.41/0.37 + 0.32/0.18 + 0.58/0.21 = 0.43/0.23]
INFO:experiments.py:[282/1000] 2.33 sec: loss(t/v)=2.17/3.03, scores(t/v)=[0.41/0.20 + 0.34/0.38 + 0.30/0.19 + 0.58/0.23 = 0.40/0.24]
INFO:experiments.py:[283/1000] 2.36 sec: loss(t/v)=2.19/3.03, scores(t/v)=[0.37/0.20 + 0.22/0.39 + 0.21/0.19 + 0.58/0.23 = 0.31/0.24]
INFO:experiments.py:[284/1000] 2.35 sec: loss(t/v)=2.17/3.03, scores(t/v)=[0.38/0.20 + 0.38/0.38 + 0.24/0.19 + 0.58/0.23 = 0.38/0.24]
INFO:experiments.py:[285/1000] 2.34 sec: loss(t/v)=2.18/3.03, scores(t/v)=[0.39/0.20 + 0.39/0.39 + 0.28/0.18 + 0.58/0.23 = 0.40/0.24]
INFO:experiments.py:[286/1000] 2.35 sec: loss(t/v)=2.16/3.03, scores(t/v)=[0.42/0.20 + 0.43/0.40 + 0.29/0.18 + 0.58/0.23 = 0.42/0.24]
INFO:experiments.py:[287/1000] 2.34 sec: loss(t/v)=2.17/3.03, scores(t/v)=[0.42/0.19 + 0.38/0.40 + 0.26/0.19 + 0.58/0.23 = 0.40/0.24]
INFO:experiments.py:[288/1000] 2.33 sec: loss(t/v)=2.18/3.03, scores(t/v)=[0.35/0.19 + 0.28/0.39 + 0.20/0.19 + 0.58/0.23 = 0.33/0.24]
INFO:experiments.py:[289/1000] 2.35 sec: loss(t/v)=2.17/3.03, scores(t/v)=[0.38/0.20 + 0.33/0.38 + 0.23/0.19 + 0.57/0.23 = 0.36/0.24]
INFO:experiments.py:[290/1000] 2.35 sec: loss(t/v)=2.17/3.03, scores(t/v)=[0.41/0.19 + 0.27/0.39 + 0.29/0.19 + 0.57/0.23 = 0.37/0.24]
INFO:experiments.py:[291/1000] 2.35 sec: loss(t/v)=2.16/3.04, scores(t/v)=[0.40/0.19 + 0.35/0.38 + 0.26/0.18 + 0.58/0.23 = 0.38/0.24]
INFO:experiments.py:[292/1000] 2.34 sec: loss(t/v)=2.17/3.04, scores(t/v)=[0.42/0.19 + 0.32/0.38 + 0.25/0.19 + 0.58/0.21 = 0.37/0.23]
INFO:experiments.py:[293/1000] 2.40 sec: loss(t/v)=2.17/3.04, scores(t/v)=[0.40/0.19 + 0.29/0.39 + 0.21/0.19 + 0.57/0.23 = 0.34/0.24]
INFO:experiments.py:[294/1000] 2.38 sec: loss(t/v)=2.19/3.03, scores(t/v)=[0.38/0.20 + 0.33/0.39 + 0.30/0.20 + 0.58/0.23 = 0.38/0.24]
INFO:experiments.py:[295/1000] 2.37 sec: loss(t/v)=2.17/3.04, scores(t/v)=[0.41/0.20 + 0.39/0.39 + 0.29/0.20 + 0.57/0.21 = 0.40/0.24]
INFO:experiments.py:[296/1000] 2.34 sec: loss(t/v)=2.16/3.04, scores(t/v)=[0.43/0.20 + 0.37/0.38 + 0.27/0.19 + 0.57/0.21 = 0.40/0.24]
INFO:experiments.py:[297/1000] 2.34 sec: loss(t/v)=2.17/3.04, scores(t/v)=[0.39/0.19 + 0.35/0.39 + 0.32/0.20 + 0.58/0.23 = 0.40/0.24]
INFO:experiments.py:[298/1000] 2.37 sec: loss(t/v)=2.17/3.04, scores(t/v)=[0.39/0.18 + 0.38/0.38 + 0.29/0.20 + 0.58/0.21 = 0.40/0.23]
INFO:experiments.py:[299/1000] 2.39 sec: loss(t/v)=2.17/3.04, scores(t/v)=[0.36/0.19 + 0.36/0.38 + 0.26/0.19 + 0.58/0.23 = 0.37/0.24]
INFO:experiments.py:[300/1000] 2.37 sec: loss(t/v)=2.20/3.03, scores(t/v)=[0.38/0.20 + 0.25/0.38 + 0.26/0.20 + 0.57/0.23 = 0.35/0.24]
INFO:experiments.py:[301/1000] 2.35 sec: loss(t/v)=2.18/3.03, scores(t/v)=[0.38/0.20 + 0.41/0.40 + 0.27/0.18 + 0.56/0.21 = 0.39/0.23]
INFO:experiments.py:[302/1000] 2.40 sec: loss(t/v)=2.18/3.03, scores(t/v)=[0.39/0.20 + 0.37/0.40 + 0.26/0.18 + 0.58/0.23 = 0.38/0.24]
INFO:experiments.py:[303/1000] 2.38 sec: loss(t/v)=2.17/3.03, scores(t/v)=[0.42/0.19 + 0.40/0.40 + 0.28/0.20 + 0.58/0.21 = 0.41/0.24]
INFO:experiments.py:[304/1000] 2.38 sec: loss(t/v)=2.17/3.03, scores(t/v)=[0.41/0.21 + 0.39/0.39 + 0.23/0.20 + 0.58/0.21 = 0.38/0.24]
INFO:experiments.py:[305/1000] 2.37 sec: loss(t/v)=2.16/3.03, scores(t/v)=[0.42/0.20 + 0.39/0.39 + 0.31/0.20 + 0.58/0.21 = 0.42/0.24]
INFO:experiments.py:[306/1000] 2.37 sec: loss(t/v)=2.16/3.04, scores(t/v)=[0.40/0.20 + 0.33/0.39 + 0.34/0.19 + 0.57/0.21 = 0.40/0.24]
INFO:experiments.py:[307/1000] 2.37 sec: loss(t/v)=2.16/3.04, scores(t/v)=[0.41/0.19 + 0.35/0.39 + 0.25/0.18 + 0.58/0.23 = 0.38/0.24]
INFO:experiments.py:[308/1000] 2.37 sec: loss(t/v)=2.18/3.03, scores(t/v)=[0.40/0.19 + 0.30/0.39 + 0.24/0.19 + 0.57/0.21 = 0.36/0.23]
INFO:experiments.py:[309/1000] 2.37 sec: loss(t/v)=2.18/3.03, scores(t/v)=[0.36/0.20 + 0.34/0.39 + 0.25/0.20 + 0.56/0.21 = 0.36/0.24]
INFO:experiments.py:[310/1000] 2.37 sec: loss(t/v)=2.17/3.03, scores(t/v)=[0.42/0.21 + 0.38/0.38 + 0.32/0.19 + 0.58/0.21 = 0.42/0.24]
INFO:experiments.py:[311/1000] 2.36 sec: loss(t/v)=2.18/3.03, scores(t/v)=[0.44/0.21 + 0.28/0.37 + 0.28/0.19 + 0.57/0.21 = 0.37/0.24]
INFO:experiments.py:[312/1000] 2.29 sec: loss(t/v)=2.17/3.03, scores(t/v)=[0.39/0.20 + 0.32/0.38 + 0.29/0.18 + 0.57/0.21 = 0.38/0.23]
INFO:experiments.py:[313/1000] 2.39 sec: loss(t/v)=2.17/3.04, scores(t/v)=[0.40/0.19 + 0.36/0.38 + 0.22/0.18 + 0.58/0.23 = 0.37/0.23]
INFO:experiments.py:[314/1000] 2.38 sec: loss(t/v)=2.16/3.04, scores(t/v)=[0.43/0.19 + 0.31/0.38 + 0.30/0.19 + 0.58/0.21 = 0.39/0.23]
INFO:experiments.py:[315/1000] 2.37 sec: loss(t/v)=2.17/3.04, scores(t/v)=[0.41/0.19 + 0.32/0.39 + 0.30/0.19 + 0.57/0.21 = 0.39/0.23]
INFO:experiments.py:[316/1000] 2.36 sec: loss(t/v)=2.16/3.03, scores(t/v)=[0.38/0.20 + 0.40/0.38 + 0.29/0.19 + 0.58/0.21 = 0.40/0.23]
INFO:experiments.py:[317/1000] 2.35 sec: loss(t/v)=2.17/3.04, scores(t/v)=[0.41/0.19 + 0.35/0.39 + 0.32/0.19 + 0.58/0.23 = 0.40/0.23]
INFO:experiments.py:[318/1000] 2.38 sec: loss(t/v)=2.16/3.04, scores(t/v)=[0.44/0.19 + 0.38/0.38 + 0.27/0.18 + 0.58/0.23 = 0.40/0.23]
INFO:experiments.py:[319/1000] 2.40 sec: loss(t/v)=2.18/3.03, scores(t/v)=[0.39/0.20 + 0.38/0.38 + 0.28/0.18 + 0.57/0.23 = 0.39/0.24]
INFO:experiments.py:[320/1000] 2.38 sec: loss(t/v)=2.16/3.03, scores(t/v)=[0.39/0.19 + 0.37/0.38 + 0.24/0.20 + 0.57/0.23 = 0.37/0.24]
INFO:experiments.py:[321/1000] 2.38 sec: loss(t/v)=2.16/3.04, scores(t/v)=[0.39/0.18 + 0.36/0.38 + 0.29/0.20 + 0.58/0.23 = 0.39/0.24]
INFO:experiments.py:[322/1000] 2.38 sec: loss(t/v)=2.16/3.04, scores(t/v)=[0.41/0.19 + 0.37/0.38 + 0.26/0.19 + 0.57/0.23 = 0.39/0.24]
INFO:experiments.py:[323/1000] 2.38 sec: loss(t/v)=2.16/3.04, scores(t/v)=[0.44/0.20 + 0.36/0.38 + 0.37/0.18 + 0.57/0.21 = 0.43/0.23]
INFO:experiments.py:[324/1000] 2.37 sec: loss(t/v)=2.17/3.03, scores(t/v)=[0.37/0.20 + 0.35/0.39 + 0.24/0.18 + 0.57/0.21 = 0.37/0.23]
INFO:experiments.py:[325/1000] 2.30 sec: loss(t/v)=2.18/3.03, scores(t/v)=[0.41/0.20 + 0.38/0.39 + 0.32/0.19 + 0.56/0.21 = 0.41/0.24]
INFO:experiments.py:[326/1000] 2.38 sec: loss(t/v)=2.17/3.03, scores(t/v)=[0.38/0.19 + 0.34/0.39 + 0.23/0.19 + 0.57/0.21 = 0.36/0.23]
INFO:experiments.py:[327/1000] 2.38 sec: loss(t/v)=2.18/3.03, scores(t/v)=[0.40/0.20 + 0.36/0.39 + 0.20/0.19 + 0.57/0.21 = 0.36/0.23]
INFO:experiments.py:[328/1000] 2.40 sec: loss(t/v)=2.16/3.04, scores(t/v)=[0.40/0.18 + 0.36/0.39 + 0.33/0.18 + 0.58/0.21 = 0.41/0.23]
INFO:experiments.py:[329/1000] 2.41 sec: loss(t/v)=2.17/3.04, scores(t/v)=[0.40/0.19 + 0.34/0.39 + 0.30/0.19 + 0.57/0.23 = 0.39/0.24]
INFO:experiments.py:[330/1000] 2.41 sec: loss(t/v)=2.17/3.04, scores(t/v)=[0.39/0.19 + 0.36/0.38 + 0.27/0.17 + 0.58/0.23 = 0.38/0.23]
INFO:experiments.py:[331/1000] 2.41 sec: loss(t/v)=2.18/3.03, scores(t/v)=[0.38/0.20 + 0.30/0.39 + 0.24/0.18 + 0.58/0.21 = 0.35/0.23]
INFO:experiments.py:[332/1000] 2.41 sec: loss(t/v)=2.17/3.03, scores(t/v)=[0.37/0.20 + 0.37/0.38 + 0.28/0.18 + 0.57/0.23 = 0.39/0.23]
INFO:experiments.py:[333/1000] 2.42 sec: loss(t/v)=2.17/3.03, scores(t/v)=[0.38/0.19 + 0.37/0.38 + 0.28/0.19 + 0.58/0.23 = 0.39/0.24]
INFO:experiments.py:[334/1000] 2.39 sec: loss(t/v)=2.17/3.03, scores(t/v)=[0.39/0.19 + 0.45/0.39 + 0.33/0.18 + 0.58/0.23 = 0.43/0.24]
INFO:experiments.py:[335/1000] 2.42 sec: loss(t/v)=2.18/3.03, scores(t/v)=[0.36/0.19 + 0.38/0.38 + 0.25/0.19 + 0.57/0.23 = 0.37/0.24]
INFO:experiments.py:[336/1000] 2.40 sec: loss(t/v)=2.18/3.03, scores(t/v)=[0.40/0.19 + 0.33/0.38 + 0.22/0.19 + 0.58/0.21 = 0.36/0.23]
INFO:experiments.py:[337/1000] 2.40 sec: loss(t/v)=2.17/3.03, scores(t/v)=[0.40/0.20 + 0.39/0.39 + 0.30/0.19 + 0.58/0.23 = 0.41/0.24]
INFO:experiments.py:[338/1000] 2.41 sec: loss(t/v)=2.17/3.03, scores(t/v)=[0.40/0.19 + 0.43/0.39 + 0.31/0.18 + 0.57/0.23 = 0.42/0.23]
INFO:experiments.py:[339/1000] 2.39 sec: loss(t/v)=2.17/3.03, scores(t/v)=[0.41/0.19 + 0.34/0.39 + 0.30/0.20 + 0.57/0.23 = 0.39/0.24]
INFO:experiments.py:[340/1000] 2.42 sec: loss(t/v)=2.17/3.03, scores(t/v)=[0.37/0.19 + 0.38/0.39 + 0.22/0.20 + 0.56/0.21 = 0.37/0.24]
INFO:experiments.py:[341/1000] 2.43 sec: loss(t/v)=2.17/3.03, scores(t/v)=[0.39/0.18 + 0.37/0.39 + 0.23/0.19 + 0.57/0.23 = 0.37/0.23]
INFO:experiments.py:[342/1000] 2.42 sec: loss(t/v)=2.17/3.03, scores(t/v)=[0.39/0.18 + 0.35/0.39 + 0.31/0.18 + 0.58/0.23 = 0.39/0.23]
INFO:experiments.py:[343/1000] 2.41 sec: loss(t/v)=2.17/3.04, scores(t/v)=[0.39/0.18 + 0.33/0.38 + 0.31/0.19 + 0.57/0.23 = 0.39/0.24]
INFO:experiments.py:[344/1000] 2.41 sec: loss(t/v)=2.18/3.04, scores(t/v)=[0.38/0.18 + 0.25/0.38 + 0.26/0.20 + 0.57/0.23 = 0.35/0.24]
INFO:experiments.py:[345/1000] 2.42 sec: loss(t/v)=2.17/3.04, scores(t/v)=[0.40/0.19 + 0.36/0.38 + 0.25/0.19 + 0.57/0.23 = 0.38/0.24]
INFO:experiments.py:[346/1000] 2.41 sec: loss(t/v)=2.17/3.04, scores(t/v)=[0.42/0.19 + 0.31/0.38 + 0.33/0.19 + 0.57/0.23 = 0.40/0.24]
INFO:experiments.py:[347/1000] 2.40 sec: loss(t/v)=2.18/3.04, scores(t/v)=[0.37/0.19 + 0.38/0.38 + 0.29/0.19 + 0.58/0.23 = 0.39/0.24]
INFO:experiments.py:[348/1000] 2.42 sec: loss(t/v)=2.18/3.04, scores(t/v)=[0.39/0.19 + 0.28/0.38 + 0.28/0.18 + 0.56/0.23 = 0.36/0.24]
INFO:experiments.py:[349/1000] 2.35 sec: loss(t/v)=2.18/3.03, scores(t/v)=[0.38/0.20 + 0.38/0.38 + 0.25/0.19 + 0.58/0.21 = 0.38/0.23]
INFO:experiments.py:[350/1000] 2.37 sec: loss(t/v)=2.17/3.03, scores(t/v)=[0.40/0.20 + 0.39/0.38 + 0.35/0.20 + 0.58/0.21 = 0.42/0.24]
INFO:experiments.py:[351/1000] 2.38 sec: loss(t/v)=2.17/3.04, scores(t/v)=[0.40/0.19 + 0.38/0.38 + 0.31/0.20 + 0.57/0.21 = 0.40/0.23]
INFO:experiments.py:[352/1000] 2.39 sec: loss(t/v)=2.17/3.03, scores(t/v)=[0.37/0.19 + 0.35/0.38 + 0.26/0.18 + 0.56/0.21 = 0.37/0.23]
INFO:experiments.py:[353/1000] 2.37 sec: loss(t/v)=2.17/3.03, scores(t/v)=[0.41/0.19 + 0.30/0.38 + 0.31/0.19 + 0.58/0.21 = 0.39/0.23]
INFO:experiments.py:[354/1000] 2.31 sec: loss(t/v)=2.15/3.04, scores(t/v)=[0.43/0.19 + 0.36/0.38 + 0.31/0.19 + 0.57/0.24 = 0.41/0.24]
INFO:experiments.py:[355/1000] 2.39 sec: loss(t/v)=2.17/3.04, scores(t/v)=[0.38/0.19 + 0.34/0.38 + 0.26/0.18 + 0.58/0.23 = 0.38/0.23]
INFO:experiments.py:[356/1000] 2.36 sec: loss(t/v)=2.18/3.03, scores(t/v)=[0.41/0.20 + 0.28/0.39 + 0.26/0.18 + 0.58/0.21 = 0.36/0.23]
INFO:experiments.py:[357/1000] 2.36 sec: loss(t/v)=2.18/3.03, scores(t/v)=[0.38/0.20 + 0.26/0.38 + 0.29/0.19 + 0.58/0.21 = 0.36/0.23]
INFO:experiments.py:[358/1000] 2.37 sec: loss(t/v)=2.17/3.03, scores(t/v)=[0.37/0.20 + 0.34/0.38 + 0.27/0.18 + 0.56/0.21 = 0.37/0.23]
INFO:experiments.py:[359/1000] 2.36 sec: loss(t/v)=2.17/3.03, scores(t/v)=[0.38/0.20 + 0.36/0.38 + 0.32/0.19 + 0.58/0.23 = 0.40/0.24]
INFO:experiments.py:[360/1000] 2.36 sec: loss(t/v)=2.16/3.04, scores(t/v)=[0.43/0.19 + 0.36/0.38 + 0.24/0.20 + 0.57/0.23 = 0.38/0.24]
INFO:experiments.py:[361/1000] 2.35 sec: loss(t/v)=2.16/3.04, scores(t/v)=[0.42/0.18 + 0.31/0.38 + 0.27/0.18 + 0.58/0.23 = 0.38/0.23]
INFO:experiments.py:[362/1000] 2.35 sec: loss(t/v)=2.17/3.04, scores(t/v)=[0.43/0.19 + 0.37/0.37 + 0.29/0.18 + 0.58/0.23 = 0.40/0.23]
INFO:experiments.py:[363/1000] 2.34 sec: loss(t/v)=2.17/3.04, scores(t/v)=[0.39/0.19 + 0.28/0.38 + 0.24/0.18 + 0.58/0.21 = 0.35/0.23]
INFO:experiments.py:[364/1000] 2.35 sec: loss(t/v)=2.18/3.04, scores(t/v)=[0.44/0.19 + 0.36/0.37 + 0.28/0.18 + 0.58/0.21 = 0.40/0.23]
INFO:experiments.py:[365/1000] 2.35 sec: loss(t/v)=2.17/3.04, scores(t/v)=[0.39/0.19 + 0.38/0.38 + 0.33/0.19 + 0.58/0.21 = 0.41/0.23]
INFO:experiments.py:[366/1000] 2.35 sec: loss(t/v)=2.18/3.04, scores(t/v)=[0.35/0.19 + 0.32/0.38 + 0.30/0.20 + 0.58/0.21 = 0.37/0.23]
INFO:experiments.py:[367/1000] 2.35 sec: loss(t/v)=2.18/3.03, scores(t/v)=[0.43/0.19 + 0.34/0.38 + 0.28/0.20 + 0.58/0.21 = 0.39/0.24]
INFO:experiments.py:[368/1000] 2.29 sec: loss(t/v)=2.17/3.04, scores(t/v)=[0.40/0.19 + 0.43/0.38 + 0.29/0.21 + 0.58/0.21 = 0.41/0.24]
INFO:experiments.py:[369/1000] 2.35 sec: loss(t/v)=2.16/3.04, scores(t/v)=[0.43/0.19 + 0.38/0.38 + 0.32/0.20 + 0.57/0.21 = 0.42/0.23]
INFO:experiments.py:[370/1000] 2.40 sec: loss(t/v)=2.19/3.03, scores(t/v)=[0.38/0.18 + 0.40/0.38 + 0.24/0.21 + 0.57/0.21 = 0.38/0.23]
INFO:experiments.py:[371/1000] 2.37 sec: loss(t/v)=2.18/3.03, scores(t/v)=[0.46/0.19 + 0.33/0.38 + 0.22/0.20 + 0.58/0.21 = 0.37/0.23]
INFO:experiments.py:[372/1000] 2.38 sec: loss(t/v)=2.17/3.03, scores(t/v)=[0.35/0.20 + 0.41/0.39 + 0.24/0.20 + 0.57/0.23 = 0.37/0.24]
INFO:experiments.py:[373/1000] 2.37 sec: loss(t/v)=2.17/3.03, scores(t/v)=[0.38/0.19 + 0.40/0.39 + 0.27/0.20 + 0.57/0.21 = 0.39/0.24]
INFO:experiments.py:[374/1000] 2.35 sec: loss(t/v)=2.15/3.04, scores(t/v)=[0.41/0.19 + 0.40/0.39 + 0.32/0.20 + 0.57/0.23 = 0.42/0.24]
INFO:experiments.py:[375/1000] 2.34 sec: loss(t/v)=2.16/3.04, scores(t/v)=[0.40/0.19 + 0.33/0.38 + 0.22/0.19 + 0.58/0.21 = 0.36/0.23]
INFO:experiments.py:[376/1000] 2.33 sec: loss(t/v)=2.18/3.03, scores(t/v)=[0.37/0.20 + 0.27/0.39 + 0.24/0.19 + 0.57/0.21 = 0.34/0.24]
INFO:experiments.py:[377/1000] 2.33 sec: loss(t/v)=2.18/3.03, scores(t/v)=[0.40/0.20 + 0.34/0.38 + 0.30/0.18 + 0.57/0.21 = 0.39/0.23]
INFO:experiments.py:[378/1000] 2.33 sec: loss(t/v)=2.18/3.03, scores(t/v)=[0.41/0.20 + 0.31/0.38 + 0.25/0.20 + 0.56/0.21 = 0.37/0.24]
INFO:experiments.py:[379/1000] 2.33 sec: loss(t/v)=2.19/3.03, scores(t/v)=[0.35/0.20 + 0.27/0.38 + 0.23/0.19 + 0.58/0.21 = 0.34/0.23]
INFO:experiments.py:[380/1000] 2.33 sec: loss(t/v)=2.17/3.03, scores(t/v)=[0.39/0.21 + 0.35/0.38 + 0.27/0.19 + 0.57/0.21 = 0.38/0.24]
INFO:experiments.py:[381/1000] 2.29 sec: loss(t/v)=2.19/3.03, scores(t/v)=[0.35/0.21 + 0.35/0.38 + 0.32/0.18 + 0.57/0.21 = 0.39/0.23]
INFO:experiments.py:[382/1000] 2.33 sec: loss(t/v)=2.17/3.03, scores(t/v)=[0.39/0.20 + 0.37/0.39 + 0.24/0.17 + 0.54/0.23 = 0.37/0.23]
INFO:experiments.py:[383/1000] 2.33 sec: loss(t/v)=2.17/3.03, scores(t/v)=[0.45/0.20 + 0.40/0.40 + 0.26/0.17 + 0.57/0.21 = 0.41/0.23]
INFO:experiments.py:[384/1000] 2.33 sec: loss(t/v)=2.17/3.03, scores(t/v)=[0.39/0.20 + 0.32/0.39 + 0.24/0.17 + 0.57/0.21 = 0.36/0.23]
INFO:experiments.py:[385/1000] 2.34 sec: loss(t/v)=2.17/3.03, scores(t/v)=[0.35/0.19 + 0.39/0.40 + 0.26/0.18 + 0.58/0.21 = 0.38/0.23]
INFO:experiments.py:[386/1000] 2.33 sec: loss(t/v)=2.16/3.03, scores(t/v)=[0.41/0.19 + 0.39/0.39 + 0.33/0.18 + 0.57/0.21 = 0.41/0.23]
INFO:experiments.py:[387/1000] 2.34 sec: loss(t/v)=2.17/3.03, scores(t/v)=[0.37/0.20 + 0.35/0.39 + 0.24/0.18 + 0.58/0.21 = 0.37/0.23]
INFO:experiments.py:[388/1000] 2.33 sec: loss(t/v)=2.16/3.03, scores(t/v)=[0.37/0.19 + 0.32/0.39 + 0.30/0.19 + 0.58/0.21 = 0.38/0.23]
INFO:experiments.py:[389/1000] 2.34 sec: loss(t/v)=2.18/3.03, scores(t/v)=[0.37/0.21 + 0.32/0.38 + 0.22/0.19 + 0.58/0.21 = 0.35/0.24]
INFO:experiments.py:[390/1000] 2.34 sec: loss(t/v)=2.16/3.03, scores(t/v)=[0.39/0.20 + 0.37/0.38 + 0.32/0.18 + 0.58/0.21 = 0.40/0.23]
INFO:experiments.py:[391/1000] 2.36 sec: loss(t/v)=2.19/3.03, scores(t/v)=[0.36/0.19 + 0.38/0.37 + 0.20/0.19 + 0.56/0.21 = 0.35/0.23]
INFO:experiments.py:[392/1000] 2.35 sec: loss(t/v)=2.16/3.03, scores(t/v)=[0.44/0.19 + 0.36/0.38 + 0.34/0.18 + 0.57/0.21 = 0.42/0.23]
INFO:experiments.py:[393/1000] 2.33 sec: loss(t/v)=2.15/3.04, scores(t/v)=[0.44/0.19 + 0.41/0.37 + 0.35/0.19 + 0.58/0.24 = 0.44/0.24]
INFO:experiments.py:[394/1000] 2.26 sec: loss(t/v)=2.16/3.04, scores(t/v)=[0.44/0.19 + 0.42/0.38 + 0.34/0.19 + 0.58/0.23 = 0.44/0.24]
INFO:experiments.py:[395/1000] 2.33 sec: loss(t/v)=2.16/3.04, scores(t/v)=[0.40/0.19 + 0.37/0.38 + 0.36/0.17 + 0.58/0.23 = 0.42/0.23]
INFO:experiments.py:[396/1000] 2.34 sec: loss(t/v)=2.17/3.04, scores(t/v)=[0.45/0.19 + 0.37/0.38 + 0.31/0.18 + 0.58/0.23 = 0.41/0.24]
INFO:experiments.py:[397/1000] 2.35 sec: loss(t/v)=2.17/3.04, scores(t/v)=[0.42/0.19 + 0.36/0.38 + 0.23/0.18 + 0.58/0.24 = 0.38/0.24]
INFO:experiments.py:[398/1000] 2.35 sec: loss(t/v)=2.18/3.03, scores(t/v)=[0.38/0.19 + 0.32/0.37 + 0.24/0.19 + 0.57/0.23 = 0.36/0.23]
INFO:experiments.py:[399/1000] 2.36 sec: loss(t/v)=2.17/3.03, scores(t/v)=[0.45/0.20 + 0.27/0.38 + 0.30/0.19 + 0.58/0.21 = 0.38/0.23]
INFO:experiments.py:[400/1000] 2.34 sec: loss(t/v)=2.18/3.03, scores(t/v)=[0.38/0.20 + 0.33/0.39 + 0.34/0.18 + 0.57/0.21 = 0.39/0.23]
INFO:experiments.py:[401/1000] 2.33 sec: loss(t/v)=2.17/3.03, scores(t/v)=[0.40/0.19 + 0.38/0.38 + 0.28/0.19 + 0.58/0.21 = 0.39/0.23]
INFO:experiments.py:[402/1000] 2.34 sec: loss(t/v)=2.17/3.03, scores(t/v)=[0.42/0.19 + 0.31/0.37 + 0.17/0.18 + 0.56/0.23 = 0.33/0.23]
INFO:experiments.py:[403/1000] 2.34 sec: loss(t/v)=2.17/3.03, scores(t/v)=[0.43/0.20 + 0.39/0.38 + 0.31/0.17 + 0.56/0.23 = 0.42/0.23]
INFO:experiments.py:[404/1000] 2.35 sec: loss(t/v)=2.16/3.04, scores(t/v)=[0.43/0.20 + 0.34/0.39 + 0.25/0.19 + 0.58/0.23 = 0.38/0.24]
INFO:experiments.py:[405/1000] 2.35 sec: loss(t/v)=2.18/3.03, scores(t/v)=[0.41/0.19 + 0.26/0.38 + 0.31/0.19 + 0.58/0.21 = 0.37/0.23]
INFO:experiments.py:[406/1000] 2.35 sec: loss(t/v)=2.17/3.04, scores(t/v)=[0.39/0.19 + 0.39/0.38 + 0.26/0.18 + 0.58/0.23 = 0.39/0.23]
INFO:experiments.py:[407/1000] 2.35 sec: loss(t/v)=2.15/3.04, scores(t/v)=[0.45/0.19 + 0.43/0.38 + 0.27/0.18 + 0.58/0.21 = 0.42/0.23]
INFO:experiments.py:[408/1000] 2.28 sec: loss(t/v)=2.16/3.04, scores(t/v)=[0.40/0.19 + 0.39/0.38 + 0.32/0.18 + 0.58/0.23 = 0.41/0.23]
INFO:experiments.py:[409/1000] 2.36 sec: loss(t/v)=2.17/3.04, scores(t/v)=[0.41/0.19 + 0.29/0.38 + 0.31/0.17 + 0.58/0.21 = 0.38/0.23]
INFO:experiments.py:[410/1000] 2.35 sec: loss(t/v)=2.17/3.04, scores(t/v)=[0.42/0.18 + 0.34/0.38 + 0.26/0.19 + 0.57/0.23 = 0.38/0.23]
INFO:experiments.py:[411/1000] 2.36 sec: loss(t/v)=2.17/3.04, scores(t/v)=[0.38/0.19 + 0.37/0.39 + 0.27/0.19 + 0.57/0.23 = 0.38/0.24]
INFO:experiments.py:[412/1000] 2.35 sec: loss(t/v)=2.18/3.03, scores(t/v)=[0.37/0.19 + 0.32/0.39 + 0.29/0.19 + 0.58/0.23 = 0.37/0.24]
INFO:experiments.py:[413/1000] 2.41 sec: loss(t/v)=2.17/3.04, scores(t/v)=[0.40/0.19 + 0.39/0.39 + 0.28/0.18 + 0.58/0.23 = 0.40/0.23]
INFO:experiments.py:[414/1000] 2.39 sec: loss(t/v)=2.18/3.04, scores(t/v)=[0.37/0.20 + 0.31/0.39 + 0.33/0.18 + 0.57/0.21 = 0.38/0.23]
INFO:experiments.py:[415/1000] 2.38 sec: loss(t/v)=2.17/3.03, scores(t/v)=[0.36/0.20 + 0.32/0.38 + 0.27/0.20 + 0.57/0.23 = 0.36/0.24]
INFO:experiments.py:[416/1000] 2.37 sec: loss(t/v)=2.15/3.04, scores(t/v)=[0.42/0.19 + 0.42/0.39 + 0.33/0.19 + 0.58/0.23 = 0.43/0.24]
