INFO:experiments.py:--- Begin Training with configuration:
{   'data': '/rap/jvb-000-aa/COURS2019/etudiants/data/omsignal/myHeartProject/',
    'dataloader': {   'batch_size': 64,
                      'num_workers': 6,
                      'shuffle': True,
                      'test_proportion': 0.2},
    'models': {   'tspec': {   'hid_dim': 100,
                               'num_layers': 3,
                               'out_dims': [1, 1, 1, 32],
                               'spec_len': 1876,
                               'ts_len': 3750}},
    'preprocessing': {'noise_gain': 0.5},
    'training': {   'epochs': 1000,
                    'l2': 0.01,
                    'learning_rate': 0.01,
                    'momentum': 0.9}}
INFO:experiments.py:[1/1000] 2.58 sec: loss(t/v)=3.85/3.47, scores(t/v)=[0.00/0.00 + 0.00/0.09 + 0.00/0.00 + 0.01/0.00 = 0.00/0.00]
INFO:experiments.py:[2/1000] 2.40 sec: loss(t/v)=3.67/3.47, scores(t/v)=[0.05/0.08 + 0.10/0.00 + 0.09/0.00 + 0.01/0.00 = 0.05/0.00]
INFO:experiments.py:[3/1000] 2.37 sec: loss(t/v)=3.58/3.47, scores(t/v)=[0.00/0.12 + 0.15/0.01 + 0.05/0.12 + 0.06/0.00 = 0.00/0.00]
INFO:experiments.py:[4/1000] 2.36 sec: loss(t/v)=3.50/3.47, scores(t/v)=[0.13/0.11 + 0.21/0.08 + 0.01/0.03 + 0.03/0.00 = 0.05/0.00]
INFO:experiments.py:[5/1000] 2.35 sec: loss(t/v)=3.45/3.47, scores(t/v)=[0.16/0.07 + 0.16/0.18 + 0.13/0.00 + 0.10/0.00 = 0.14/0.00]
INFO:experiments.py:[6/1000] 2.35 sec: loss(t/v)=3.38/3.47, scores(t/v)=[0.11/0.06 + 0.19/0.27 + 0.10/0.00 + 0.09/0.00 = 0.12/0.00]
INFO:experiments.py:[7/1000] 2.36 sec: loss(t/v)=3.34/3.46, scores(t/v)=[0.09/0.08 + 0.25/0.37 + 0.16/0.00 + 0.10/0.00 = 0.14/0.00]
INFO:experiments.py:[8/1000] 2.38 sec: loss(t/v)=3.30/3.45, scores(t/v)=[0.15/0.11 + 0.26/0.33 + 0.17/0.00 + 0.12/0.03 = 0.17/0.00]
INFO:experiments.py:[9/1000] 2.38 sec: loss(t/v)=3.25/3.43, scores(t/v)=[0.19/0.09 + 0.19/0.41 + 0.08/0.00 + 0.16/0.08 = 0.15/0.00]
INFO:experiments.py:[10/1000] 2.44 sec: loss(t/v)=3.18/3.40, scores(t/v)=[0.22/0.14 + 0.31/0.43 + 0.15/0.00 + 0.16/0.10 = 0.20/0.00]
INFO:experiments.py:[11/1000] 2.38 sec: loss(t/v)=3.15/3.36, scores(t/v)=[0.12/0.20 + 0.36/0.48 + 0.08/0.08 + 0.17/0.10 = 0.16/0.16]
INFO:experiments.py:[12/1000] 2.38 sec: loss(t/v)=3.08/3.31, scores(t/v)=[0.19/0.13 + 0.27/0.46 + 0.16/0.16 + 0.20/0.10 = 0.20/0.17]
INFO:experiments.py:[13/1000] 2.38 sec: loss(t/v)=3.03/3.27, scores(t/v)=[0.19/0.25 + 0.39/0.36 + 0.21/0.12 + 0.22/0.13 = 0.24/0.20]
INFO:experiments.py:[14/1000] 2.38 sec: loss(t/v)=2.99/3.26, scores(t/v)=[0.26/0.19 + 0.33/0.37 + 0.11/0.08 + 0.25/0.11 = 0.22/0.16]
INFO:experiments.py:[15/1000] 2.36 sec: loss(t/v)=2.93/3.24, scores(t/v)=[0.26/0.21 + 0.47/0.36 + 0.17/0.08 + 0.30/0.08 = 0.28/0.15]
INFO:experiments.py:[16/1000] 2.36 sec: loss(t/v)=2.88/3.24, scores(t/v)=[0.26/0.08 + 0.44/0.32 + 0.16/0.13 + 0.30/0.08 = 0.27/0.13]
INFO:experiments.py:[17/1000] 2.36 sec: loss(t/v)=2.82/3.28, scores(t/v)=[0.23/0.22 + 0.42/0.26 + 0.23/0.09 + 0.33/0.08 = 0.29/0.14]
INFO:experiments.py:[18/1000] 2.36 sec: loss(t/v)=2.76/3.33, scores(t/v)=[0.24/0.22 + 0.42/0.40 + 0.26/0.11 + 0.34/0.06 = 0.31/0.16]
INFO:experiments.py:[19/1000] 2.35 sec: loss(t/v)=2.69/3.35, scores(t/v)=[0.18/0.15 + 0.45/0.43 + 0.28/0.00 + 0.35/0.05 = 0.30/0.00]
INFO:experiments.py:[20/1000] 2.37 sec: loss(t/v)=2.62/3.31, scores(t/v)=[0.28/0.13 + 0.36/0.36 + 0.26/0.19 + 0.33/0.10 = 0.30/0.17]
INFO:experiments.py:[21/1000] 2.38 sec: loss(t/v)=2.58/3.26, scores(t/v)=[0.27/0.15 + 0.46/0.37 + 0.25/0.11 + 0.38/0.15 = 0.33/0.17]
INFO:experiments.py:[22/1000] 2.40 sec: loss(t/v)=2.50/3.48, scores(t/v)=[0.31/0.16 + 0.45/0.31 + 0.17/0.16 + 0.37/0.08 = 0.31/0.16]
INFO:experiments.py:[23/1000] 2.38 sec: loss(t/v)=2.43/3.52, scores(t/v)=[0.34/0.18 + 0.49/0.36 + 0.19/0.10 + 0.44/0.06 = 0.34/0.14]
INFO:experiments.py:[24/1000] 2.37 sec: loss(t/v)=2.37/3.26, scores(t/v)=[0.26/0.09 + 0.41/0.16 + 0.27/0.19 + 0.42/0.11 = 0.33/0.13]
INFO:experiments.py:[25/1000] 2.36 sec: loss(t/v)=2.31/3.05, scores(t/v)=[0.28/0.23 + 0.45/0.33 + 0.29/0.14 + 0.44/0.16 = 0.36/0.20]
INFO:experiments.py:[26/1000] 2.37 sec: loss(t/v)=2.26/3.08, scores(t/v)=[0.36/0.17 + 0.49/0.28 + 0.24/0.16 + 0.43/0.18 = 0.37/0.19]
INFO:experiments.py:[27/1000] 2.36 sec: loss(t/v)=2.21/3.05, scores(t/v)=[0.19/0.22 + 0.42/0.32 + 0.21/0.16 + 0.45/0.18 = 0.29/0.21]
INFO:experiments.py:[28/1000] 2.36 sec: loss(t/v)=2.15/3.09, scores(t/v)=[0.35/0.24 + 0.49/0.34 + 0.33/0.07 + 0.46/0.16 = 0.40/0.17]
INFO:experiments.py:[29/1000] 2.34 sec: loss(t/v)=2.09/3.21, scores(t/v)=[0.35/0.13 + 0.45/0.23 + 0.19/0.21 + 0.50/0.11 = 0.35/0.16]
INFO:experiments.py:[30/1000] 2.34 sec: loss(t/v)=2.03/3.29, scores(t/v)=[0.32/0.15 + 0.38/0.37 + 0.25/0.14 + 0.51/0.10 = 0.35/0.17]
INFO:experiments.py:[31/1000] 2.34 sec: loss(t/v)=1.97/3.14, scores(t/v)=[0.34/0.15 + 0.48/0.27 + 0.26/0.09 + 0.53/0.13 = 0.39/0.15]
INFO:experiments.py:[32/1000] 2.34 sec: loss(t/v)=1.90/3.11, scores(t/v)=[0.35/0.26 + 0.39/0.31 + 0.17/0.24 + 0.57/0.13 = 0.34/0.23]
INFO:experiments.py:[33/1000] 2.34 sec: loss(t/v)=1.83/3.19, scores(t/v)=[0.42/0.16 + 0.51/0.45 + 0.26/0.20 + 0.58/0.13 = 0.42/0.21]
INFO:experiments.py:[34/1000] 2.34 sec: loss(t/v)=1.78/3.19, scores(t/v)=[0.40/0.26 + 0.42/0.31 + 0.29/0.15 + 0.63/0.11 = 0.42/0.19]
INFO:experiments.py:[35/1000] 2.34 sec: loss(t/v)=1.67/3.09, scores(t/v)=[0.36/0.18 + 0.39/0.27 + 0.21/0.30 + 0.65/0.10 = 0.37/0.19]
INFO:experiments.py:[36/1000] 2.33 sec: loss(t/v)=1.64/3.01, scores(t/v)=[0.37/0.31 + 0.45/0.27 + 0.28/0.24 + 0.66/0.15 = 0.42/0.23]
INFO:experiments.py:[37/1000] 2.34 sec: loss(t/v)=1.54/3.03, scores(t/v)=[0.37/0.27 + 0.41/0.13 + 0.15/0.34 + 0.69/0.13 = 0.36/0.20]
INFO:experiments.py:[38/1000] 2.34 sec: loss(t/v)=1.46/3.13, scores(t/v)=[0.44/0.24 + 0.46/0.29 + 0.21/0.24 + 0.69/0.10 = 0.41/0.20]
INFO:experiments.py:[39/1000] 2.34 sec: loss(t/v)=1.42/3.08, scores(t/v)=[0.46/0.18 + 0.46/0.27 + 0.31/0.16 + 0.70/0.18 = 0.46/0.19]
INFO:experiments.py:[40/1000] 2.34 sec: loss(t/v)=1.39/2.99, scores(t/v)=[0.38/0.28 + 0.45/0.41 + 0.35/0.20 + 0.74/0.13 = 0.46/0.23]
INFO:experiments.py:[41/1000] 2.36 sec: loss(t/v)=1.26/3.02, scores(t/v)=[0.46/0.15 + 0.43/0.36 + 0.23/0.14 + 0.80/0.13 = 0.44/0.18]
INFO:experiments.py:[42/1000] 2.35 sec: loss(t/v)=1.20/3.01, scores(t/v)=[0.45/0.30 + 0.44/0.34 + 0.24/0.14 + 0.82/0.16 = 0.45/0.22]
INFO:experiments.py:[43/1000] 2.35 sec: loss(t/v)=1.14/3.05, scores(t/v)=[0.45/0.25 + 0.38/0.31 + 0.29/0.24 + 0.81/0.13 = 0.45/0.22]
INFO:experiments.py:[44/1000] 2.36 sec: loss(t/v)=1.06/3.12, scores(t/v)=[0.44/0.24 + 0.42/0.25 + 0.29/0.33 + 0.85/0.13 = 0.46/0.23]
INFO:experiments.py:[45/1000] 2.36 sec: loss(t/v)=1.01/3.20, scores(t/v)=[0.46/0.25 + 0.36/0.39 + 0.34/0.14 + 0.83/0.11 = 0.46/0.20]
INFO:experiments.py:[46/1000] 2.34 sec: loss(t/v)=0.98/3.04, scores(t/v)=[0.53/0.23 + 0.45/0.21 + 0.30/0.34 + 0.87/0.13 = 0.50/0.22]
INFO:experiments.py:[47/1000] 2.34 sec: loss(t/v)=0.87/2.90, scores(t/v)=[0.53/0.25 + 0.32/0.43 + 0.24/0.40 + 0.89/0.26 = 0.44/0.32]
INFO:experiments.py:[48/1000] 2.34 sec: loss(t/v)=0.86/2.87, scores(t/v)=[0.54/0.23 + 0.44/0.26 + 0.25/0.23 + 0.88/0.26 = 0.48/0.25]
INFO:experiments.py:[49/1000] 2.35 sec: loss(t/v)=0.74/2.88, scores(t/v)=[0.57/0.21 + 0.40/0.50 + 0.27/0.20 + 0.96/0.24 = 0.49/0.27]
INFO:experiments.py:[50/1000] 2.36 sec: loss(t/v)=0.76/2.85, scores(t/v)=[0.48/0.17 + 0.45/0.32 + 0.22/0.25 + 0.92/0.23 = 0.46/0.24]
INFO:experiments.py:[51/1000] 2.35 sec: loss(t/v)=0.68/2.87, scores(t/v)=[0.54/0.21 + 0.41/0.35 + 0.31/0.23 + 0.95/0.23 = 0.51/0.25]
INFO:experiments.py:[52/1000] 2.35 sec: loss(t/v)=0.68/2.85, scores(t/v)=[0.55/0.25 + 0.44/0.30 + 0.29/0.25 + 0.97/0.21 = 0.51/0.25]
INFO:experiments.py:[53/1000] 2.35 sec: loss(t/v)=0.64/2.77, scores(t/v)=[0.56/0.32 + 0.41/0.32 + 0.29/0.20 + 0.95/0.29 = 0.50/0.28]
INFO:experiments.py:[54/1000] 2.36 sec: loss(t/v)=0.58/2.80, scores(t/v)=[0.56/0.31 + 0.42/0.26 + 0.28/0.26 + 0.96/0.21 = 0.50/0.26]
INFO:experiments.py:[55/1000] 2.36 sec: loss(t/v)=0.53/2.82, scores(t/v)=[0.59/0.26 + 0.44/0.29 + 0.36/0.03 + 0.98/0.21 = 0.55/0.14]
INFO:experiments.py:[56/1000] 2.37 sec: loss(t/v)=0.51/2.83, scores(t/v)=[0.54/0.23 + 0.40/0.36 + 0.35/0.21 + 0.98/0.21 = 0.52/0.25]
INFO:experiments.py:[57/1000] 2.36 sec: loss(t/v)=0.47/2.84, scores(t/v)=[0.57/0.28 + 0.41/0.35 + 0.27/0.26 + 0.98/0.21 = 0.50/0.27]
INFO:experiments.py:[58/1000] 2.37 sec: loss(t/v)=0.47/2.90, scores(t/v)=[0.58/0.23 + 0.39/0.31 + 0.35/0.03 + 0.97/0.21 = 0.53/0.15]
INFO:experiments.py:[59/1000] 2.38 sec: loss(t/v)=0.42/2.96, scores(t/v)=[0.61/0.31 + 0.40/0.24 + 0.28/0.22 + 0.99/0.19 = 0.51/0.24]
INFO:experiments.py:[60/1000] 2.38 sec: loss(t/v)=0.44/3.07, scores(t/v)=[0.55/0.19 + 0.38/0.39 + 0.35/0.23 + 0.96/0.16 = 0.51/0.23]
INFO:experiments.py:[61/1000] 2.37 sec: loss(t/v)=0.40/3.15, scores(t/v)=[0.53/0.20 + 0.44/0.23 + 0.34/0.04 + 0.98/0.15 = 0.53/0.13]
INFO:experiments.py:[62/1000] 2.35 sec: loss(t/v)=0.37/3.15, scores(t/v)=[0.52/0.24 + 0.40/0.26 + 0.25/0.19 + 0.98/0.13 = 0.48/0.20]
INFO:experiments.py:[63/1000] 2.35 sec: loss(t/v)=0.34/3.22, scores(t/v)=[0.55/0.34 + 0.43/0.27 + 0.35/0.10 + 0.99/0.10 = 0.54/0.17]
INFO:experiments.py:[64/1000] 2.35 sec: loss(t/v)=0.34/3.22, scores(t/v)=[0.55/0.30 + 0.46/0.29 + 0.37/0.18 + 0.99/0.11 = 0.55/0.21]
INFO:experiments.py:[65/1000] 2.36 sec: loss(t/v)=0.32/3.20, scores(t/v)=[0.55/0.27 + 0.45/0.27 + 0.34/0.16 + 0.98/0.13 = 0.54/0.20]
INFO:experiments.py:[66/1000] 2.37 sec: loss(t/v)=0.31/3.03, scores(t/v)=[0.56/0.28 + 0.41/0.26 + 0.33/0.06 + 1.00/0.18 = 0.52/0.16]
INFO:experiments.py:[67/1000] 2.36 sec: loss(t/v)=0.30/2.89, scores(t/v)=[0.56/0.31 + 0.42/0.35 + 0.36/0.20 + 0.98/0.21 = 0.54/0.26]
INFO:experiments.py:[68/1000] 2.35 sec: loss(t/v)=0.34/2.90, scores(t/v)=[0.61/0.35 + 0.46/0.40 + 0.34/0.16 + 0.97/0.21 = 0.55/0.26]
INFO:experiments.py:[69/1000] 2.35 sec: loss(t/v)=0.26/2.90, scores(t/v)=[0.63/0.25 + 0.44/0.40 + 0.31/0.22 + 1.00/0.19 = 0.54/0.25]
INFO:experiments.py:[70/1000] 2.36 sec: loss(t/v)=0.26/2.81, scores(t/v)=[0.63/0.38 + 0.48/0.45 + 0.32/0.35 + 0.99/0.21 = 0.56/0.33]
INFO:experiments.py:[71/1000] 2.37 sec: loss(t/v)=0.27/2.80, scores(t/v)=[0.69/0.22 + 0.47/0.47 + 0.28/0.21 + 0.98/0.23 = 0.55/0.26]
INFO:experiments.py:[72/1000] 2.37 sec: loss(t/v)=0.33/2.86, scores(t/v)=[0.62/0.19 + 0.41/0.41 + 0.24/0.25 + 0.98/0.26 = 0.49/0.26]
INFO:experiments.py:[73/1000] 2.36 sec: loss(t/v)=0.26/3.02, scores(t/v)=[0.63/0.19 + 0.42/0.40 + 0.32/0.00 + 0.98/0.13 = 0.54/0.08]
INFO:experiments.py:[74/1000] 2.36 sec: loss(t/v)=0.27/3.04, scores(t/v)=[0.57/0.20 + 0.42/0.34 + 0.23/0.13 + 0.98/0.15 = 0.48/0.19]
INFO:experiments.py:[75/1000] 2.35 sec: loss(t/v)=0.26/3.02, scores(t/v)=[0.60/0.24 + 0.46/0.37 + 0.39/0.13 + 0.99/0.16 = 0.57/0.21]
INFO:experiments.py:[76/1000] 2.36 sec: loss(t/v)=0.22/3.01, scores(t/v)=[0.66/0.26 + 0.52/0.39 + 0.43/0.14 + 1.00/0.21 = 0.62/0.24]
INFO:experiments.py:[77/1000] 2.36 sec: loss(t/v)=0.27/3.01, scores(t/v)=[0.66/0.27 + 0.52/0.38 + 0.41/0.07 + 0.98/0.19 = 0.61/0.20]
INFO:experiments.py:[78/1000] 2.37 sec: loss(t/v)=0.23/2.99, scores(t/v)=[0.66/0.27 + 0.51/0.40 + 0.31/0.12 + 0.99/0.23 = 0.57/0.23]
INFO:experiments.py:[79/1000] 2.36 sec: loss(t/v)=0.19/2.97, scores(t/v)=[0.68/0.28 + 0.53/0.39 + 0.40/0.20 + 1.00/0.23 = 0.61/0.27]
INFO:experiments.py:[80/1000] 2.36 sec: loss(t/v)=0.23/2.94, scores(t/v)=[0.70/0.28 + 0.54/0.40 + 0.40/0.22 + 0.99/0.24 = 0.62/0.28]
INFO:experiments.py:[81/1000] 2.38 sec: loss(t/v)=0.18/2.93, scores(t/v)=[0.70/0.30 + 0.53/0.38 + 0.47/0.12 + 1.00/0.24 = 0.64/0.24]
INFO:experiments.py:[82/1000] 2.40 sec: loss(t/v)=0.19/2.94, scores(t/v)=[0.71/0.31 + 0.54/0.37 + 0.38/0.15 + 0.99/0.23 = 0.62/0.25]
INFO:experiments.py:[83/1000] 2.38 sec: loss(t/v)=0.18/2.94, scores(t/v)=[0.71/0.30 + 0.55/0.40 + 0.39/0.23 + 1.00/0.23 = 0.62/0.28]
INFO:experiments.py:[84/1000] 2.36 sec: loss(t/v)=0.17/2.94, scores(t/v)=[0.74/0.31 + 0.52/0.39 + 0.42/0.19 + 1.00/0.19 = 0.63/0.26]
INFO:experiments.py:[85/1000] 2.36 sec: loss(t/v)=0.16/2.93, scores(t/v)=[0.71/0.30 + 0.53/0.34 + 0.40/0.14 + 1.00/0.21 = 0.62/0.24]
INFO:experiments.py:[86/1000] 2.35 sec: loss(t/v)=0.17/2.92, scores(t/v)=[0.72/0.31 + 0.55/0.34 + 0.42/0.17 + 1.00/0.23 = 0.64/0.25]
INFO:experiments.py:[87/1000] 2.37 sec: loss(t/v)=0.20/2.94, scores(t/v)=[0.70/0.30 + 0.52/0.37 + 0.42/0.16 + 1.00/0.23 = 0.63/0.25]
INFO:experiments.py:[88/1000] 2.36 sec: loss(t/v)=0.16/2.94, scores(t/v)=[0.72/0.29 + 0.54/0.39 + 0.46/0.13 + 1.00/0.21 = 0.65/0.24]
INFO:experiments.py:[89/1000] 2.36 sec: loss(t/v)=0.18/2.93, scores(t/v)=[0.71/0.29 + 0.54/0.35 + 0.41/0.14 + 0.99/0.21 = 0.63/0.23]
INFO:experiments.py:[90/1000] 2.36 sec: loss(t/v)=0.17/2.94, scores(t/v)=[0.71/0.28 + 0.54/0.34 + 0.43/0.18 + 1.00/0.19 = 0.64/0.24]
INFO:experiments.py:[91/1000] 2.36 sec: loss(t/v)=0.17/2.94, scores(t/v)=[0.72/0.28 + 0.54/0.39 + 0.42/0.12 + 1.00/0.19 = 0.63/0.23]
INFO:experiments.py:[92/1000] 2.37 sec: loss(t/v)=0.17/2.94, scores(t/v)=[0.72/0.29 + 0.58/0.34 + 0.40/0.12 + 1.00/0.21 = 0.64/0.22]
INFO:experiments.py:[93/1000] 2.36 sec: loss(t/v)=0.17/2.94, scores(t/v)=[0.72/0.27 + 0.46/0.33 + 0.40/0.11 + 1.00/0.21 = 0.60/0.21]
INFO:experiments.py:[94/1000] 2.35 sec: loss(t/v)=0.14/2.94, scores(t/v)=[0.72/0.26 + 0.54/0.34 + 0.43/0.12 + 1.00/0.21 = 0.64/0.22]
INFO:experiments.py:[95/1000] 2.34 sec: loss(t/v)=0.17/2.94, scores(t/v)=[0.68/0.26 + 0.53/0.32 + 0.40/0.21 + 1.00/0.21 = 0.62/0.25]
INFO:experiments.py:[96/1000] 2.35 sec: loss(t/v)=0.16/2.94, scores(t/v)=[0.73/0.26 + 0.57/0.33 + 0.42/0.19 + 1.00/0.21 = 0.65/0.24]
INFO:experiments.py:[97/1000] 2.37 sec: loss(t/v)=0.17/2.94, scores(t/v)=[0.73/0.26 + 0.53/0.33 + 0.44/0.15 + 1.00/0.21 = 0.64/0.23]
INFO:experiments.py:[98/1000] 2.36 sec: loss(t/v)=0.16/2.94, scores(t/v)=[0.72/0.27 + 0.56/0.34 + 0.43/0.14 + 1.00/0.21 = 0.64/0.23]
INFO:experiments.py:[99/1000] 2.35 sec: loss(t/v)=0.16/2.94, scores(t/v)=[0.71/0.27 + 0.54/0.36 + 0.46/0.14 + 1.00/0.21 = 0.65/0.23]
INFO:experiments.py:[100/1000] 2.35 sec: loss(t/v)=0.16/2.93, scores(t/v)=[0.70/0.27 + 0.56/0.36 + 0.44/0.14 + 1.00/0.21 = 0.65/0.23]
INFO:experiments.py:[101/1000] 2.35 sec: loss(t/v)=0.14/2.93, scores(t/v)=[0.77/0.27 + 0.58/0.37 + 0.45/0.14 + 1.00/0.21 = 0.67/0.23]
INFO:experiments.py:[102/1000] 2.36 sec: loss(t/v)=0.14/2.92, scores(t/v)=[0.73/0.28 + 0.58/0.36 + 0.44/0.14 + 1.00/0.19 = 0.66/0.23]
INFO:experiments.py:[103/1000] 2.36 sec: loss(t/v)=0.15/2.93, scores(t/v)=[0.73/0.28 + 0.55/0.35 + 0.46/0.16 + 1.00/0.19 = 0.66/0.23]
INFO:experiments.py:[104/1000] 2.36 sec: loss(t/v)=0.15/2.92, scores(t/v)=[0.72/0.28 + 0.53/0.35 + 0.46/0.14 + 1.00/0.19 = 0.64/0.23]
INFO:experiments.py:[105/1000] 2.37 sec: loss(t/v)=0.17/2.92, scores(t/v)=[0.72/0.27 + 0.52/0.33 + 0.41/0.15 + 1.00/0.19 = 0.63/0.23]
INFO:experiments.py:[106/1000] 2.39 sec: loss(t/v)=0.14/2.91, scores(t/v)=[0.74/0.28 + 0.53/0.34 + 0.44/0.15 + 1.00/0.21 = 0.64/0.23]
INFO:experiments.py:[107/1000] 2.37 sec: loss(t/v)=0.15/2.91, scores(t/v)=[0.75/0.27 + 0.55/0.35 + 0.45/0.14 + 1.00/0.21 = 0.66/0.23]
INFO:experiments.py:[108/1000] 2.36 sec: loss(t/v)=0.15/2.91, scores(t/v)=[0.73/0.27 + 0.55/0.35 + 0.44/0.13 + 1.00/0.21 = 0.65/0.23]
INFO:experiments.py:[109/1000] 2.37 sec: loss(t/v)=0.16/2.91, scores(t/v)=[0.72/0.28 + 0.52/0.36 + 0.39/0.15 + 1.00/0.21 = 0.62/0.24]
INFO:experiments.py:[110/1000] 2.36 sec: loss(t/v)=0.16/2.92, scores(t/v)=[0.73/0.29 + 0.54/0.36 + 0.48/0.14 + 1.00/0.19 = 0.66/0.23]
INFO:experiments.py:[111/1000] 2.35 sec: loss(t/v)=0.20/2.93, scores(t/v)=[0.66/0.28 + 0.48/0.35 + 0.51/0.15 + 1.00/0.21 = 0.63/0.24]
INFO:experiments.py:[112/1000] 2.36 sec: loss(t/v)=0.15/2.91, scores(t/v)=[0.74/0.29 + 0.55/0.35 + 0.44/0.15 + 1.00/0.21 = 0.65/0.24]
INFO:experiments.py:[113/1000] 2.37 sec: loss(t/v)=0.13/2.90, scores(t/v)=[0.73/0.28 + 0.56/0.35 + 0.49/0.12 + 1.00/0.21 = 0.67/0.22]
INFO:experiments.py:[114/1000] 2.36 sec: loss(t/v)=0.14/2.92, scores(t/v)=[0.73/0.28 + 0.53/0.35 + 0.46/0.12 + 1.00/0.19 = 0.65/0.22]
INFO:experiments.py:[115/1000] 2.35 sec: loss(t/v)=0.17/2.93, scores(t/v)=[0.71/0.28 + 0.54/0.35 + 0.45/0.12 + 1.00/0.19 = 0.64/0.22]
INFO:experiments.py:[116/1000] 2.36 sec: loss(t/v)=0.15/2.93, scores(t/v)=[0.70/0.27 + 0.56/0.35 + 0.47/0.13 + 1.00/0.19 = 0.65/0.22]
INFO:experiments.py:[117/1000] 2.36 sec: loss(t/v)=0.14/2.93, scores(t/v)=[0.74/0.27 + 0.57/0.35 + 0.47/0.13 + 1.00/0.19 = 0.67/0.22]
INFO:experiments.py:[118/1000] 2.37 sec: loss(t/v)=0.15/2.92, scores(t/v)=[0.71/0.27 + 0.53/0.34 + 0.48/0.13 + 1.00/0.19 = 0.65/0.22]
INFO:experiments.py:[119/1000] 2.36 sec: loss(t/v)=0.14/2.92, scores(t/v)=[0.73/0.27 + 0.57/0.35 + 0.45/0.12 + 1.00/0.19 = 0.66/0.22]
INFO:experiments.py:[120/1000] 2.35 sec: loss(t/v)=0.16/2.92, scores(t/v)=[0.71/0.28 + 0.51/0.35 + 0.41/0.13 + 1.00/0.21 = 0.62/0.22]
INFO:experiments.py:[121/1000] 2.34 sec: loss(t/v)=0.18/2.92, scores(t/v)=[0.71/0.28 + 0.53/0.34 + 0.45/0.15 + 0.99/0.21 = 0.64/0.23]
INFO:experiments.py:[122/1000] 2.36 sec: loss(t/v)=0.16/2.92, scores(t/v)=[0.71/0.28 + 0.54/0.35 + 0.41/0.13 + 1.00/0.21 = 0.63/0.23]
INFO:experiments.py:[123/1000] 2.36 sec: loss(t/v)=0.15/2.92, scores(t/v)=[0.74/0.29 + 0.55/0.34 + 0.46/0.13 + 1.00/0.19 = 0.66/0.22]
INFO:experiments.py:[124/1000] 2.37 sec: loss(t/v)=0.16/2.92, scores(t/v)=[0.72/0.28 + 0.58/0.35 + 0.49/0.13 + 1.00/0.19 = 0.67/0.22]
INFO:experiments.py:[125/1000] 2.36 sec: loss(t/v)=0.16/2.93, scores(t/v)=[0.72/0.29 + 0.54/0.35 + 0.44/0.15 + 1.00/0.19 = 0.64/0.23]
INFO:experiments.py:[126/1000] 2.36 sec: loss(t/v)=0.15/2.94, scores(t/v)=[0.72/0.29 + 0.55/0.35 + 0.48/0.13 + 1.00/0.19 = 0.66/0.22]
INFO:experiments.py:[127/1000] 2.38 sec: loss(t/v)=0.15/2.94, scores(t/v)=[0.71/0.28 + 0.54/0.34 + 0.46/0.13 + 1.00/0.19 = 0.65/0.22]
INFO:experiments.py:[128/1000] 2.39 sec: loss(t/v)=0.16/2.93, scores(t/v)=[0.73/0.29 + 0.53/0.34 + 0.45/0.13 + 1.00/0.19 = 0.65/0.22]
INFO:experiments.py:[129/1000] 2.37 sec: loss(t/v)=0.15/2.93, scores(t/v)=[0.74/0.28 + 0.54/0.34 + 0.43/0.14 + 1.00/0.19 = 0.65/0.22]
INFO:experiments.py:[130/1000] 2.36 sec: loss(t/v)=0.15/2.93, scores(t/v)=[0.74/0.28 + 0.55/0.34 + 0.39/0.14 + 1.00/0.19 = 0.63/0.23]
INFO:experiments.py:[131/1000] 2.35 sec: loss(t/v)=0.16/2.93, scores(t/v)=[0.72/0.28 + 0.52/0.34 + 0.40/0.14 + 1.00/0.19 = 0.62/0.23]
INFO:experiments.py:[132/1000] 2.35 sec: loss(t/v)=0.14/2.92, scores(t/v)=[0.71/0.28 + 0.54/0.35 + 0.42/0.13 + 1.00/0.19 = 0.63/0.22]
INFO:experiments.py:[133/1000] 2.36 sec: loss(t/v)=0.14/2.92, scores(t/v)=[0.75/0.28 + 0.56/0.35 + 0.44/0.13 + 1.00/0.19 = 0.66/0.22]
INFO:experiments.py:[134/1000] 2.35 sec: loss(t/v)=0.14/2.92, scores(t/v)=[0.72/0.29 + 0.57/0.34 + 0.42/0.13 + 1.00/0.21 = 0.64/0.23]
INFO:experiments.py:[135/1000] 2.35 sec: loss(t/v)=0.14/2.92, scores(t/v)=[0.74/0.27 + 0.54/0.35 + 0.48/0.13 + 1.00/0.19 = 0.66/0.22]
INFO:experiments.py:[136/1000] 2.36 sec: loss(t/v)=0.16/2.93, scores(t/v)=[0.71/0.28 + 0.53/0.34 + 0.49/0.12 + 1.00/0.19 = 0.65/0.22]
INFO:experiments.py:[137/1000] 2.36 sec: loss(t/v)=0.15/2.93, scores(t/v)=[0.73/0.28 + 0.51/0.35 + 0.40/0.14 + 1.00/0.19 = 0.62/0.23]
INFO:experiments.py:[138/1000] 2.34 sec: loss(t/v)=0.15/2.91, scores(t/v)=[0.74/0.29 + 0.53/0.36 + 0.41/0.15 + 1.00/0.21 = 0.63/0.24]
INFO:experiments.py:[139/1000] 2.37 sec: loss(t/v)=0.16/2.90, scores(t/v)=[0.73/0.28 + 0.53/0.35 + 0.44/0.15 + 1.00/0.21 = 0.64/0.23]
INFO:experiments.py:[140/1000] 2.36 sec: loss(t/v)=0.15/2.92, scores(t/v)=[0.72/0.28 + 0.53/0.35 + 0.48/0.15 + 1.00/0.19 = 0.65/0.23]
INFO:experiments.py:[141/1000] 2.36 sec: loss(t/v)=0.14/2.91, scores(t/v)=[0.73/0.29 + 0.54/0.34 + 0.45/0.15 + 1.00/0.19 = 0.65/0.23]
INFO:experiments.py:[142/1000] 2.35 sec: loss(t/v)=0.16/2.92, scores(t/v)=[0.72/0.29 + 0.57/0.35 + 0.43/0.14 + 1.00/0.19 = 0.65/0.23]
INFO:experiments.py:[143/1000] 2.36 sec: loss(t/v)=0.16/2.90, scores(t/v)=[0.71/0.28 + 0.54/0.34 + 0.43/0.14 + 1.00/0.21 = 0.64/0.23]
INFO:experiments.py:[144/1000] 2.36 sec: loss(t/v)=0.16/2.91, scores(t/v)=[0.71/0.29 + 0.56/0.34 + 0.40/0.15 + 1.00/0.19 = 0.63/0.23]
INFO:experiments.py:[145/1000] 2.36 sec: loss(t/v)=0.14/2.91, scores(t/v)=[0.73/0.28 + 0.54/0.35 + 0.49/0.15 + 1.00/0.21 = 0.66/0.23]
INFO:experiments.py:[146/1000] 2.35 sec: loss(t/v)=0.15/2.91, scores(t/v)=[0.74/0.28 + 0.58/0.34 + 0.49/0.15 + 1.00/0.19 = 0.68/0.23]
INFO:experiments.py:[147/1000] 2.36 sec: loss(t/v)=0.16/2.92, scores(t/v)=[0.73/0.28 + 0.51/0.34 + 0.44/0.15 + 1.00/0.19 = 0.63/0.23]
INFO:experiments.py:[148/1000] 2.35 sec: loss(t/v)=0.15/2.92, scores(t/v)=[0.74/0.28 + 0.57/0.33 + 0.44/0.15 + 1.00/0.19 = 0.66/0.23]
INFO:experiments.py:[149/1000] 2.35 sec: loss(t/v)=0.15/2.93, scores(t/v)=[0.72/0.28 + 0.56/0.34 + 0.42/0.14 + 1.00/0.19 = 0.64/0.23]
INFO:experiments.py:[150/1000] 2.34 sec: loss(t/v)=0.15/2.93, scores(t/v)=[0.73/0.29 + 0.54/0.34 + 0.48/0.15 + 1.00/0.19 = 0.66/0.23]
INFO:experiments.py:[151/1000] 2.36 sec: loss(t/v)=0.15/2.93, scores(t/v)=[0.73/0.28 + 0.51/0.34 + 0.48/0.15 + 1.00/0.19 = 0.65/0.23]
INFO:experiments.py:[152/1000] 2.37 sec: loss(t/v)=0.17/2.93, scores(t/v)=[0.74/0.27 + 0.58/0.35 + 0.46/0.13 + 1.00/0.19 = 0.67/0.22]
INFO:experiments.py:[153/1000] 2.36 sec: loss(t/v)=0.14/2.93, scores(t/v)=[0.73/0.28 + 0.53/0.35 + 0.44/0.14 + 1.00/0.19 = 0.64/0.23]
INFO:experiments.py:[154/1000] 2.38 sec: loss(t/v)=0.16/2.92, scores(t/v)=[0.74/0.29 + 0.52/0.35 + 0.45/0.13 + 1.00/0.19 = 0.64/0.23]
INFO:experiments.py:[155/1000] 2.39 sec: loss(t/v)=0.15/2.91, scores(t/v)=[0.71/0.28 + 0.53/0.35 + 0.47/0.14 + 1.00/0.21 = 0.65/0.23]
INFO:experiments.py:[156/1000] 2.39 sec: loss(t/v)=0.15/2.93, scores(t/v)=[0.74/0.28 + 0.56/0.35 + 0.42/0.14 + 1.00/0.21 = 0.65/0.23]
INFO:experiments.py:[157/1000] 2.37 sec: loss(t/v)=0.14/2.91, scores(t/v)=[0.73/0.28 + 0.54/0.35 + 0.43/0.14 + 1.00/0.21 = 0.64/0.23]
INFO:experiments.py:[158/1000] 2.35 sec: loss(t/v)=0.16/2.92, scores(t/v)=[0.72/0.28 + 0.50/0.35 + 0.41/0.14 + 1.00/0.21 = 0.62/0.23]
INFO:experiments.py:[159/1000] 2.35 sec: loss(t/v)=0.18/2.93, scores(t/v)=[0.71/0.28 + 0.57/0.34 + 0.40/0.14 + 1.00/0.19 = 0.64/0.22]
INFO:experiments.py:[160/1000] 2.35 sec: loss(t/v)=0.14/2.92, scores(t/v)=[0.74/0.28 + 0.57/0.35 + 0.45/0.14 + 1.00/0.19 = 0.66/0.23]
INFO:experiments.py:[161/1000] 2.35 sec: loss(t/v)=0.15/2.92, scores(t/v)=[0.71/0.28 + 0.56/0.34 + 0.45/0.15 + 1.00/0.19 = 0.65/0.23]
INFO:experiments.py:[162/1000] 2.36 sec: loss(t/v)=0.14/2.92, scores(t/v)=[0.74/0.27 + 0.55/0.35 + 0.46/0.14 + 1.00/0.19 = 0.66/0.23]
INFO:experiments.py:[163/1000] 2.36 sec: loss(t/v)=0.14/2.92, scores(t/v)=[0.72/0.28 + 0.53/0.34 + 0.48/0.14 + 1.00/0.19 = 0.65/0.22]
INFO:experiments.py:[164/1000] 2.35 sec: loss(t/v)=0.15/2.92, scores(t/v)=[0.73/0.28 + 0.57/0.35 + 0.46/0.14 + 1.00/0.19 = 0.66/0.23]
INFO:experiments.py:[165/1000] 2.36 sec: loss(t/v)=0.16/2.93, scores(t/v)=[0.74/0.29 + 0.54/0.35 + 0.45/0.13 + 1.00/0.19 = 0.65/0.22]
INFO:experiments.py:[166/1000] 2.35 sec: loss(t/v)=0.17/2.93, scores(t/v)=[0.71/0.28 + 0.55/0.35 + 0.44/0.14 + 0.99/0.19 = 0.64/0.23]
INFO:experiments.py:[167/1000] 2.36 sec: loss(t/v)=0.14/2.93, scores(t/v)=[0.75/0.28 + 0.57/0.35 + 0.48/0.14 + 1.00/0.21 = 0.68/0.23]
INFO:experiments.py:[168/1000] 2.37 sec: loss(t/v)=0.16/2.92, scores(t/v)=[0.73/0.28 + 0.50/0.35 + 0.47/0.14 + 1.00/0.19 = 0.64/0.23]
INFO:experiments.py:[169/1000] 2.35 sec: loss(t/v)=0.15/2.92, scores(t/v)=[0.73/0.28 + 0.55/0.34 + 0.42/0.14 + 1.00/0.19 = 0.64/0.23]
INFO:experiments.py:[170/1000] 2.35 sec: loss(t/v)=0.16/2.92, scores(t/v)=[0.70/0.28 + 0.53/0.35 + 0.44/0.13 + 1.00/0.19 = 0.64/0.22]
INFO:experiments.py:[171/1000] 2.35 sec: loss(t/v)=0.16/2.91, scores(t/v)=[0.72/0.28 + 0.60/0.34 + 0.42/0.14 + 1.00/0.21 = 0.65/0.23]
INFO:experiments.py:[172/1000] 2.36 sec: loss(t/v)=0.16/2.90, scores(t/v)=[0.69/0.29 + 0.52/0.34 + 0.44/0.14 + 1.00/0.21 = 0.63/0.23]
INFO:experiments.py:[173/1000] 2.36 sec: loss(t/v)=0.15/2.91, scores(t/v)=[0.74/0.29 + 0.55/0.34 + 0.46/0.15 + 1.00/0.19 = 0.66/0.23]
INFO:experiments.py:[174/1000] 2.35 sec: loss(t/v)=0.15/2.92, scores(t/v)=[0.71/0.28 + 0.55/0.34 + 0.47/0.14 + 1.00/0.19 = 0.65/0.22]
INFO:experiments.py:[175/1000] 2.34 sec: loss(t/v)=0.15/2.92, scores(t/v)=[0.74/0.29 + 0.55/0.34 + 0.47/0.14 + 1.00/0.19 = 0.66/0.23]
INFO:experiments.py:[176/1000] 2.36 sec: loss(t/v)=0.16/2.93, scores(t/v)=[0.74/0.28 + 0.55/0.35 + 0.42/0.14 + 1.00/0.19 = 0.65/0.23]
INFO:experiments.py:[177/1000] 2.34 sec: loss(t/v)=0.15/2.92, scores(t/v)=[0.73/0.27 + 0.54/0.35 + 0.43/0.13 + 1.00/0.19 = 0.64/0.22]
INFO:experiments.py:[178/1000] 2.35 sec: loss(t/v)=0.16/2.92, scores(t/v)=[0.74/0.28 + 0.55/0.35 + 0.48/0.14 + 1.00/0.19 = 0.67/0.23]
INFO:experiments.py:[179/1000] 2.36 sec: loss(t/v)=0.15/2.94, scores(t/v)=[0.68/0.28 + 0.55/0.35 + 0.42/0.14 + 1.00/0.19 = 0.63/0.22]
INFO:experiments.py:[180/1000] 2.36 sec: loss(t/v)=0.18/2.94, scores(t/v)=[0.71/0.27 + 0.52/0.35 + 0.41/0.13 + 1.00/0.19 = 0.62/0.22]
INFO:experiments.py:[181/1000] 2.36 sec: loss(t/v)=0.16/2.94, scores(t/v)=[0.71/0.28 + 0.56/0.35 + 0.46/0.13 + 1.00/0.19 = 0.65/0.22]
INFO:experiments.py:[182/1000] 2.37 sec: loss(t/v)=0.16/2.94, scores(t/v)=[0.72/0.28 + 0.59/0.36 + 0.44/0.13 + 1.00/0.19 = 0.66/0.23]
INFO:experiments.py:[183/1000] 2.40 sec: loss(t/v)=0.16/2.93, scores(t/v)=[0.72/0.28 + 0.50/0.36 + 0.38/0.14 + 1.00/0.19 = 0.61/0.23]
INFO:experiments.py:[184/1000] 2.36 sec: loss(t/v)=0.15/2.92, scores(t/v)=[0.73/0.28 + 0.53/0.37 + 0.50/0.13 + 1.00/0.19 = 0.66/0.23]
INFO:experiments.py:[185/1000] 2.36 sec: loss(t/v)=0.16/2.92, scores(t/v)=[0.74/0.28 + 0.56/0.36 + 0.40/0.13 + 1.00/0.19 = 0.64/0.22]
INFO:experiments.py:[186/1000] 2.36 sec: loss(t/v)=0.16/2.92, scores(t/v)=[0.71/0.28 + 0.52/0.34 + 0.47/0.13 + 1.00/0.21 = 0.65/0.23]
INFO:experiments.py:[187/1000] 2.36 sec: loss(t/v)=0.17/2.91, scores(t/v)=[0.71/0.28 + 0.52/0.35 + 0.45/0.13 + 1.00/0.19 = 0.64/0.22]
INFO:experiments.py:[188/1000] 2.36 sec: loss(t/v)=0.15/2.91, scores(t/v)=[0.72/0.29 + 0.57/0.34 + 0.48/0.15 + 1.00/0.19 = 0.67/0.23]
INFO:experiments.py:[189/1000] 2.35 sec: loss(t/v)=0.14/2.91, scores(t/v)=[0.76/0.28 + 0.56/0.35 + 0.45/0.16 + 1.00/0.21 = 0.66/0.24]
INFO:experiments.py:[190/1000] 2.36 sec: loss(t/v)=0.16/2.90, scores(t/v)=[0.73/0.28 + 0.55/0.34 + 0.43/0.16 + 1.00/0.19 = 0.65/0.23]
INFO:experiments.py:[191/1000] 2.35 sec: loss(t/v)=0.14/2.91, scores(t/v)=[0.74/0.29 + 0.57/0.35 + 0.49/0.15 + 1.00/0.19 = 0.67/0.23]
INFO:experiments.py:[192/1000] 2.35 sec: loss(t/v)=0.14/2.90, scores(t/v)=[0.73/0.29 + 0.57/0.35 + 0.49/0.15 + 1.00/0.19 = 0.67/0.23]
INFO:experiments.py:[193/1000] 2.35 sec: loss(t/v)=0.13/2.91, scores(t/v)=[0.75/0.29 + 0.53/0.35 + 0.48/0.15 + 1.00/0.19 = 0.66/0.23]
INFO:experiments.py:[194/1000] 2.36 sec: loss(t/v)=0.16/2.90, scores(t/v)=[0.72/0.28 + 0.56/0.35 + 0.47/0.15 + 1.00/0.19 = 0.66/0.23]
INFO:experiments.py:[195/1000] 2.36 sec: loss(t/v)=0.15/2.90, scores(t/v)=[0.73/0.29 + 0.52/0.34 + 0.45/0.15 + 1.00/0.19 = 0.64/0.23]
INFO:experiments.py:[196/1000] 2.36 sec: loss(t/v)=0.16/2.90, scores(t/v)=[0.72/0.29 + 0.51/0.35 + 0.43/0.15 + 1.00/0.21 = 0.63/0.24]
INFO:experiments.py:[197/1000] 2.35 sec: loss(t/v)=0.15/2.90, scores(t/v)=[0.73/0.29 + 0.55/0.35 + 0.48/0.15 + 1.00/0.19 = 0.66/0.23]
INFO:experiments.py:[198/1000] 2.35 sec: loss(t/v)=0.15/2.92, scores(t/v)=[0.74/0.28 + 0.50/0.34 + 0.46/0.13 + 1.00/0.19 = 0.64/0.22]
INFO:experiments.py:[199/1000] 2.36 sec: loss(t/v)=0.15/2.91, scores(t/v)=[0.72/0.29 + 0.51/0.35 + 0.44/0.14 + 1.00/0.19 = 0.63/0.23]
INFO:experiments.py:[200/1000] 2.36 sec: loss(t/v)=0.15/2.91, scores(t/v)=[0.71/0.29 + 0.53/0.35 + 0.38/0.15 + 1.00/0.19 = 0.62/0.23]
INFO:experiments.py:[201/1000] 2.35 sec: loss(t/v)=0.15/2.92, scores(t/v)=[0.73/0.28 + 0.60/0.34 + 0.46/0.14 + 1.00/0.19 = 0.67/0.23]
INFO:experiments.py:[202/1000] 2.35 sec: loss(t/v)=0.15/2.92, scores(t/v)=[0.74/0.28 + 0.57/0.35 + 0.50/0.14 + 1.00/0.19 = 0.68/0.23]
INFO:experiments.py:[203/1000] 2.35 sec: loss(t/v)=0.15/2.92, scores(t/v)=[0.73/0.27 + 0.56/0.35 + 0.45/0.14 + 1.00/0.19 = 0.66/0.23]
INFO:experiments.py:[204/1000] 2.35 sec: loss(t/v)=0.16/2.92, scores(t/v)=[0.73/0.28 + 0.59/0.35 + 0.40/0.14 + 1.00/0.19 = 0.64/0.23]
INFO:experiments.py:[205/1000] 2.37 sec: loss(t/v)=0.17/2.93, scores(t/v)=[0.71/0.28 + 0.56/0.35 + 0.41/0.14 + 1.00/0.19 = 0.64/0.23]
INFO:experiments.py:[206/1000] 2.36 sec: loss(t/v)=0.15/2.94, scores(t/v)=[0.73/0.28 + 0.55/0.35 + 0.41/0.14 + 1.00/0.19 = 0.64/0.23]
INFO:experiments.py:[207/1000] 2.37 sec: loss(t/v)=0.15/2.92, scores(t/v)=[0.73/0.29 + 0.54/0.34 + 0.47/0.13 + 1.00/0.19 = 0.66/0.22]
INFO:experiments.py:[208/1000] 2.39 sec: loss(t/v)=0.15/2.91, scores(t/v)=[0.75/0.29 + 0.58/0.35 + 0.39/0.14 + 1.00/0.19 = 0.64/0.23]
INFO:experiments.py:[209/1000] 2.38 sec: loss(t/v)=0.17/2.92, scores(t/v)=[0.72/0.29 + 0.55/0.36 + 0.40/0.14 + 1.00/0.19 = 0.63/0.23]
INFO:experiments.py:[210/1000] 2.37 sec: loss(t/v)=0.14/2.92, scores(t/v)=[0.73/0.29 + 0.54/0.35 + 0.47/0.14 + 1.00/0.19 = 0.66/0.23]
INFO:experiments.py:[211/1000] 2.37 sec: loss(t/v)=0.14/2.91, scores(t/v)=[0.75/0.29 + 0.55/0.34 + 0.45/0.13 + 1.00/0.21 = 0.66/0.23]
INFO:experiments.py:[212/1000] 2.36 sec: loss(t/v)=0.16/2.91, scores(t/v)=[0.74/0.29 + 0.54/0.35 + 0.47/0.13 + 1.00/0.19 = 0.66/0.23]
INFO:experiments.py:[213/1000] 2.36 sec: loss(t/v)=0.16/2.91, scores(t/v)=[0.73/0.28 + 0.54/0.35 + 0.47/0.13 + 1.00/0.19 = 0.66/0.22]
INFO:experiments.py:[214/1000] 2.36 sec: loss(t/v)=0.16/2.91, scores(t/v)=[0.71/0.28 + 0.54/0.35 + 0.43/0.14 + 1.00/0.19 = 0.63/0.23]
INFO:experiments.py:[215/1000] 2.35 sec: loss(t/v)=0.15/2.92, scores(t/v)=[0.74/0.28 + 0.54/0.34 + 0.47/0.13 + 1.00/0.19 = 0.66/0.22]
INFO:experiments.py:[216/1000] 2.37 sec: loss(t/v)=0.17/2.91, scores(t/v)=[0.72/0.28 + 0.53/0.35 + 0.41/0.14 + 1.00/0.19 = 0.63/0.23]
INFO:experiments.py:[217/1000] 2.35 sec: loss(t/v)=0.17/2.91, scores(t/v)=[0.72/0.28 + 0.55/0.35 + 0.46/0.13 + 1.00/0.19 = 0.65/0.22]
INFO:experiments.py:[218/1000] 2.36 sec: loss(t/v)=0.15/2.92, scores(t/v)=[0.72/0.28 + 0.54/0.35 + 0.45/0.13 + 1.00/0.19 = 0.65/0.22]
INFO:experiments.py:[219/1000] 2.35 sec: loss(t/v)=0.14/2.91, scores(t/v)=[0.72/0.28 + 0.54/0.34 + 0.48/0.14 + 1.00/0.21 = 0.66/0.23]
INFO:experiments.py:[220/1000] 2.35 sec: loss(t/v)=0.14/2.91, scores(t/v)=[0.72/0.28 + 0.56/0.34 + 0.43/0.13 + 1.00/0.21 = 0.64/0.23]
INFO:experiments.py:[221/1000] 2.36 sec: loss(t/v)=0.16/2.91, scores(t/v)=[0.71/0.28 + 0.54/0.34 + 0.42/0.14 + 1.00/0.19 = 0.63/0.23]
INFO:experiments.py:[222/1000] 2.37 sec: loss(t/v)=0.16/2.92, scores(t/v)=[0.74/0.28 + 0.57/0.34 + 0.42/0.15 + 1.00/0.19 = 0.65/0.23]
INFO:experiments.py:[223/1000] 2.35 sec: loss(t/v)=0.16/2.92, scores(t/v)=[0.72/0.28 + 0.56/0.34 + 0.46/0.14 + 1.00/0.19 = 0.66/0.23]
INFO:experiments.py:[224/1000] 2.36 sec: loss(t/v)=0.17/2.92, scores(t/v)=[0.74/0.28 + 0.54/0.33 + 0.42/0.14 + 1.00/0.19 = 0.64/0.22]
INFO:experiments.py:[225/1000] 2.37 sec: loss(t/v)=0.13/2.92, scores(t/v)=[0.73/0.28 + 0.57/0.33 + 0.46/0.15 + 1.00/0.19 = 0.66/0.23]
INFO:experiments.py:[226/1000] 2.37 sec: loss(t/v)=0.14/2.92, scores(t/v)=[0.73/0.28 + 0.57/0.34 + 0.46/0.14 + 1.00/0.19 = 0.66/0.23]
INFO:experiments.py:[227/1000] 2.35 sec: loss(t/v)=0.16/2.93, scores(t/v)=[0.72/0.27 + 0.53/0.34 + 0.47/0.13 + 1.00/0.19 = 0.65/0.22]
INFO:experiments.py:[228/1000] 2.37 sec: loss(t/v)=0.16/2.92, scores(t/v)=[0.72/0.27 + 0.57/0.34 + 0.40/0.14 + 1.00/0.19 = 0.64/0.22]
INFO:experiments.py:[229/1000] 2.35 sec: loss(t/v)=0.14/2.91, scores(t/v)=[0.74/0.28 + 0.57/0.34 + 0.43/0.13 + 1.00/0.19 = 0.65/0.22]
INFO:experiments.py:[230/1000] 2.36 sec: loss(t/v)=0.16/2.92, scores(t/v)=[0.70/0.28 + 0.55/0.34 + 0.44/0.13 + 1.00/0.19 = 0.64/0.22]
INFO:experiments.py:[231/1000] 2.38 sec: loss(t/v)=0.15/2.92, scores(t/v)=[0.75/0.28 + 0.53/0.34 + 0.44/0.13 + 1.00/0.19 = 0.65/0.22]
INFO:experiments.py:[232/1000] 2.40 sec: loss(t/v)=0.16/2.93, scores(t/v)=[0.72/0.28 + 0.55/0.35 + 0.41/0.13 + 1.00/0.19 = 0.63/0.22]
INFO:experiments.py:[233/1000] 2.37 sec: loss(t/v)=0.15/2.93, scores(t/v)=[0.74/0.29 + 0.53/0.34 + 0.49/0.14 + 1.00/0.19 = 0.66/0.23]
INFO:experiments.py:[234/1000] 2.35 sec: loss(t/v)=0.15/2.92, scores(t/v)=[0.75/0.28 + 0.57/0.35 + 0.43/0.15 + 1.00/0.19 = 0.66/0.23]
INFO:experiments.py:[235/1000] 2.36 sec: loss(t/v)=0.16/2.93, scores(t/v)=[0.71/0.28 + 0.51/0.35 + 0.46/0.14 + 1.00/0.19 = 0.64/0.23]
INFO:experiments.py:[236/1000] 2.37 sec: loss(t/v)=0.15/2.92, scores(t/v)=[0.72/0.29 + 0.57/0.36 + 0.46/0.14 + 1.00/0.21 = 0.66/0.23]
INFO:experiments.py:[237/1000] 2.35 sec: loss(t/v)=0.16/2.92, scores(t/v)=[0.71/0.28 + 0.49/0.35 + 0.42/0.14 + 1.00/0.19 = 0.62/0.23]
INFO:experiments.py:[238/1000] 2.36 sec: loss(t/v)=0.14/2.92, scores(t/v)=[0.73/0.28 + 0.57/0.35 + 0.50/0.14 + 1.00/0.19 = 0.68/0.23]
INFO:experiments.py:[239/1000] 2.38 sec: loss(t/v)=0.15/2.92, scores(t/v)=[0.69/0.28 + 0.54/0.34 + 0.44/0.15 + 1.00/0.19 = 0.64/0.23]
INFO:experiments.py:[240/1000] 2.38 sec: loss(t/v)=0.15/2.91, scores(t/v)=[0.71/0.28 + 0.58/0.35 + 0.40/0.15 + 1.00/0.19 = 0.64/0.23]
INFO:experiments.py:[241/1000] 2.37 sec: loss(t/v)=0.15/2.92, scores(t/v)=[0.73/0.28 + 0.58/0.36 + 0.44/0.14 + 1.00/0.19 = 0.65/0.23]
INFO:experiments.py:[242/1000] 2.37 sec: loss(t/v)=0.15/2.91, scores(t/v)=[0.74/0.28 + 0.58/0.35 + 0.47/0.15 + 1.00/0.19 = 0.67/0.23]
INFO:experiments.py:[243/1000] 2.37 sec: loss(t/v)=0.16/2.92, scores(t/v)=[0.73/0.28 + 0.54/0.35 + 0.46/0.15 + 1.00/0.19 = 0.65/0.23]
INFO:experiments.py:[244/1000] 2.37 sec: loss(t/v)=0.16/2.92, scores(t/v)=[0.72/0.28 + 0.51/0.35 + 0.44/0.14 + 1.00/0.19 = 0.64/0.23]
INFO:experiments.py:[245/1000] 2.37 sec: loss(t/v)=0.15/2.91, scores(t/v)=[0.74/0.29 + 0.56/0.35 + 0.44/0.14 + 1.00/0.21 = 0.65/0.23]
INFO:experiments.py:[246/1000] 2.37 sec: loss(t/v)=0.17/2.92, scores(t/v)=[0.72/0.28 + 0.56/0.35 + 0.44/0.14 + 1.00/0.19 = 0.65/0.23]
INFO:experiments.py:[247/1000] 2.36 sec: loss(t/v)=0.16/2.91, scores(t/v)=[0.74/0.29 + 0.54/0.36 + 0.44/0.14 + 1.00/0.19 = 0.65/0.23]
INFO:experiments.py:[248/1000] 2.36 sec: loss(t/v)=0.17/2.92, scores(t/v)=[0.73/0.28 + 0.54/0.35 + 0.43/0.14 + 1.00/0.19 = 0.64/0.23]
INFO:experiments.py:[249/1000] 2.37 sec: loss(t/v)=0.16/2.92, scores(t/v)=[0.73/0.29 + 0.56/0.35 + 0.47/0.14 + 1.00/0.19 = 0.66/0.23]
INFO:experiments.py:[250/1000] 2.37 sec: loss(t/v)=0.14/2.91, scores(t/v)=[0.73/0.28 + 0.58/0.35 + 0.41/0.15 + 1.00/0.19 = 0.65/0.23]
INFO:experiments.py:[251/1000] 2.37 sec: loss(t/v)=0.16/2.90, scores(t/v)=[0.72/0.29 + 0.55/0.35 + 0.46/0.16 + 1.00/0.21 = 0.65/0.24]
INFO:experiments.py:[252/1000] 2.38 sec: loss(t/v)=0.16/2.90, scores(t/v)=[0.77/0.29 + 0.51/0.34 + 0.42/0.15 + 1.00/0.21 = 0.64/0.24]
INFO:experiments.py:[253/1000] 2.39 sec: loss(t/v)=0.17/2.92, scores(t/v)=[0.70/0.29 + 0.55/0.35 + 0.44/0.15 + 1.00/0.19 = 0.64/0.23]
INFO:experiments.py:[254/1000] 2.41 sec: loss(t/v)=0.16/2.91, scores(t/v)=[0.72/0.28 + 0.51/0.35 + 0.38/0.15 + 1.00/0.21 = 0.61/0.23]
INFO:experiments.py:[255/1000] 2.37 sec: loss(t/v)=0.15/2.91, scores(t/v)=[0.73/0.28 + 0.52/0.35 + 0.41/0.15 + 1.00/0.21 = 0.63/0.23]
INFO:experiments.py:[256/1000] 2.36 sec: loss(t/v)=0.15/2.91, scores(t/v)=[0.73/0.28 + 0.56/0.36 + 0.48/0.14 + 1.00/0.21 = 0.66/0.23]
INFO:experiments.py:[257/1000] 2.36 sec: loss(t/v)=0.15/2.90, scores(t/v)=[0.72/0.28 + 0.52/0.36 + 0.42/0.15 + 1.00/0.21 = 0.63/0.24]
INFO:experiments.py:[258/1000] 2.36 sec: loss(t/v)=0.14/2.92, scores(t/v)=[0.73/0.28 + 0.55/0.35 + 0.45/0.15 + 1.00/0.19 = 0.65/0.23]
INFO:experiments.py:[259/1000] 2.36 sec: loss(t/v)=0.17/2.92, scores(t/v)=[0.73/0.29 + 0.55/0.35 + 0.42/0.15 + 1.00/0.19 = 0.64/0.23]
INFO:experiments.py:[260/1000] 2.36 sec: loss(t/v)=0.15/2.92, scores(t/v)=[0.73/0.28 + 0.58/0.35 + 0.44/0.14 + 1.00/0.19 = 0.66/0.23]
INFO:experiments.py:[261/1000] 2.35 sec: loss(t/v)=0.15/2.91, scores(t/v)=[0.73/0.28 + 0.50/0.35 + 0.44/0.14 + 0.99/0.19 = 0.63/0.23]
INFO:experiments.py:[262/1000] 2.36 sec: loss(t/v)=0.17/2.92, scores(t/v)=[0.73/0.29 + 0.53/0.35 + 0.44/0.14 + 1.00/0.19 = 0.64/0.23]
INFO:experiments.py:[263/1000] 2.37 sec: loss(t/v)=0.16/2.92, scores(t/v)=[0.74/0.28 + 0.55/0.34 + 0.48/0.14 + 1.00/0.19 = 0.66/0.23]
INFO:experiments.py:[264/1000] 2.36 sec: loss(t/v)=0.15/2.93, scores(t/v)=[0.72/0.28 + 0.55/0.34 + 0.41/0.13 + 1.00/0.19 = 0.64/0.22]
INFO:experiments.py:[265/1000] 2.36 sec: loss(t/v)=0.15/2.93, scores(t/v)=[0.72/0.28 + 0.57/0.35 + 0.40/0.13 + 1.00/0.19 = 0.64/0.22]
INFO:experiments.py:[266/1000] 2.35 sec: loss(t/v)=0.15/2.93, scores(t/v)=[0.74/0.28 + 0.54/0.34 + 0.45/0.14 + 1.00/0.19 = 0.65/0.23]
INFO:experiments.py:[267/1000] 2.37 sec: loss(t/v)=0.15/2.92, scores(t/v)=[0.73/0.28 + 0.55/0.35 + 0.39/0.13 + 1.00/0.19 = 0.63/0.22]
INFO:experiments.py:[268/1000] 2.37 sec: loss(t/v)=0.16/2.91, scores(t/v)=[0.72/0.28 + 0.53/0.35 + 0.45/0.14 + 1.00/0.21 = 0.64/0.23]
INFO:experiments.py:[269/1000] 2.36 sec: loss(t/v)=0.15/2.91, scores(t/v)=[0.75/0.28 + 0.56/0.35 + 0.42/0.14 + 1.00/0.21 = 0.65/0.23]
INFO:experiments.py:[270/1000] 2.36 sec: loss(t/v)=0.15/2.91, scores(t/v)=[0.73/0.28 + 0.55/0.35 + 0.49/0.14 + 1.00/0.21 = 0.67/0.23]
INFO:experiments.py:[271/1000] 2.35 sec: loss(t/v)=0.15/2.90, scores(t/v)=[0.74/0.29 + 0.57/0.35 + 0.45/0.14 + 1.00/0.21 = 0.66/0.23]
INFO:experiments.py:[272/1000] 2.36 sec: loss(t/v)=0.15/2.91, scores(t/v)=[0.74/0.28 + 0.55/0.34 + 0.44/0.15 + 1.00/0.21 = 0.65/0.23]
INFO:experiments.py:[273/1000] 2.37 sec: loss(t/v)=0.16/2.90, scores(t/v)=[0.70/0.28 + 0.53/0.34 + 0.42/0.13 + 1.00/0.21 = 0.63/0.23]
INFO:experiments.py:[274/1000] 2.37 sec: loss(t/v)=0.15/2.90, scores(t/v)=[0.71/0.28 + 0.61/0.35 + 0.51/0.14 + 1.00/0.21 = 0.68/0.23]
INFO:experiments.py:[275/1000] 2.37 sec: loss(t/v)=0.15/2.90, scores(t/v)=[0.73/0.28 + 0.52/0.35 + 0.42/0.14 + 1.00/0.21 = 0.63/0.23]
INFO:experiments.py:[276/1000] 2.38 sec: loss(t/v)=0.17/2.90, scores(t/v)=[0.71/0.28 + 0.51/0.34 + 0.45/0.14 + 1.00/0.21 = 0.63/0.23]
INFO:experiments.py:[277/1000] 2.37 sec: loss(t/v)=0.14/2.90, scores(t/v)=[0.72/0.29 + 0.61/0.34 + 0.47/0.13 + 1.00/0.21 = 0.67/0.23]
INFO:experiments.py:[278/1000] 2.39 sec: loss(t/v)=0.15/2.90, scores(t/v)=[0.73/0.29 + 0.56/0.34 + 0.51/0.14 + 1.00/0.21 = 0.68/0.23]
INFO:experiments.py:[279/1000] 2.40 sec: loss(t/v)=0.16/2.91, scores(t/v)=[0.72/0.28 + 0.56/0.34 + 0.47/0.14 + 1.00/0.21 = 0.66/0.23]
INFO:experiments.py:[280/1000] 2.39 sec: loss(t/v)=0.16/2.92, scores(t/v)=[0.70/0.28 + 0.57/0.35 + 0.44/0.13 + 1.00/0.19 = 0.65/0.22]
INFO:experiments.py:[281/1000] 2.38 sec: loss(t/v)=0.15/2.91, scores(t/v)=[0.73/0.28 + 0.54/0.35 + 0.44/0.14 + 1.00/0.19 = 0.64/0.23]
INFO:experiments.py:[282/1000] 2.36 sec: loss(t/v)=0.16/2.91, scores(t/v)=[0.71/0.29 + 0.55/0.35 + 0.45/0.14 + 1.00/0.19 = 0.64/0.23]
INFO:experiments.py:[283/1000] 2.37 sec: loss(t/v)=0.17/2.92, scores(t/v)=[0.73/0.28 + 0.55/0.34 + 0.48/0.14 + 1.00/0.19 = 0.66/0.23]
INFO:experiments.py:[284/1000] 2.38 sec: loss(t/v)=0.16/2.92, scores(t/v)=[0.73/0.27 + 0.54/0.35 + 0.47/0.14 + 1.00/0.19 = 0.66/0.22]
INFO:experiments.py:[285/1000] 2.38 sec: loss(t/v)=0.15/2.91, scores(t/v)=[0.73/0.28 + 0.61/0.35 + 0.44/0.13 + 1.00/0.19 = 0.67/0.22]
INFO:experiments.py:[286/1000] 2.37 sec: loss(t/v)=0.15/2.92, scores(t/v)=[0.72/0.28 + 0.57/0.35 + 0.46/0.14 + 1.00/0.21 = 0.66/0.23]
INFO:experiments.py:[287/1000] 2.36 sec: loss(t/v)=0.16/2.91, scores(t/v)=[0.73/0.28 + 0.51/0.34 + 0.45/0.14 + 1.00/0.19 = 0.64/0.22]
INFO:experiments.py:[288/1000] 2.36 sec: loss(t/v)=0.15/2.92, scores(t/v)=[0.72/0.28 + 0.59/0.34 + 0.46/0.14 + 1.00/0.19 = 0.67/0.22]
INFO:experiments.py:[289/1000] 2.35 sec: loss(t/v)=0.15/2.92, scores(t/v)=[0.72/0.28 + 0.51/0.34 + 0.47/0.13 + 1.00/0.19 = 0.64/0.22]
INFO:experiments.py:[290/1000] 2.36 sec: loss(t/v)=0.15/2.92, scores(t/v)=[0.72/0.28 + 0.56/0.35 + 0.45/0.14 + 1.00/0.21 = 0.65/0.23]
INFO:experiments.py:[291/1000] 2.35 sec: loss(t/v)=0.15/2.91, scores(t/v)=[0.72/0.28 + 0.56/0.34 + 0.49/0.14 + 1.00/0.19 = 0.66/0.23]
INFO:experiments.py:[292/1000] 2.35 sec: loss(t/v)=0.16/2.92, scores(t/v)=[0.72/0.28 + 0.50/0.34 + 0.42/0.14 + 1.00/0.19 = 0.63/0.22]
INFO:experiments.py:[293/1000] 2.36 sec: loss(t/v)=0.16/2.92, scores(t/v)=[0.73/0.28 + 0.53/0.34 + 0.45/0.13 + 1.00/0.19 = 0.65/0.22]
INFO:experiments.py:[294/1000] 2.37 sec: loss(t/v)=0.16/2.93, scores(t/v)=[0.71/0.28 + 0.53/0.34 + 0.37/0.14 + 1.00/0.19 = 0.61/0.22]
INFO:experiments.py:[295/1000] 2.37 sec: loss(t/v)=0.15/2.94, scores(t/v)=[0.74/0.28 + 0.52/0.34 + 0.39/0.13 + 1.00/0.19 = 0.62/0.22]
INFO:experiments.py:[296/1000] 2.37 sec: loss(t/v)=0.15/2.93, scores(t/v)=[0.71/0.28 + 0.57/0.34 + 0.46/0.13 + 1.00/0.19 = 0.66/0.22]
INFO:experiments.py:[297/1000] 2.37 sec: loss(t/v)=0.17/2.92, scores(t/v)=[0.70/0.28 + 0.56/0.34 + 0.43/0.14 + 1.00/0.19 = 0.64/0.22]
INFO:experiments.py:[298/1000] 2.36 sec: loss(t/v)=0.15/2.93, scores(t/v)=[0.70/0.28 + 0.50/0.35 + 0.45/0.14 + 1.00/0.19 = 0.63/0.23]
INFO:experiments.py:[299/1000] 2.36 sec: loss(t/v)=0.15/2.92, scores(t/v)=[0.73/0.28 + 0.56/0.35 + 0.45/0.14 + 1.00/0.21 = 0.65/0.23]
INFO:experiments.py:[300/1000] 2.36 sec: loss(t/v)=0.15/2.92, scores(t/v)=[0.75/0.28 + 0.56/0.35 + 0.43/0.15 + 1.00/0.21 = 0.65/0.23]
INFO:experiments.py:[301/1000] 2.36 sec: loss(t/v)=0.14/2.91, scores(t/v)=[0.71/0.28 + 0.61/0.35 + 0.44/0.15 + 1.00/0.21 = 0.66/0.23]
INFO:experiments.py:[302/1000] 2.37 sec: loss(t/v)=0.15/2.92, scores(t/v)=[0.73/0.28 + 0.58/0.34 + 0.48/0.13 + 1.00/0.19 = 0.67/0.22]
INFO:experiments.py:[303/1000] 2.40 sec: loss(t/v)=0.14/2.93, scores(t/v)=[0.72/0.28 + 0.56/0.35 + 0.50/0.14 + 1.00/0.19 = 0.67/0.23]
INFO:experiments.py:[304/1000] 2.38 sec: loss(t/v)=0.15/2.93, scores(t/v)=[0.74/0.27 + 0.59/0.35 + 0.41/0.14 + 1.00/0.19 = 0.65/0.23]
INFO:experiments.py:[305/1000] 2.36 sec: loss(t/v)=0.15/2.92, scores(t/v)=[0.74/0.28 + 0.54/0.35 + 0.46/0.13 + 1.00/0.19 = 0.66/0.22]
INFO:experiments.py:[306/1000] 2.37 sec: loss(t/v)=0.16/2.91, scores(t/v)=[0.72/0.27 + 0.50/0.34 + 0.41/0.13 + 1.00/0.19 = 0.62/0.22]
INFO:experiments.py:[307/1000] 2.36 sec: loss(t/v)=0.15/2.91, scores(t/v)=[0.73/0.28 + 0.52/0.34 + 0.48/0.13 + 1.00/0.19 = 0.65/0.22]
INFO:experiments.py:[308/1000] 2.36 sec: loss(t/v)=0.14/2.91, scores(t/v)=[0.75/0.28 + 0.55/0.34 + 0.42/0.14 + 1.00/0.19 = 0.65/0.22]
INFO:experiments.py:[309/1000] 2.36 sec: loss(t/v)=0.14/2.91, scores(t/v)=[0.75/0.28 + 0.55/0.36 + 0.41/0.13 + 1.00/0.19 = 0.64/0.22]
INFO:experiments.py:[310/1000] 2.37 sec: loss(t/v)=0.15/2.92, scores(t/v)=[0.73/0.28 + 0.51/0.35 + 0.46/0.13 + 1.00/0.19 = 0.64/0.23]
INFO:experiments.py:[311/1000] 2.37 sec: loss(t/v)=0.15/2.91, scores(t/v)=[0.75/0.28 + 0.56/0.35 + 0.45/0.14 + 1.00/0.19 = 0.66/0.23]
INFO:experiments.py:[312/1000] 2.37 sec: loss(t/v)=0.17/2.91, scores(t/v)=[0.74/0.28 + 0.57/0.34 + 0.43/0.15 + 1.00/0.21 = 0.65/0.23]
INFO:experiments.py:[313/1000] 2.37 sec: loss(t/v)=0.16/2.92, scores(t/v)=[0.72/0.28 + 0.53/0.35 + 0.44/0.14 + 1.00/0.19 = 0.64/0.22]
INFO:experiments.py:[314/1000] 2.36 sec: loss(t/v)=0.17/2.92, scores(t/v)=[0.71/0.28 + 0.53/0.34 + 0.46/0.14 + 0.99/0.21 = 0.64/0.23]
INFO:experiments.py:[315/1000] 2.37 sec: loss(t/v)=0.15/2.91, scores(t/v)=[0.72/0.28 + 0.52/0.35 + 0.46/0.14 + 1.00/0.21 = 0.64/0.23]
INFO:experiments.py:[316/1000] 2.38 sec: loss(t/v)=0.19/2.90, scores(t/v)=[0.71/0.28 + 0.54/0.35 + 0.41/0.15 + 0.99/0.21 = 0.63/0.24]
INFO:experiments.py:[317/1000] 2.38 sec: loss(t/v)=0.15/2.90, scores(t/v)=[0.75/0.29 + 0.54/0.35 + 0.50/0.15 + 1.00/0.21 = 0.67/0.24]
INFO:experiments.py:[318/1000] 2.37 sec: loss(t/v)=0.15/2.90, scores(t/v)=[0.73/0.29 + 0.57/0.35 + 0.46/0.15 + 1.00/0.21 = 0.66/0.24]
INFO:experiments.py:[319/1000] 2.36 sec: loss(t/v)=0.14/2.89, scores(t/v)=[0.75/0.28 + 0.60/0.35 + 0.41/0.14 + 1.00/0.21 = 0.66/0.23]
INFO:experiments.py:[320/1000] 2.37 sec: loss(t/v)=0.16/2.90, scores(t/v)=[0.72/0.29 + 0.54/0.35 + 0.39/0.14 + 1.00/0.21 = 0.62/0.23]
INFO:experiments.py:[321/1000] 2.37 sec: loss(t/v)=0.16/2.90, scores(t/v)=[0.73/0.29 + 0.55/0.35 + 0.48/0.13 + 1.00/0.21 = 0.66/0.23]
INFO:experiments.py:[322/1000] 2.36 sec: loss(t/v)=0.17/2.90, scores(t/v)=[0.71/0.29 + 0.49/0.35 + 0.44/0.15 + 1.00/0.21 = 0.62/0.24]
INFO:experiments.py:[323/1000] 2.37 sec: loss(t/v)=0.16/2.91, scores(t/v)=[0.73/0.28 + 0.57/0.35 + 0.44/0.14 + 1.00/0.21 = 0.66/0.23]
INFO:experiments.py:[324/1000] 2.38 sec: loss(t/v)=0.16/2.91, scores(t/v)=[0.74/0.28 + 0.53/0.36 + 0.51/0.14 + 1.00/0.21 = 0.67/0.23]
INFO:experiments.py:[325/1000] 2.39 sec: loss(t/v)=0.14/2.90, scores(t/v)=[0.75/0.28 + 0.54/0.36 + 0.46/0.13 + 1.00/0.21 = 0.66/0.23]
INFO:experiments.py:[326/1000] 2.39 sec: loss(t/v)=0.15/2.89, scores(t/v)=[0.73/0.28 + 0.52/0.35 + 0.46/0.13 + 1.00/0.21 = 0.65/0.23]
INFO:experiments.py:[327/1000] 2.38 sec: loss(t/v)=0.16/2.90, scores(t/v)=[0.73/0.27 + 0.54/0.34 + 0.40/0.13 + 1.00/0.21 = 0.63/0.22]
INFO:experiments.py:[328/1000] 2.38 sec: loss(t/v)=0.16/2.90, scores(t/v)=[0.73/0.27 + 0.52/0.34 + 0.38/0.13 + 1.00/0.21 = 0.61/0.22]
INFO:experiments.py:[329/1000] 2.36 sec: loss(t/v)=0.20/2.92, scores(t/v)=[0.69/0.28 + 0.53/0.34 + 0.41/0.14 + 1.00/0.21 = 0.62/0.23]
INFO:experiments.py:[330/1000] 2.38 sec: loss(t/v)=0.14/2.92, scores(t/v)=[0.74/0.28 + 0.58/0.34 + 0.45/0.14 + 1.00/0.21 = 0.67/0.23]
INFO:experiments.py:[331/1000] 2.37 sec: loss(t/v)=0.17/2.92, scores(t/v)=[0.70/0.28 + 0.56/0.35 + 0.44/0.14 + 1.00/0.21 = 0.65/0.23]
INFO:experiments.py:[332/1000] 2.36 sec: loss(t/v)=0.17/2.92, scores(t/v)=[0.74/0.28 + 0.50/0.34 + 0.41/0.15 + 1.00/0.21 = 0.62/0.23]
INFO:experiments.py:[333/1000] 2.37 sec: loss(t/v)=0.15/2.92, scores(t/v)=[0.73/0.28 + 0.56/0.34 + 0.47/0.15 + 1.00/0.19 = 0.66/0.23]
INFO:experiments.py:[334/1000] 2.37 sec: loss(t/v)=0.15/2.91, scores(t/v)=[0.73/0.28 + 0.54/0.34 + 0.48/0.15 + 1.00/0.21 = 0.66/0.23]
INFO:experiments.py:[335/1000] 2.37 sec: loss(t/v)=0.14/2.91, scores(t/v)=[0.74/0.29 + 0.53/0.34 + 0.43/0.15 + 1.00/0.19 = 0.64/0.23]
INFO:experiments.py:[336/1000] 2.37 sec: loss(t/v)=0.17/2.92, scores(t/v)=[0.76/0.28 + 0.56/0.34 + 0.40/0.16 + 1.00/0.19 = 0.64/0.23]
INFO:experiments.py:[337/1000] 2.41 sec: loss(t/v)=0.16/2.92, scores(t/v)=[0.72/0.28 + 0.55/0.34 + 0.42/0.15 + 1.00/0.19 = 0.64/0.23]
INFO:experiments.py:[338/1000] 2.38 sec: loss(t/v)=0.15/2.92, scores(t/v)=[0.74/0.28 + 0.56/0.33 + 0.45/0.13 + 1.00/0.19 = 0.65/0.22]
INFO:experiments.py:[339/1000] 2.37 sec: loss(t/v)=0.14/2.92, scores(t/v)=[0.75/0.28 + 0.57/0.34 + 0.44/0.14 + 1.00/0.21 = 0.66/0.23]
INFO:experiments.py:[340/1000] 2.38 sec: loss(t/v)=0.15/2.91, scores(t/v)=[0.73/0.28 + 0.52/0.34 + 0.43/0.14 + 1.00/0.21 = 0.64/0.23]
INFO:experiments.py:[341/1000] 2.38 sec: loss(t/v)=0.16/2.92, scores(t/v)=[0.75/0.28 + 0.58/0.35 + 0.43/0.14 + 1.00/0.19 = 0.65/0.23]
INFO:experiments.py:[342/1000] 2.38 sec: loss(t/v)=0.17/2.93, scores(t/v)=[0.71/0.28 + 0.54/0.35 + 0.47/0.13 + 1.00/0.19 = 0.65/0.22]
INFO:experiments.py:[343/1000] 2.38 sec: loss(t/v)=0.16/2.91, scores(t/v)=[0.69/0.28 + 0.58/0.35 + 0.42/0.14 + 1.00/0.21 = 0.64/0.23]
INFO:experiments.py:[344/1000] 2.38 sec: loss(t/v)=0.15/2.92, scores(t/v)=[0.73/0.28 + 0.58/0.35 + 0.46/0.13 + 1.00/0.19 = 0.66/0.22]
INFO:experiments.py:[345/1000] 2.37 sec: loss(t/v)=0.14/2.91, scores(t/v)=[0.71/0.28 + 0.56/0.35 + 0.45/0.15 + 1.00/0.19 = 0.65/0.23]
INFO:experiments.py:[346/1000] 2.38 sec: loss(t/v)=0.15/2.91, scores(t/v)=[0.71/0.28 + 0.55/0.35 + 0.44/0.14 + 1.00/0.19 = 0.65/0.23]
INFO:experiments.py:[347/1000] 2.41 sec: loss(t/v)=0.16/2.92, scores(t/v)=[0.72/0.28 + 0.50/0.35 + 0.39/0.14 + 1.00/0.21 = 0.61/0.23]
INFO:experiments.py:[348/1000] 2.38 sec: loss(t/v)=0.17/2.92, scores(t/v)=[0.71/0.29 + 0.53/0.35 + 0.44/0.14 + 1.00/0.19 = 0.64/0.23]
INFO:experiments.py:[349/1000] 2.38 sec: loss(t/v)=0.16/2.93, scores(t/v)=[0.73/0.28 + 0.56/0.36 + 0.44/0.15 + 1.00/0.19 = 0.65/0.23]
INFO:experiments.py:[350/1000] 2.38 sec: loss(t/v)=0.15/2.93, scores(t/v)=[0.71/0.29 + 0.53/0.35 + 0.45/0.14 + 1.00/0.19 = 0.64/0.23]
INFO:experiments.py:[351/1000] 2.38 sec: loss(t/v)=0.16/2.92, scores(t/v)=[0.72/0.28 + 0.54/0.35 + 0.49/0.16 + 1.00/0.19 = 0.66/0.23]
INFO:experiments.py:[352/1000] 2.36 sec: loss(t/v)=0.16/2.94, scores(t/v)=[0.73/0.29 + 0.56/0.35 + 0.41/0.14 + 1.00/0.19 = 0.64/0.23]
INFO:experiments.py:[353/1000] 2.36 sec: loss(t/v)=0.16/2.93, scores(t/v)=[0.72/0.29 + 0.54/0.35 + 0.44/0.14 + 1.00/0.19 = 0.65/0.23]
INFO:experiments.py:[354/1000] 2.35 sec: loss(t/v)=0.17/2.94, scores(t/v)=[0.75/0.28 + 0.52/0.36 + 0.46/0.14 + 1.00/0.19 = 0.65/0.23]
INFO:experiments.py:[355/1000] 2.36 sec: loss(t/v)=0.15/2.93, scores(t/v)=[0.72/0.28 + 0.52/0.35 + 0.46/0.13 + 1.00/0.19 = 0.64/0.23]
INFO:experiments.py:[356/1000] 2.36 sec: loss(t/v)=0.16/2.92, scores(t/v)=[0.74/0.29 + 0.54/0.34 + 0.45/0.13 + 1.00/0.19 = 0.65/0.23]
INFO:experiments.py:[357/1000] 2.35 sec: loss(t/v)=0.15/2.91, scores(t/v)=[0.74/0.28 + 0.58/0.34 + 0.50/0.14 + 1.00/0.19 = 0.68/0.23]
INFO:experiments.py:[358/1000] 2.36 sec: loss(t/v)=0.15/2.91, scores(t/v)=[0.73/0.28 + 0.53/0.35 + 0.46/0.15 + 1.00/0.19 = 0.65/0.23]
INFO:experiments.py:[359/1000] 2.36 sec: loss(t/v)=0.16/2.91, scores(t/v)=[0.74/0.28 + 0.55/0.34 + 0.40/0.15 + 1.00/0.19 = 0.63/0.23]
INFO:experiments.py:[360/1000] 2.36 sec: loss(t/v)=0.13/2.91, scores(t/v)=[0.75/0.28 + 0.60/0.34 + 0.47/0.14 + 1.00/0.19 = 0.68/0.23]
INFO:experiments.py:[361/1000] 2.35 sec: loss(t/v)=0.15/2.91, scores(t/v)=[0.72/0.28 + 0.56/0.34 + 0.43/0.14 + 1.00/0.19 = 0.64/0.23]
INFO:experiments.py:[362/1000] 2.37 sec: loss(t/v)=0.15/2.91, scores(t/v)=[0.74/0.28 + 0.57/0.34 + 0.47/0.15 + 1.00/0.19 = 0.66/0.23]
INFO:experiments.py:[363/1000] 2.37 sec: loss(t/v)=0.16/2.92, scores(t/v)=[0.74/0.28 + 0.58/0.34 + 0.47/0.14 + 1.00/0.19 = 0.67/0.23]
INFO:experiments.py:[364/1000] 2.36 sec: loss(t/v)=0.15/2.92, scores(t/v)=[0.73/0.27 + 0.55/0.35 + 0.43/0.14 + 1.00/0.19 = 0.64/0.23]
INFO:experiments.py:[365/1000] 2.37 sec: loss(t/v)=0.15/2.92, scores(t/v)=[0.72/0.28 + 0.52/0.35 + 0.46/0.14 + 1.00/0.19 = 0.65/0.23]
INFO:experiments.py:[366/1000] 2.36 sec: loss(t/v)=0.16/2.92, scores(t/v)=[0.74/0.28 + 0.56/0.36 + 0.49/0.15 + 1.00/0.19 = 0.67/0.23]
INFO:experiments.py:[367/1000] 2.37 sec: loss(t/v)=0.16/2.92, scores(t/v)=[0.70/0.28 + 0.55/0.36 + 0.46/0.15 + 1.00/0.19 = 0.65/0.23]
INFO:experiments.py:[368/1000] 2.37 sec: loss(t/v)=0.15/2.91, scores(t/v)=[0.71/0.29 + 0.55/0.35 + 0.47/0.14 + 1.00/0.21 = 0.65/0.23]
INFO:experiments.py:[369/1000] 2.36 sec: loss(t/v)=0.15/2.91, scores(t/v)=[0.74/0.29 + 0.54/0.35 + 0.45/0.14 + 1.00/0.21 = 0.65/0.23]
INFO:experiments.py:[370/1000] 2.35 sec: loss(t/v)=0.15/2.91, scores(t/v)=[0.71/0.29 + 0.61/0.34 + 0.44/0.14 + 1.00/0.21 = 0.66/0.23]
INFO:experiments.py:[371/1000] 2.36 sec: loss(t/v)=0.19/2.90, scores(t/v)=[0.70/0.29 + 0.53/0.34 + 0.45/0.14 + 1.00/0.19 = 0.64/0.23]
INFO:experiments.py:[372/1000] 2.36 sec: loss(t/v)=0.15/2.90, scores(t/v)=[0.76/0.29 + 0.60/0.35 + 0.45/0.14 + 1.00/0.19 = 0.67/0.23]
INFO:experiments.py:[373/1000] 2.37 sec: loss(t/v)=0.15/2.90, scores(t/v)=[0.75/0.29 + 0.55/0.35 + 0.43/0.14 + 1.00/0.19 = 0.65/0.23]
INFO:experiments.py:[374/1000] 2.39 sec: loss(t/v)=0.15/2.90, scores(t/v)=[0.73/0.28 + 0.56/0.35 + 0.45/0.13 + 1.00/0.21 = 0.65/0.23]
INFO:experiments.py:[375/1000] 2.36 sec: loss(t/v)=0.16/2.90, scores(t/v)=[0.71/0.29 + 0.54/0.36 + 0.46/0.13 + 1.00/0.21 = 0.65/0.23]
INFO:experiments.py:[376/1000] 2.35 sec: loss(t/v)=0.17/2.90, scores(t/v)=[0.71/0.28 + 0.56/0.34 + 0.48/0.14 + 1.00/0.21 = 0.66/0.23]
INFO:experiments.py:[377/1000] 2.36 sec: loss(t/v)=0.15/2.91, scores(t/v)=[0.73/0.28 + 0.55/0.35 + 0.47/0.14 + 1.00/0.19 = 0.66/0.22]
INFO:experiments.py:[378/1000] 2.37 sec: loss(t/v)=0.16/2.91, scores(t/v)=[0.74/0.28 + 0.52/0.35 + 0.44/0.14 + 1.00/0.21 = 0.64/0.23]
INFO:experiments.py:[379/1000] 2.37 sec: loss(t/v)=0.17/2.92, scores(t/v)=[0.73/0.29 + 0.53/0.34 + 0.42/0.14 + 1.00/0.19 = 0.63/0.23]
INFO:experiments.py:[380/1000] 2.34 sec: loss(t/v)=0.18/2.94, scores(t/v)=[0.70/0.28 + 0.50/0.34 + 0.44/0.14 + 1.00/0.19 = 0.63/0.23]
INFO:experiments.py:[381/1000] 2.35 sec: loss(t/v)=0.15/2.95, scores(t/v)=[0.73/0.28 + 0.56/0.35 + 0.43/0.13 + 1.00/0.19 = 0.65/0.22]
INFO:experiments.py:[382/1000] 2.36 sec: loss(t/v)=0.18/2.93, scores(t/v)=[0.73/0.28 + 0.54/0.35 + 0.42/0.13 + 0.99/0.19 = 0.64/0.22]
INFO:experiments.py:[383/1000] 2.36 sec: loss(t/v)=0.16/2.94, scores(t/v)=[0.71/0.29 + 0.55/0.35 + 0.45/0.14 + 1.00/0.19 = 0.65/0.23]
INFO:experiments.py:[384/1000] 2.36 sec: loss(t/v)=0.16/2.93, scores(t/v)=[0.70/0.28 + 0.53/0.35 + 0.45/0.14 + 1.00/0.19 = 0.64/0.23]
INFO:experiments.py:[385/1000] 2.35 sec: loss(t/v)=0.16/2.93, scores(t/v)=[0.71/0.28 + 0.54/0.35 + 0.47/0.13 + 1.00/0.19 = 0.65/0.22]
INFO:experiments.py:[386/1000] 2.36 sec: loss(t/v)=0.16/2.91, scores(t/v)=[0.73/0.28 + 0.57/0.36 + 0.47/0.14 + 1.00/0.21 = 0.67/0.23]
INFO:experiments.py:[387/1000] 2.36 sec: loss(t/v)=0.15/2.91, scores(t/v)=[0.74/0.28 + 0.51/0.36 + 0.49/0.14 + 1.00/0.21 = 0.66/0.24]
INFO:experiments.py:[388/1000] 2.37 sec: loss(t/v)=0.16/2.92, scores(t/v)=[0.73/0.28 + 0.54/0.35 + 0.46/0.13 + 1.00/0.19 = 0.65/0.22]
INFO:experiments.py:[389/1000] 2.36 sec: loss(t/v)=0.17/2.91, scores(t/v)=[0.70/0.27 + 0.54/0.35 + 0.40/0.14 + 1.00/0.19 = 0.62/0.23]
INFO:experiments.py:[390/1000] 2.38 sec: loss(t/v)=0.15/2.91, scores(t/v)=[0.70/0.28 + 0.58/0.35 + 0.43/0.15 + 1.00/0.21 = 0.65/0.24]
INFO:experiments.py:[391/1000] 2.36 sec: loss(t/v)=0.16/2.91, scores(t/v)=[0.74/0.29 + 0.53/0.35 + 0.42/0.14 + 1.00/0.19 = 0.64/0.23]
INFO:experiments.py:[392/1000] 2.36 sec: loss(t/v)=0.17/2.91, scores(t/v)=[0.74/0.29 + 0.56/0.35 + 0.37/0.14 + 1.00/0.19 = 0.63/0.23]
INFO:experiments.py:[393/1000] 2.36 sec: loss(t/v)=0.15/2.92, scores(t/v)=[0.72/0.29 + 0.60/0.35 + 0.46/0.13 + 1.00/0.19 = 0.67/0.22]
INFO:experiments.py:[394/1000] 2.36 sec: loss(t/v)=0.16/2.92, scores(t/v)=[0.74/0.28 + 0.58/0.35 + 0.46/0.13 + 1.00/0.19 = 0.67/0.22]
INFO:experiments.py:[395/1000] 2.38 sec: loss(t/v)=0.15/2.92, scores(t/v)=[0.74/0.28 + 0.56/0.35 + 0.45/0.13 + 1.00/0.19 = 0.66/0.22]
INFO:experiments.py:[396/1000] 2.39 sec: loss(t/v)=0.15/2.92, scores(t/v)=[0.70/0.28 + 0.53/0.35 + 0.50/0.13 + 1.00/0.21 = 0.66/0.23]
INFO:experiments.py:[397/1000] 2.37 sec: loss(t/v)=0.15/2.92, scores(t/v)=[0.70/0.29 + 0.54/0.35 + 0.43/0.13 + 1.00/0.21 = 0.64/0.23]
INFO:experiments.py:[398/1000] 2.37 sec: loss(t/v)=0.16/2.93, scores(t/v)=[0.74/0.29 + 0.57/0.35 + 0.38/0.14 + 1.00/0.21 = 0.63/0.23]
INFO:experiments.py:[399/1000] 2.38 sec: loss(t/v)=0.16/2.92, scores(t/v)=[0.73/0.29 + 0.58/0.35 + 0.48/0.14 + 1.00/0.19 = 0.67/0.23]
INFO:experiments.py:[400/1000] 2.37 sec: loss(t/v)=0.17/2.93, scores(t/v)=[0.72/0.29 + 0.51/0.35 + 0.45/0.13 + 1.00/0.21 = 0.63/0.23]
INFO:experiments.py:[401/1000] 2.38 sec: loss(t/v)=0.16/2.92, scores(t/v)=[0.73/0.29 + 0.56/0.35 + 0.45/0.15 + 1.00/0.19 = 0.65/0.23]
INFO:experiments.py:[402/1000] 2.40 sec: loss(t/v)=0.15/2.92, scores(t/v)=[0.73/0.28 + 0.56/0.35 + 0.44/0.13 + 1.00/0.21 = 0.65/0.23]
INFO:experiments.py:[403/1000] 2.37 sec: loss(t/v)=0.16/2.93, scores(t/v)=[0.71/0.28 + 0.54/0.34 + 0.41/0.14 + 1.00/0.19 = 0.63/0.23]
INFO:experiments.py:[404/1000] 2.37 sec: loss(t/v)=0.16/2.92, scores(t/v)=[0.74/0.28 + 0.56/0.35 + 0.46/0.14 + 1.00/0.19 = 0.66/0.23]
INFO:experiments.py:[405/1000] 2.37 sec: loss(t/v)=0.16/2.92, scores(t/v)=[0.75/0.28 + 0.58/0.35 + 0.39/0.14 + 1.00/0.19 = 0.64/0.23]
INFO:experiments.py:[406/1000] 2.37 sec: loss(t/v)=0.16/2.91, scores(t/v)=[0.74/0.28 + 0.55/0.36 + 0.43/0.14 + 1.00/0.21 = 0.65/0.24]
INFO:experiments.py:[407/1000] 2.38 sec: loss(t/v)=0.17/2.91, scores(t/v)=[0.70/0.28 + 0.53/0.35 + 0.41/0.14 + 1.00/0.21 = 0.62/0.23]
INFO:experiments.py:[408/1000] 2.38 sec: loss(t/v)=0.17/2.92, scores(t/v)=[0.71/0.29 + 0.55/0.34 + 0.45/0.15 + 1.00/0.19 = 0.65/0.23]
INFO:experiments.py:[409/1000] 2.37 sec: loss(t/v)=0.15/2.91, scores(t/v)=[0.74/0.28 + 0.56/0.33 + 0.47/0.14 + 1.00/0.19 = 0.67/0.23]
INFO:experiments.py:[410/1000] 2.37 sec: loss(t/v)=0.16/2.92, scores(t/v)=[0.71/0.28 + 0.57/0.34 + 0.49/0.14 + 1.00/0.19 = 0.67/0.22]
INFO:experiments.py:[411/1000] 2.37 sec: loss(t/v)=0.14/2.92, scores(t/v)=[0.72/0.29 + 0.54/0.34 + 0.45/0.15 + 1.00/0.21 = 0.65/0.24]
INFO:experiments.py:[412/1000] 2.35 sec: loss(t/v)=0.16/2.92, scores(t/v)=[0.73/0.28 + 0.59/0.35 + 0.46/0.14 + 1.00/0.21 = 0.67/0.23]
INFO:experiments.py:[413/1000] 2.35 sec: loss(t/v)=0.14/2.91, scores(t/v)=[0.75/0.28 + 0.58/0.35 + 0.46/0.15 + 1.00/0.21 = 0.67/0.23]
INFO:experiments.py:[414/1000] 2.35 sec: loss(t/v)=0.16/2.91, scores(t/v)=[0.74/0.29 + 0.52/0.35 + 0.41/0.15 + 1.00/0.21 = 0.63/0.24]
INFO:experiments.py:[415/1000] 2.37 sec: loss(t/v)=0.16/2.91, scores(t/v)=[0.77/0.29 + 0.57/0.34 + 0.44/0.15 + 0.99/0.21 = 0.66/0.24]
INFO:experiments.py:[416/1000] 2.37 sec: loss(t/v)=0.15/2.91, scores(t/v)=[0.73/0.28 + 0.55/0.34 + 0.44/0.14 + 1.00/0.19 = 0.65/0.23]
INFO:experiments.py:[417/1000] 2.36 sec: loss(t/v)=0.17/2.92, scores(t/v)=[0.71/0.28 + 0.53/0.34 + 0.47/0.14 + 1.00/0.19 = 0.65/0.23]
INFO:experiments.py:[418/1000] 2.36 sec: loss(t/v)=0.16/2.92, scores(t/v)=[0.72/0.28 + 0.50/0.35 + 0.42/0.14 + 1.00/0.19 = 0.63/0.23]
INFO:experiments.py:[419/1000] 2.36 sec: loss(t/v)=0.18/2.91, scores(t/v)=[0.71/0.28 + 0.51/0.35 + 0.42/0.15 + 1.00/0.19 = 0.63/0.23]
INFO:experiments.py:[420/1000] 2.37 sec: loss(t/v)=0.15/2.91, scores(t/v)=[0.72/0.28 + 0.56/0.35 + 0.46/0.15 + 1.00/0.19 = 0.66/0.23]
INFO:experiments.py:[421/1000] 2.37 sec: loss(t/v)=0.16/2.92, scores(t/v)=[0.71/0.28 + 0.55/0.35 + 0.47/0.14 + 1.00/0.19 = 0.66/0.23]
INFO:experiments.py:[422/1000] 2.39 sec: loss(t/v)=0.14/2.91, scores(t/v)=[0.75/0.28 + 0.54/0.35 + 0.47/0.14 + 1.00/0.19 = 0.66/0.23]
INFO:experiments.py:[423/1000] 2.38 sec: loss(t/v)=0.14/2.91, scores(t/v)=[0.75/0.28 + 0.56/0.35 + 0.39/0.14 + 1.00/0.19 = 0.64/0.23]
INFO:experiments.py:[424/1000] 2.36 sec: loss(t/v)=0.15/2.90, scores(t/v)=[0.72/0.28 + 0.53/0.35 + 0.49/0.14 + 1.00/0.19 = 0.66/0.23]
INFO:experiments.py:[425/1000] 2.36 sec: loss(t/v)=0.16/2.91, scores(t/v)=[0.73/0.29 + 0.53/0.33 + 0.45/0.14 + 1.00/0.19 = 0.65/0.23]
INFO:experiments.py:[426/1000] 2.36 sec: loss(t/v)=0.17/2.92, scores(t/v)=[0.69/0.28 + 0.54/0.35 + 0.46/0.15 + 1.00/0.19 = 0.64/0.23]
INFO:experiments.py:[427/1000] 2.37 sec: loss(t/v)=0.17/2.91, scores(t/v)=[0.71/0.28 + 0.53/0.34 + 0.40/0.14 + 1.00/0.21 = 0.63/0.23]
INFO:experiments.py:[428/1000] 2.36 sec: loss(t/v)=0.16/2.91, scores(t/v)=[0.73/0.28 + 0.57/0.35 + 0.49/0.14 + 1.00/0.19 = 0.67/0.23]
INFO:experiments.py:[429/1000] 2.36 sec: loss(t/v)=0.18/2.91, scores(t/v)=[0.69/0.28 + 0.57/0.34 + 0.46/0.15 + 0.99/0.19 = 0.65/0.23]
INFO:experiments.py:[430/1000] 2.37 sec: loss(t/v)=0.15/2.91, scores(t/v)=[0.74/0.28 + 0.53/0.34 + 0.43/0.15 + 1.00/0.19 = 0.64/0.23]
INFO:experiments.py:[431/1000] 2.37 sec: loss(t/v)=0.15/2.91, scores(t/v)=[0.73/0.28 + 0.57/0.35 + 0.40/0.15 + 1.00/0.21 = 0.64/0.23]
INFO:experiments.py:[432/1000] 2.37 sec: loss(t/v)=0.14/2.92, scores(t/v)=[0.72/0.28 + 0.60/0.35 + 0.43/0.15 + 1.00/0.19 = 0.66/0.23]
INFO:experiments.py:[433/1000] 2.36 sec: loss(t/v)=0.16/2.92, scores(t/v)=[0.73/0.28 + 0.51/0.35 + 0.40/0.15 + 1.00/0.19 = 0.62/0.23]
INFO:experiments.py:[434/1000] 2.37 sec: loss(t/v)=0.16/2.92, scores(t/v)=[0.70/0.28 + 0.53/0.35 + 0.46/0.15 + 1.00/0.19 = 0.65/0.23]
INFO:experiments.py:[435/1000] 2.37 sec: loss(t/v)=0.15/2.93, scores(t/v)=[0.73/0.29 + 0.54/0.35 + 0.49/0.14 + 1.00/0.19 = 0.66/0.23]
INFO:experiments.py:[436/1000] 2.37 sec: loss(t/v)=0.14/2.93, scores(t/v)=[0.72/0.29 + 0.52/0.35 + 0.47/0.14 + 1.00/0.19 = 0.65/0.23]
INFO:experiments.py:[437/1000] 2.37 sec: loss(t/v)=0.14/2.92, scores(t/v)=[0.72/0.28 + 0.53/0.34 + 0.50/0.15 + 1.00/0.19 = 0.66/0.23]
INFO:experiments.py:[438/1000] 2.37 sec: loss(t/v)=0.15/2.92, scores(t/v)=[0.71/0.29 + 0.55/0.35 + 0.44/0.14 + 1.00/0.19 = 0.64/0.23]
INFO:experiments.py:[439/1000] 2.37 sec: loss(t/v)=0.15/2.92, scores(t/v)=[0.73/0.29 + 0.55/0.34 + 0.50/0.14 + 1.00/0.19 = 0.67/0.23]
INFO:experiments.py:[440/1000] 2.36 sec: loss(t/v)=0.17/2.93, scores(t/v)=[0.74/0.28 + 0.60/0.35 + 0.42/0.14 + 1.00/0.19 = 0.66/0.23]
INFO:experiments.py:[441/1000] 2.37 sec: loss(t/v)=0.16/2.92, scores(t/v)=[0.72/0.28 + 0.51/0.35 + 0.47/0.14 + 1.00/0.19 = 0.64/0.23]
INFO:experiments.py:[442/1000] 2.37 sec: loss(t/v)=0.16/2.92, scores(t/v)=[0.74/0.28 + 0.54/0.35 + 0.41/0.14 + 1.00/0.19 = 0.64/0.23]
INFO:experiments.py:[443/1000] 2.37 sec: loss(t/v)=0.15/2.92, scores(t/v)=[0.74/0.28 + 0.56/0.35 + 0.45/0.14 + 1.00/0.19 = 0.66/0.23]
INFO:experiments.py:[444/1000] 2.37 sec: loss(t/v)=0.14/2.92, scores(t/v)=[0.73/0.28 + 0.60/0.34 + 0.48/0.14 + 1.00/0.19 = 0.67/0.23]
INFO:experiments.py:[445/1000] 2.40 sec: loss(t/v)=0.16/2.93, scores(t/v)=[0.73/0.28 + 0.54/0.35 + 0.46/0.14 + 1.00/0.19 = 0.65/0.22]
INFO:experiments.py:[446/1000] 2.38 sec: loss(t/v)=0.16/2.93, scores(t/v)=[0.72/0.28 + 0.53/0.34 + 0.37/0.14 + 1.00/0.19 = 0.61/0.22]
INFO:experiments.py:[447/1000] 2.36 sec: loss(t/v)=0.15/2.93, scores(t/v)=[0.72/0.28 + 0.50/0.34 + 0.46/0.14 + 1.00/0.19 = 0.64/0.23]
INFO:experiments.py:[448/1000] 2.35 sec: loss(t/v)=0.15/2.93, scores(t/v)=[0.73/0.28 + 0.56/0.35 + 0.48/0.15 + 1.00/0.19 = 0.67/0.23]
INFO:experiments.py:[449/1000] 2.37 sec: loss(t/v)=0.15/2.91, scores(t/v)=[0.73/0.28 + 0.53/0.36 + 0.43/0.15 + 1.00/0.19 = 0.64/0.23]
INFO:experiments.py:[450/1000] 2.37 sec: loss(t/v)=0.16/2.91, scores(t/v)=[0.72/0.28 + 0.58/0.35 + 0.43/0.15 + 1.00/0.19 = 0.65/0.23]
INFO:experiments.py:[451/1000] 2.37 sec: loss(t/v)=0.15/2.90, scores(t/v)=[0.74/0.29 + 0.58/0.36 + 0.46/0.14 + 1.00/0.19 = 0.67/0.23]
INFO:experiments.py:[452/1000] 2.37 sec: loss(t/v)=0.17/2.90, scores(t/v)=[0.72/0.29 + 0.57/0.35 + 0.45/0.14 + 1.00/0.21 = 0.66/0.23]
INFO:experiments.py:[453/1000] 2.35 sec: loss(t/v)=0.15/2.92, scores(t/v)=[0.75/0.28 + 0.55/0.34 + 0.47/0.13 + 1.00/0.19 = 0.66/0.22]
INFO:experiments.py:[454/1000] 2.36 sec: loss(t/v)=0.17/2.92, scores(t/v)=[0.72/0.28 + 0.55/0.34 + 0.47/0.14 + 1.00/0.19 = 0.66/0.22]
INFO:experiments.py:[455/1000] 2.37 sec: loss(t/v)=0.15/2.92, scores(t/v)=[0.72/0.28 + 0.50/0.34 + 0.40/0.14 + 1.00/0.19 = 0.62/0.22]
INFO:experiments.py:[456/1000] 2.36 sec: loss(t/v)=0.14/2.92, scores(t/v)=[0.74/0.28 + 0.57/0.34 + 0.47/0.13 + 1.00/0.19 = 0.67/0.22]
INFO:experiments.py:[457/1000] 2.37 sec: loss(t/v)=0.15/2.92, scores(t/v)=[0.73/0.28 + 0.55/0.35 + 0.42/0.14 + 1.00/0.21 = 0.64/0.23]
INFO:experiments.py:[458/1000] 2.37 sec: loss(t/v)=0.15/2.91, scores(t/v)=[0.74/0.29 + 0.58/0.35 + 0.43/0.14 + 1.00/0.19 = 0.65/0.23]
INFO:experiments.py:[459/1000] 2.36 sec: loss(t/v)=0.16/2.91, scores(t/v)=[0.72/0.28 + 0.56/0.35 + 0.44/0.13 + 1.00/0.19 = 0.65/0.22]
INFO:experiments.py:[460/1000] 2.35 sec: loss(t/v)=0.16/2.92, scores(t/v)=[0.73/0.28 + 0.57/0.35 + 0.50/0.14 + 1.00/0.19 = 0.68/0.23]
