INFO:experiments.py:+ Begin training with configuration:
{   'data': '/rap/jvb-000-aa/COURS2019/etudiants/data/omsignal/myHeartProject/',
    'dataloader': {   'batch_size': 64,
                      'num_workers': 6,
                      'shuffle': True,
                      'test_proportion': 0.2},
    'models': {   'tspec': {   'hid_dim': 500,
                               'num_layers': 4,
                               'out_dims': [1, 1, 1, 32],
                               'spec_len': 1876,
                               'ts_len': 3750}},
    'preprocessing': {'noise_gain': 0.25},
    'training': {   'early_stopping_patience': 100,
                    'epochs': 1000,
                    'l2': 0.001,
                    'learning_rate': 0.01,
                    'momentum': 0.9,
                    'schedule_patience': 20}}
INFO:experiments.py:+ New best model found: loss=3.4660260677337646, score=0.0
INFO:experiments.py:[1/1000] 3.74 sec: loss(t/v)=3.71/3.47, scores(t/v)=[0.04/0.00 + 0.09/0.00 + 0.04/0.01 + 0.00/0.00 = 0.03/0.00]
INFO:experiments.py:[2/1000] 3.50 sec: loss(t/v)=3.56/3.47, scores(t/v)=[0.17/0.05 + 0.23/0.00 + 0.25/0.04 + 0.08/0.00 = 0.16/0.00]
INFO:experiments.py:[3/1000] 3.50 sec: loss(t/v)=3.38/3.47, scores(t/v)=[0.17/0.20 + 0.37/0.00 + 0.25/0.14 + 0.14/0.00 = 0.22/0.00]
INFO:experiments.py:[4/1000] 3.51 sec: loss(t/v)=3.24/3.47, scores(t/v)=[0.20/0.17 + 0.36/0.01 + 0.21/0.10 + 0.19/0.00 = 0.23/0.00]
INFO:experiments.py:[5/1000] 3.51 sec: loss(t/v)=3.06/3.47, scores(t/v)=[0.29/0.19 + 0.46/0.15 + 0.26/0.21 + 0.31/0.00 = 0.32/0.00]
INFO:experiments.py:+ New best model found: loss=3.455512762069702, score=0.09525519677572505
INFO:experiments.py:[6/1000] 3.51 sec: loss(t/v)=2.90/3.46, scores(t/v)=[0.19/0.09 + 0.46/0.32 + 0.34/0.18 + 0.36/0.02 = 0.32/0.10]
INFO:experiments.py:+ New best model found: loss=3.4229540824890137, score=0.12757613858966796
INFO:experiments.py:[7/1000] 3.50 sec: loss(t/v)=2.73/3.42, scores(t/v)=[0.40/0.19 + 0.50/0.35 + 0.33/0.24 + 0.41/0.02 = 0.41/0.13]
INFO:experiments.py:+ New best model found: loss=3.3509302139282227, score=0.16738009191849332
INFO:experiments.py:[8/1000] 3.51 sec: loss(t/v)=2.56/3.35, scores(t/v)=[0.38/0.12 + 0.49/0.41 + 0.40/0.19 + 0.48/0.08 = 0.44/0.17]
INFO:experiments.py:+ New best model found: loss=3.2664451599121094, score=0.2259795509909935
INFO:experiments.py:[9/1000] 3.52 sec: loss(t/v)=2.34/3.27, scores(t/v)=[0.33/0.22 + 0.59/0.35 + 0.38/0.23 + 0.56/0.15 = 0.45/0.23]
INFO:experiments.py:+ New best model found: loss=3.1307168006896973, score=0.24169881818642622
INFO:experiments.py:[10/1000] 3.52 sec: loss(t/v)=2.11/3.13, scores(t/v)=[0.47/0.18 + 0.55/0.36 + 0.50/0.25 + 0.60/0.21 = 0.53/0.24]
INFO:experiments.py:+ New best model found: loss=3.0032665729522705, score=0.26458625835983934
INFO:experiments.py:[11/1000] 3.52 sec: loss(t/v)=1.91/3.00, scores(t/v)=[0.49/0.26 + 0.60/0.34 + 0.47/0.21 + 0.66/0.26 = 0.55/0.26]
INFO:experiments.py:+ New best model found: loss=2.921804666519165, score=0.26034944151971406
INFO:experiments.py:[12/1000] 3.51 sec: loss(t/v)=1.67/2.92, scores(t/v)=[0.53/0.15 + 0.57/0.48 + 0.50/0.27 + 0.74/0.24 = 0.58/0.26]
INFO:experiments.py:+ New best model found: loss=2.891190528869629, score=0.24882465053604852
INFO:experiments.py:[13/1000] 3.52 sec: loss(t/v)=1.47/2.89, scores(t/v)=[0.60/0.19 + 0.61/0.38 + 0.54/0.22 + 0.78/0.24 = 0.62/0.25]
INFO:experiments.py:+ New best model found: loss=2.850706100463867, score=0.27749230444569783
INFO:experiments.py:[14/1000] 3.51 sec: loss(t/v)=1.27/2.85, scores(t/v)=[0.58/0.24 + 0.62/0.45 + 0.52/0.27 + 0.82/0.21 = 0.63/0.28]
INFO:experiments.py:[15/1000] 3.52 sec: loss(t/v)=1.12/2.86, scores(t/v)=[0.55/0.35 + 0.60/0.37 + 0.53/0.25 + 0.87/0.21 = 0.63/0.29]
INFO:experiments.py:+ New best model found: loss=2.8436999320983887, score=0.30154893801768046
INFO:experiments.py:[16/1000] 3.53 sec: loss(t/v)=0.95/2.84, scores(t/v)=[0.61/0.28 + 0.61/0.50 + 0.48/0.23 + 0.90/0.26 = 0.64/0.30]
INFO:experiments.py:+ New best model found: loss=2.8247146606445312, score=0.32275885908916496
INFO:experiments.py:[17/1000] 3.51 sec: loss(t/v)=0.75/2.82, scores(t/v)=[0.63/0.35 + 0.64/0.49 + 0.54/0.24 + 0.98/0.26 = 0.68/0.32]
INFO:experiments.py:+ New best model found: loss=2.7890331745147705, score=0.3162176414814918
INFO:experiments.py:[18/1000] 3.51 sec: loss(t/v)=0.62/2.79, scores(t/v)=[0.67/0.36 + 0.63/0.50 + 0.55/0.23 + 0.97/0.24 = 0.69/0.32]
INFO:experiments.py:+ New best model found: loss=2.7829740047454834, score=0.3141245299339967
INFO:experiments.py:[19/1000] 3.52 sec: loss(t/v)=0.49/2.78, scores(t/v)=[0.69/0.31 + 0.64/0.50 + 0.56/0.26 + 0.97/0.24 = 0.70/0.31]
INFO:experiments.py:+ New best model found: loss=2.772507429122925, score=0.3259857794051968
INFO:experiments.py:[20/1000] 3.51 sec: loss(t/v)=0.41/2.77, scores(t/v)=[0.70/0.40 + 0.65/0.41 + 0.54/0.28 + 0.99/0.24 = 0.70/0.33]
INFO:experiments.py:[21/1000] 3.51 sec: loss(t/v)=0.30/2.79, scores(t/v)=[0.69/0.36 + 0.65/0.52 + 0.56/0.29 + 1.00/0.26 = 0.71/0.34]
INFO:experiments.py:[22/1000] 3.51 sec: loss(t/v)=0.27/2.78, scores(t/v)=[0.72/0.35 + 0.66/0.53 + 0.58/0.29 + 1.00/0.27 = 0.73/0.35]
INFO:experiments.py:[23/1000] 3.52 sec: loss(t/v)=0.23/2.78, scores(t/v)=[0.74/0.37 + 0.70/0.53 + 0.61/0.31 + 1.00/0.27 = 0.75/0.36]
INFO:experiments.py:+ New best model found: loss=2.771383047103882, score=0.36416415082695097
INFO:experiments.py:[24/1000] 3.52 sec: loss(t/v)=0.23/2.77, scores(t/v)=[0.74/0.38 + 0.68/0.51 + 0.66/0.33 + 1.00/0.27 = 0.76/0.36]
INFO:experiments.py:+ New best model found: loss=2.766569137573242, score=0.3666844644103865
INFO:experiments.py:[25/1000] 3.51 sec: loss(t/v)=0.21/2.77, scores(t/v)=[0.78/0.39 + 0.70/0.51 + 0.62/0.33 + 1.00/0.27 = 0.76/0.37]
INFO:experiments.py:+ New best model found: loss=2.7655723094940186, score=0.3680261425656579
INFO:experiments.py:[26/1000] 3.52 sec: loss(t/v)=0.20/2.77, scores(t/v)=[0.79/0.39 + 0.75/0.52 + 0.64/0.33 + 1.00/0.27 = 0.78/0.37]
INFO:experiments.py:[27/1000] 3.52 sec: loss(t/v)=0.19/2.77, scores(t/v)=[0.78/0.38 + 0.70/0.53 + 0.66/0.34 + 1.00/0.29 = 0.78/0.37]
INFO:experiments.py:[28/1000] 3.51 sec: loss(t/v)=0.19/2.77, scores(t/v)=[0.78/0.38 + 0.73/0.53 + 0.66/0.31 + 1.00/0.27 = 0.78/0.36]
INFO:experiments.py:+ New best model found: loss=2.759089231491089, score=0.36013860537009434
INFO:experiments.py:[29/1000] 3.53 sec: loss(t/v)=0.18/2.76, scores(t/v)=[0.78/0.37 + 0.73/0.53 + 0.69/0.31 + 1.00/0.27 = 0.79/0.36]
INFO:experiments.py:[30/1000] 3.51 sec: loss(t/v)=0.17/2.76, scores(t/v)=[0.80/0.38 + 0.76/0.52 + 0.66/0.31 + 1.00/0.29 = 0.80/0.36]
INFO:experiments.py:+ New best model found: loss=2.758774995803833, score=0.3586481040194653
INFO:experiments.py:[31/1000] 3.51 sec: loss(t/v)=0.17/2.76, scores(t/v)=[0.80/0.38 + 0.74/0.52 + 0.69/0.31 + 1.00/0.27 = 0.80/0.36]
INFO:experiments.py:+ New best model found: loss=2.7551753520965576, score=0.3545707781458042
INFO:experiments.py:[32/1000] 3.53 sec: loss(t/v)=0.17/2.76, scores(t/v)=[0.80/0.38 + 0.74/0.51 + 0.67/0.30 + 1.00/0.27 = 0.80/0.35]
INFO:experiments.py:+ New best model found: loss=2.751887321472168, score=0.35771748037115364
INFO:experiments.py:[33/1000] 3.54 sec: loss(t/v)=0.16/2.75, scores(t/v)=[0.81/0.39 + 0.76/0.52 + 0.68/0.30 + 1.00/0.27 = 0.81/0.36]
INFO:experiments.py:+ New best model found: loss=2.7515716552734375, score=0.35722634563785366
INFO:experiments.py:[34/1000] 3.54 sec: loss(t/v)=0.16/2.75, scores(t/v)=[0.81/0.38 + 0.76/0.52 + 0.68/0.28 + 1.00/0.29 = 0.80/0.36]
INFO:experiments.py:[35/1000] 3.53 sec: loss(t/v)=0.16/2.76, scores(t/v)=[0.80/0.38 + 0.73/0.52 + 0.67/0.28 + 1.00/0.29 = 0.79/0.36]
INFO:experiments.py:+ New best model found: loss=2.744877815246582, score=0.34910215596307415
INFO:experiments.py:[36/1000] 3.53 sec: loss(t/v)=0.19/2.74, scores(t/v)=[0.79/0.38 + 0.74/0.50 + 0.67/0.28 + 1.00/0.27 = 0.79/0.35]
INFO:experiments.py:+ New best model found: loss=2.7448060512542725, score=0.34557333520843264
INFO:experiments.py:[37/1000] 3.53 sec: loss(t/v)=0.15/2.74, scores(t/v)=[0.80/0.38 + 0.75/0.50 + 0.69/0.29 + 1.00/0.26 = 0.80/0.35]
INFO:experiments.py:[38/1000] 3.53 sec: loss(t/v)=0.14/2.75, scores(t/v)=[0.81/0.38 + 0.75/0.52 + 0.71/0.30 + 1.00/0.27 = 0.81/0.36]
INFO:experiments.py:+ New best model found: loss=2.7428181171417236, score=0.35711803858915103
INFO:experiments.py:[39/1000] 3.54 sec: loss(t/v)=0.15/2.74, scores(t/v)=[0.81/0.39 + 0.75/0.52 + 0.69/0.29 + 1.00/0.27 = 0.80/0.36]
INFO:experiments.py:+ New best model found: loss=2.74008846282959, score=0.35829735463128104
INFO:experiments.py:[40/1000] 3.53 sec: loss(t/v)=0.15/2.74, scores(t/v)=[0.79/0.39 + 0.76/0.51 + 0.67/0.29 + 1.00/0.29 = 0.80/0.36]
INFO:experiments.py:[41/1000] 3.52 sec: loss(t/v)=0.14/2.75, scores(t/v)=[0.80/0.38 + 0.77/0.53 + 0.69/0.29 + 1.00/0.24 = 0.81/0.34]
INFO:experiments.py:[42/1000] 3.51 sec: loss(t/v)=0.13/2.75, scores(t/v)=[0.79/0.38 + 0.78/0.53 + 0.70/0.29 + 1.00/0.26 = 0.81/0.35]
INFO:experiments.py:[43/1000] 3.52 sec: loss(t/v)=0.15/2.75, scores(t/v)=[0.80/0.38 + 0.73/0.53 + 0.67/0.29 + 1.00/0.26 = 0.79/0.35]
INFO:experiments.py:[44/1000] 3.53 sec: loss(t/v)=0.16/2.75, scores(t/v)=[0.79/0.38 + 0.73/0.52 + 0.66/0.29 + 1.00/0.26 = 0.79/0.35]
INFO:experiments.py:[45/1000] 3.54 sec: loss(t/v)=0.14/2.75, scores(t/v)=[0.80/0.38 + 0.75/0.52 + 0.68/0.29 + 1.00/0.26 = 0.80/0.35]
INFO:experiments.py:[46/1000] 3.55 sec: loss(t/v)=0.14/2.75, scores(t/v)=[0.80/0.38 + 0.77/0.52 + 0.72/0.29 + 1.00/0.26 = 0.82/0.35]
INFO:experiments.py:[47/1000] 3.63 sec: loss(t/v)=0.14/2.74, scores(t/v)=[0.78/0.38 + 0.74/0.52 + 0.71/0.30 + 1.00/0.26 = 0.80/0.35]
INFO:experiments.py:[48/1000] 3.54 sec: loss(t/v)=0.14/2.74, scores(t/v)=[0.81/0.38 + 0.73/0.52 + 0.68/0.29 + 1.00/0.26 = 0.80/0.35]
INFO:experiments.py:[49/1000] 3.54 sec: loss(t/v)=0.14/2.75, scores(t/v)=[0.80/0.39 + 0.76/0.51 + 0.68/0.30 + 1.00/0.26 = 0.80/0.35]
INFO:experiments.py:[50/1000] 3.55 sec: loss(t/v)=0.14/2.75, scores(t/v)=[0.79/0.39 + 0.76/0.51 + 0.71/0.29 + 1.00/0.26 = 0.81/0.35]
INFO:experiments.py:[51/1000] 3.54 sec: loss(t/v)=0.14/2.74, scores(t/v)=[0.82/0.39 + 0.77/0.51 + 0.72/0.29 + 1.00/0.26 = 0.82/0.35]
INFO:experiments.py:[52/1000] 3.53 sec: loss(t/v)=0.14/2.75, scores(t/v)=[0.82/0.39 + 0.77/0.51 + 0.72/0.30 + 1.00/0.24 = 0.82/0.34]
INFO:experiments.py:[53/1000] 3.54 sec: loss(t/v)=0.14/2.74, scores(t/v)=[0.82/0.38 + 0.75/0.51 + 0.69/0.29 + 1.00/0.27 = 0.81/0.35]
INFO:experiments.py:[54/1000] 3.52 sec: loss(t/v)=0.13/2.75, scores(t/v)=[0.78/0.38 + 0.77/0.51 + 0.70/0.29 + 1.00/0.27 = 0.81/0.35]
INFO:experiments.py:+ New best model found: loss=2.7400500774383545, score=0.3545862382532586
INFO:experiments.py:[55/1000] 3.54 sec: loss(t/v)=0.13/2.74, scores(t/v)=[0.82/0.38 + 0.76/0.51 + 0.69/0.30 + 1.00/0.27 = 0.81/0.35]
INFO:experiments.py:+ New best model found: loss=2.7367727756500244, score=0.35585189523689364
INFO:experiments.py:[56/1000] 3.53 sec: loss(t/v)=0.13/2.74, scores(t/v)=[0.81/0.39 + 0.75/0.51 + 0.72/0.30 + 1.00/0.27 = 0.81/0.36]
INFO:experiments.py:[57/1000] 3.52 sec: loss(t/v)=0.16/2.74, scores(t/v)=[0.80/0.39 + 0.73/0.51 + 0.66/0.29 + 1.00/0.27 = 0.79/0.36]
INFO:experiments.py:[58/1000] 3.53 sec: loss(t/v)=0.15/2.74, scores(t/v)=[0.81/0.39 + 0.77/0.51 + 0.68/0.30 + 1.00/0.26 = 0.80/0.35]
INFO:experiments.py:[59/1000] 3.53 sec: loss(t/v)=0.14/2.74, scores(t/v)=[0.82/0.39 + 0.73/0.51 + 0.73/0.29 + 1.00/0.26 = 0.81/0.35]
INFO:experiments.py:+ New best model found: loss=2.7339816093444824, score=0.3530718109009091
INFO:experiments.py:[60/1000] 3.54 sec: loss(t/v)=0.14/2.73, scores(t/v)=[0.82/0.39 + 0.77/0.52 + 0.72/0.30 + 1.00/0.26 = 0.82/0.35]
INFO:experiments.py:[61/1000] 3.54 sec: loss(t/v)=0.13/2.74, scores(t/v)=[0.81/0.39 + 0.77/0.51 + 0.69/0.30 + 1.00/0.26 = 0.81/0.35]
INFO:experiments.py:[62/1000] 3.53 sec: loss(t/v)=0.14/2.74, scores(t/v)=[0.81/0.39 + 0.78/0.51 + 0.69/0.30 + 1.00/0.26 = 0.81/0.35]
INFO:experiments.py:[63/1000] 3.54 sec: loss(t/v)=0.14/2.74, scores(t/v)=[0.82/0.39 + 0.76/0.51 + 0.68/0.31 + 1.00/0.26 = 0.81/0.35]
INFO:experiments.py:[64/1000] 3.54 sec: loss(t/v)=0.14/2.74, scores(t/v)=[0.82/0.38 + 0.73/0.51 + 0.67/0.30 + 1.00/0.26 = 0.79/0.35]
INFO:experiments.py:[65/1000] 3.53 sec: loss(t/v)=0.14/2.74, scores(t/v)=[0.81/0.38 + 0.76/0.51 + 0.69/0.30 + 1.00/0.26 = 0.81/0.35]
INFO:experiments.py:[66/1000] 3.55 sec: loss(t/v)=0.14/2.74, scores(t/v)=[0.79/0.39 + 0.73/0.50 + 0.66/0.30 + 1.00/0.26 = 0.79/0.35]
INFO:experiments.py:[67/1000] 3.52 sec: loss(t/v)=0.13/2.74, scores(t/v)=[0.83/0.39 + 0.77/0.50 + 0.70/0.30 + 1.00/0.26 = 0.82/0.35]
INFO:experiments.py:[68/1000] 3.53 sec: loss(t/v)=0.16/2.74, scores(t/v)=[0.79/0.40 + 0.74/0.51 + 0.69/0.29 + 1.00/0.26 = 0.80/0.35]
INFO:experiments.py:[69/1000] 3.54 sec: loss(t/v)=0.14/2.74, scores(t/v)=[0.81/0.40 + 0.75/0.51 + 0.70/0.29 + 1.00/0.27 = 0.81/0.36]
INFO:experiments.py:+ New best model found: loss=2.733564615249634, score=0.3472541598761678
INFO:experiments.py:[70/1000] 3.52 sec: loss(t/v)=0.14/2.73, scores(t/v)=[0.82/0.38 + 0.74/0.50 + 0.68/0.29 + 1.00/0.26 = 0.80/0.35]
INFO:experiments.py:[71/1000] 3.52 sec: loss(t/v)=0.13/2.74, scores(t/v)=[0.82/0.38 + 0.77/0.51 + 0.67/0.29 + 1.00/0.26 = 0.81/0.35]
INFO:experiments.py:[72/1000] 3.53 sec: loss(t/v)=0.14/2.74, scores(t/v)=[0.81/0.38 + 0.74/0.50 + 0.71/0.30 + 1.00/0.27 = 0.81/0.35]
INFO:experiments.py:[73/1000] 3.52 sec: loss(t/v)=0.13/2.74, scores(t/v)=[0.81/0.38 + 0.74/0.50 + 0.71/0.29 + 1.00/0.27 = 0.81/0.35]
INFO:experiments.py:[74/1000] 3.53 sec: loss(t/v)=0.13/2.75, scores(t/v)=[0.82/0.38 + 0.74/0.50 + 0.72/0.29 + 1.00/0.27 = 0.81/0.35]
INFO:experiments.py:[75/1000] 3.53 sec: loss(t/v)=0.14/2.75, scores(t/v)=[0.81/0.39 + 0.77/0.50 + 0.70/0.29 + 1.00/0.27 = 0.81/0.35]
INFO:experiments.py:[76/1000] 3.53 sec: loss(t/v)=0.14/2.74, scores(t/v)=[0.81/0.39 + 0.76/0.50 + 0.67/0.30 + 1.00/0.26 = 0.80/0.35]
INFO:experiments.py:[77/1000] 3.53 sec: loss(t/v)=0.16/2.74, scores(t/v)=[0.79/0.39 + 0.70/0.51 + 0.69/0.30 + 1.00/0.26 = 0.79/0.35]
INFO:experiments.py:[78/1000] 3.55 sec: loss(t/v)=0.14/2.74, scores(t/v)=[0.80/0.39 + 0.78/0.51 + 0.68/0.29 + 1.00/0.26 = 0.81/0.35]
INFO:experiments.py:[79/1000] 3.54 sec: loss(t/v)=0.14/2.74, scores(t/v)=[0.81/0.39 + 0.76/0.51 + 0.70/0.30 + 1.00/0.26 = 0.81/0.35]
INFO:experiments.py:[80/1000] 3.53 sec: loss(t/v)=0.13/2.74, scores(t/v)=[0.80/0.38 + 0.76/0.51 + 0.70/0.28 + 1.00/0.26 = 0.81/0.35]
INFO:experiments.py:[81/1000] 3.55 sec: loss(t/v)=0.14/2.74, scores(t/v)=[0.81/0.38 + 0.77/0.51 + 0.65/0.29 + 1.00/0.26 = 0.80/0.35]
INFO:experiments.py:[82/1000] 3.54 sec: loss(t/v)=0.13/2.74, scores(t/v)=[0.80/0.39 + 0.77/0.50 + 0.70/0.29 + 1.00/0.26 = 0.81/0.35]
INFO:experiments.py:[83/1000] 3.55 sec: loss(t/v)=0.15/2.73, scores(t/v)=[0.80/0.39 + 0.75/0.51 + 0.70/0.29 + 1.00/0.24 = 0.81/0.34]
INFO:experiments.py:[84/1000] 3.53 sec: loss(t/v)=0.14/2.74, scores(t/v)=[0.80/0.39 + 0.74/0.51 + 0.70/0.29 + 1.00/0.26 = 0.80/0.35]
INFO:experiments.py:[85/1000] 3.52 sec: loss(t/v)=0.13/2.74, scores(t/v)=[0.82/0.39 + 0.76/0.52 + 0.70/0.30 + 1.00/0.24 = 0.81/0.35]
INFO:experiments.py:[86/1000] 3.54 sec: loss(t/v)=0.14/2.74, scores(t/v)=[0.81/0.39 + 0.77/0.51 + 0.69/0.29 + 1.00/0.26 = 0.81/0.35]
INFO:experiments.py:[87/1000] 3.55 sec: loss(t/v)=0.13/2.74, scores(t/v)=[0.80/0.38 + 0.74/0.51 + 0.71/0.30 + 1.00/0.26 = 0.80/0.35]
INFO:experiments.py:[88/1000] 3.53 sec: loss(t/v)=0.13/2.74, scores(t/v)=[0.80/0.39 + 0.79/0.51 + 0.68/0.30 + 1.00/0.24 = 0.81/0.34]
INFO:experiments.py:[89/1000] 3.53 sec: loss(t/v)=0.14/2.75, scores(t/v)=[0.81/0.38 + 0.77/0.51 + 0.68/0.29 + 1.00/0.24 = 0.81/0.34]
INFO:experiments.py:[90/1000] 3.53 sec: loss(t/v)=0.14/2.75, scores(t/v)=[0.83/0.38 + 0.74/0.51 + 0.69/0.29 + 1.00/0.24 = 0.81/0.34]
INFO:experiments.py:[91/1000] 3.55 sec: loss(t/v)=0.14/2.75, scores(t/v)=[0.79/0.39 + 0.77/0.50 + 0.71/0.29 + 1.00/0.24 = 0.81/0.34]
INFO:experiments.py:[92/1000] 3.52 sec: loss(t/v)=0.13/2.75, scores(t/v)=[0.80/0.38 + 0.75/0.50 + 0.71/0.30 + 1.00/0.26 = 0.81/0.35]
INFO:experiments.py:[93/1000] 3.54 sec: loss(t/v)=0.14/2.75, scores(t/v)=[0.82/0.38 + 0.75/0.50 + 0.69/0.29 + 1.00/0.27 = 0.81/0.35]
INFO:experiments.py:[94/1000] 3.54 sec: loss(t/v)=0.15/2.74, scores(t/v)=[0.80/0.38 + 0.74/0.50 + 0.66/0.29 + 1.00/0.27 = 0.79/0.35]
INFO:experiments.py:[95/1000] 3.54 sec: loss(t/v)=0.14/2.74, scores(t/v)=[0.81/0.38 + 0.75/0.51 + 0.71/0.30 + 1.00/0.26 = 0.81/0.35]
INFO:experiments.py:[96/1000] 3.52 sec: loss(t/v)=0.14/2.75, scores(t/v)=[0.81/0.38 + 0.75/0.51 + 0.70/0.29 + 1.00/0.26 = 0.80/0.35]
INFO:experiments.py:[97/1000] 3.53 sec: loss(t/v)=0.15/2.74, scores(t/v)=[0.82/0.38 + 0.79/0.51 + 0.70/0.30 + 1.00/0.27 = 0.82/0.36]
INFO:experiments.py:[98/1000] 3.52 sec: loss(t/v)=0.13/2.74, scores(t/v)=[0.82/0.38 + 0.77/0.51 + 0.71/0.31 + 1.00/0.26 = 0.82/0.35]
INFO:experiments.py:[99/1000] 3.54 sec: loss(t/v)=0.14/2.74, scores(t/v)=[0.80/0.38 + 0.76/0.51 + 0.70/0.30 + 1.00/0.26 = 0.81/0.35]
INFO:experiments.py:[100/1000] 3.54 sec: loss(t/v)=0.12/2.74, scores(t/v)=[0.80/0.38 + 0.78/0.51 + 0.70/0.29 + 1.00/0.26 = 0.81/0.35]
INFO:experiments.py:[101/1000] 3.54 sec: loss(t/v)=0.13/2.75, scores(t/v)=[0.82/0.38 + 0.77/0.51 + 0.72/0.30 + 1.00/0.26 = 0.82/0.35]
INFO:experiments.py:[102/1000] 3.56 sec: loss(t/v)=0.15/2.75, scores(t/v)=[0.81/0.38 + 0.75/0.51 + 0.68/0.30 + 1.00/0.26 = 0.80/0.35]
INFO:experiments.py:[103/1000] 3.54 sec: loss(t/v)=0.14/2.75, scores(t/v)=[0.81/0.38 + 0.76/0.50 + 0.69/0.29 + 1.00/0.27 = 0.81/0.35]
INFO:experiments.py:[104/1000] 3.54 sec: loss(t/v)=0.15/2.75, scores(t/v)=[0.78/0.38 + 0.74/0.50 + 0.67/0.30 + 1.00/0.27 = 0.79/0.35]
INFO:experiments.py:[105/1000] 3.53 sec: loss(t/v)=0.16/2.75, scores(t/v)=[0.79/0.39 + 0.75/0.50 + 0.67/0.29 + 1.00/0.27 = 0.80/0.35]
INFO:experiments.py:[106/1000] 3.53 sec: loss(t/v)=0.13/2.75, scores(t/v)=[0.82/0.38 + 0.78/0.50 + 0.70/0.29 + 1.00/0.27 = 0.82/0.35]
INFO:experiments.py:[107/1000] 3.55 sec: loss(t/v)=0.13/2.75, scores(t/v)=[0.80/0.38 + 0.78/0.50 + 0.73/0.28 + 1.00/0.26 = 0.82/0.34]
INFO:experiments.py:[108/1000] 3.57 sec: loss(t/v)=0.14/2.75, scores(t/v)=[0.81/0.39 + 0.77/0.51 + 0.68/0.29 + 1.00/0.27 = 0.81/0.36]
INFO:experiments.py:[109/1000] 3.58 sec: loss(t/v)=0.15/2.75, scores(t/v)=[0.79/0.38 + 0.74/0.51 + 0.67/0.29 + 1.00/0.27 = 0.79/0.35]
INFO:experiments.py:[110/1000] 3.55 sec: loss(t/v)=0.13/2.75, scores(t/v)=[0.81/0.39 + 0.76/0.51 + 0.74/0.30 + 1.00/0.26 = 0.82/0.35]
INFO:experiments.py:[111/1000] 3.55 sec: loss(t/v)=0.14/2.75, scores(t/v)=[0.81/0.39 + 0.74/0.51 + 0.70/0.30 + 1.00/0.26 = 0.80/0.35]
INFO:experiments.py:[112/1000] 3.56 sec: loss(t/v)=0.13/2.74, scores(t/v)=[0.82/0.39 + 0.76/0.51 + 0.72/0.30 + 1.00/0.26 = 0.82/0.35]
INFO:experiments.py:[113/1000] 3.54 sec: loss(t/v)=0.13/2.75, scores(t/v)=[0.80/0.39 + 0.78/0.51 + 0.69/0.30 + 1.00/0.27 = 0.81/0.36]
INFO:experiments.py:[114/1000] 3.55 sec: loss(t/v)=0.14/2.75, scores(t/v)=[0.77/0.39 + 0.77/0.51 + 0.71/0.30 + 1.00/0.26 = 0.80/0.35]
INFO:experiments.py:[115/1000] 3.53 sec: loss(t/v)=0.14/2.75, scores(t/v)=[0.82/0.39 + 0.74/0.51 + 0.69/0.29 + 1.00/0.27 = 0.81/0.36]
INFO:experiments.py:[116/1000] 3.53 sec: loss(t/v)=0.12/2.74, scores(t/v)=[0.82/0.38 + 0.76/0.50 + 0.71/0.29 + 1.00/0.26 = 0.81/0.35]
INFO:experiments.py:[117/1000] 3.54 sec: loss(t/v)=0.13/2.74, scores(t/v)=[0.80/0.39 + 0.79/0.50 + 0.70/0.29 + 1.00/0.27 = 0.81/0.35]
INFO:experiments.py:[118/1000] 3.54 sec: loss(t/v)=0.13/2.74, scores(t/v)=[0.82/0.39 + 0.77/0.50 + 0.71/0.29 + 1.00/0.26 = 0.82/0.35]
INFO:experiments.py:[119/1000] 3.53 sec: loss(t/v)=0.14/2.75, scores(t/v)=[0.79/0.38 + 0.75/0.50 + 0.69/0.28 + 1.00/0.27 = 0.80/0.35]
INFO:experiments.py:[120/1000] 3.55 sec: loss(t/v)=0.12/2.74, scores(t/v)=[0.82/0.38 + 0.75/0.50 + 0.70/0.30 + 1.00/0.26 = 0.81/0.35]
INFO:experiments.py:[121/1000] 3.55 sec: loss(t/v)=0.13/2.74, scores(t/v)=[0.83/0.38 + 0.77/0.51 + 0.70/0.30 + 1.00/0.26 = 0.82/0.35]
INFO:experiments.py:[122/1000] 3.55 sec: loss(t/v)=0.14/2.74, scores(t/v)=[0.80/0.39 + 0.76/0.51 + 0.70/0.30 + 1.00/0.27 = 0.81/0.36]
INFO:experiments.py:[123/1000] 3.54 sec: loss(t/v)=0.14/2.74, scores(t/v)=[0.78/0.39 + 0.75/0.51 + 0.67/0.30 + 1.00/0.26 = 0.79/0.35]
INFO:experiments.py:[124/1000] 3.54 sec: loss(t/v)=0.14/2.74, scores(t/v)=[0.79/0.39 + 0.76/0.51 + 0.70/0.29 + 1.00/0.26 = 0.81/0.35]
INFO:experiments.py:[125/1000] 3.54 sec: loss(t/v)=0.14/2.75, scores(t/v)=[0.77/0.38 + 0.76/0.52 + 0.71/0.30 + 1.00/0.27 = 0.80/0.36]
INFO:experiments.py:[126/1000] 3.54 sec: loss(t/v)=0.13/2.75, scores(t/v)=[0.83/0.39 + 0.72/0.51 + 0.69/0.30 + 1.00/0.26 = 0.80/0.35]
INFO:experiments.py:[127/1000] 3.53 sec: loss(t/v)=0.13/2.75, scores(t/v)=[0.82/0.38 + 0.76/0.51 + 0.70/0.31 + 1.00/0.26 = 0.81/0.35]
INFO:experiments.py:[128/1000] 3.53 sec: loss(t/v)=0.14/2.75, scores(t/v)=[0.79/0.39 + 0.76/0.51 + 0.71/0.29 + 1.00/0.26 = 0.81/0.35]
INFO:experiments.py:[129/1000] 3.52 sec: loss(t/v)=0.14/2.75, scores(t/v)=[0.79/0.38 + 0.75/0.51 + 0.68/0.30 + 1.00/0.26 = 0.80/0.35]
INFO:experiments.py:[130/1000] 3.53 sec: loss(t/v)=0.15/2.75, scores(t/v)=[0.80/0.38 + 0.77/0.51 + 0.66/0.29 + 1.00/0.26 = 0.80/0.35]
INFO:experiments.py:[131/1000] 3.60 sec: loss(t/v)=0.14/2.75, scores(t/v)=[0.81/0.38 + 0.73/0.50 + 0.71/0.30 + 1.00/0.26 = 0.80/0.35]
INFO:experiments.py:[132/1000] 3.54 sec: loss(t/v)=0.14/2.75, scores(t/v)=[0.81/0.38 + 0.77/0.50 + 0.69/0.29 + 1.00/0.26 = 0.81/0.35]
INFO:experiments.py:[133/1000] 3.54 sec: loss(t/v)=0.13/2.74, scores(t/v)=[0.81/0.39 + 0.76/0.50 + 0.69/0.30 + 1.00/0.26 = 0.81/0.35]
INFO:experiments.py:[134/1000] 3.52 sec: loss(t/v)=0.14/2.74, scores(t/v)=[0.81/0.39 + 0.77/0.51 + 0.66/0.29 + 1.00/0.26 = 0.80/0.35]
INFO:experiments.py:[135/1000] 3.53 sec: loss(t/v)=0.13/2.73, scores(t/v)=[0.81/0.39 + 0.76/0.51 + 0.70/0.29 + 1.00/0.24 = 0.81/0.34]
INFO:experiments.py:[136/1000] 3.53 sec: loss(t/v)=0.13/2.74, scores(t/v)=[0.82/0.39 + 0.76/0.51 + 0.70/0.29 + 1.00/0.26 = 0.81/0.35]
INFO:experiments.py:[137/1000] 3.52 sec: loss(t/v)=0.13/2.73, scores(t/v)=[0.79/0.39 + 0.76/0.51 + 0.66/0.29 + 1.00/0.26 = 0.79/0.35]
INFO:experiments.py:[138/1000] 3.53 sec: loss(t/v)=0.13/2.74, scores(t/v)=[0.80/0.39 + 0.77/0.51 + 0.70/0.30 + 1.00/0.27 = 0.81/0.36]
INFO:experiments.py:[139/1000] 3.53 sec: loss(t/v)=0.13/2.74, scores(t/v)=[0.82/0.38 + 0.74/0.50 + 0.72/0.29 + 1.00/0.26 = 0.81/0.35]
INFO:experiments.py:[140/1000] 3.54 sec: loss(t/v)=0.13/2.74, scores(t/v)=[0.80/0.39 + 0.74/0.50 + 0.72/0.29 + 1.00/0.26 = 0.81/0.35]
INFO:experiments.py:[141/1000] 3.55 sec: loss(t/v)=0.14/2.74, scores(t/v)=[0.83/0.39 + 0.76/0.51 + 0.71/0.29 + 1.00/0.27 = 0.82/0.36]
INFO:experiments.py:[142/1000] 3.55 sec: loss(t/v)=0.13/2.74, scores(t/v)=[0.81/0.39 + 0.76/0.51 + 0.71/0.30 + 1.00/0.27 = 0.81/0.36]
INFO:experiments.py:[143/1000] 3.55 sec: loss(t/v)=0.14/2.74, scores(t/v)=[0.80/0.39 + 0.73/0.51 + 0.67/0.30 + 1.00/0.26 = 0.79/0.35]
INFO:experiments.py:[144/1000] 3.54 sec: loss(t/v)=0.13/2.74, scores(t/v)=[0.81/0.39 + 0.74/0.50 + 0.68/0.30 + 1.00/0.26 = 0.80/0.35]
INFO:experiments.py:[145/1000] 3.53 sec: loss(t/v)=0.13/2.74, scores(t/v)=[0.79/0.39 + 0.75/0.51 + 0.71/0.30 + 1.00/0.26 = 0.81/0.35]
INFO:experiments.py:[146/1000] 3.54 sec: loss(t/v)=0.14/2.75, scores(t/v)=[0.81/0.39 + 0.77/0.50 + 0.69/0.30 + 1.00/0.27 = 0.81/0.36]
INFO:experiments.py:[147/1000] 3.53 sec: loss(t/v)=0.13/2.75, scores(t/v)=[0.82/0.38 + 0.77/0.50 + 0.70/0.30 + 1.00/0.26 = 0.82/0.35]
INFO:experiments.py:[148/1000] 3.54 sec: loss(t/v)=0.13/2.74, scores(t/v)=[0.81/0.39 + 0.76/0.51 + 0.73/0.29 + 1.00/0.27 = 0.82/0.36]
INFO:experiments.py:[149/1000] 3.55 sec: loss(t/v)=0.13/2.74, scores(t/v)=[0.83/0.39 + 0.78/0.52 + 0.70/0.29 + 1.00/0.26 = 0.82/0.35]
INFO:experiments.py:+ New best model found: loss=2.731872320175171, score=0.34923126399237964
INFO:experiments.py:[150/1000] 3.54 sec: loss(t/v)=0.15/2.73, scores(t/v)=[0.81/0.38 + 0.74/0.51 + 0.67/0.29 + 1.00/0.26 = 0.80/0.35]
INFO:experiments.py:[151/1000] 3.54 sec: loss(t/v)=0.14/2.74, scores(t/v)=[0.81/0.38 + 0.72/0.51 + 0.67/0.29 + 1.00/0.26 = 0.79/0.35]
INFO:experiments.py:[152/1000] 3.53 sec: loss(t/v)=0.15/2.74, scores(t/v)=[0.79/0.38 + 0.73/0.51 + 0.68/0.29 + 1.00/0.26 = 0.79/0.35]
INFO:experiments.py:[153/1000] 3.54 sec: loss(t/v)=0.14/2.74, scores(t/v)=[0.81/0.39 + 0.76/0.51 + 0.70/0.29 + 1.00/0.26 = 0.81/0.35]
INFO:experiments.py:[154/1000] 3.53 sec: loss(t/v)=0.13/2.74, scores(t/v)=[0.81/0.39 + 0.78/0.51 + 0.69/0.29 + 1.00/0.26 = 0.81/0.35]
INFO:experiments.py:[155/1000] 3.54 sec: loss(t/v)=0.16/2.75, scores(t/v)=[0.83/0.38 + 0.73/0.51 + 0.69/0.29 + 1.00/0.26 = 0.80/0.35]
INFO:experiments.py:[156/1000] 3.53 sec: loss(t/v)=0.13/2.75, scores(t/v)=[0.80/0.38 + 0.79/0.51 + 0.70/0.29 + 1.00/0.26 = 0.82/0.35]
INFO:experiments.py:[157/1000] 3.61 sec: loss(t/v)=0.13/2.75, scores(t/v)=[0.82/0.39 + 0.77/0.50 + 0.67/0.30 + 1.00/0.26 = 0.81/0.35]
INFO:experiments.py:[158/1000] 3.55 sec: loss(t/v)=0.13/2.74, scores(t/v)=[0.82/0.38 + 0.76/0.50 + 0.72/0.30 + 1.00/0.26 = 0.82/0.35]
INFO:experiments.py:[159/1000] 3.54 sec: loss(t/v)=0.14/2.74, scores(t/v)=[0.82/0.39 + 0.79/0.51 + 0.72/0.29 + 1.00/0.26 = 0.83/0.35]
INFO:experiments.py:[160/1000] 3.54 sec: loss(t/v)=0.13/2.74, scores(t/v)=[0.82/0.39 + 0.76/0.51 + 0.72/0.29 + 1.00/0.26 = 0.82/0.35]
INFO:experiments.py:[161/1000] 3.55 sec: loss(t/v)=0.14/2.74, scores(t/v)=[0.82/0.38 + 0.75/0.51 + 0.70/0.29 + 1.00/0.26 = 0.81/0.35]
INFO:experiments.py:[162/1000] 3.54 sec: loss(t/v)=0.13/2.74, scores(t/v)=[0.81/0.38 + 0.75/0.50 + 0.71/0.29 + 1.00/0.26 = 0.81/0.34]
INFO:experiments.py:[163/1000] 3.54 sec: loss(t/v)=0.14/2.74, scores(t/v)=[0.78/0.38 + 0.74/0.50 + 0.70/0.29 + 1.00/0.26 = 0.80/0.35]
INFO:experiments.py:[164/1000] 3.54 sec: loss(t/v)=0.14/2.74, scores(t/v)=[0.80/0.38 + 0.75/0.50 + 0.70/0.29 + 1.00/0.24 = 0.81/0.34]
INFO:experiments.py:[165/1000] 3.54 sec: loss(t/v)=0.14/2.74, scores(t/v)=[0.80/0.38 + 0.75/0.50 + 0.68/0.29 + 1.00/0.26 = 0.80/0.35]
INFO:experiments.py:[166/1000] 3.54 sec: loss(t/v)=0.14/2.74, scores(t/v)=[0.82/0.38 + 0.75/0.50 + 0.69/0.29 + 1.00/0.26 = 0.81/0.35]
INFO:experiments.py:[167/1000] 3.52 sec: loss(t/v)=0.14/2.74, scores(t/v)=[0.81/0.38 + 0.73/0.50 + 0.69/0.29 + 1.00/0.27 = 0.80/0.35]
INFO:experiments.py:[168/1000] 3.52 sec: loss(t/v)=0.13/2.75, scores(t/v)=[0.81/0.38 + 0.76/0.51 + 0.67/0.29 + 1.00/0.26 = 0.80/0.35]
INFO:experiments.py:[169/1000] 3.52 sec: loss(t/v)=0.15/2.74, scores(t/v)=[0.80/0.38 + 0.76/0.50 + 0.69/0.28 + 1.00/0.26 = 0.80/0.34]
INFO:experiments.py:[170/1000] 3.52 sec: loss(t/v)=0.13/2.73, scores(t/v)=[0.82/0.38 + 0.77/0.51 + 0.71/0.28 + 1.00/0.27 = 0.82/0.35]
INFO:experiments.py:[171/1000] 3.53 sec: loss(t/v)=0.14/2.74, scores(t/v)=[0.81/0.38 + 0.76/0.51 + 0.71/0.29 + 1.00/0.27 = 0.81/0.35]
INFO:experiments.py:[172/1000] 3.52 sec: loss(t/v)=0.13/2.74, scores(t/v)=[0.80/0.39 + 0.78/0.51 + 0.71/0.30 + 1.00/0.29 = 0.81/0.36]
INFO:experiments.py:[173/1000] 3.54 sec: loss(t/v)=0.14/2.74, scores(t/v)=[0.82/0.39 + 0.78/0.51 + 0.69/0.30 + 1.00/0.27 = 0.81/0.36]
INFO:experiments.py:[174/1000] 3.55 sec: loss(t/v)=0.14/2.73, scores(t/v)=[0.81/0.39 + 0.76/0.50 + 0.70/0.30 + 1.00/0.27 = 0.81/0.36]
INFO:experiments.py:[175/1000] 3.54 sec: loss(t/v)=0.12/2.73, scores(t/v)=[0.82/0.39 + 0.80/0.51 + 0.72/0.30 + 1.00/0.27 = 0.83/0.36]
INFO:experiments.py:[176/1000] 3.54 sec: loss(t/v)=0.15/2.74, scores(t/v)=[0.81/0.39 + 0.77/0.51 + 0.71/0.30 + 1.00/0.26 = 0.82/0.35]
INFO:experiments.py:[177/1000] 3.52 sec: loss(t/v)=0.12/2.74, scores(t/v)=[0.83/0.38 + 0.78/0.51 + 0.72/0.30 + 1.00/0.26 = 0.82/0.35]
INFO:experiments.py:[178/1000] 3.53 sec: loss(t/v)=0.13/2.74, scores(t/v)=[0.80/0.39 + 0.77/0.50 + 0.68/0.29 + 1.00/0.26 = 0.80/0.35]
INFO:experiments.py:[179/1000] 3.55 sec: loss(t/v)=0.13/2.74, scores(t/v)=[0.80/0.39 + 0.75/0.51 + 0.71/0.29 + 1.00/0.26 = 0.81/0.35]
INFO:experiments.py:[180/1000] 3.54 sec: loss(t/v)=0.13/2.74, scores(t/v)=[0.79/0.39 + 0.77/0.50 + 0.70/0.30 + 1.00/0.27 = 0.81/0.36]
INFO:experiments.py:[181/1000] 3.53 sec: loss(t/v)=0.14/2.75, scores(t/v)=[0.83/0.38 + 0.78/0.50 + 0.69/0.30 + 1.00/0.26 = 0.82/0.35]
INFO:experiments.py:[182/1000] 3.54 sec: loss(t/v)=0.13/2.74, scores(t/v)=[0.81/0.38 + 0.77/0.51 + 0.70/0.30 + 1.00/0.26 = 0.81/0.35]
INFO:experiments.py:[183/1000] 3.55 sec: loss(t/v)=0.13/2.74, scores(t/v)=[0.82/0.39 + 0.75/0.51 + 0.69/0.30 + 1.00/0.26 = 0.81/0.35]
INFO:experiments.py:[184/1000] 3.54 sec: loss(t/v)=0.14/2.74, scores(t/v)=[0.78/0.38 + 0.75/0.51 + 0.65/0.30 + 1.00/0.26 = 0.79/0.35]
INFO:experiments.py:[185/1000] 3.55 sec: loss(t/v)=0.13/2.74, scores(t/v)=[0.81/0.39 + 0.75/0.51 + 0.69/0.30 + 1.00/0.26 = 0.80/0.35]
INFO:experiments.py:[186/1000] 3.54 sec: loss(t/v)=0.14/2.74, scores(t/v)=[0.81/0.39 + 0.77/0.51 + 0.69/0.30 + 1.00/0.26 = 0.81/0.35]
INFO:experiments.py:[187/1000] 3.54 sec: loss(t/v)=0.16/2.74, scores(t/v)=[0.81/0.39 + 0.73/0.51 + 0.64/0.29 + 1.00/0.26 = 0.79/0.35]
INFO:experiments.py:[188/1000] 3.54 sec: loss(t/v)=0.15/2.74, scores(t/v)=[0.82/0.39 + 0.75/0.51 + 0.64/0.29 + 1.00/0.26 = 0.79/0.35]
INFO:experiments.py:[189/1000] 3.54 sec: loss(t/v)=0.13/2.74, scores(t/v)=[0.79/0.38 + 0.77/0.51 + 0.70/0.29 + 1.00/0.26 = 0.81/0.35]
INFO:experiments.py:[190/1000] 3.54 sec: loss(t/v)=0.15/2.74, scores(t/v)=[0.80/0.38 + 0.74/0.51 + 0.70/0.30 + 1.00/0.26 = 0.80/0.35]
INFO:experiments.py:[191/1000] 3.54 sec: loss(t/v)=0.16/2.74, scores(t/v)=[0.80/0.39 + 0.76/0.51 + 0.68/0.30 + 1.00/0.26 = 0.80/0.35]
INFO:experiments.py:[192/1000] 3.51 sec: loss(t/v)=0.14/2.74, scores(t/v)=[0.81/0.38 + 0.75/0.51 + 0.69/0.29 + 1.00/0.26 = 0.80/0.35]
INFO:experiments.py:[193/1000] 3.51 sec: loss(t/v)=0.14/2.74, scores(t/v)=[0.81/0.38 + 0.77/0.51 + 0.72/0.29 + 1.00/0.24 = 0.82/0.34]
INFO:experiments.py:[194/1000] 3.52 sec: loss(t/v)=0.13/2.75, scores(t/v)=[0.82/0.39 + 0.77/0.51 + 0.69/0.29 + 1.00/0.26 = 0.81/0.35]
INFO:experiments.py:[195/1000] 3.53 sec: loss(t/v)=0.13/2.74, scores(t/v)=[0.82/0.38 + 0.77/0.51 + 0.73/0.29 + 1.00/0.26 = 0.82/0.35]
INFO:experiments.py:[196/1000] 3.54 sec: loss(t/v)=0.14/2.76, scores(t/v)=[0.81/0.38 + 0.75/0.51 + 0.72/0.29 + 1.00/0.26 = 0.81/0.35]
INFO:experiments.py:[197/1000] 3.56 sec: loss(t/v)=0.13/2.75, scores(t/v)=[0.79/0.38 + 0.77/0.51 + 0.68/0.30 + 1.00/0.26 = 0.80/0.35]
INFO:experiments.py:[198/1000] 3.54 sec: loss(t/v)=0.14/2.74, scores(t/v)=[0.82/0.38 + 0.76/0.51 + 0.70/0.31 + 1.00/0.26 = 0.81/0.35]
INFO:experiments.py:[199/1000] 3.55 sec: loss(t/v)=0.13/2.74, scores(t/v)=[0.81/0.38 + 0.77/0.51 + 0.71/0.30 + 1.00/0.26 = 0.82/0.35]
INFO:experiments.py:[200/1000] 3.55 sec: loss(t/v)=0.14/2.74, scores(t/v)=[0.82/0.38 + 0.76/0.51 + 0.70/0.30 + 1.00/0.26 = 0.81/0.35]
INFO:experiments.py:[201/1000] 3.61 sec: loss(t/v)=0.13/2.74, scores(t/v)=[0.80/0.38 + 0.79/0.51 + 0.67/0.30 + 1.00/0.26 = 0.81/0.35]
INFO:experiments.py:[202/1000] 3.55 sec: loss(t/v)=0.13/2.73, scores(t/v)=[0.81/0.38 + 0.75/0.50 + 0.68/0.30 + 1.00/0.26 = 0.80/0.35]
INFO:experiments.py:[203/1000] 3.52 sec: loss(t/v)=0.14/2.74, scores(t/v)=[0.75/0.38 + 0.75/0.50 + 0.68/0.29 + 1.00/0.26 = 0.79/0.35]
INFO:experiments.py:[204/1000] 3.53 sec: loss(t/v)=0.14/2.74, scores(t/v)=[0.81/0.38 + 0.76/0.50 + 0.68/0.30 + 1.00/0.27 = 0.80/0.35]
INFO:experiments.py:[205/1000] 3.53 sec: loss(t/v)=0.14/2.75, scores(t/v)=[0.83/0.38 + 0.74/0.50 + 0.69/0.29 + 1.00/0.26 = 0.81/0.35]
INFO:experiments.py:[206/1000] 3.53 sec: loss(t/v)=0.12/2.74, scores(t/v)=[0.82/0.38 + 0.77/0.50 + 0.70/0.30 + 1.00/0.26 = 0.82/0.35]
INFO:experiments.py:[207/1000] 3.53 sec: loss(t/v)=0.13/2.74, scores(t/v)=[0.80/0.39 + 0.75/0.50 + 0.72/0.30 + 1.00/0.26 = 0.81/0.35]
INFO:experiments.py:[208/1000] 3.52 sec: loss(t/v)=0.13/2.75, scores(t/v)=[0.83/0.38 + 0.77/0.50 + 0.70/0.29 + 1.00/0.26 = 0.82/0.35]
INFO:experiments.py:[209/1000] 3.53 sec: loss(t/v)=0.13/2.74, scores(t/v)=[0.81/0.38 + 0.75/0.50 + 0.69/0.29 + 1.00/0.27 = 0.80/0.35]
INFO:experiments.py:[210/1000] 3.55 sec: loss(t/v)=0.13/2.74, scores(t/v)=[0.79/0.38 + 0.76/0.50 + 0.70/0.30 + 1.00/0.26 = 0.80/0.35]
INFO:experiments.py:[211/1000] 3.55 sec: loss(t/v)=0.14/2.74, scores(t/v)=[0.81/0.38 + 0.75/0.50 + 0.69/0.31 + 1.00/0.26 = 0.81/0.35]
INFO:experiments.py:[212/1000] 3.54 sec: loss(t/v)=0.14/2.75, scores(t/v)=[0.80/0.38 + 0.74/0.50 + 0.71/0.30 + 1.00/0.26 = 0.80/0.35]
INFO:experiments.py:[213/1000] 3.52 sec: loss(t/v)=0.14/2.75, scores(t/v)=[0.81/0.38 + 0.75/0.50 + 0.70/0.30 + 1.00/0.26 = 0.81/0.35]
INFO:experiments.py:[214/1000] 3.55 sec: loss(t/v)=0.15/2.75, scores(t/v)=[0.81/0.38 + 0.74/0.49 + 0.68/0.30 + 1.00/0.26 = 0.80/0.35]
INFO:experiments.py:[215/1000] 3.55 sec: loss(t/v)=0.14/2.75, scores(t/v)=[0.81/0.39 + 0.75/0.51 + 0.71/0.30 + 1.00/0.26 = 0.81/0.35]
INFO:experiments.py:[216/1000] 3.55 sec: loss(t/v)=0.15/2.75, scores(t/v)=[0.80/0.38 + 0.76/0.51 + 0.67/0.29 + 1.00/0.26 = 0.80/0.35]
INFO:experiments.py:[217/1000] 3.56 sec: loss(t/v)=0.14/2.75, scores(t/v)=[0.80/0.39 + 0.77/0.51 + 0.69/0.30 + 1.00/0.26 = 0.81/0.35]
INFO:experiments.py:[218/1000] 3.56 sec: loss(t/v)=0.14/2.75, scores(t/v)=[0.81/0.39 + 0.77/0.50 + 0.69/0.30 + 1.00/0.26 = 0.81/0.35]
INFO:experiments.py:[219/1000] 3.57 sec: loss(t/v)=0.14/2.75, scores(t/v)=[0.79/0.38 + 0.77/0.50 + 0.70/0.31 + 1.00/0.27 = 0.81/0.36]
INFO:experiments.py:[220/1000] 3.52 sec: loss(t/v)=0.13/2.74, scores(t/v)=[0.82/0.38 + 0.75/0.50 + 0.72/0.30 + 1.00/0.27 = 0.82/0.35]
INFO:experiments.py:[221/1000] 3.53 sec: loss(t/v)=0.14/2.75, scores(t/v)=[0.81/0.38 + 0.74/0.51 + 0.67/0.29 + 1.00/0.26 = 0.80/0.35]
INFO:experiments.py:[222/1000] 3.54 sec: loss(t/v)=0.13/2.74, scores(t/v)=[0.83/0.38 + 0.76/0.51 + 0.72/0.28 + 1.00/0.27 = 0.82/0.35]
INFO:experiments.py:[223/1000] 3.53 sec: loss(t/v)=0.13/2.75, scores(t/v)=[0.81/0.38 + 0.78/0.51 + 0.72/0.29 + 1.00/0.27 = 0.82/0.35]
INFO:experiments.py:[224/1000] 3.55 sec: loss(t/v)=0.13/2.75, scores(t/v)=[0.82/0.39 + 0.75/0.51 + 0.70/0.29 + 1.00/0.27 = 0.81/0.35]
INFO:experiments.py:[225/1000] 3.56 sec: loss(t/v)=0.15/2.75, scores(t/v)=[0.78/0.38 + 0.73/0.51 + 0.69/0.28 + 1.00/0.26 = 0.79/0.34]
INFO:experiments.py:[226/1000] 3.55 sec: loss(t/v)=0.13/2.74, scores(t/v)=[0.80/0.38 + 0.76/0.50 + 0.69/0.29 + 1.00/0.27 = 0.81/0.35]
INFO:experiments.py:[227/1000] 3.55 sec: loss(t/v)=0.14/2.75, scores(t/v)=[0.79/0.39 + 0.77/0.50 + 0.71/0.29 + 1.00/0.27 = 0.81/0.35]
INFO:experiments.py:[228/1000] 3.54 sec: loss(t/v)=0.13/2.75, scores(t/v)=[0.82/0.38 + 0.78/0.50 + 0.70/0.29 + 1.00/0.27 = 0.82/0.35]
INFO:experiments.py:[229/1000] 3.55 sec: loss(t/v)=0.13/2.74, scores(t/v)=[0.82/0.39 + 0.77/0.51 + 0.72/0.30 + 1.00/0.26 = 0.82/0.35]
INFO:experiments.py:[230/1000] 3.53 sec: loss(t/v)=0.13/2.74, scores(t/v)=[0.81/0.38 + 0.75/0.50 + 0.71/0.31 + 1.00/0.26 = 0.81/0.35]
INFO:experiments.py:[231/1000] 3.52 sec: loss(t/v)=0.15/2.75, scores(t/v)=[0.80/0.37 + 0.73/0.51 + 0.70/0.30 + 1.00/0.26 = 0.80/0.35]
INFO:experiments.py:[232/1000] 3.52 sec: loss(t/v)=0.13/2.74, scores(t/v)=[0.82/0.38 + 0.78/0.50 + 0.71/0.31 + 1.00/0.26 = 0.82/0.35]
INFO:experiments.py:[233/1000] 3.51 sec: loss(t/v)=0.13/2.74, scores(t/v)=[0.81/0.38 + 0.78/0.50 + 0.69/0.30 + 1.00/0.26 = 0.81/0.35]
INFO:experiments.py:[234/1000] 3.52 sec: loss(t/v)=0.13/2.73, scores(t/v)=[0.80/0.39 + 0.78/0.51 + 0.70/0.30 + 1.00/0.26 = 0.81/0.35]
INFO:experiments.py:+ New best model found: loss=2.73170804977417, score=0.34892710822548706
INFO:experiments.py:[235/1000] 3.53 sec: loss(t/v)=0.13/2.73, scores(t/v)=[0.82/0.38 + 0.75/0.51 + 0.67/0.30 + 1.00/0.26 = 0.80/0.35]
INFO:experiments.py:[236/1000] 3.53 sec: loss(t/v)=0.14/2.73, scores(t/v)=[0.80/0.38 + 0.75/0.52 + 0.70/0.29 + 1.00/0.26 = 0.81/0.35]
INFO:experiments.py:+ New best model found: loss=2.731555938720703, score=0.34940314294935787
INFO:experiments.py:[237/1000] 3.55 sec: loss(t/v)=0.14/2.73, scores(t/v)=[0.82/0.38 + 0.74/0.51 + 0.67/0.29 + 1.00/0.26 = 0.80/0.35]
INFO:experiments.py:[238/1000] 3.55 sec: loss(t/v)=0.14/2.74, scores(t/v)=[0.81/0.38 + 0.76/0.51 + 0.69/0.29 + 1.00/0.26 = 0.81/0.35]
INFO:experiments.py:[239/1000] 3.55 sec: loss(t/v)=0.13/2.74, scores(t/v)=[0.81/0.39 + 0.78/0.51 + 0.67/0.30 + 1.00/0.26 = 0.81/0.35]
INFO:experiments.py:[240/1000] 3.54 sec: loss(t/v)=0.14/2.74, scores(t/v)=[0.81/0.38 + 0.78/0.51 + 0.69/0.29 + 1.00/0.26 = 0.81/0.35]
INFO:experiments.py:[241/1000] 3.54 sec: loss(t/v)=0.13/2.74, scores(t/v)=[0.82/0.39 + 0.75/0.51 + 0.70/0.30 + 1.00/0.26 = 0.81/0.35]
INFO:experiments.py:[242/1000] 3.53 sec: loss(t/v)=0.13/2.74, scores(t/v)=[0.81/0.39 + 0.75/0.51 + 0.70/0.29 + 1.00/0.26 = 0.81/0.35]
INFO:experiments.py:[243/1000] 3.53 sec: loss(t/v)=0.13/2.74, scores(t/v)=[0.81/0.38 + 0.78/0.51 + 0.72/0.29 + 1.00/0.26 = 0.82/0.35]
INFO:experiments.py:[244/1000] 3.54 sec: loss(t/v)=0.13/2.74, scores(t/v)=[0.83/0.39 + 0.78/0.51 + 0.71/0.30 + 1.00/0.26 = 0.82/0.35]
INFO:experiments.py:[245/1000] 3.54 sec: loss(t/v)=0.14/2.73, scores(t/v)=[0.80/0.39 + 0.76/0.51 + 0.71/0.29 + 1.00/0.26 = 0.81/0.35]
INFO:experiments.py:+ New best model found: loss=2.7296319007873535, score=0.35310943021167135
INFO:experiments.py:[246/1000] 3.54 sec: loss(t/v)=0.14/2.73, scores(t/v)=[0.82/0.39 + 0.76/0.51 + 0.66/0.30 + 1.00/0.26 = 0.80/0.35]
INFO:experiments.py:[247/1000] 3.53 sec: loss(t/v)=0.13/2.74, scores(t/v)=[0.82/0.39 + 0.74/0.51 + 0.71/0.29 + 1.00/0.26 = 0.81/0.35]
INFO:experiments.py:[248/1000] 3.54 sec: loss(t/v)=0.14/2.74, scores(t/v)=[0.81/0.39 + 0.75/0.51 + 0.70/0.29 + 1.00/0.27 = 0.81/0.35]
INFO:experiments.py:[249/1000] 3.55 sec: loss(t/v)=0.14/2.74, scores(t/v)=[0.79/0.38 + 0.75/0.51 + 0.70/0.30 + 1.00/0.26 = 0.80/0.35]
INFO:experiments.py:[250/1000] 3.55 sec: loss(t/v)=0.13/2.74, scores(t/v)=[0.81/0.38 + 0.77/0.50 + 0.71/0.29 + 1.00/0.27 = 0.81/0.35]
INFO:experiments.py:[251/1000] 3.60 sec: loss(t/v)=0.14/2.73, scores(t/v)=[0.80/0.38 + 0.78/0.50 + 0.70/0.30 + 1.00/0.27 = 0.81/0.35]
INFO:experiments.py:[252/1000] 3.57 sec: loss(t/v)=0.15/2.73, scores(t/v)=[0.82/0.39 + 0.76/0.50 + 0.68/0.30 + 1.00/0.27 = 0.81/0.36]
INFO:experiments.py:+ New best model found: loss=2.728290319442749, score=0.34797407827433574
INFO:experiments.py:[253/1000] 3.54 sec: loss(t/v)=0.14/2.73, scores(t/v)=[0.79/0.39 + 0.74/0.50 + 0.70/0.29 + 1.00/0.26 = 0.80/0.35]
INFO:experiments.py:[254/1000] 3.54 sec: loss(t/v)=0.13/2.73, scores(t/v)=[0.82/0.39 + 0.74/0.51 + 0.71/0.30 + 1.00/0.27 = 0.81/0.36]
INFO:experiments.py:[255/1000] 3.54 sec: loss(t/v)=0.13/2.73, scores(t/v)=[0.81/0.39 + 0.79/0.51 + 0.69/0.28 + 1.00/0.27 = 0.82/0.35]
INFO:experiments.py:[256/1000] 3.53 sec: loss(t/v)=0.14/2.73, scores(t/v)=[0.82/0.39 + 0.76/0.51 + 0.70/0.29 + 1.00/0.27 = 0.81/0.36]
INFO:experiments.py:[257/1000] 3.53 sec: loss(t/v)=0.13/2.74, scores(t/v)=[0.82/0.39 + 0.78/0.51 + 0.68/0.29 + 1.00/0.26 = 0.81/0.35]
INFO:experiments.py:[258/1000] 3.53 sec: loss(t/v)=0.14/2.73, scores(t/v)=[0.81/0.39 + 0.75/0.51 + 0.70/0.30 + 1.00/0.26 = 0.81/0.35]
INFO:experiments.py:[259/1000] 3.55 sec: loss(t/v)=0.13/2.74, scores(t/v)=[0.82/0.39 + 0.75/0.50 + 0.70/0.29 + 1.00/0.26 = 0.81/0.35]
INFO:experiments.py:[260/1000] 3.53 sec: loss(t/v)=0.14/2.75, scores(t/v)=[0.80/0.39 + 0.73/0.51 + 0.66/0.30 + 1.00/0.27 = 0.79/0.36]
INFO:experiments.py:[261/1000] 3.56 sec: loss(t/v)=0.14/2.74, scores(t/v)=[0.81/0.39 + 0.75/0.51 + 0.69/0.29 + 1.00/0.26 = 0.81/0.35]
INFO:experiments.py:[262/1000] 3.54 sec: loss(t/v)=0.14/2.75, scores(t/v)=[0.80/0.39 + 0.77/0.51 + 0.69/0.29 + 1.00/0.26 = 0.81/0.35]
INFO:experiments.py:[263/1000] 3.57 sec: loss(t/v)=0.14/2.74, scores(t/v)=[0.82/0.39 + 0.75/0.51 + 0.69/0.30 + 1.00/0.26 = 0.80/0.35]
INFO:experiments.py:[264/1000] 3.58 sec: loss(t/v)=0.13/2.75, scores(t/v)=[0.84/0.39 + 0.76/0.51 + 0.72/0.30 + 1.00/0.26 = 0.82/0.35]
INFO:experiments.py:[265/1000] 3.54 sec: loss(t/v)=0.14/2.74, scores(t/v)=[0.79/0.39 + 0.77/0.51 + 0.71/0.30 + 1.00/0.26 = 0.81/0.35]
INFO:experiments.py:[266/1000] 3.60 sec: loss(t/v)=0.14/2.75, scores(t/v)=[0.80/0.39 + 0.75/0.51 + 0.70/0.30 + 1.00/0.26 = 0.80/0.35]
INFO:experiments.py:[267/1000] 3.55 sec: loss(t/v)=0.12/2.75, scores(t/v)=[0.82/0.39 + 0.75/0.50 + 0.71/0.30 + 1.00/0.26 = 0.81/0.35]
INFO:experiments.py:[268/1000] 3.60 sec: loss(t/v)=0.14/2.75, scores(t/v)=[0.81/0.39 + 0.76/0.51 + 0.70/0.29 + 1.00/0.24 = 0.81/0.34]
INFO:experiments.py:[269/1000] 3.55 sec: loss(t/v)=0.14/2.75, scores(t/v)=[0.82/0.39 + 0.73/0.51 + 0.70/0.30 + 1.00/0.24 = 0.81/0.35]
INFO:experiments.py:[270/1000] 3.54 sec: loss(t/v)=0.15/2.76, scores(t/v)=[0.81/0.38 + 0.75/0.51 + 0.67/0.29 + 1.00/0.27 = 0.80/0.35]
INFO:experiments.py:[271/1000] 3.53 sec: loss(t/v)=0.14/2.76, scores(t/v)=[0.80/0.38 + 0.78/0.51 + 0.69/0.30 + 1.00/0.26 = 0.81/0.35]
INFO:experiments.py:[272/1000] 3.53 sec: loss(t/v)=0.14/2.74, scores(t/v)=[0.79/0.39 + 0.74/0.51 + 0.71/0.30 + 1.00/0.26 = 0.81/0.35]
INFO:experiments.py:[273/1000] 3.55 sec: loss(t/v)=0.14/2.74, scores(t/v)=[0.79/0.39 + 0.76/0.50 + 0.69/0.30 + 1.00/0.26 = 0.80/0.35]
INFO:experiments.py:[274/1000] 3.57 sec: loss(t/v)=0.14/2.75, scores(t/v)=[0.79/0.38 + 0.76/0.51 + 0.73/0.31 + 1.00/0.24 = 0.81/0.35]
INFO:experiments.py:[275/1000] 3.55 sec: loss(t/v)=0.13/2.75, scores(t/v)=[0.79/0.38 + 0.75/0.50 + 0.70/0.31 + 1.00/0.26 = 0.80/0.35]
INFO:experiments.py:[276/1000] 3.54 sec: loss(t/v)=0.14/2.74, scores(t/v)=[0.82/0.38 + 0.78/0.50 + 0.69/0.31 + 1.00/0.26 = 0.81/0.35]
INFO:experiments.py:[277/1000] 3.53 sec: loss(t/v)=0.13/2.74, scores(t/v)=[0.84/0.38 + 0.77/0.50 + 0.70/0.31 + 1.00/0.27 = 0.82/0.36]
INFO:experiments.py:[278/1000] 3.58 sec: loss(t/v)=0.13/2.74, scores(t/v)=[0.82/0.38 + 0.77/0.49 + 0.72/0.30 + 1.00/0.26 = 0.82/0.35]
INFO:experiments.py:[279/1000] 3.53 sec: loss(t/v)=0.14/2.74, scores(t/v)=[0.80/0.39 + 0.74/0.50 + 0.71/0.30 + 1.00/0.27 = 0.80/0.36]
INFO:experiments.py:[280/1000] 3.53 sec: loss(t/v)=0.15/2.74, scores(t/v)=[0.81/0.39 + 0.76/0.50 + 0.67/0.30 + 1.00/0.26 = 0.80/0.35]
INFO:experiments.py:[281/1000] 3.52 sec: loss(t/v)=0.13/2.75, scores(t/v)=[0.79/0.38 + 0.76/0.50 + 0.68/0.29 + 1.00/0.26 = 0.80/0.35]
INFO:experiments.py:[282/1000] 3.54 sec: loss(t/v)=0.15/2.75, scores(t/v)=[0.79/0.39 + 0.76/0.51 + 0.70/0.29 + 1.00/0.26 = 0.80/0.35]
INFO:experiments.py:[283/1000] 3.56 sec: loss(t/v)=0.14/2.74, scores(t/v)=[0.78/0.38 + 0.76/0.51 + 0.70/0.29 + 1.00/0.26 = 0.80/0.35]
INFO:experiments.py:[284/1000] 3.58 sec: loss(t/v)=0.14/2.74, scores(t/v)=[0.80/0.39 + 0.75/0.51 + 0.69/0.29 + 1.00/0.26 = 0.80/0.35]
INFO:experiments.py:[285/1000] 3.54 sec: loss(t/v)=0.13/2.73, scores(t/v)=[0.83/0.39 + 0.78/0.52 + 0.72/0.30 + 1.00/0.26 = 0.83/0.35]
INFO:experiments.py:[286/1000] 3.54 sec: loss(t/v)=0.14/2.74, scores(t/v)=[0.82/0.39 + 0.78/0.50 + 0.68/0.30 + 1.00/0.26 = 0.81/0.35]
INFO:experiments.py:[287/1000] 3.55 sec: loss(t/v)=0.14/2.74, scores(t/v)=[0.79/0.39 + 0.73/0.51 + 0.68/0.30 + 1.00/0.26 = 0.79/0.35]
INFO:experiments.py:[288/1000] 3.56 sec: loss(t/v)=0.14/2.74, scores(t/v)=[0.80/0.39 + 0.74/0.50 + 0.68/0.30 + 1.00/0.26 = 0.80/0.35]
INFO:experiments.py:[289/1000] 3.55 sec: loss(t/v)=0.15/2.74, scores(t/v)=[0.79/0.39 + 0.76/0.51 + 0.69/0.30 + 1.00/0.26 = 0.80/0.35]
INFO:experiments.py:[290/1000] 3.57 sec: loss(t/v)=0.13/2.74, scores(t/v)=[0.81/0.39 + 0.76/0.51 + 0.72/0.30 + 1.00/0.26 = 0.82/0.35]
INFO:experiments.py:[291/1000] 3.54 sec: loss(t/v)=0.14/2.73, scores(t/v)=[0.78/0.39 + 0.76/0.51 + 0.67/0.30 + 1.00/0.27 = 0.80/0.36]
INFO:experiments.py:[292/1000] 3.54 sec: loss(t/v)=0.13/2.73, scores(t/v)=[0.81/0.39 + 0.76/0.52 + 0.70/0.30 + 1.00/0.26 = 0.81/0.35]
INFO:experiments.py:[293/1000] 3.54 sec: loss(t/v)=0.14/2.73, scores(t/v)=[0.81/0.39 + 0.78/0.52 + 0.65/0.30 + 1.00/0.27 = 0.80/0.36]
INFO:experiments.py:[294/1000] 3.55 sec: loss(t/v)=0.13/2.73, scores(t/v)=[0.81/0.39 + 0.76/0.51 + 0.70/0.29 + 1.00/0.27 = 0.81/0.36]
INFO:experiments.py:[295/1000] 3.56 sec: loss(t/v)=0.13/2.73, scores(t/v)=[0.83/0.38 + 0.77/0.51 + 0.71/0.30 + 1.00/0.26 = 0.82/0.35]
INFO:experiments.py:[296/1000] 3.55 sec: loss(t/v)=0.13/2.73, scores(t/v)=[0.79/0.38 + 0.78/0.51 + 0.71/0.30 + 1.00/0.26 = 0.81/0.35]
INFO:experiments.py:[297/1000] 3.55 sec: loss(t/v)=0.13/2.74, scores(t/v)=[0.79/0.39 + 0.77/0.50 + 0.69/0.29 + 1.00/0.26 = 0.80/0.35]
INFO:experiments.py:[298/1000] 3.53 sec: loss(t/v)=0.15/2.74, scores(t/v)=[0.80/0.38 + 0.76/0.50 + 0.69/0.29 + 1.00/0.27 = 0.80/0.35]
INFO:experiments.py:[299/1000] 3.55 sec: loss(t/v)=0.14/2.74, scores(t/v)=[0.80/0.38 + 0.75/0.50 + 0.68/0.28 + 1.00/0.26 = 0.80/0.34]
INFO:experiments.py:[300/1000] 3.57 sec: loss(t/v)=0.13/2.74, scores(t/v)=[0.83/0.38 + 0.77/0.50 + 0.72/0.29 + 1.00/0.26 = 0.82/0.35]
INFO:experiments.py:[301/1000] 3.56 sec: loss(t/v)=0.14/2.75, scores(t/v)=[0.78/0.38 + 0.76/0.50 + 0.73/0.28 + 1.00/0.26 = 0.81/0.34]
INFO:experiments.py:[302/1000] 3.55 sec: loss(t/v)=0.14/2.75, scores(t/v)=[0.80/0.38 + 0.72/0.51 + 0.69/0.29 + 1.00/0.26 = 0.80/0.35]
INFO:experiments.py:[303/1000] 3.55 sec: loss(t/v)=0.15/2.75, scores(t/v)=[0.80/0.38 + 0.76/0.50 + 0.68/0.29 + 1.00/0.26 = 0.80/0.34]
INFO:experiments.py:[304/1000] 3.55 sec: loss(t/v)=0.14/2.75, scores(t/v)=[0.77/0.39 + 0.76/0.50 + 0.74/0.29 + 1.00/0.26 = 0.81/0.35]
INFO:experiments.py:[305/1000] 3.56 sec: loss(t/v)=0.13/2.75, scores(t/v)=[0.83/0.39 + 0.75/0.50 + 0.70/0.29 + 1.00/0.27 = 0.81/0.35]
INFO:experiments.py:[306/1000] 3.55 sec: loss(t/v)=0.12/2.74, scores(t/v)=[0.83/0.38 + 0.77/0.50 + 0.71/0.29 + 1.00/0.27 = 0.82/0.35]
INFO:experiments.py:[307/1000] 3.54 sec: loss(t/v)=0.14/2.74, scores(t/v)=[0.80/0.39 + 0.77/0.50 + 0.66/0.30 + 1.00/0.27 = 0.80/0.36]
INFO:experiments.py:[308/1000] 3.54 sec: loss(t/v)=0.14/2.73, scores(t/v)=[0.82/0.38 + 0.76/0.51 + 0.71/0.30 + 1.00/0.27 = 0.82/0.36]
INFO:experiments.py:[309/1000] 3.54 sec: loss(t/v)=0.14/2.73, scores(t/v)=[0.81/0.39 + 0.73/0.51 + 0.69/0.29 + 1.00/0.26 = 0.80/0.35]
INFO:experiments.py:[310/1000] 3.54 sec: loss(t/v)=0.12/2.73, scores(t/v)=[0.80/0.38 + 0.79/0.51 + 0.70/0.29 + 1.00/0.27 = 0.82/0.35]
INFO:experiments.py:[311/1000] 3.53 sec: loss(t/v)=0.13/2.74, scores(t/v)=[0.81/0.38 + 0.74/0.51 + 0.70/0.29 + 1.00/0.26 = 0.81/0.35]
INFO:experiments.py:[312/1000] 3.55 sec: loss(t/v)=0.14/2.74, scores(t/v)=[0.80/0.39 + 0.74/0.51 + 0.68/0.29 + 1.00/0.27 = 0.79/0.35]
INFO:experiments.py:[313/1000] 3.55 sec: loss(t/v)=0.16/2.74, scores(t/v)=[0.81/0.39 + 0.75/0.50 + 0.69/0.30 + 1.00/0.26 = 0.80/0.35]
INFO:experiments.py:[314/1000] 3.55 sec: loss(t/v)=0.13/2.74, scores(t/v)=[0.82/0.39 + 0.75/0.51 + 0.71/0.30 + 1.00/0.26 = 0.81/0.35]
INFO:experiments.py:[315/1000] 3.54 sec: loss(t/v)=0.14/2.74, scores(t/v)=[0.79/0.39 + 0.77/0.51 + 0.65/0.30 + 1.00/0.27 = 0.80/0.36]
INFO:experiments.py:[316/1000] 3.53 sec: loss(t/v)=0.14/2.74, scores(t/v)=[0.80/0.40 + 0.77/0.51 + 0.67/0.30 + 1.00/0.27 = 0.80/0.36]
INFO:experiments.py:[317/1000] 3.52 sec: loss(t/v)=0.13/2.74, scores(t/v)=[0.82/0.39 + 0.75/0.51 + 0.70/0.30 + 1.00/0.27 = 0.81/0.36]
INFO:experiments.py:[318/1000] 3.52 sec: loss(t/v)=0.14/2.74, scores(t/v)=[0.80/0.38 + 0.76/0.51 + 0.67/0.29 + 1.00/0.26 = 0.80/0.35]
INFO:experiments.py:[319/1000] 3.53 sec: loss(t/v)=0.13/2.75, scores(t/v)=[0.82/0.38 + 0.74/0.51 + 0.67/0.30 + 1.00/0.26 = 0.80/0.35]
INFO:experiments.py:[320/1000] 3.53 sec: loss(t/v)=0.14/2.74, scores(t/v)=[0.81/0.38 + 0.74/0.50 + 0.71/0.29 + 1.00/0.27 = 0.81/0.35]
INFO:experiments.py:[321/1000] 3.54 sec: loss(t/v)=0.12/2.74, scores(t/v)=[0.80/0.39 + 0.74/0.51 + 0.70/0.30 + 1.00/0.26 = 0.80/0.35]
INFO:experiments.py:[322/1000] 3.56 sec: loss(t/v)=0.15/2.74, scores(t/v)=[0.82/0.39 + 0.76/0.51 + 0.66/0.30 + 1.00/0.26 = 0.80/0.35]
INFO:experiments.py:[323/1000] 3.54 sec: loss(t/v)=0.14/2.74, scores(t/v)=[0.82/0.38 + 0.73/0.50 + 0.71/0.30 + 1.00/0.26 = 0.81/0.35]
INFO:experiments.py:[324/1000] 3.53 sec: loss(t/v)=0.15/2.74, scores(t/v)=[0.78/0.39 + 0.74/0.50 + 0.68/0.30 + 1.00/0.27 = 0.79/0.36]
INFO:experiments.py:[325/1000] 3.52 sec: loss(t/v)=0.13/2.75, scores(t/v)=[0.81/0.39 + 0.75/0.51 + 0.70/0.29 + 1.00/0.26 = 0.81/0.35]
INFO:experiments.py:[326/1000] 3.52 sec: loss(t/v)=0.14/2.74, scores(t/v)=[0.80/0.38 + 0.76/0.51 + 0.71/0.30 + 1.00/0.27 = 0.81/0.35]
INFO:experiments.py:[327/1000] 3.53 sec: loss(t/v)=0.15/2.75, scores(t/v)=[0.79/0.38 + 0.74/0.51 + 0.66/0.30 + 1.00/0.27 = 0.79/0.36]
INFO:experiments.py:[328/1000] 3.52 sec: loss(t/v)=0.14/2.76, scores(t/v)=[0.81/0.39 + 0.72/0.51 + 0.70/0.29 + 1.00/0.27 = 0.80/0.35]
INFO:experiments.py:[329/1000] 3.51 sec: loss(t/v)=0.15/2.76, scores(t/v)=[0.80/0.38 + 0.74/0.51 + 0.71/0.29 + 1.00/0.27 = 0.80/0.35]
INFO:experiments.py:[330/1000] 3.53 sec: loss(t/v)=0.14/2.75, scores(t/v)=[0.81/0.38 + 0.77/0.51 + 0.71/0.29 + 1.00/0.26 = 0.81/0.35]
INFO:experiments.py:[331/1000] 3.53 sec: loss(t/v)=0.13/2.75, scores(t/v)=[0.82/0.38 + 0.76/0.51 + 0.71/0.29 + 1.00/0.26 = 0.82/0.34]
INFO:experiments.py:[332/1000] 3.53 sec: loss(t/v)=0.14/2.75, scores(t/v)=[0.80/0.38 + 0.73/0.49 + 0.69/0.29 + 1.00/0.27 = 0.80/0.35]
INFO:experiments.py:[333/1000] 3.53 sec: loss(t/v)=0.14/2.74, scores(t/v)=[0.83/0.39 + 0.76/0.51 + 0.70/0.29 + 1.00/0.27 = 0.82/0.35]
INFO:experiments.py:[334/1000] 3.53 sec: loss(t/v)=0.13/2.74, scores(t/v)=[0.83/0.38 + 0.75/0.51 + 0.68/0.30 + 1.00/0.26 = 0.81/0.35]
INFO:experiments.py:[335/1000] 3.52 sec: loss(t/v)=0.12/2.75, scores(t/v)=[0.80/0.38 + 0.77/0.50 + 0.71/0.29 + 1.00/0.26 = 0.81/0.35]
INFO:experiments.py:[336/1000] 3.54 sec: loss(t/v)=0.12/2.75, scores(t/v)=[0.82/0.38 + 0.77/0.51 + 0.71/0.29 + 1.00/0.26 = 0.82/0.35]
INFO:experiments.py:[337/1000] 3.54 sec: loss(t/v)=0.14/2.75, scores(t/v)=[0.81/0.38 + 0.75/0.50 + 0.69/0.29 + 1.00/0.26 = 0.81/0.35]
INFO:experiments.py:[338/1000] 3.53 sec: loss(t/v)=0.13/2.75, scores(t/v)=[0.81/0.38 + 0.77/0.51 + 0.73/0.29 + 1.00/0.26 = 0.82/0.35]
INFO:experiments.py:[339/1000] 3.53 sec: loss(t/v)=0.13/2.74, scores(t/v)=[0.81/0.39 + 0.77/0.51 + 0.71/0.29 + 1.00/0.26 = 0.82/0.35]
INFO:experiments.py:[340/1000] 3.54 sec: loss(t/v)=0.13/2.74, scores(t/v)=[0.81/0.38 + 0.76/0.50 + 0.71/0.29 + 1.00/0.26 = 0.81/0.34]
INFO:experiments.py:[341/1000] 3.53 sec: loss(t/v)=0.14/2.74, scores(t/v)=[0.82/0.38 + 0.79/0.51 + 0.70/0.29 + 1.00/0.24 = 0.82/0.34]
INFO:experiments.py:[342/1000] 3.54 sec: loss(t/v)=0.14/2.75, scores(t/v)=[0.80/0.39 + 0.76/0.50 + 0.66/0.30 + 1.00/0.24 = 0.80/0.34]
INFO:experiments.py:[343/1000] 3.54 sec: loss(t/v)=0.14/2.74, scores(t/v)=[0.80/0.38 + 0.75/0.50 + 0.67/0.29 + 1.00/0.26 = 0.80/0.35]
INFO:experiments.py:[344/1000] 3.53 sec: loss(t/v)=0.12/2.75, scores(t/v)=[0.81/0.38 + 0.77/0.51 + 0.70/0.30 + 1.00/0.26 = 0.81/0.35]
INFO:experiments.py:[345/1000] 3.53 sec: loss(t/v)=0.13/2.74, scores(t/v)=[0.81/0.38 + 0.77/0.50 + 0.70/0.30 + 1.00/0.26 = 0.81/0.35]
INFO:experiments.py:[346/1000] 3.54 sec: loss(t/v)=0.15/2.76, scores(t/v)=[0.82/0.38 + 0.75/0.50 + 0.68/0.30 + 1.00/0.27 = 0.80/0.35]
INFO:experiments.py:[347/1000] 3.53 sec: loss(t/v)=0.14/2.75, scores(t/v)=[0.78/0.38 + 0.73/0.49 + 0.71/0.31 + 1.00/0.27 = 0.80/0.35]
INFO:experiments.py:[348/1000] 3.52 sec: loss(t/v)=0.14/2.75, scores(t/v)=[0.82/0.38 + 0.77/0.50 + 0.71/0.30 + 1.00/0.26 = 0.82/0.35]
INFO:experiments.py:[349/1000] 3.52 sec: loss(t/v)=0.14/2.74, scores(t/v)=[0.82/0.38 + 0.74/0.51 + 0.70/0.29 + 1.00/0.26 = 0.81/0.35]
INFO:experiments.py:[350/1000] 3.53 sec: loss(t/v)=0.13/2.74, scores(t/v)=[0.83/0.39 + 0.77/0.51 + 0.72/0.30 + 1.00/0.27 = 0.82/0.36]
INFO:experiments.py:[351/1000] 3.53 sec: loss(t/v)=0.14/2.74, scores(t/v)=[0.81/0.39 + 0.75/0.50 + 0.66/0.30 + 1.00/0.27 = 0.80/0.36]
INFO:experiments.py:[352/1000] 3.52 sec: loss(t/v)=0.15/2.75, scores(t/v)=[0.79/0.39 + 0.74/0.51 + 0.66/0.29 + 1.00/0.27 = 0.79/0.35]
INFO:experiments.py:[353/1000] 3.54 sec: loss(t/v)=0.13/2.75, scores(t/v)=[0.82/0.39 + 0.76/0.50 + 0.71/0.29 + 1.00/0.27 = 0.82/0.35]
INFO:experiments.py:Impatient! No gen. improvement in 100 epochs
INFO:experiments.py:Early Stopping: Rewinding to epoch 253
