INFO:experiments.py:[1/1000] 3.87 sec: loss(t/v)=1529.22/1464.90, scores=[nan + nan + nan + 0.00 = nan]
INFO:experiments.py:[2/1000] 3.62 sec: loss(t/v)=1517.34/1433.15, scores=[nan + nan + nan + 0.00 = nan]
INFO:experiments.py:[3/1000] 3.45 sec: loss(t/v)=1467.25/1375.81, scores=[nan + nan + nan + 0.00 = nan]
INFO:experiments.py:[4/1000] 3.45 sec: loss(t/v)=1374.75/1218.08, scores=[0.11 + nan + nan + 0.00 = nan]
INFO:experiments.py:[5/1000] 3.46 sec: loss(t/v)=1033.37/251.53, scores=[0.07 + 0.00 + nan + 0.01 = nan]
INFO:experiments.py:[6/1000] 3.47 sec: loss(t/v)=572.19/634.94, scores=[0.04 + 0.06 + 0.12 + 0.00 = 0.00]
INFO:experiments.py:[7/1000] 3.48 sec: loss(t/v)=678.93/482.61, scores=[0.10 + 0.09 + nan + 0.00 = nan]
INFO:experiments.py:[8/1000] 3.45 sec: loss(t/v)=393.67/79.47, scores=[0.09 + 0.14 + 0.05 + 0.01 = 0.04]
INFO:experiments.py:[9/1000] 3.47 sec: loss(t/v)=131.81/251.26, scores=[nan + 0.19 + nan + 0.00 = nan]
INFO:experiments.py:[10/1000] 3.45 sec: loss(t/v)=230.12/238.58, scores=[nan + 0.23 + 0.17 + 0.01 = nan]
INFO:experiments.py:[11/1000] 3.62 sec: loss(t/v)=235.65/234.26, scores=[nan + 0.21 + nan + 0.00 = nan]
INFO:experiments.py:[12/1000] 3.50 sec: loss(t/v)=218.00/177.73, scores=[nan + 0.13 + 0.06 + 0.00 = nan]
INFO:experiments.py:[13/1000] 3.46 sec: loss(t/v)=159.49/105.38, scores=[0.13 + 0.00 + 0.15 + 0.00 = 0.00]
INFO:experiments.py:[14/1000] 3.45 sec: loss(t/v)=76.12/42.28, scores=[0.22 + 0.00 + 0.15 + 0.00 = 0.00]
INFO:experiments.py:[15/1000] 3.46 sec: loss(t/v)=66.71/93.13, scores=[0.16 + 0.00 + 0.06 + 0.01 = 0.00]
INFO:experiments.py:[16/1000] 3.48 sec: loss(t/v)=79.67/40.06, scores=[0.07 + 0.15 + 0.02 + 0.00 = 0.00]
INFO:experiments.py:[17/1000] 3.50 sec: loss(t/v)=41.70/51.41, scores=[0.04 + 0.13 + 0.01 + 0.00 = 0.00]
INFO:experiments.py:[18/1000] 3.54 sec: loss(t/v)=58.36/61.41, scores=[0.02 + 0.09 + nan + 0.01 = nan]
INFO:experiments.py:[19/1000] 3.47 sec: loss(t/v)=57.22/47.50, scores=[0.05 + 0.14 + nan + 0.00 = nan]
INFO:experiments.py:[20/1000] 3.48 sec: loss(t/v)=44.66/39.80, scores=[0.00 + 0.09 + 0.00 + 0.00 = 0.00]
INFO:experiments.py:[21/1000] 3.46 sec: loss(t/v)=42.74/45.79, scores=[0.02 + 0.08 + 0.00 + 0.00 = 0.00]
INFO:experiments.py:[22/1000] 3.46 sec: loss(t/v)=47.65/39.10, scores=[0.03 + 0.13 + nan + 0.00 = nan]
INFO:experiments.py:[23/1000] 3.48 sec: loss(t/v)=40.16/42.41, scores=[0.00 + 0.12 + nan + 0.00 = nan]
INFO:experiments.py:[24/1000] 3.46 sec: loss(t/v)=41.58/40.65, scores=[0.17 + 0.09 + nan + 0.00 = nan]
INFO:experiments.py:[25/1000] 3.47 sec: loss(t/v)=42.94/42.77, scores=[0.11 + 0.22 + nan + 0.00 = nan]
INFO:experiments.py:[26/1000] 3.45 sec: loss(t/v)=40.00/36.96, scores=[0.06 + 0.14 + 0.02 + 0.00 = 0.00]
INFO:experiments.py:[27/1000] 3.43 sec: loss(t/v)=40.80/39.24, scores=[0.18 + 0.02 + 0.07 + 0.00 = 0.00]
INFO:experiments.py:[28/1000] 3.47 sec: loss(t/v)=40.03/37.89, scores=[0.00 + 0.01 + 0.02 + 0.00 = 0.00]
INFO:experiments.py:[29/1000] 3.47 sec: loss(t/v)=41.08/36.98, scores=[0.00 + 0.00 + 0.10 + 0.00 = 0.00]
