INFO:experiments.py:--- Begin Training with configuration:
{   'data': '/rap/jvb-000-aa/COURS2019/etudiants/data/omsignal/myHeartProject/',
    'dataloader': {   'batch_size': 64,
                      'num_workers': 6,
                      'shuffle': True,
                      'test_proportion': 0.2},
    'models': {   'tspec': {   'freeze': [False, False, False, True],
                               'hid_dim': 100,
                               'num_layers': 3,
                               'out_dims': [1, 1, 1, 32],
                               'spec_len': 1876,
                               'ts_len': 3750}},
    'preprocessing': {'noise_gain': 0.25},
    'training': {   'epochs': 1000,
                    'l2': 0.01,
                    'learning_rate': 0.01,
                    'momentum': 0.9}}
INFO:experiments.py:[1/1000] 2.65 sec: loss(t/v)=3.81/3.47, scores(t/v)=[0.00/0.12 + 0.04/0.39 + 0.00/0.00 + 0.01/0.00 = 0.00/0.00]
INFO:experiments.py:[2/1000] 2.52 sec: loss(t/v)=3.58/3.47, scores(t/v)=[0.08/0.12 + 0.33/0.46 + 0.16/0.00 + 0.03/0.00 = 0.10/0.00]
INFO:experiments.py:[3/1000] 2.47 sec: loss(t/v)=3.48/3.47, scores(t/v)=[0.06/0.18 + 0.34/0.49 + 0.16/0.00 + 0.08/0.02 = 0.13/0.00]
INFO:experiments.py:[4/1000] 2.47 sec: loss(t/v)=3.40/3.47, scores(t/v)=[0.24/0.29 + 0.36/0.42 + 0.20/0.02 + 0.11/0.02 = 0.21/0.08]
INFO:experiments.py:[5/1000] 2.48 sec: loss(t/v)=3.34/3.47, scores(t/v)=[0.19/0.33 + 0.38/0.45 + 0.17/0.04 + 0.11/0.00 = 0.20/0.00]
INFO:experiments.py:[6/1000] 2.44 sec: loss(t/v)=3.28/3.47, scores(t/v)=[0.25/0.23 + 0.41/0.43 + 0.16/0.17 + 0.13/0.00 = 0.22/0.00]
INFO:experiments.py:[7/1000] 2.44 sec: loss(t/v)=3.20/3.46, scores(t/v)=[0.25/0.18 + 0.41/0.43 + 0.16/0.15 + 0.17/0.02 = 0.23/0.12]
INFO:experiments.py:[8/1000] 2.44 sec: loss(t/v)=3.15/3.44, scores(t/v)=[0.19/0.17 + 0.45/0.45 + 0.23/0.12 + 0.21/0.08 = 0.26/0.17]
INFO:experiments.py:[9/1000] 2.45 sec: loss(t/v)=3.06/3.41, scores(t/v)=[0.23/0.19 + 0.51/0.46 + 0.29/0.09 + 0.26/0.15 = 0.31/0.19]
INFO:experiments.py:[10/1000] 2.44 sec: loss(t/v)=2.99/3.36, scores(t/v)=[0.31/0.22 + 0.50/0.46 + 0.22/0.10 + 0.27/0.11 = 0.31/0.18]
INFO:experiments.py:[11/1000] 2.45 sec: loss(t/v)=2.95/3.29, scores(t/v)=[0.28/0.19 + 0.49/0.48 + 0.27/0.05 + 0.29/0.11 = 0.32/0.15]
INFO:experiments.py:[12/1000] 2.46 sec: loss(t/v)=2.86/3.22, scores(t/v)=[0.33/0.16 + 0.55/0.52 + 0.27/0.06 + 0.31/0.15 = 0.35/0.16]
INFO:experiments.py:[13/1000] 2.44 sec: loss(t/v)=2.79/3.15, scores(t/v)=[0.39/0.20 + 0.54/0.54 + 0.34/0.17 + 0.34/0.15 = 0.40/0.23]
INFO:experiments.py:[14/1000] 2.42 sec: loss(t/v)=2.71/3.12, scores(t/v)=[0.35/0.18 + 0.50/0.53 + 0.29/0.21 + 0.36/0.16 = 0.37/0.24]
INFO:experiments.py:[15/1000] 2.46 sec: loss(t/v)=2.63/3.08, scores(t/v)=[0.44/0.23 + 0.52/0.56 + 0.37/0.16 + 0.41/0.23 = 0.43/0.26]
INFO:experiments.py:[16/1000] 2.42 sec: loss(t/v)=2.57/3.03, scores(t/v)=[0.41/0.24 + 0.51/0.55 + 0.35/0.19 + 0.38/0.24 = 0.41/0.28]
INFO:experiments.py:[17/1000] 2.41 sec: loss(t/v)=2.51/3.00, scores(t/v)=[0.43/0.28 + 0.50/0.53 + 0.34/0.19 + 0.46/0.23 = 0.43/0.28]
INFO:experiments.py:[18/1000] 2.46 sec: loss(t/v)=2.44/3.02, scores(t/v)=[0.46/0.29 + 0.51/0.53 + 0.32/0.12 + 0.52/0.21 = 0.44/0.25]
INFO:experiments.py:[19/1000] 2.47 sec: loss(t/v)=2.37/3.00, scores(t/v)=[0.42/0.32 + 0.55/0.51 + 0.27/0.15 + 0.54/0.26 = 0.43/0.28]
INFO:experiments.py:[20/1000] 2.41 sec: loss(t/v)=2.29/2.97, scores(t/v)=[0.43/0.28 + 0.54/0.47 + 0.38/0.14 + 0.52/0.24 = 0.46/0.26]
INFO:experiments.py:[21/1000] 2.42 sec: loss(t/v)=2.19/2.93, scores(t/v)=[0.53/0.28 + 0.51/0.52 + 0.33/0.10 + 0.61/0.26 = 0.49/0.25]
INFO:experiments.py:[22/1000] 2.41 sec: loss(t/v)=2.13/2.92, scores(t/v)=[0.46/0.28 + 0.55/0.53 + 0.34/0.06 + 0.60/0.29 = 0.48/0.23]
INFO:experiments.py:[23/1000] 2.42 sec: loss(t/v)=2.04/2.89, scores(t/v)=[0.47/0.21 + 0.52/0.51 + 0.33/0.05 + 0.63/0.32 = 0.47/0.21]
INFO:experiments.py:[24/1000] 2.43 sec: loss(t/v)=1.95/2.89, scores(t/v)=[0.46/0.24 + 0.52/0.54 + 0.35/0.05 + 0.66/0.31 = 0.49/0.20]
INFO:experiments.py:[25/1000] 2.42 sec: loss(t/v)=1.90/2.88, scores(t/v)=[0.42/0.31 + 0.53/0.48 + 0.36/0.06 + 0.67/0.26 = 0.48/0.22]
INFO:experiments.py:[26/1000] 2.42 sec: loss(t/v)=1.81/2.82, scores(t/v)=[0.45/0.29 + 0.50/0.49 + 0.34/0.10 + 0.70/0.23 = 0.48/0.24]
INFO:experiments.py:[27/1000] 2.42 sec: loss(t/v)=1.70/2.77, scores(t/v)=[0.48/0.35 + 0.52/0.54 + 0.35/0.08 + 0.72/0.26 = 0.50/0.25]
INFO:experiments.py:[28/1000] 2.42 sec: loss(t/v)=1.66/2.76, scores(t/v)=[0.50/0.22 + 0.54/0.55 + 0.33/0.08 + 0.74/0.26 = 0.51/0.23]
INFO:experiments.py:[29/1000] 2.42 sec: loss(t/v)=1.57/2.79, scores(t/v)=[0.53/0.27 + 0.57/0.52 + 0.30/0.00 + 0.74/0.23 = 0.51/0.00]
INFO:experiments.py:[30/1000] 2.42 sec: loss(t/v)=1.46/2.77, scores(t/v)=[0.50/0.28 + 0.53/0.46 + 0.32/0.00 + 0.79/0.21 = 0.51/0.00]
INFO:experiments.py:[31/1000] 2.42 sec: loss(t/v)=1.38/2.72, scores(t/v)=[0.55/0.29 + 0.51/0.55 + 0.36/0.01 + 0.81/0.26 = 0.53/0.13]
INFO:experiments.py:[32/1000] 2.43 sec: loss(t/v)=1.30/2.74, scores(t/v)=[0.54/0.27 + 0.56/0.52 + 0.33/0.00 + 0.83/0.24 = 0.54/0.00]
INFO:experiments.py:[33/1000] 2.43 sec: loss(t/v)=1.23/2.64, scores(t/v)=[0.53/0.35 + 0.58/0.48 + 0.30/0.17 + 0.83/0.29 = 0.53/0.30]
INFO:experiments.py:[34/1000] 2.42 sec: loss(t/v)=1.13/2.65, scores(t/v)=[0.57/0.20 + 0.51/0.47 + 0.36/0.11 + 0.89/0.26 = 0.55/0.23]
INFO:experiments.py:[35/1000] 2.43 sec: loss(t/v)=1.06/2.71, scores(t/v)=[0.55/0.26 + 0.51/0.50 + 0.40/0.10 + 0.90/0.27 = 0.56/0.25]
INFO:experiments.py:[36/1000] 2.45 sec: loss(t/v)=1.03/2.71, scores(t/v)=[0.50/0.23 + 0.55/0.50 + 0.22/0.16 + 0.90/0.27 = 0.48/0.27]
INFO:experiments.py:[37/1000] 2.43 sec: loss(t/v)=0.95/2.70, scores(t/v)=[0.57/0.26 + 0.54/0.40 + 0.26/0.16 + 0.92/0.24 = 0.52/0.25]
INFO:experiments.py:[38/1000] 2.41 sec: loss(t/v)=0.89/2.68, scores(t/v)=[0.59/0.24 + 0.46/0.48 + 0.27/0.08 + 0.94/0.24 = 0.51/0.22]
INFO:experiments.py:[39/1000] 2.42 sec: loss(t/v)=0.80/2.66, scores(t/v)=[0.58/0.26 + 0.51/0.46 + 0.29/0.00 + 0.96/0.27 = 0.54/0.00]
INFO:experiments.py:[40/1000] 2.43 sec: loss(t/v)=0.74/2.59, scores(t/v)=[0.62/0.24 + 0.54/0.51 + 0.36/0.22 + 0.94/0.32 = 0.58/0.31]
INFO:experiments.py:[41/1000] 2.42 sec: loss(t/v)=0.68/2.64, scores(t/v)=[0.57/0.21 + 0.54/0.48 + 0.34/0.04 + 0.97/0.26 = 0.56/0.18]
INFO:experiments.py:[42/1000] 2.42 sec: loss(t/v)=0.61/2.81, scores(t/v)=[0.62/0.34 + 0.56/0.48 + 0.29/0.18 + 0.99/0.18 = 0.56/0.27]
INFO:experiments.py:[43/1000] 2.45 sec: loss(t/v)=0.55/2.73, scores(t/v)=[0.61/0.27 + 0.54/0.46 + 0.32/0.14 + 0.99/0.23 = 0.57/0.25]
INFO:experiments.py:[44/1000] 2.43 sec: loss(t/v)=0.56/2.59, scores(t/v)=[0.59/0.35 + 0.44/0.51 + 0.34/0.17 + 0.98/0.26 = 0.54/0.30]
INFO:experiments.py:[45/1000] 2.42 sec: loss(t/v)=0.47/2.51, scores(t/v)=[0.60/0.42 + 0.49/0.55 + 0.33/0.18 + 0.99/0.32 = 0.56/0.34]
INFO:experiments.py:[46/1000] 2.42 sec: loss(t/v)=0.44/2.56, scores(t/v)=[0.63/0.40 + 0.52/0.54 + 0.37/0.21 + 0.99/0.34 = 0.59/0.35]
INFO:experiments.py:[47/1000] 2.43 sec: loss(t/v)=0.40/2.67, scores(t/v)=[0.64/0.39 + 0.54/0.45 + 0.32/0.13 + 1.00/0.31 = 0.58/0.29]
INFO:experiments.py:[48/1000] 2.43 sec: loss(t/v)=0.38/2.71, scores(t/v)=[0.63/0.32 + 0.51/0.52 + 0.35/0.23 + 1.00/0.26 = 0.58/0.32]
INFO:experiments.py:[49/1000] 2.42 sec: loss(t/v)=0.33/2.63, scores(t/v)=[0.63/0.33 + 0.52/0.52 + 0.33/0.16 + 1.00/0.31 = 0.57/0.30]
INFO:experiments.py:[50/1000] 2.44 sec: loss(t/v)=0.30/2.64, scores(t/v)=[0.67/0.33 + 0.53/0.45 + 0.36/0.24 + 1.00/0.32 = 0.60/0.33]
INFO:experiments.py:[51/1000] 2.43 sec: loss(t/v)=0.29/2.69, scores(t/v)=[0.65/0.28 + 0.43/0.45 + 0.25/0.18 + 1.00/0.29 = 0.52/0.28]
INFO:experiments.py:[52/1000] 2.42 sec: loss(t/v)=0.30/2.56, scores(t/v)=[0.63/0.38 + 0.47/0.48 + 0.35/0.27 + 1.00/0.31 = 0.57/0.35]
INFO:experiments.py:[53/1000] 2.42 sec: loss(t/v)=0.25/2.65, scores(t/v)=[0.65/0.32 + 0.51/0.46 + 0.33/0.24 + 1.00/0.31 = 0.57/0.32]
INFO:experiments.py:[54/1000] 2.43 sec: loss(t/v)=0.24/2.70, scores(t/v)=[0.65/0.31 + 0.50/0.48 + 0.36/0.13 + 1.00/0.29 = 0.59/0.27]
INFO:experiments.py:[55/1000] 2.42 sec: loss(t/v)=0.23/2.60, scores(t/v)=[0.65/0.35 + 0.49/0.51 + 0.36/0.18 + 1.00/0.34 = 0.58/0.32]
INFO:experiments.py:[56/1000] 2.42 sec: loss(t/v)=0.20/2.49, scores(t/v)=[0.67/0.40 + 0.53/0.39 + 0.33/0.21 + 1.00/0.31 = 0.58/0.32]
INFO:experiments.py:[57/1000] 2.47 sec: loss(t/v)=0.20/2.49, scores(t/v)=[0.64/0.39 + 0.49/0.46 + 0.38/0.19 + 1.00/0.32 = 0.59/0.32]
INFO:experiments.py:[58/1000] 2.48 sec: loss(t/v)=0.20/2.53, scores(t/v)=[0.65/0.35 + 0.51/0.48 + 0.38/0.22 + 1.00/0.31 = 0.60/0.33]
INFO:experiments.py:[59/1000] 2.42 sec: loss(t/v)=0.19/2.57, scores(t/v)=[0.63/0.38 + 0.49/0.48 + 0.36/0.20 + 1.00/0.31 = 0.58/0.32]
INFO:experiments.py:[60/1000] 2.41 sec: loss(t/v)=0.19/2.61, scores(t/v)=[0.65/0.26 + 0.43/0.49 + 0.35/0.18 + 1.00/0.27 = 0.56/0.28]
INFO:experiments.py:[61/1000] 2.42 sec: loss(t/v)=0.18/2.66, scores(t/v)=[0.72/0.29 + 0.52/0.62 + 0.35/0.12 + 1.00/0.29 = 0.60/0.28]
INFO:experiments.py:[62/1000] 2.43 sec: loss(t/v)=0.18/2.68, scores(t/v)=[0.69/0.24 + 0.50/0.48 + 0.37/0.25 + 1.00/0.29 = 0.60/0.30]
INFO:experiments.py:[63/1000] 2.43 sec: loss(t/v)=0.15/2.69, scores(t/v)=[0.68/0.31 + 0.51/0.51 + 0.36/0.20 + 1.00/0.31 = 0.59/0.31]
INFO:experiments.py:[64/1000] 2.43 sec: loss(t/v)=0.18/2.56, scores(t/v)=[0.70/0.35 + 0.53/0.51 + 0.28/0.22 + 1.00/0.32 = 0.57/0.33]
INFO:experiments.py:[65/1000] 2.42 sec: loss(t/v)=0.15/2.46, scores(t/v)=[0.69/0.37 + 0.50/0.56 + 0.30/0.22 + 1.00/0.35 = 0.57/0.35]
INFO:experiments.py:[66/1000] 2.43 sec: loss(t/v)=0.16/2.50, scores(t/v)=[0.68/0.35 + 0.52/0.48 + 0.36/0.15 + 1.00/0.34 = 0.60/0.30]
INFO:experiments.py:[67/1000] 2.42 sec: loss(t/v)=0.14/2.44, scores(t/v)=[0.67/0.31 + 0.52/0.53 + 0.29/0.31 + 1.00/0.35 = 0.57/0.37]
INFO:experiments.py:[68/1000] 2.42 sec: loss(t/v)=0.15/2.48, scores(t/v)=[0.67/0.41 + 0.52/0.47 + 0.34/0.30 + 1.00/0.35 = 0.59/0.38]
INFO:experiments.py:[69/1000] 2.42 sec: loss(t/v)=0.15/2.53, scores(t/v)=[0.65/0.31 + 0.49/0.55 + 0.32/0.24 + 1.00/0.32 = 0.56/0.34]
INFO:experiments.py:[70/1000] 2.45 sec: loss(t/v)=0.14/2.51, scores(t/v)=[0.64/0.38 + 0.47/0.53 + 0.31/0.27 + 1.00/0.32 = 0.55/0.36]
INFO:experiments.py:[71/1000] 2.44 sec: loss(t/v)=0.15/2.49, scores(t/v)=[0.63/0.35 + 0.50/0.57 + 0.33/0.31 + 1.00/0.34 = 0.57/0.38]
INFO:experiments.py:[72/1000] 2.42 sec: loss(t/v)=0.12/2.48, scores(t/v)=[0.69/0.37 + 0.52/0.48 + 0.39/0.24 + 1.00/0.32 = 0.61/0.34]
INFO:experiments.py:[73/1000] 2.44 sec: loss(t/v)=0.13/2.42, scores(t/v)=[0.66/0.39 + 0.49/0.50 + 0.31/0.16 + 1.00/0.31 = 0.56/0.31]
INFO:experiments.py:[74/1000] 2.42 sec: loss(t/v)=0.13/2.46, scores(t/v)=[0.70/0.41 + 0.53/0.55 + 0.35/0.25 + 1.00/0.32 = 0.60/0.37]
INFO:experiments.py:[75/1000] 2.43 sec: loss(t/v)=0.12/2.48, scores(t/v)=[0.69/0.44 + 0.50/0.57 + 0.34/0.17 + 1.00/0.34 = 0.58/0.35]
INFO:experiments.py:[76/1000] 2.43 sec: loss(t/v)=0.13/2.49, scores(t/v)=[0.70/0.41 + 0.54/0.58 + 0.35/0.15 + 1.00/0.34 = 0.60/0.33]
INFO:experiments.py:[77/1000] 2.43 sec: loss(t/v)=0.12/2.50, scores(t/v)=[0.68/0.40 + 0.55/0.59 + 0.33/0.33 + 1.00/0.34 = 0.60/0.40]
INFO:experiments.py:[78/1000] 2.42 sec: loss(t/v)=0.12/2.49, scores(t/v)=[0.71/0.37 + 0.47/0.58 + 0.36/0.13 + 1.00/0.35 = 0.59/0.32]
INFO:experiments.py:[79/1000] 2.42 sec: loss(t/v)=0.11/2.50, scores(t/v)=[0.72/0.39 + 0.54/0.59 + 0.37/0.25 + 1.00/0.34 = 0.62/0.37]
INFO:experiments.py:[80/1000] 2.44 sec: loss(t/v)=0.12/2.51, scores(t/v)=[0.69/0.35 + 0.54/0.56 + 0.36/0.24 + 1.00/0.34 = 0.60/0.36]
INFO:experiments.py:[81/1000] 2.43 sec: loss(t/v)=0.11/2.49, scores(t/v)=[0.70/0.35 + 0.53/0.53 + 0.41/0.17 + 1.00/0.35 = 0.62/0.32]
INFO:experiments.py:[82/1000] 2.42 sec: loss(t/v)=0.11/2.47, scores(t/v)=[0.70/0.36 + 0.51/0.58 + 0.37/0.27 + 1.00/0.34 = 0.61/0.37]
INFO:experiments.py:[83/1000] 2.42 sec: loss(t/v)=0.11/2.46, scores(t/v)=[0.67/0.35 + 0.56/0.51 + 0.41/0.24 + 1.00/0.35 = 0.63/0.35]
INFO:experiments.py:[84/1000] 2.42 sec: loss(t/v)=0.11/2.48, scores(t/v)=[0.72/0.37 + 0.57/0.59 + 0.40/0.15 + 1.00/0.35 = 0.64/0.33]
INFO:experiments.py:[85/1000] 2.44 sec: loss(t/v)=0.10/2.47, scores(t/v)=[0.72/0.35 + 0.53/0.52 + 0.40/0.22 + 1.00/0.35 = 0.63/0.34]
INFO:experiments.py:[86/1000] 2.43 sec: loss(t/v)=0.10/2.43, scores(t/v)=[0.65/0.38 + 0.54/0.61 + 0.41/0.13 + 1.00/0.32 = 0.62/0.32]
INFO:experiments.py:[87/1000] 2.43 sec: loss(t/v)=0.12/2.46, scores(t/v)=[0.69/0.36 + 0.45/0.47 + 0.38/0.25 + 1.00/0.31 = 0.59/0.34]
INFO:experiments.py:[88/1000] 2.43 sec: loss(t/v)=0.12/2.42, scores(t/v)=[0.69/0.39 + 0.51/0.55 + 0.34/0.16 + 1.00/0.32 = 0.59/0.33]
INFO:experiments.py:[89/1000] 2.42 sec: loss(t/v)=0.11/2.41, scores(t/v)=[0.67/0.37 + 0.55/0.57 + 0.36/0.29 + 1.00/0.34 = 0.60/0.38]
INFO:experiments.py:[90/1000] 2.41 sec: loss(t/v)=0.10/2.46, scores(t/v)=[0.72/0.37 + 0.53/0.50 + 0.37/0.19 + 1.00/0.32 = 0.61/0.33]
INFO:experiments.py:[91/1000] 2.42 sec: loss(t/v)=0.11/2.52, scores(t/v)=[0.73/0.39 + 0.52/0.49 + 0.32/0.30 + 1.00/0.31 = 0.59/0.37]
INFO:experiments.py:[92/1000] 2.43 sec: loss(t/v)=0.10/2.50, scores(t/v)=[0.69/0.34 + 0.45/0.59 + 0.40/0.17 + 1.00/0.31 = 0.59/0.32]
INFO:experiments.py:[93/1000] 2.44 sec: loss(t/v)=0.10/2.52, scores(t/v)=[0.72/0.35 + 0.49/0.55 + 0.32/0.24 + 1.00/0.31 = 0.58/0.34]
INFO:experiments.py:[94/1000] 2.46 sec: loss(t/v)=0.10/2.53, scores(t/v)=[0.72/0.33 + 0.54/0.50 + 0.37/0.30 + 1.00/0.31 = 0.62/0.35]
INFO:experiments.py:[95/1000] 2.45 sec: loss(t/v)=0.10/2.51, scores(t/v)=[0.71/0.32 + 0.58/0.55 + 0.39/0.22 + 1.00/0.31 = 0.63/0.33]
INFO:experiments.py:[96/1000] 2.43 sec: loss(t/v)=0.10/2.48, scores(t/v)=[0.73/0.33 + 0.54/0.53 + 0.38/0.25 + 1.00/0.32 = 0.62/0.34]
INFO:experiments.py:[97/1000] 2.43 sec: loss(t/v)=0.11/2.48, scores(t/v)=[0.72/0.33 + 0.55/0.58 + 0.35/0.19 + 1.00/0.35 = 0.61/0.34]
INFO:experiments.py:[98/1000] 2.43 sec: loss(t/v)=0.10/2.48, scores(t/v)=[0.69/0.35 + 0.60/0.53 + 0.37/0.27 + 1.00/0.35 = 0.62/0.37]
INFO:experiments.py:[99/1000] 2.46 sec: loss(t/v)=0.10/2.51, scores(t/v)=[0.67/0.35 + 0.49/0.49 + 0.42/0.12 + 1.00/0.32 = 0.61/0.28]
INFO:experiments.py:[100/1000] 2.45 sec: loss(t/v)=0.10/2.50, scores(t/v)=[0.69/0.35 + 0.57/0.58 + 0.35/0.21 + 1.00/0.34 = 0.61/0.35]
INFO:experiments.py:[101/1000] 2.35 sec: loss(t/v)=0.11/2.47, scores(t/v)=[0.69/0.41 + 0.58/0.50 + 0.35/0.19 + 1.00/0.34 = 0.61/0.34]
INFO:experiments.py:[102/1000] 2.35 sec: loss(t/v)=0.10/2.45, scores(t/v)=[0.71/0.34 + 0.59/0.54 + 0.44/0.26 + 1.00/0.34 = 0.66/0.36]
INFO:experiments.py:[103/1000] 2.37 sec: loss(t/v)=0.13/2.44, scores(t/v)=[0.68/0.36 + 0.47/0.53 + 0.43/0.28 + 1.00/0.35 = 0.61/0.37]
INFO:experiments.py:[104/1000] 2.39 sec: loss(t/v)=0.10/2.43, scores(t/v)=[0.71/0.32 + 0.55/0.51 + 0.38/0.25 + 1.00/0.34 = 0.62/0.34]
INFO:experiments.py:[105/1000] 2.36 sec: loss(t/v)=0.11/2.43, scores(t/v)=[0.73/0.36 + 0.57/0.53 + 0.43/0.25 + 1.00/0.34 = 0.65/0.36]
INFO:experiments.py:[106/1000] 2.39 sec: loss(t/v)=0.11/2.43, scores(t/v)=[0.71/0.33 + 0.59/0.55 + 0.33/0.21 + 1.00/0.35 = 0.61/0.34]
INFO:experiments.py:[107/1000] 2.42 sec: loss(t/v)=0.12/2.44, scores(t/v)=[0.72/0.32 + 0.54/0.46 + 0.41/0.30 + 1.00/0.35 = 0.63/0.35]
INFO:experiments.py:[108/1000] 2.40 sec: loss(t/v)=0.13/2.44, scores(t/v)=[0.71/0.31 + 0.54/0.51 + 0.44/0.20 + 1.00/0.34 = 0.64/0.32]
INFO:experiments.py:[109/1000] 2.35 sec: loss(t/v)=0.13/2.44, scores(t/v)=[0.72/0.33 + 0.51/0.52 + 0.41/0.27 + 1.00/0.32 = 0.62/0.35]
INFO:experiments.py:[110/1000] 2.37 sec: loss(t/v)=0.13/2.44, scores(t/v)=[0.70/0.32 + 0.60/0.60 + 0.35/0.23 + 1.00/0.32 = 0.62/0.35]
INFO:experiments.py:[111/1000] 2.36 sec: loss(t/v)=0.14/2.42, scores(t/v)=[0.75/0.34 + 0.60/0.61 + 0.35/0.28 + 1.00/0.35 = 0.63/0.38]
INFO:experiments.py:[112/1000] 2.35 sec: loss(t/v)=0.13/2.40, scores(t/v)=[0.77/0.36 + 0.65/0.58 + 0.51/0.29 + 1.00/0.37 = 0.71/0.39]
INFO:experiments.py:[113/1000] 2.36 sec: loss(t/v)=0.14/2.40, scores(t/v)=[0.78/0.38 + 0.67/0.54 + 0.53/0.29 + 1.00/0.35 = 0.72/0.38]
INFO:experiments.py:[114/1000] 2.36 sec: loss(t/v)=0.13/2.40, scores(t/v)=[0.79/0.38 + 0.68/0.53 + 0.53/0.27 + 1.00/0.39 = 0.73/0.38]
INFO:experiments.py:[115/1000] 2.36 sec: loss(t/v)=0.12/2.39, scores(t/v)=[0.78/0.38 + 0.68/0.51 + 0.57/0.26 + 1.00/0.37 = 0.74/0.37]
INFO:experiments.py:[116/1000] 2.36 sec: loss(t/v)=0.14/2.39, scores(t/v)=[0.76/0.38 + 0.66/0.51 + 0.51/0.25 + 1.00/0.35 = 0.71/0.36]
INFO:experiments.py:[117/1000] 2.38 sec: loss(t/v)=0.13/2.39, scores(t/v)=[0.81/0.36 + 0.67/0.52 + 0.53/0.27 + 1.00/0.34 = 0.73/0.36]
INFO:experiments.py:[118/1000] 2.40 sec: loss(t/v)=0.13/2.39, scores(t/v)=[0.81/0.37 + 0.69/0.54 + 0.53/0.29 + 1.00/0.34 = 0.74/0.37]
INFO:experiments.py:[119/1000] 2.39 sec: loss(t/v)=0.13/2.39, scores(t/v)=[0.81/0.38 + 0.70/0.53 + 0.54/0.26 + 1.00/0.32 = 0.74/0.36]
INFO:experiments.py:[120/1000] 2.34 sec: loss(t/v)=0.13/2.39, scores(t/v)=[0.79/0.39 + 0.67/0.53 + 0.51/0.28 + 1.00/0.32 = 0.72/0.37]
INFO:experiments.py:[121/1000] 2.35 sec: loss(t/v)=0.14/2.39, scores(t/v)=[0.80/0.38 + 0.68/0.51 + 0.52/0.25 + 1.00/0.34 = 0.73/0.36]
INFO:experiments.py:[122/1000] 2.36 sec: loss(t/v)=0.13/2.39, scores(t/v)=[0.81/0.39 + 0.67/0.50 + 0.51/0.25 + 1.00/0.34 = 0.73/0.36]
INFO:experiments.py:[123/1000] 2.35 sec: loss(t/v)=0.14/2.39, scores(t/v)=[0.80/0.39 + 0.67/0.52 + 0.53/0.25 + 1.00/0.32 = 0.73/0.35]
INFO:experiments.py:[124/1000] 2.35 sec: loss(t/v)=0.14/2.39, scores(t/v)=[0.80/0.39 + 0.66/0.52 + 0.55/0.25 + 1.00/0.35 = 0.73/0.37]
INFO:experiments.py:[125/1000] 2.37 sec: loss(t/v)=0.15/2.39, scores(t/v)=[0.78/0.38 + 0.66/0.55 + 0.49/0.25 + 1.00/0.35 = 0.71/0.37]
INFO:experiments.py:[126/1000] 2.36 sec: loss(t/v)=0.13/2.39, scores(t/v)=[0.79/0.38 + 0.69/0.56 + 0.55/0.25 + 1.00/0.37 = 0.74/0.37]
INFO:experiments.py:[127/1000] 2.33 sec: loss(t/v)=0.14/2.38, scores(t/v)=[0.79/0.39 + 0.65/0.53 + 0.50/0.25 + 1.00/0.35 = 0.71/0.37]
INFO:experiments.py:[128/1000] 2.33 sec: loss(t/v)=0.14/2.38, scores(t/v)=[0.77/0.38 + 0.65/0.53 + 0.50/0.25 + 1.00/0.37 = 0.71/0.37]
INFO:experiments.py:[129/1000] 2.34 sec: loss(t/v)=0.14/2.38, scores(t/v)=[0.79/0.39 + 0.68/0.52 + 0.55/0.27 + 1.00/0.34 = 0.74/0.37]
INFO:experiments.py:[130/1000] 2.35 sec: loss(t/v)=0.14/2.38, scores(t/v)=[0.78/0.39 + 0.66/0.52 + 0.54/0.24 + 1.00/0.34 = 0.73/0.36]
INFO:experiments.py:[131/1000] 2.37 sec: loss(t/v)=0.16/2.38, scores(t/v)=[0.79/0.38 + 0.66/0.54 + 0.52/0.24 + 1.00/0.35 = 0.72/0.36]
INFO:experiments.py:[132/1000] 2.36 sec: loss(t/v)=0.13/2.38, scores(t/v)=[0.80/0.38 + 0.67/0.53 + 0.48/0.25 + 1.00/0.35 = 0.71/0.37]
INFO:experiments.py:[133/1000] 2.36 sec: loss(t/v)=0.15/2.38, scores(t/v)=[0.79/0.39 + 0.67/0.53 + 0.56/0.25 + 1.00/0.35 = 0.74/0.37]
INFO:experiments.py:[134/1000] 2.36 sec: loss(t/v)=0.15/2.39, scores(t/v)=[0.79/0.39 + 0.63/0.53 + 0.48/0.23 + 1.00/0.34 = 0.70/0.36]
INFO:experiments.py:[135/1000] 2.34 sec: loss(t/v)=0.15/2.39, scores(t/v)=[0.79/0.40 + 0.67/0.54 + 0.50/0.23 + 1.00/0.35 = 0.72/0.37]
INFO:experiments.py:[136/1000] 2.34 sec: loss(t/v)=0.14/2.39, scores(t/v)=[0.79/0.38 + 0.69/0.54 + 0.52/0.27 + 1.00/0.35 = 0.73/0.37]
INFO:experiments.py:[137/1000] 2.35 sec: loss(t/v)=0.15/2.38, scores(t/v)=[0.79/0.37 + 0.69/0.55 + 0.55/0.29 + 1.00/0.37 = 0.74/0.38]
INFO:experiments.py:[138/1000] 2.35 sec: loss(t/v)=0.15/2.38, scores(t/v)=[0.79/0.37 + 0.70/0.54 + 0.53/0.28 + 1.00/0.35 = 0.73/0.38]
INFO:experiments.py:[139/1000] 2.35 sec: loss(t/v)=0.15/2.38, scores(t/v)=[0.77/0.39 + 0.65/0.51 + 0.52/0.25 + 1.00/0.35 = 0.71/0.36]
INFO:experiments.py:[140/1000] 2.35 sec: loss(t/v)=0.16/2.39, scores(t/v)=[0.77/0.38 + 0.67/0.54 + 0.47/0.24 + 1.00/0.34 = 0.70/0.36]
INFO:experiments.py:[141/1000] 2.35 sec: loss(t/v)=0.14/2.39, scores(t/v)=[0.81/0.37 + 0.66/0.54 + 0.52/0.27 + 1.00/0.35 = 0.73/0.37]
INFO:experiments.py:[142/1000] 2.34 sec: loss(t/v)=0.14/2.38, scores(t/v)=[0.77/0.37 + 0.66/0.55 + 0.55/0.29 + 1.00/0.37 = 0.73/0.38]
INFO:experiments.py:[143/1000] 2.33 sec: loss(t/v)=0.15/2.39, scores(t/v)=[0.79/0.36 + 0.65/0.53 + 0.52/0.25 + 1.00/0.34 = 0.72/0.36]
INFO:experiments.py:[144/1000] 2.34 sec: loss(t/v)=0.16/2.38, scores(t/v)=[0.80/0.37 + 0.66/0.52 + 0.54/0.23 + 1.00/0.35 = 0.73/0.36]
INFO:experiments.py:[145/1000] 2.35 sec: loss(t/v)=0.15/2.38, scores(t/v)=[0.77/0.38 + 0.65/0.52 + 0.53/0.24 + 1.00/0.37 = 0.72/0.36]
INFO:experiments.py:[146/1000] 2.35 sec: loss(t/v)=0.15/2.38, scores(t/v)=[0.77/0.38 + 0.64/0.51 + 0.48/0.25 + 1.00/0.35 = 0.70/0.36]
INFO:experiments.py:[147/1000] 2.36 sec: loss(t/v)=0.14/2.39, scores(t/v)=[0.80/0.36 + 0.66/0.52 + 0.51/0.25 + 1.00/0.35 = 0.72/0.36]
INFO:experiments.py:[148/1000] 2.36 sec: loss(t/v)=0.15/2.39, scores(t/v)=[0.78/0.38 + 0.63/0.53 + 0.53/0.24 + 1.00/0.37 = 0.72/0.36]
INFO:experiments.py:[149/1000] 2.36 sec: loss(t/v)=0.15/2.39, scores(t/v)=[0.78/0.38 + 0.68/0.55 + 0.56/0.25 + 1.00/0.37 = 0.74/0.37]
INFO:experiments.py:[150/1000] 2.34 sec: loss(t/v)=0.15/2.38, scores(t/v)=[0.78/0.38 + 0.66/0.54 + 0.53/0.23 + 1.00/0.35 = 0.72/0.36]
INFO:experiments.py:[151/1000] 2.35 sec: loss(t/v)=0.14/2.38, scores(t/v)=[0.79/0.38 + 0.66/0.54 + 0.55/0.22 + 1.00/0.35 = 0.73/0.36]
INFO:experiments.py:[152/1000] 2.36 sec: loss(t/v)=0.15/2.38, scores(t/v)=[0.77/0.38 + 0.67/0.54 + 0.50/0.22 + 1.00/0.37 = 0.72/0.36]
INFO:experiments.py:[153/1000] 2.36 sec: loss(t/v)=0.15/2.37, scores(t/v)=[0.79/0.39 + 0.68/0.55 + 0.52/0.23 + 1.00/0.37 = 0.73/0.37]
INFO:experiments.py:[154/1000] 2.35 sec: loss(t/v)=0.14/2.38, scores(t/v)=[0.80/0.38 + 0.69/0.55 + 0.57/0.23 + 1.00/0.37 = 0.75/0.37]
INFO:experiments.py:[155/1000] 2.35 sec: loss(t/v)=0.13/2.38, scores(t/v)=[0.80/0.39 + 0.70/0.55 + 0.57/0.24 + 1.00/0.37 = 0.75/0.37]
INFO:experiments.py:[156/1000] 2.35 sec: loss(t/v)=0.15/2.38, scores(t/v)=[0.79/0.39 + 0.68/0.56 + 0.54/0.24 + 1.00/0.35 = 0.73/0.37]
INFO:experiments.py:[157/1000] 2.35 sec: loss(t/v)=0.15/2.38, scores(t/v)=[0.80/0.38 + 0.68/0.55 + 0.54/0.23 + 1.00/0.35 = 0.73/0.36]
INFO:experiments.py:[158/1000] 2.33 sec: loss(t/v)=0.15/2.38, scores(t/v)=[0.78/0.38 + 0.68/0.55 + 0.53/0.21 + 1.00/0.35 = 0.73/0.35]
INFO:experiments.py:[159/1000] 2.32 sec: loss(t/v)=0.15/2.37, scores(t/v)=[0.79/0.38 + 0.67/0.55 + 0.54/0.21 + 1.00/0.35 = 0.73/0.35]
INFO:experiments.py:[160/1000] 2.32 sec: loss(t/v)=0.16/2.37, scores(t/v)=[0.78/0.38 + 0.68/0.56 + 0.49/0.21 + 1.00/0.37 = 0.71/0.36]
INFO:experiments.py:[161/1000] 2.33 sec: loss(t/v)=0.15/2.38, scores(t/v)=[0.80/0.38 + 0.66/0.55 + 0.53/0.22 + 1.00/0.35 = 0.73/0.36]
INFO:experiments.py:[162/1000] 2.32 sec: loss(t/v)=0.15/2.38, scores(t/v)=[0.79/0.38 + 0.70/0.55 + 0.51/0.24 + 1.00/0.35 = 0.73/0.37]
INFO:experiments.py:[163/1000] 2.32 sec: loss(t/v)=0.15/2.38, scores(t/v)=[0.80/0.38 + 0.72/0.55 + 0.56/0.24 + 1.00/0.37 = 0.75/0.37]
INFO:experiments.py:[164/1000] 2.33 sec: loss(t/v)=0.15/2.37, scores(t/v)=[0.82/0.39 + 0.70/0.55 + 0.56/0.24 + 1.00/0.37 = 0.75/0.37]
INFO:experiments.py:[165/1000] 2.33 sec: loss(t/v)=0.15/2.37, scores(t/v)=[0.77/0.38 + 0.66/0.55 + 0.53/0.24 + 1.00/0.35 = 0.72/0.36]
INFO:experiments.py:[166/1000] 2.32 sec: loss(t/v)=0.16/2.37, scores(t/v)=[0.78/0.38 + 0.67/0.54 + 0.54/0.23 + 1.00/0.34 = 0.73/0.36]
INFO:experiments.py:[167/1000] 2.32 sec: loss(t/v)=0.15/2.38, scores(t/v)=[0.79/0.38 + 0.69/0.54 + 0.57/0.23 + 1.00/0.34 = 0.75/0.36]
INFO:experiments.py:[168/1000] 2.33 sec: loss(t/v)=0.16/2.38, scores(t/v)=[0.77/0.37 + 0.67/0.55 + 0.55/0.24 + 1.00/0.35 = 0.73/0.36]
INFO:experiments.py:[169/1000] 2.33 sec: loss(t/v)=0.15/2.38, scores(t/v)=[0.82/0.38 + 0.69/0.55 + 0.53/0.23 + 1.00/0.34 = 0.74/0.35]
INFO:experiments.py:[170/1000] 2.33 sec: loss(t/v)=0.14/2.38, scores(t/v)=[0.80/0.37 + 0.68/0.55 + 0.55/0.23 + 1.00/0.34 = 0.74/0.36]
INFO:experiments.py:[171/1000] 2.33 sec: loss(t/v)=0.14/2.38, scores(t/v)=[0.79/0.37 + 0.68/0.55 + 0.53/0.23 + 1.00/0.35 = 0.73/0.36]
INFO:experiments.py:[172/1000] 2.34 sec: loss(t/v)=0.16/2.38, scores(t/v)=[0.79/0.38 + 0.69/0.54 + 0.55/0.23 + 1.00/0.34 = 0.74/0.36]
INFO:experiments.py:[173/1000] 2.33 sec: loss(t/v)=0.14/2.38, scores(t/v)=[0.81/0.38 + 0.69/0.54 + 0.59/0.23 + 1.00/0.32 = 0.76/0.35]
INFO:experiments.py:[174/1000] 2.32 sec: loss(t/v)=0.14/2.37, scores(t/v)=[0.83/0.38 + 0.70/0.54 + 0.56/0.24 + 1.00/0.34 = 0.76/0.36]
INFO:experiments.py:[175/1000] 2.32 sec: loss(t/v)=0.15/2.37, scores(t/v)=[0.80/0.38 + 0.69/0.54 + 0.57/0.23 + 1.00/0.34 = 0.75/0.36]
INFO:experiments.py:[176/1000] 2.32 sec: loss(t/v)=0.16/2.37, scores(t/v)=[0.80/0.38 + 0.63/0.54 + 0.52/0.23 + 1.00/0.39 = 0.72/0.36]
INFO:experiments.py:[177/1000] 2.33 sec: loss(t/v)=0.16/2.38, scores(t/v)=[0.78/0.38 + 0.66/0.55 + 0.53/0.21 + 1.00/0.35 = 0.72/0.35]
INFO:experiments.py:[178/1000] 2.33 sec: loss(t/v)=0.15/2.37, scores(t/v)=[0.79/0.38 + 0.68/0.55 + 0.55/0.21 + 1.00/0.35 = 0.74/0.36]
INFO:experiments.py:[179/1000] 2.33 sec: loss(t/v)=0.15/2.38, scores(t/v)=[0.79/0.38 + 0.66/0.56 + 0.53/0.21 + 1.00/0.35 = 0.73/0.35]
INFO:experiments.py:[180/1000] 2.32 sec: loss(t/v)=0.14/2.37, scores(t/v)=[0.81/0.37 + 0.67/0.56 + 0.56/0.22 + 1.00/0.37 = 0.74/0.36]
INFO:experiments.py:[181/1000] 2.34 sec: loss(t/v)=0.16/2.37, scores(t/v)=[0.80/0.37 + 0.68/0.56 + 0.54/0.22 + 1.00/0.34 = 0.74/0.35]
INFO:experiments.py:[182/1000] 2.32 sec: loss(t/v)=0.15/2.38, scores(t/v)=[0.78/0.38 + 0.68/0.55 + 0.53/0.23 + 1.00/0.35 = 0.73/0.36]
INFO:experiments.py:[183/1000] 2.32 sec: loss(t/v)=0.15/2.38, scores(t/v)=[0.81/0.38 + 0.67/0.54 + 0.58/0.23 + 1.00/0.37 = 0.75/0.36]
INFO:experiments.py:[184/1000] 2.32 sec: loss(t/v)=0.15/2.38, scores(t/v)=[0.81/0.38 + 0.70/0.54 + 0.55/0.24 + 1.00/0.37 = 0.75/0.37]
INFO:experiments.py:[185/1000] 2.33 sec: loss(t/v)=0.16/2.38, scores(t/v)=[0.79/0.38 + 0.72/0.54 + 0.58/0.24 + 1.00/0.35 = 0.76/0.36]
INFO:experiments.py:[186/1000] 2.33 sec: loss(t/v)=0.15/2.38, scores(t/v)=[0.81/0.38 + 0.69/0.55 + 0.55/0.23 + 1.00/0.37 = 0.75/0.37]
INFO:experiments.py:[187/1000] 2.35 sec: loss(t/v)=0.15/2.38, scores(t/v)=[0.78/0.38 + 0.68/0.55 + 0.57/0.23 + 1.00/0.35 = 0.74/0.36]
INFO:experiments.py:[188/1000] 2.34 sec: loss(t/v)=0.14/2.38, scores(t/v)=[0.80/0.38 + 0.70/0.55 + 0.56/0.23 + 1.00/0.35 = 0.75/0.36]
INFO:experiments.py:[189/1000] 2.32 sec: loss(t/v)=0.15/2.39, scores(t/v)=[0.79/0.38 + 0.69/0.54 + 0.55/0.24 + 1.00/0.35 = 0.74/0.37]
INFO:experiments.py:[190/1000] 2.32 sec: loss(t/v)=0.16/2.39, scores(t/v)=[0.79/0.38 + 0.67/0.54 + 0.51/0.23 + 1.00/0.34 = 0.72/0.36]
INFO:experiments.py:[191/1000] 2.32 sec: loss(t/v)=0.15/2.38, scores(t/v)=[0.77/0.38 + 0.66/0.53 + 0.56/0.23 + 1.00/0.40 = 0.73/0.37]
INFO:experiments.py:[192/1000] 2.33 sec: loss(t/v)=0.14/2.38, scores(t/v)=[0.81/0.38 + 0.70/0.54 + 0.58/0.24 + 1.00/0.35 = 0.76/0.36]
INFO:experiments.py:[193/1000] 2.33 sec: loss(t/v)=0.15/2.38, scores(t/v)=[0.80/0.38 + 0.70/0.54 + 0.54/0.24 + 1.00/0.37 = 0.74/0.37]
INFO:experiments.py:[194/1000] 2.33 sec: loss(t/v)=0.15/2.38, scores(t/v)=[0.80/0.38 + 0.68/0.55 + 0.55/0.23 + 1.00/0.35 = 0.74/0.36]
INFO:experiments.py:[195/1000] 2.32 sec: loss(t/v)=0.16/2.38, scores(t/v)=[0.81/0.38 + 0.65/0.55 + 0.55/0.23 + 1.00/0.37 = 0.73/0.36]
INFO:experiments.py:[196/1000] 2.33 sec: loss(t/v)=0.14/2.38, scores(t/v)=[0.80/0.38 + 0.68/0.55 + 0.56/0.23 + 1.00/0.37 = 0.74/0.37]
INFO:experiments.py:[197/1000] 2.34 sec: loss(t/v)=0.15/2.38, scores(t/v)=[0.81/0.37 + 0.69/0.54 + 0.53/0.23 + 1.00/0.37 = 0.74/0.36]
INFO:experiments.py:[198/1000] 2.33 sec: loss(t/v)=0.17/2.38, scores(t/v)=[0.78/0.37 + 0.69/0.55 + 0.54/0.22 + 1.00/0.37 = 0.73/0.36]
INFO:experiments.py:[199/1000] 2.32 sec: loss(t/v)=0.15/2.38, scores(t/v)=[0.80/0.38 + 0.66/0.55 + 0.51/0.22 + 1.00/0.34 = 0.72/0.35]
INFO:experiments.py:[200/1000] 2.32 sec: loss(t/v)=0.14/2.38, scores(t/v)=[0.80/0.38 + 0.68/0.55 + 0.58/0.23 + 1.00/0.34 = 0.75/0.35]
INFO:experiments.py:[201/1000] 2.32 sec: loss(t/v)=0.16/2.38, scores(t/v)=[0.77/0.38 + 0.65/0.56 + 0.53/0.23 + 1.00/0.34 = 0.72/0.36]
INFO:experiments.py:[202/1000] 2.34 sec: loss(t/v)=0.16/2.37, scores(t/v)=[0.80/0.37 + 0.67/0.55 + 0.49/0.23 + 1.00/0.35 = 0.72/0.36]
INFO:experiments.py:[203/1000] 2.34 sec: loss(t/v)=0.15/2.38, scores(t/v)=[0.80/0.38 + 0.67/0.55 + 0.55/0.23 + 1.00/0.35 = 0.73/0.36]
INFO:experiments.py:[204/1000] 2.33 sec: loss(t/v)=0.17/2.38, scores(t/v)=[0.78/0.37 + 0.67/0.55 + 0.56/0.23 + 1.00/0.35 = 0.73/0.36]
