INFO:experiments.py:+ Begin training with configuration:
{   'data': '/rap/jvb-000-aa/COURS2019/etudiants/data/omsignal/myHeartProject/',
    'dataloader': {   'batch_size': 64,
                      'num_workers': 6,
                      'shuffle': True,
                      'test_proportion': 0.2},
    'models': {   'tspec': {   'hid_dim': 500,
                               'num_layers': 4,
                               'out_dims': [1, 1, 1, 32],
                               'spec_len': 1876,
                               'ts_len': 3750}},
    'preprocessing': {'noise_gain': 0.25},
    'training': {   'early_stopping_patience': 100,
                    'epochs': 10,
                    'l2': 0.001,
                    'learning_rate': 0.01,
                    'momentum': 0.9,
                    'schedule_patience': 20}}
INFO:experiments.py:+ New best model found: loss=3.4661498069763184, score=0.0
INFO:experiments.py:[1/10] 3.88 sec: loss(t/v)=3.75/3.47, scores(t/v)=[0.00/0.03 + 0.14/0.16 + 0.00/0.14 + 0.02/0.00 = 0.00/0.00]
INFO:experiments.py:[2/10] 3.64 sec: loss(t/v)=3.57/3.47, scores(t/v)=[0.08/0.00 + 0.20/0.02 + 0.17/0.00 + 0.05/0.00 = 0.11/0.00]
INFO:experiments.py:[3/10] 3.63 sec: loss(t/v)=3.36/3.47, scores(t/v)=[0.13/0.00 + 0.26/0.19 + 0.23/0.00 + 0.12/0.00 = 0.18/0.00]
INFO:experiments.py:[4/10] 3.64 sec: loss(t/v)=3.22/3.47, scores(t/v)=[0.21/0.04 + 0.32/0.25 + 0.20/0.00 + 0.22/0.00 = 0.23/0.00]
INFO:experiments.py:[5/10] 3.66 sec: loss(t/v)=3.07/3.47, scores(t/v)=[0.23/0.18 + 0.29/0.33 + 0.29/0.00 + 0.26/0.00 = 0.27/0.00]
INFO:experiments.py:[6/10] 3.64 sec: loss(t/v)=2.94/3.47, scores(t/v)=[0.26/0.14 + 0.40/0.22 + 0.37/0.07 + 0.32/0.05 = 0.33/0.10]
INFO:experiments.py:+ New best model found: loss=3.4399821758270264, score=0.12031944025572132
INFO:experiments.py:[7/10] 3.63 sec: loss(t/v)=2.80/3.44, scores(t/v)=[0.24/0.15 + 0.42/0.27 + 0.36/0.06 + 0.42/0.08 = 0.35/0.12]
INFO:experiments.py:+ New best model found: loss=3.3971307277679443, score=0.11482579683197837
INFO:experiments.py:[8/10] 3.66 sec: loss(t/v)=2.62/3.40, scores(t/v)=[0.34/0.04 + 0.50/0.35 + 0.37/0.12 + 0.42/0.11 = 0.40/0.11]
INFO:experiments.py:+ New best model found: loss=3.3148460388183594, score=0.16479530779295862
INFO:experiments.py:[9/10] 3.66 sec: loss(t/v)=2.44/3.31, scores(t/v)=[0.33/0.33 + 0.52/0.32 + 0.45/0.07 + 0.46/0.10 = 0.43/0.16]
INFO:experiments.py:+ New best model found: loss=3.2002899646759033, score=0.21455447083638146
INFO:experiments.py:[10/10] 3.65 sec: loss(t/v)=2.26/3.20, scores(t/v)=[0.44/0.29 + 0.58/0.36 + 0.41/0.18 + 0.54/0.11 = 0.49/0.21]
INFO:experiments.py:Early Stopping: Rewinding to epoch 10
