INFO:experiments.py:+ Begin training with configuration:
{   'data': '/rap/jvb-000-aa/COURS2019/etudiants/data/omsignal/myHeartProject/',
    'dataloader': {   'batch_size': 64,
                      'num_workers': 6,
                      'shuffle': True,
                      'test_proportion': 0.4},
    'models': {   'tspec': {   'hid_dim': 500,
                               'num_layers': 5,
                               'out_dims': [1, 1, 1, 32],
                               'spec_len': 1876,
                               'ts_len': 3750}},
    'preprocessing': {'noise_gain': 0.2},
    'training': {   'early_stopping_patience': 100,
                    'epochs': 1000,
                    'l2': 0.01,
                    'learning_rate': 0.01,
                    'momentum': 0.9,
                    'schedule_patience': 20}}
INFO:experiments.py:+ New best model found: loss=3.466082453727722, score=0.0
INFO:experiments.py:[1/1000] 3.51 sec: loss(t/v)=3.84/3.47, scores(t/v)=[0.00/0.04 + 0.05/0.00 + 0.00/0.02 + 0.00/0.00 = 0.00/0.00]
INFO:experiments.py:[2/1000] 3.27 sec: loss(t/v)=3.65/3.47, scores(t/v)=[0.17/0.14 + 0.16/0.04 + 0.16/0.01 + 0.01/0.00 = 0.08/0.00]
INFO:experiments.py:[3/1000] 3.28 sec: loss(t/v)=3.55/3.47, scores(t/v)=[0.14/0.17 + 0.20/0.09 + 0.19/0.01 + 0.10/0.00 = 0.15/0.00]
INFO:experiments.py:[4/1000] 3.28 sec: loss(t/v)=3.40/3.47, scores(t/v)=[0.17/0.15 + 0.30/0.12 + 0.16/0.00 + 0.18/0.00 = 0.20/0.00]
INFO:experiments.py:[5/1000] 3.28 sec: loss(t/v)=3.27/3.47, scores(t/v)=[0.22/0.06 + 0.36/0.05 + 0.26/0.00 + 0.21/0.00 = 0.26/0.00]
INFO:experiments.py:[6/1000] 3.30 sec: loss(t/v)=3.17/3.47, scores(t/v)=[0.17/0.11 + 0.48/0.09 + 0.26/0.06 + 0.26/0.00 = 0.27/0.00]
INFO:experiments.py:[7/1000] 3.26 sec: loss(t/v)=3.03/3.47, scores(t/v)=[0.24/0.06 + 0.44/0.27 + 0.35/0.08 + 0.32/0.00 = 0.33/0.00]
INFO:experiments.py:+ New best model found: loss=3.464594006538391, score=0.0
INFO:experiments.py:[8/1000] 3.29 sec: loss(t/v)=2.91/3.46, scores(t/v)=[0.27/0.00 + 0.52/0.21 + 0.36/0.13 + 0.34/0.00 = 0.36/0.00]
INFO:experiments.py:+ New best model found: loss=3.452370524406433, score=0.06515100437823455
INFO:experiments.py:[9/1000] 3.28 sec: loss(t/v)=2.72/3.45, scores(t/v)=[0.30/0.10 + 0.49/0.24 + 0.36/0.02 + 0.41/0.03 = 0.38/0.07]
INFO:experiments.py:+ New best model found: loss=3.425232768058777, score=0.13396652283231836
INFO:experiments.py:[10/1000] 3.31 sec: loss(t/v)=2.60/3.43, scores(t/v)=[0.34/0.13 + 0.52/0.31 + 0.35/0.17 + 0.48/0.05 = 0.41/0.13]
INFO:experiments.py:+ New best model found: loss=3.3923484086990356, score=0.14843859933068945
INFO:experiments.py:[11/1000] 3.29 sec: loss(t/v)=2.41/3.39, scores(t/v)=[0.39/0.07 + 0.54/0.31 + 0.39/0.19 + 0.54/0.11 = 0.46/0.15]
INFO:experiments.py:+ New best model found: loss=3.3466808795928955, score=0.12263602641663351
INFO:experiments.py:[12/1000] 3.29 sec: loss(t/v)=2.23/3.35, scores(t/v)=[0.39/0.10 + 0.62/0.20 + 0.48/0.10 + 0.60/0.11 = 0.51/0.12]
INFO:experiments.py:+ New best model found: loss=3.2915802001953125, score=0.16077072993899463
INFO:experiments.py:[13/1000] 3.29 sec: loss(t/v)=2.09/3.29, scores(t/v)=[0.44/0.13 + 0.63/0.24 + 0.50/0.18 + 0.69/0.12 = 0.56/0.16]
INFO:experiments.py:+ New best model found: loss=3.234398365020752, score=0.20513953127243345
INFO:experiments.py:[14/1000] 3.31 sec: loss(t/v)=1.90/3.23, scores(t/v)=[0.52/0.21 + 0.63/0.24 + 0.45/0.24 + 0.70/0.15 = 0.57/0.21]
INFO:experiments.py:+ New best model found: loss=3.1765527725219727, score=0.20158799637941877
INFO:experiments.py:[15/1000] 3.27 sec: loss(t/v)=1.78/3.18, scores(t/v)=[0.51/0.22 + 0.63/0.22 + 0.53/0.23 + 0.76/0.15 = 0.60/0.20]
INFO:experiments.py:+ New best model found: loss=3.140565037727356, score=0.1598015209261215
INFO:experiments.py:[16/1000] 3.31 sec: loss(t/v)=1.59/3.14, scores(t/v)=[0.52/0.19 + 0.64/0.16 + 0.53/0.17 + 0.76/0.13 = 0.60/0.16]
INFO:experiments.py:+ New best model found: loss=3.1036382913589478, score=0.2119395443057167
INFO:experiments.py:[17/1000] 3.29 sec: loss(t/v)=1.42/3.10, scores(t/v)=[0.53/0.19 + 0.61/0.48 + 0.53/0.18 + 0.82/0.12 = 0.61/0.21]
INFO:experiments.py:+ New best model found: loss=3.052632689476013, score=0.26364152214232467
INFO:experiments.py:[18/1000] 3.33 sec: loss(t/v)=1.27/3.05, scores(t/v)=[0.55/0.26 + 0.62/0.48 + 0.49/0.28 + 0.81/0.14 = 0.61/0.26]
INFO:experiments.py:+ New best model found: loss=3.022026538848877, score=0.2821942156555289
INFO:experiments.py:[19/1000] 3.28 sec: loss(t/v)=1.04/3.02, scores(t/v)=[0.55/0.30 + 0.61/0.42 + 0.57/0.32 + 0.91/0.16 = 0.65/0.28]
INFO:experiments.py:[20/1000] 3.30 sec: loss(t/v)=0.96/3.04, scores(t/v)=[0.60/0.22 + 0.64/0.45 + 0.52/0.23 + 0.93/0.15 = 0.66/0.24]
INFO:experiments.py:[21/1000] 3.27 sec: loss(t/v)=0.82/3.05, scores(t/v)=[0.61/0.26 + 0.62/0.42 + 0.52/0.24 + 0.94/0.15 = 0.65/0.25]
INFO:experiments.py:[22/1000] 3.32 sec: loss(t/v)=0.74/3.02, scores(t/v)=[0.66/0.27 + 0.63/0.44 + 0.56/0.24 + 0.95/0.15 = 0.68/0.25]
INFO:experiments.py:+ New best model found: loss=3.004483222961426, score=0.2651420559234304
INFO:experiments.py:[23/1000] 3.29 sec: loss(t/v)=0.68/3.00, scores(t/v)=[0.65/0.27 + 0.66/0.46 + 0.55/0.23 + 0.97/0.18 = 0.69/0.27]
INFO:experiments.py:+ New best model found: loss=2.986363649368286, score=0.2745011496805409
INFO:experiments.py:[24/1000] 3.32 sec: loss(t/v)=0.67/2.99, scores(t/v)=[0.69/0.26 + 0.66/0.48 + 0.60/0.23 + 0.98/0.19 = 0.72/0.27]
INFO:experiments.py:+ New best model found: loss=2.978503465652466, score=0.2737297765952461
INFO:experiments.py:[25/1000] 3.28 sec: loss(t/v)=0.61/2.98, scores(t/v)=[0.71/0.26 + 0.69/0.49 + 0.62/0.23 + 0.98/0.19 = 0.74/0.27]
INFO:experiments.py:+ New best model found: loss=2.97258985042572, score=0.26755888720101745
INFO:experiments.py:[26/1000] 3.33 sec: loss(t/v)=0.62/2.97, scores(t/v)=[0.68/0.25 + 0.69/0.48 + 0.59/0.22 + 0.97/0.19 = 0.72/0.27]
INFO:experiments.py:+ New best model found: loss=2.972517251968384, score=0.2655939847360283
INFO:experiments.py:[27/1000] 3.29 sec: loss(t/v)=0.62/2.97, scores(t/v)=[0.69/0.24 + 0.69/0.46 + 0.63/0.24 + 0.99/0.19 = 0.74/0.27]
INFO:experiments.py:+ New best model found: loss=2.9689440727233887, score=0.26950283847219936
INFO:experiments.py:[28/1000] 3.34 sec: loss(t/v)=0.61/2.97, scores(t/v)=[0.68/0.25 + 0.73/0.45 + 0.61/0.25 + 0.98/0.19 = 0.74/0.27]
INFO:experiments.py:+ New best model found: loss=2.9617780447006226, score=0.26639831449438284
INFO:experiments.py:[29/1000] 3.29 sec: loss(t/v)=0.59/2.96, scores(t/v)=[0.71/0.25 + 0.69/0.43 + 0.63/0.26 + 0.99/0.19 = 0.75/0.27]
INFO:experiments.py:[30/1000] 3.33 sec: loss(t/v)=0.57/2.96, scores(t/v)=[0.75/0.24 + 0.69/0.41 + 0.66/0.25 + 0.98/0.19 = 0.76/0.26]
INFO:experiments.py:[31/1000] 3.31 sec: loss(t/v)=0.55/2.97, scores(t/v)=[0.74/0.24 + 0.72/0.40 + 0.67/0.25 + 0.99/0.19 = 0.77/0.26]
INFO:experiments.py:[32/1000] 3.31 sec: loss(t/v)=0.52/2.96, scores(t/v)=[0.72/0.24 + 0.71/0.41 + 0.68/0.24 + 0.99/0.19 = 0.77/0.26]
INFO:experiments.py:[33/1000] 3.29 sec: loss(t/v)=0.55/2.96, scores(t/v)=[0.72/0.25 + 0.65/0.41 + 0.64/0.24 + 0.99/0.19 = 0.74/0.26]
INFO:experiments.py:[34/1000] 3.31 sec: loss(t/v)=0.55/2.96, scores(t/v)=[0.73/0.24 + 0.71/0.40 + 0.63/0.23 + 1.00/0.19 = 0.76/0.25]
INFO:experiments.py:[35/1000] 3.31 sec: loss(t/v)=0.49/2.96, scores(t/v)=[0.74/0.25 + 0.75/0.39 + 0.67/0.23 + 0.99/0.19 = 0.78/0.25]
INFO:experiments.py:[36/1000] 3.30 sec: loss(t/v)=0.48/2.97, scores(t/v)=[0.75/0.24 + 0.73/0.40 + 0.65/0.22 + 0.99/0.19 = 0.77/0.25]
INFO:experiments.py:[37/1000] 3.32 sec: loss(t/v)=0.44/2.97, scores(t/v)=[0.75/0.24 + 0.74/0.40 + 0.67/0.23 + 1.00/0.19 = 0.78/0.25]
INFO:experiments.py:[38/1000] 3.30 sec: loss(t/v)=0.46/2.97, scores(t/v)=[0.75/0.24 + 0.72/0.41 + 0.68/0.24 + 0.99/0.18 = 0.78/0.25]
INFO:experiments.py:[39/1000] 3.31 sec: loss(t/v)=0.47/2.97, scores(t/v)=[0.74/0.23 + 0.69/0.42 + 0.67/0.24 + 0.99/0.17 = 0.76/0.25]
INFO:experiments.py:[40/1000] 3.32 sec: loss(t/v)=0.43/2.97, scores(t/v)=[0.76/0.23 + 0.74/0.42 + 0.68/0.23 + 1.00/0.18 = 0.78/0.25]
INFO:experiments.py:[41/1000] 3.31 sec: loss(t/v)=0.48/2.98, scores(t/v)=[0.70/0.23 + 0.69/0.41 + 0.68/0.24 + 1.00/0.19 = 0.76/0.25]
INFO:experiments.py:[42/1000] 3.31 sec: loss(t/v)=0.42/2.98, scores(t/v)=[0.75/0.22 + 0.71/0.42 + 0.68/0.24 + 1.00/0.18 = 0.77/0.25]
INFO:experiments.py:[43/1000] 3.32 sec: loss(t/v)=0.42/2.98, scores(t/v)=[0.73/0.22 + 0.71/0.42 + 0.66/0.23 + 1.00/0.18 = 0.77/0.25]
INFO:experiments.py:[44/1000] 3.33 sec: loss(t/v)=0.42/2.98, scores(t/v)=[0.77/0.22 + 0.71/0.42 + 0.67/0.23 + 1.00/0.18 = 0.78/0.25]
INFO:experiments.py:[45/1000] 3.31 sec: loss(t/v)=0.41/2.98, scores(t/v)=[0.77/0.22 + 0.74/0.42 + 0.68/0.23 + 1.00/0.18 = 0.79/0.25]
INFO:experiments.py:[46/1000] 3.31 sec: loss(t/v)=0.42/2.98, scores(t/v)=[0.76/0.21 + 0.73/0.42 + 0.68/0.23 + 1.00/0.17 = 0.79/0.24]
INFO:experiments.py:[47/1000] 3.32 sec: loss(t/v)=0.42/2.98, scores(t/v)=[0.77/0.22 + 0.72/0.42 + 0.69/0.23 + 1.00/0.17 = 0.78/0.24]
INFO:experiments.py:[48/1000] 3.34 sec: loss(t/v)=0.41/2.98, scores(t/v)=[0.78/0.21 + 0.73/0.43 + 0.69/0.23 + 1.00/0.19 = 0.79/0.25]
INFO:experiments.py:[49/1000] 3.31 sec: loss(t/v)=0.41/2.98, scores(t/v)=[0.77/0.21 + 0.69/0.43 + 0.69/0.23 + 1.00/0.19 = 0.78/0.25]
INFO:experiments.py:[50/1000] 3.29 sec: loss(t/v)=0.44/2.98, scores(t/v)=[0.75/0.21 + 0.69/0.42 + 0.67/0.23 + 1.00/0.17 = 0.77/0.24]
INFO:experiments.py:[51/1000] 3.30 sec: loss(t/v)=0.43/2.98, scores(t/v)=[0.74/0.21 + 0.73/0.42 + 0.69/0.23 + 0.99/0.17 = 0.78/0.24]
INFO:experiments.py:[52/1000] 3.33 sec: loss(t/v)=0.39/2.99, scores(t/v)=[0.78/0.21 + 0.75/0.42 + 0.71/0.22 + 1.00/0.18 = 0.80/0.24]
INFO:experiments.py:[53/1000] 3.31 sec: loss(t/v)=0.39/2.98, scores(t/v)=[0.79/0.21 + 0.74/0.42 + 0.70/0.23 + 1.00/0.18 = 0.80/0.24]
INFO:experiments.py:[54/1000] 3.29 sec: loss(t/v)=0.42/2.98, scores(t/v)=[0.75/0.22 + 0.72/0.41 + 0.68/0.22 + 0.99/0.18 = 0.78/0.24]
INFO:experiments.py:[55/1000] 3.30 sec: loss(t/v)=0.40/2.98, scores(t/v)=[0.75/0.22 + 0.73/0.41 + 0.68/0.22 + 1.00/0.18 = 0.78/0.24]
INFO:experiments.py:[56/1000] 3.34 sec: loss(t/v)=0.38/2.98, scores(t/v)=[0.78/0.22 + 0.75/0.41 + 0.69/0.22 + 1.00/0.18 = 0.80/0.24]
INFO:experiments.py:[57/1000] 3.31 sec: loss(t/v)=0.42/2.99, scores(t/v)=[0.75/0.22 + 0.74/0.41 + 0.67/0.22 + 1.00/0.17 = 0.78/0.24]
INFO:experiments.py:[58/1000] 3.32 sec: loss(t/v)=0.40/2.98, scores(t/v)=[0.78/0.22 + 0.73/0.41 + 0.67/0.22 + 1.00/0.18 = 0.79/0.24]
INFO:experiments.py:[59/1000] 3.29 sec: loss(t/v)=0.42/2.98, scores(t/v)=[0.76/0.22 + 0.73/0.41 + 0.65/0.22 + 1.00/0.18 = 0.78/0.25]
INFO:experiments.py:[60/1000] 3.34 sec: loss(t/v)=0.40/2.98, scores(t/v)=[0.79/0.22 + 0.75/0.42 + 0.66/0.22 + 1.00/0.18 = 0.79/0.24]
INFO:experiments.py:[61/1000] 3.31 sec: loss(t/v)=0.44/2.99, scores(t/v)=[0.76/0.22 + 0.70/0.42 + 0.65/0.22 + 1.00/0.18 = 0.77/0.25]
INFO:experiments.py:[62/1000] 3.32 sec: loss(t/v)=0.39/2.98, scores(t/v)=[0.76/0.22 + 0.72/0.41 + 0.71/0.22 + 0.99/0.18 = 0.79/0.24]
INFO:experiments.py:[63/1000] 3.31 sec: loss(t/v)=0.41/2.98, scores(t/v)=[0.76/0.22 + 0.72/0.42 + 0.70/0.22 + 1.00/0.18 = 0.79/0.24]
INFO:experiments.py:[64/1000] 3.33 sec: loss(t/v)=0.40/2.98, scores(t/v)=[0.77/0.22 + 0.70/0.42 + 0.69/0.22 + 1.00/0.18 = 0.78/0.25]
INFO:experiments.py:[65/1000] 3.30 sec: loss(t/v)=0.41/2.98, scores(t/v)=[0.76/0.22 + 0.73/0.42 + 0.70/0.22 + 1.00/0.19 = 0.79/0.25]
INFO:experiments.py:[66/1000] 3.33 sec: loss(t/v)=0.39/2.98, scores(t/v)=[0.79/0.22 + 0.71/0.42 + 0.71/0.22 + 1.00/0.19 = 0.80/0.25]
INFO:experiments.py:[67/1000] 3.31 sec: loss(t/v)=0.41/2.98, scores(t/v)=[0.77/0.22 + 0.73/0.43 + 0.70/0.22 + 1.00/0.17 = 0.79/0.24]
INFO:experiments.py:[68/1000] 3.35 sec: loss(t/v)=0.42/2.98, scores(t/v)=[0.77/0.22 + 0.76/0.43 + 0.70/0.22 + 1.00/0.18 = 0.80/0.25]
INFO:experiments.py:[69/1000] 3.29 sec: loss(t/v)=0.41/2.99, scores(t/v)=[0.79/0.22 + 0.72/0.43 + 0.64/0.22 + 1.00/0.18 = 0.78/0.25]
INFO:experiments.py:[70/1000] 3.32 sec: loss(t/v)=0.42/2.99, scores(t/v)=[0.74/0.22 + 0.72/0.43 + 0.70/0.22 + 1.00/0.19 = 0.78/0.25]
INFO:experiments.py:[71/1000] 3.33 sec: loss(t/v)=0.40/2.98, scores(t/v)=[0.76/0.22 + 0.72/0.42 + 0.70/0.22 + 0.99/0.19 = 0.79/0.25]
INFO:experiments.py:[72/1000] 3.40 sec: loss(t/v)=0.39/2.98, scores(t/v)=[0.77/0.22 + 0.74/0.42 + 0.69/0.22 + 1.00/0.19 = 0.79/0.25]
INFO:experiments.py:[73/1000] 3.36 sec: loss(t/v)=0.39/2.98, scores(t/v)=[0.77/0.22 + 0.73/0.42 + 0.70/0.22 + 1.00/0.18 = 0.79/0.24]
INFO:experiments.py:[74/1000] 3.35 sec: loss(t/v)=0.40/2.98, scores(t/v)=[0.78/0.22 + 0.75/0.42 + 0.70/0.22 + 1.00/0.18 = 0.80/0.24]
INFO:experiments.py:[75/1000] 3.31 sec: loss(t/v)=0.40/2.98, scores(t/v)=[0.77/0.22 + 0.69/0.42 + 0.68/0.22 + 1.00/0.18 = 0.77/0.25]
INFO:experiments.py:[76/1000] 3.36 sec: loss(t/v)=0.40/2.99, scores(t/v)=[0.80/0.22 + 0.73/0.43 + 0.69/0.22 + 1.00/0.19 = 0.80/0.25]
INFO:experiments.py:[77/1000] 3.33 sec: loss(t/v)=0.40/2.98, scores(t/v)=[0.78/0.22 + 0.71/0.42 + 0.71/0.22 + 1.00/0.18 = 0.79/0.24]
INFO:experiments.py:[78/1000] 3.34 sec: loss(t/v)=0.42/2.98, scores(t/v)=[0.75/0.22 + 0.75/0.41 + 0.69/0.22 + 1.00/0.19 = 0.79/0.25]
INFO:experiments.py:[79/1000] 3.33 sec: loss(t/v)=0.40/2.98, scores(t/v)=[0.76/0.22 + 0.71/0.41 + 0.66/0.22 + 1.00/0.18 = 0.77/0.24]
INFO:experiments.py:[80/1000] 3.36 sec: loss(t/v)=0.42/2.98, scores(t/v)=[0.75/0.22 + 0.71/0.42 + 0.67/0.22 + 1.00/0.19 = 0.77/0.25]
INFO:experiments.py:[81/1000] 3.34 sec: loss(t/v)=0.39/2.98, scores(t/v)=[0.75/0.22 + 0.75/0.42 + 0.72/0.21 + 1.00/0.17 = 0.80/0.24]
INFO:experiments.py:[82/1000] 3.33 sec: loss(t/v)=0.42/2.98, scores(t/v)=[0.77/0.21 + 0.72/0.42 + 0.67/0.21 + 0.99/0.17 = 0.78/0.24]
INFO:experiments.py:[83/1000] 3.34 sec: loss(t/v)=0.41/2.98, scores(t/v)=[0.78/0.22 + 0.73/0.42 + 0.70/0.22 + 1.00/0.17 = 0.79/0.24]
INFO:experiments.py:[84/1000] 3.37 sec: loss(t/v)=0.39/2.98, scores(t/v)=[0.77/0.22 + 0.72/0.42 + 0.66/0.21 + 1.00/0.19 = 0.78/0.25]
INFO:experiments.py:[85/1000] 3.33 sec: loss(t/v)=0.40/2.98, scores(t/v)=[0.78/0.22 + 0.75/0.41 + 0.71/0.22 + 1.00/0.19 = 0.80/0.24]
INFO:experiments.py:[86/1000] 3.35 sec: loss(t/v)=0.43/2.99, scores(t/v)=[0.77/0.21 + 0.76/0.42 + 0.68/0.21 + 0.99/0.18 = 0.79/0.24]
INFO:experiments.py:[87/1000] 3.36 sec: loss(t/v)=0.38/2.98, scores(t/v)=[0.77/0.21 + 0.74/0.42 + 0.69/0.22 + 1.00/0.18 = 0.79/0.24]
INFO:experiments.py:[88/1000] 3.31 sec: loss(t/v)=0.40/2.99, scores(t/v)=[0.80/0.22 + 0.71/0.42 + 0.70/0.22 + 1.00/0.19 = 0.79/0.25]
INFO:experiments.py:[89/1000] 3.31 sec: loss(t/v)=0.42/2.98, scores(t/v)=[0.76/0.22 + 0.71/0.42 + 0.66/0.22 + 0.99/0.19 = 0.77/0.25]
INFO:experiments.py:[90/1000] 3.34 sec: loss(t/v)=0.39/2.98, scores(t/v)=[0.75/0.22 + 0.73/0.42 + 0.73/0.22 + 0.99/0.19 = 0.80/0.25]
INFO:experiments.py:[91/1000] 3.33 sec: loss(t/v)=0.38/2.98, scores(t/v)=[0.77/0.22 + 0.73/0.42 + 0.68/0.22 + 1.00/0.19 = 0.79/0.25]
INFO:experiments.py:[92/1000] 3.33 sec: loss(t/v)=0.41/2.98, scores(t/v)=[0.77/0.23 + 0.71/0.41 + 0.68/0.22 + 0.99/0.19 = 0.78/0.25]
INFO:experiments.py:[93/1000] 3.35 sec: loss(t/v)=0.42/2.98, scores(t/v)=[0.71/0.22 + 0.70/0.42 + 0.69/0.21 + 1.00/0.19 = 0.77/0.24]
INFO:experiments.py:[94/1000] 3.34 sec: loss(t/v)=0.37/2.97, scores(t/v)=[0.77/0.23 + 0.73/0.41 + 0.68/0.22 + 1.00/0.19 = 0.79/0.25]
INFO:experiments.py:[95/1000] 3.30 sec: loss(t/v)=0.41/2.98, scores(t/v)=[0.77/0.22 + 0.73/0.42 + 0.64/0.22 + 1.00/0.19 = 0.78/0.25]
INFO:experiments.py:[96/1000] 3.37 sec: loss(t/v)=0.39/2.98, scores(t/v)=[0.75/0.22 + 0.73/0.41 + 0.69/0.21 + 1.00/0.19 = 0.79/0.25]
INFO:experiments.py:[97/1000] 3.34 sec: loss(t/v)=0.41/2.98, scores(t/v)=[0.76/0.22 + 0.72/0.41 + 0.67/0.21 + 0.99/0.19 = 0.78/0.25]
INFO:experiments.py:[98/1000] 3.33 sec: loss(t/v)=0.42/2.98, scores(t/v)=[0.76/0.21 + 0.71/0.41 + 0.69/0.21 + 0.99/0.19 = 0.78/0.25]
INFO:experiments.py:[99/1000] 3.30 sec: loss(t/v)=0.42/2.98, scores(t/v)=[0.77/0.22 + 0.69/0.41 + 0.66/0.21 + 0.99/0.19 = 0.77/0.24]
INFO:experiments.py:[100/1000] 3.35 sec: loss(t/v)=0.40/2.98, scores(t/v)=[0.74/0.21 + 0.75/0.41 + 0.72/0.21 + 1.00/0.19 = 0.79/0.24]
INFO:experiments.py:[101/1000] 3.34 sec: loss(t/v)=0.41/2.98, scores(t/v)=[0.75/0.22 + 0.74/0.42 + 0.69/0.21 + 1.00/0.19 = 0.79/0.24]
INFO:experiments.py:[102/1000] 3.38 sec: loss(t/v)=0.40/2.98, scores(t/v)=[0.76/0.22 + 0.75/0.42 + 0.67/0.22 + 1.00/0.18 = 0.79/0.24]
INFO:experiments.py:[103/1000] 3.37 sec: loss(t/v)=0.40/2.98, scores(t/v)=[0.76/0.22 + 0.74/0.42 + 0.69/0.21 + 1.00/0.18 = 0.79/0.24]
INFO:experiments.py:[104/1000] 3.44 sec: loss(t/v)=0.40/2.98, scores(t/v)=[0.77/0.22 + 0.74/0.42 + 0.68/0.21 + 1.00/0.18 = 0.79/0.24]
INFO:experiments.py:[105/1000] 3.34 sec: loss(t/v)=0.40/2.98, scores(t/v)=[0.77/0.22 + 0.73/0.42 + 0.67/0.21 + 1.00/0.17 = 0.78/0.24]
INFO:experiments.py:[106/1000] 3.36 sec: loss(t/v)=0.41/2.98, scores(t/v)=[0.74/0.22 + 0.71/0.41 + 0.69/0.22 + 1.00/0.17 = 0.78/0.24]
INFO:experiments.py:[107/1000] 3.36 sec: loss(t/v)=0.41/2.98, scores(t/v)=[0.78/0.22 + 0.72/0.41 + 0.68/0.22 + 1.00/0.17 = 0.79/0.24]
INFO:experiments.py:[108/1000] 3.42 sec: loss(t/v)=0.38/2.98, scores(t/v)=[0.78/0.22 + 0.74/0.42 + 0.70/0.22 + 1.00/0.18 = 0.80/0.24]
INFO:experiments.py:[109/1000] 3.40 sec: loss(t/v)=0.40/2.98, scores(t/v)=[0.76/0.22 + 0.71/0.42 + 0.66/0.22 + 1.00/0.18 = 0.77/0.24]
INFO:experiments.py:[110/1000] 3.42 sec: loss(t/v)=0.39/2.99, scores(t/v)=[0.79/0.22 + 0.75/0.42 + 0.69/0.22 + 1.00/0.18 = 0.80/0.24]
INFO:experiments.py:[111/1000] 3.41 sec: loss(t/v)=0.41/2.98, scores(t/v)=[0.76/0.21 + 0.74/0.42 + 0.71/0.22 + 0.99/0.18 = 0.79/0.24]
INFO:experiments.py:[112/1000] 3.34 sec: loss(t/v)=0.39/2.98, scores(t/v)=[0.79/0.22 + 0.72/0.42 + 0.69/0.21 + 1.00/0.17 = 0.79/0.24]
INFO:experiments.py:[113/1000] 3.30 sec: loss(t/v)=0.43/2.98, scores(t/v)=[0.76/0.21 + 0.72/0.42 + 0.71/0.22 + 1.00/0.18 = 0.79/0.24]
INFO:experiments.py:[114/1000] 3.35 sec: loss(t/v)=0.42/2.98, scores(t/v)=[0.75/0.22 + 0.72/0.43 + 0.69/0.22 + 1.00/0.17 = 0.78/0.24]
INFO:experiments.py:[115/1000] 3.32 sec: loss(t/v)=0.41/2.98, scores(t/v)=[0.78/0.23 + 0.72/0.42 + 0.65/0.22 + 0.99/0.17 = 0.78/0.24]
INFO:experiments.py:[116/1000] 3.33 sec: loss(t/v)=0.40/2.98, scores(t/v)=[0.75/0.22 + 0.72/0.42 + 0.67/0.22 + 0.99/0.18 = 0.77/0.25]
INFO:experiments.py:[117/1000] 3.35 sec: loss(t/v)=0.39/2.99, scores(t/v)=[0.77/0.22 + 0.75/0.42 + 0.66/0.22 + 1.00/0.18 = 0.79/0.25]
INFO:experiments.py:[118/1000] 3.35 sec: loss(t/v)=0.42/2.99, scores(t/v)=[0.75/0.22 + 0.73/0.42 + 0.69/0.22 + 0.99/0.19 = 0.78/0.25]
INFO:experiments.py:[119/1000] 3.33 sec: loss(t/v)=0.44/2.99, scores(t/v)=[0.76/0.22 + 0.74/0.43 + 0.70/0.22 + 0.99/0.18 = 0.79/0.25]
INFO:experiments.py:[120/1000] 3.35 sec: loss(t/v)=0.40/2.99, scores(t/v)=[0.77/0.22 + 0.70/0.42 + 0.65/0.22 + 1.00/0.17 = 0.77/0.24]
INFO:experiments.py:[121/1000] 3.35 sec: loss(t/v)=0.43/2.99, scores(t/v)=[0.77/0.22 + 0.73/0.42 + 0.73/0.22 + 0.99/0.19 = 0.80/0.25]
INFO:experiments.py:[122/1000] 3.34 sec: loss(t/v)=0.39/2.98, scores(t/v)=[0.79/0.21 + 0.72/0.42 + 0.70/0.22 + 1.00/0.19 = 0.79/0.25]
INFO:experiments.py:[123/1000] 3.36 sec: loss(t/v)=0.40/2.98, scores(t/v)=[0.78/0.22 + 0.73/0.42 + 0.65/0.21 + 0.99/0.19 = 0.78/0.24]
INFO:experiments.py:[124/1000] 3.34 sec: loss(t/v)=0.40/2.98, scores(t/v)=[0.78/0.22 + 0.76/0.43 + 0.67/0.21 + 1.00/0.18 = 0.79/0.24]
INFO:experiments.py:[125/1000] 3.34 sec: loss(t/v)=0.39/2.98, scores(t/v)=[0.78/0.22 + 0.72/0.42 + 0.68/0.21 + 1.00/0.18 = 0.79/0.24]
INFO:experiments.py:[126/1000] 3.36 sec: loss(t/v)=0.40/2.99, scores(t/v)=[0.77/0.22 + 0.75/0.42 + 0.67/0.21 + 1.00/0.19 = 0.79/0.25]
INFO:experiments.py:[127/1000] 3.34 sec: loss(t/v)=0.41/2.99, scores(t/v)=[0.77/0.22 + 0.75/0.43 + 0.67/0.21 + 0.99/0.19 = 0.79/0.25]
INFO:experiments.py:[128/1000] 3.34 sec: loss(t/v)=0.41/2.98, scores(t/v)=[0.76/0.22 + 0.72/0.43 + 0.66/0.22 + 1.00/0.19 = 0.78/0.25]
INFO:experiments.py:[129/1000] 3.35 sec: loss(t/v)=0.40/2.98, scores(t/v)=[0.77/0.23 + 0.71/0.42 + 0.71/0.22 + 1.00/0.19 = 0.79/0.25]
INFO:experiments.py:Impatient! No gen. improvement in 100 epochs
INFO:experiments.py:Early Stopping: Rewinding to epoch 29
