INFO:experiments.py:+ Begin training with configuration:
{   'data': '/rap/jvb-000-aa/COURS2019/etudiants/data/omsignal/myHeartProject/',
    'dataloader': {   'batch_size': 64,
                      'num_workers': 6,
                      'shuffle': True,
                      'test_proportion': 0.2},
    'models': {   'tspec': {   'hid_dim': 500,
                               'num_layers': 4,
                               'out_dims': [1, 1, 1, 32],
                               'spec_len': 1876,
                               'ts_len': 3750}},
    'preprocessing': {'noise_gain': 0.25},
    'training': {   'early_stopping_patience': 100,
                    'epochs': 1000,
                    'l2': 0.001,
                    'learning_rate': 0.01,
                    'momentum': 0.9,
                    'schedule_patience': 20}}
INFO:experiments.py:+ New best model found: loss=3.46610951423645, score=0.0
INFO:experiments.py:[1/1000] 3.91 sec: loss(t/v)=3.78/3.47, scores(t/v)=[0.02/0.06 + 0.04/0.01 + 0.07/0.00 + 0.00/0.00 = 0.00/0.00]
INFO:experiments.py:[2/1000] 3.52 sec: loss(t/v)=3.62/3.47, scores(t/v)=[0.09/0.00 + 0.23/0.00 + 0.15/0.00 + 0.05/0.00 = 0.11/0.00]
INFO:experiments.py:[3/1000] 3.52 sec: loss(t/v)=3.42/3.47, scores(t/v)=[0.16/0.00 + 0.30/0.00 + 0.27/0.00 + 0.13/0.00 = 0.20/0.00]
INFO:experiments.py:[4/1000] 3.49 sec: loss(t/v)=3.27/3.47, scores(t/v)=[0.24/0.09 + 0.40/0.13 + 0.27/0.03 + 0.19/0.00 = 0.26/0.00]
INFO:experiments.py:[5/1000] 3.43 sec: loss(t/v)=3.10/3.47, scores(t/v)=[0.22/0.06 + 0.41/0.27 + 0.28/0.08 + 0.27/0.00 = 0.29/0.00]
INFO:experiments.py:+ New best model found: loss=3.4558770656585693, score=0.0
INFO:experiments.py:[6/1000] 3.46 sec: loss(t/v)=2.95/3.46, scores(t/v)=[0.29/0.05 + 0.48/0.29 + 0.31/0.20 + 0.36/0.00 = 0.35/0.00]
INFO:experiments.py:+ New best model found: loss=3.4252119064331055, score=0.11451220637907124
INFO:experiments.py:[7/1000] 3.44 sec: loss(t/v)=2.77/3.43, scores(t/v)=[0.34/0.13 + 0.54/0.32 + 0.40/0.13 + 0.39/0.03 = 0.41/0.11]
INFO:experiments.py:+ New best model found: loss=3.340015411376953, score=0.2265092751074538
INFO:experiments.py:[8/1000] 3.44 sec: loss(t/v)=2.56/3.34, scores(t/v)=[0.32/0.20 + 0.57/0.50 + 0.43/0.27 + 0.46/0.10 = 0.44/0.23]
INFO:experiments.py:+ New best model found: loss=3.2356107234954834, score=0.14986270127838433
INFO:experiments.py:[9/1000] 3.41 sec: loss(t/v)=2.33/3.24, scores(t/v)=[0.43/0.03 + 0.53/0.52 + 0.53/0.27 + 0.55/0.13 = 0.51/0.15]
INFO:experiments.py:+ New best model found: loss=3.134063959121704, score=0.2568776380914165
INFO:experiments.py:[10/1000] 3.46 sec: loss(t/v)=2.15/3.13, scores(t/v)=[0.44/0.28 + 0.58/0.48 + 0.44/0.22 + 0.62/0.15 = 0.51/0.26]
INFO:experiments.py:+ New best model found: loss=3.005239963531494, score=0.23289494774221223
INFO:experiments.py:[11/1000] 3.43 sec: loss(t/v)=1.92/3.01, scores(t/v)=[0.46/0.28 + 0.62/0.45 + 0.48/0.14 + 0.66/0.16 = 0.55/0.23]
INFO:experiments.py:+ New best model found: loss=2.879725456237793, score=0.28798102697063965
INFO:experiments.py:[12/1000] 3.45 sec: loss(t/v)=1.73/2.88, scores(t/v)=[0.49/0.26 + 0.62/0.54 + 0.46/0.25 + 0.75/0.19 = 0.57/0.29]
INFO:experiments.py:+ New best model found: loss=2.807746171951294, score=0.28210379513439193
INFO:experiments.py:[13/1000] 3.45 sec: loss(t/v)=1.49/2.81, scores(t/v)=[0.48/0.19 + 0.60/0.52 + 0.49/0.27 + 0.80/0.24 = 0.58/0.28]
INFO:experiments.py:+ New best model found: loss=2.7127280235290527, score=0.3051869151651223
INFO:experiments.py:[14/1000] 3.43 sec: loss(t/v)=1.26/2.71, scores(t/v)=[0.55/0.28 + 0.61/0.57 + 0.49/0.23 + 0.88/0.24 = 0.62/0.31]
INFO:experiments.py:+ New best model found: loss=2.707425832748413, score=0.3070487712274605
INFO:experiments.py:[15/1000] 3.45 sec: loss(t/v)=1.08/2.71, scores(t/v)=[0.61/0.24 + 0.66/0.53 + 0.51/0.25 + 0.92/0.27 = 0.66/0.31]
INFO:experiments.py:+ New best model found: loss=2.6404671669006348, score=0.32329162093085767
INFO:experiments.py:[16/1000] 3.42 sec: loss(t/v)=0.88/2.64, scores(t/v)=[0.60/0.31 + 0.59/0.51 + 0.56/0.23 + 0.94/0.31 = 0.66/0.32]
INFO:experiments.py:[17/1000] 3.44 sec: loss(t/v)=0.70/2.65, scores(t/v)=[0.61/0.32 + 0.56/0.61 + 0.53/0.28 + 0.98/0.27 = 0.65/0.35]
INFO:experiments.py:[18/1000] 3.43 sec: loss(t/v)=0.55/2.73, scores(t/v)=[0.66/0.35 + 0.62/0.55 + 0.51/0.17 + 0.99/0.27 = 0.67/0.31]
INFO:experiments.py:[19/1000] 3.43 sec: loss(t/v)=0.41/2.76, scores(t/v)=[0.65/0.34 + 0.61/0.54 + 0.54/0.21 + 1.00/0.24 = 0.68/0.31]
INFO:experiments.py:[20/1000] 3.43 sec: loss(t/v)=0.30/2.71, scores(t/v)=[0.72/0.37 + 0.66/0.53 + 0.48/0.17 + 1.00/0.24 = 0.69/0.30]
INFO:experiments.py:[21/1000] 3.43 sec: loss(t/v)=0.27/2.67, scores(t/v)=[0.73/0.35 + 0.66/0.54 + 0.49/0.26 + 0.99/0.26 = 0.70/0.34]
INFO:experiments.py:[22/1000] 3.45 sec: loss(t/v)=0.22/2.66, scores(t/v)=[0.75/0.36 + 0.65/0.55 + 0.56/0.25 + 1.00/0.26 = 0.72/0.34]
INFO:experiments.py:[23/1000] 3.47 sec: loss(t/v)=0.21/2.66, scores(t/v)=[0.75/0.37 + 0.66/0.56 + 0.61/0.19 + 1.00/0.27 = 0.74/0.32]
INFO:experiments.py:[24/1000] 3.44 sec: loss(t/v)=0.21/2.66, scores(t/v)=[0.79/0.37 + 0.67/0.57 + 0.56/0.18 + 1.00/0.24 = 0.74/0.31]
INFO:experiments.py:[25/1000] 3.44 sec: loss(t/v)=0.20/2.65, scores(t/v)=[0.78/0.37 + 0.71/0.58 + 0.63/0.23 + 1.00/0.23 = 0.77/0.32]
INFO:experiments.py:+ New best model found: loss=2.6379570960998535, score=0.3468631551100713
INFO:experiments.py:[26/1000] 3.43 sec: loss(t/v)=0.18/2.64, scores(t/v)=[0.78/0.38 + 0.69/0.58 + 0.62/0.27 + 1.00/0.24 = 0.76/0.35]
INFO:experiments.py:+ New best model found: loss=2.6339340209960938, score=0.34818435554375005
INFO:experiments.py:[27/1000] 3.45 sec: loss(t/v)=0.18/2.63, scores(t/v)=[0.80/0.38 + 0.71/0.56 + 0.66/0.28 + 1.00/0.24 = 0.78/0.35]
INFO:experiments.py:+ New best model found: loss=2.630714178085327, score=0.3441528525973922
INFO:experiments.py:[28/1000] 3.44 sec: loss(t/v)=0.18/2.63, scores(t/v)=[0.80/0.38 + 0.71/0.57 + 0.63/0.25 + 1.00/0.26 = 0.77/0.34]
INFO:experiments.py:+ New best model found: loss=2.6267199516296387, score=0.3322840360425298
INFO:experiments.py:[29/1000] 3.44 sec: loss(t/v)=0.17/2.63, scores(t/v)=[0.79/0.38 + 0.72/0.57 + 0.64/0.22 + 1.00/0.26 = 0.77/0.33]
INFO:experiments.py:+ New best model found: loss=2.618976593017578, score=0.33620400460336364
INFO:experiments.py:[30/1000] 3.42 sec: loss(t/v)=0.19/2.62, scores(t/v)=[0.78/0.38 + 0.71/0.59 + 0.64/0.21 + 0.99/0.27 = 0.77/0.34]
INFO:experiments.py:[31/1000] 3.44 sec: loss(t/v)=0.17/2.62, scores(t/v)=[0.79/0.38 + 0.72/0.59 + 0.63/0.25 + 1.00/0.26 = 0.77/0.35]
INFO:experiments.py:[32/1000] 3.42 sec: loss(t/v)=0.17/2.62, scores(t/v)=[0.79/0.37 + 0.71/0.59 + 0.66/0.26 + 1.00/0.26 = 0.78/0.35]
INFO:experiments.py:+ New best model found: loss=2.616238594055176, score=0.3472001583772688
INFO:experiments.py:[33/1000] 3.46 sec: loss(t/v)=0.16/2.62, scores(t/v)=[0.78/0.38 + 0.72/0.59 + 0.65/0.25 + 1.00/0.26 = 0.77/0.35]
INFO:experiments.py:[34/1000] 3.43 sec: loss(t/v)=0.17/2.62, scores(t/v)=[0.77/0.38 + 0.66/0.60 + 0.63/0.27 + 1.00/0.26 = 0.75/0.36]
INFO:experiments.py:[35/1000] 3.45 sec: loss(t/v)=0.14/2.62, scores(t/v)=[0.81/0.37 + 0.74/0.59 + 0.69/0.27 + 1.00/0.26 = 0.80/0.35]
INFO:experiments.py:+ New best model found: loss=2.615345001220703, score=0.34761196010068524
INFO:experiments.py:[36/1000] 3.43 sec: loss(t/v)=0.17/2.62, scores(t/v)=[0.78/0.36 + 0.70/0.60 + 0.67/0.26 + 1.00/0.26 = 0.78/0.35]
INFO:experiments.py:[37/1000] 3.43 sec: loss(t/v)=0.15/2.62, scores(t/v)=[0.79/0.37 + 0.73/0.60 + 0.68/0.25 + 1.00/0.27 = 0.79/0.35]
INFO:experiments.py:[38/1000] 3.44 sec: loss(t/v)=0.15/2.62, scores(t/v)=[0.78/0.37 + 0.72/0.59 + 0.66/0.24 + 1.00/0.27 = 0.78/0.35]
INFO:experiments.py:+ New best model found: loss=2.612384796142578, score=0.33870554773342537
INFO:experiments.py:[39/1000] 3.45 sec: loss(t/v)=0.14/2.61, scores(t/v)=[0.81/0.37 + 0.71/0.57 + 0.69/0.25 + 1.00/0.26 = 0.80/0.34]
INFO:experiments.py:[40/1000] 3.42 sec: loss(t/v)=0.15/2.61, scores(t/v)=[0.79/0.36 + 0.70/0.58 + 0.67/0.24 + 1.00/0.29 = 0.78/0.35]
INFO:experiments.py:[41/1000] 3.43 sec: loss(t/v)=0.15/2.62, scores(t/v)=[0.79/0.36 + 0.72/0.58 + 0.64/0.25 + 1.00/0.29 = 0.78/0.35]
INFO:experiments.py:+ New best model found: loss=2.6085617542266846, score=0.3495487502785965
INFO:experiments.py:[42/1000] 3.44 sec: loss(t/v)=0.13/2.61, scores(t/v)=[0.81/0.36 + 0.75/0.59 + 0.68/0.25 + 1.00/0.29 = 0.80/0.35]
INFO:experiments.py:[43/1000] 3.45 sec: loss(t/v)=0.14/2.61, scores(t/v)=[0.82/0.36 + 0.73/0.58 + 0.65/0.25 + 1.00/0.29 = 0.79/0.35]
INFO:experiments.py:+ New best model found: loss=2.607543706893921, score=0.3486094062483655
INFO:experiments.py:[44/1000] 3.43 sec: loss(t/v)=0.13/2.61, scores(t/v)=[0.82/0.36 + 0.72/0.58 + 0.68/0.24 + 1.00/0.29 = 0.80/0.35]
INFO:experiments.py:+ New best model found: loss=2.6072826385498047, score=0.3458020931990299
INFO:experiments.py:[45/1000] 3.45 sec: loss(t/v)=0.14/2.61, scores(t/v)=[0.81/0.36 + 0.73/0.59 + 0.66/0.23 + 1.00/0.29 = 0.79/0.35]
INFO:experiments.py:[46/1000] 3.47 sec: loss(t/v)=0.13/2.61, scores(t/v)=[0.80/0.36 + 0.74/0.59 + 0.66/0.23 + 1.00/0.29 = 0.79/0.35]
INFO:experiments.py:[47/1000] 3.44 sec: loss(t/v)=0.14/2.61, scores(t/v)=[0.79/0.35 + 0.76/0.59 + 0.68/0.23 + 1.00/0.29 = 0.80/0.34]
INFO:experiments.py:[48/1000] 3.48 sec: loss(t/v)=0.14/2.62, scores(t/v)=[0.81/0.35 + 0.74/0.59 + 0.66/0.24 + 1.00/0.29 = 0.80/0.35]
INFO:experiments.py:[49/1000] 3.52 sec: loss(t/v)=0.14/2.62, scores(t/v)=[0.81/0.36 + 0.72/0.59 + 0.66/0.24 + 1.00/0.29 = 0.79/0.35]
INFO:experiments.py:[50/1000] 3.52 sec: loss(t/v)=0.14/2.61, scores(t/v)=[0.81/0.37 + 0.73/0.58 + 0.67/0.25 + 1.00/0.27 = 0.79/0.35]
INFO:experiments.py:[51/1000] 3.48 sec: loss(t/v)=0.14/2.61, scores(t/v)=[0.81/0.36 + 0.76/0.59 + 0.65/0.24 + 1.00/0.27 = 0.80/0.34]
INFO:experiments.py:[52/1000] 3.45 sec: loss(t/v)=0.13/2.62, scores(t/v)=[0.82/0.36 + 0.76/0.58 + 0.69/0.24 + 1.00/0.29 = 0.81/0.35]
INFO:experiments.py:[53/1000] 3.47 sec: loss(t/v)=0.13/2.62, scores(t/v)=[0.81/0.36 + 0.74/0.60 + 0.66/0.23 + 1.00/0.27 = 0.79/0.34]
INFO:experiments.py:[54/1000] 3.48 sec: loss(t/v)=0.14/2.61, scores(t/v)=[0.78/0.36 + 0.73/0.60 + 0.62/0.24 + 1.00/0.29 = 0.77/0.35]
INFO:experiments.py:[55/1000] 3.44 sec: loss(t/v)=0.13/2.61, scores(t/v)=[0.82/0.36 + 0.75/0.59 + 0.68/0.25 + 1.00/0.29 = 0.81/0.35]
INFO:experiments.py:[56/1000] 3.46 sec: loss(t/v)=0.13/2.61, scores(t/v)=[0.81/0.37 + 0.75/0.59 + 0.67/0.25 + 1.00/0.29 = 0.80/0.36]
INFO:experiments.py:[57/1000] 3.45 sec: loss(t/v)=0.14/2.61, scores(t/v)=[0.81/0.37 + 0.75/0.59 + 0.69/0.25 + 1.00/0.29 = 0.80/0.35]
INFO:experiments.py:[58/1000] 3.46 sec: loss(t/v)=0.14/2.62, scores(t/v)=[0.79/0.37 + 0.75/0.59 + 0.71/0.26 + 1.00/0.27 = 0.81/0.35]
INFO:experiments.py:[59/1000] 3.48 sec: loss(t/v)=0.13/2.61, scores(t/v)=[0.82/0.37 + 0.75/0.59 + 0.68/0.25 + 1.00/0.27 = 0.80/0.35]
INFO:experiments.py:[60/1000] 3.47 sec: loss(t/v)=0.14/2.62, scores(t/v)=[0.81/0.37 + 0.72/0.60 + 0.65/0.25 + 1.00/0.29 = 0.79/0.36]
INFO:experiments.py:[61/1000] 3.46 sec: loss(t/v)=0.12/2.61, scores(t/v)=[0.82/0.37 + 0.76/0.60 + 0.68/0.25 + 1.00/0.29 = 0.80/0.35]
INFO:experiments.py:[62/1000] 3.46 sec: loss(t/v)=0.13/2.62, scores(t/v)=[0.79/0.37 + 0.74/0.60 + 0.70/0.25 + 1.00/0.29 = 0.80/0.36]
INFO:experiments.py:[63/1000] 3.43 sec: loss(t/v)=0.14/2.62, scores(t/v)=[0.79/0.37 + 0.71/0.59 + 0.70/0.25 + 1.00/0.29 = 0.79/0.36]
INFO:experiments.py:[64/1000] 3.47 sec: loss(t/v)=0.15/2.62, scores(t/v)=[0.80/0.36 + 0.74/0.59 + 0.68/0.25 + 1.00/0.29 = 0.80/0.35]
INFO:experiments.py:[65/1000] 3.46 sec: loss(t/v)=0.14/2.62, scores(t/v)=[0.80/0.36 + 0.73/0.60 + 0.69/0.26 + 1.00/0.27 = 0.80/0.35]
INFO:experiments.py:[66/1000] 3.48 sec: loss(t/v)=0.13/2.62, scores(t/v)=[0.82/0.36 + 0.76/0.59 + 0.70/0.26 + 1.00/0.27 = 0.81/0.35]
INFO:experiments.py:[67/1000] 3.47 sec: loss(t/v)=0.13/2.62, scores(t/v)=[0.82/0.36 + 0.75/0.59 + 0.71/0.26 + 1.00/0.27 = 0.81/0.35]
INFO:experiments.py:[68/1000] 3.49 sec: loss(t/v)=0.13/2.62, scores(t/v)=[0.79/0.36 + 0.74/0.59 + 0.68/0.26 + 1.00/0.27 = 0.80/0.35]
INFO:experiments.py:[69/1000] 3.49 sec: loss(t/v)=0.13/2.62, scores(t/v)=[0.81/0.37 + 0.73/0.59 + 0.70/0.25 + 1.00/0.27 = 0.80/0.35]
INFO:experiments.py:[70/1000] 3.45 sec: loss(t/v)=0.14/2.62, scores(t/v)=[0.80/0.36 + 0.73/0.59 + 0.68/0.25 + 1.00/0.27 = 0.79/0.35]
INFO:experiments.py:[71/1000] 3.45 sec: loss(t/v)=0.13/2.62, scores(t/v)=[0.81/0.37 + 0.77/0.59 + 0.69/0.25 + 1.00/0.27 = 0.81/0.35]
INFO:experiments.py:[72/1000] 3.46 sec: loss(t/v)=0.14/2.62, scores(t/v)=[0.80/0.36 + 0.70/0.59 + 0.66/0.25 + 1.00/0.27 = 0.78/0.35]
INFO:experiments.py:[73/1000] 3.48 sec: loss(t/v)=0.13/2.62, scores(t/v)=[0.82/0.37 + 0.74/0.59 + 0.69/0.24 + 1.00/0.27 = 0.80/0.35]
INFO:experiments.py:[74/1000] 3.45 sec: loss(t/v)=0.14/2.62, scores(t/v)=[0.81/0.37 + 0.75/0.60 + 0.69/0.25 + 1.00/0.27 = 0.80/0.35]
INFO:experiments.py:[75/1000] 3.48 sec: loss(t/v)=0.14/2.62, scores(t/v)=[0.82/0.37 + 0.76/0.59 + 0.70/0.24 + 1.00/0.29 = 0.81/0.35]
INFO:experiments.py:[76/1000] 3.47 sec: loss(t/v)=0.13/2.62, scores(t/v)=[0.80/0.37 + 0.74/0.59 + 0.66/0.25 + 1.00/0.29 = 0.79/0.35]
INFO:experiments.py:[77/1000] 3.46 sec: loss(t/v)=0.13/2.61, scores(t/v)=[0.81/0.37 + 0.76/0.59 + 0.66/0.25 + 1.00/0.29 = 0.80/0.35]
INFO:experiments.py:[78/1000] 3.47 sec: loss(t/v)=0.13/2.61, scores(t/v)=[0.80/0.36 + 0.72/0.59 + 0.67/0.24 + 1.00/0.29 = 0.79/0.35]
INFO:experiments.py:[79/1000] 3.46 sec: loss(t/v)=0.14/2.61, scores(t/v)=[0.82/0.37 + 0.76/0.60 + 0.67/0.24 + 1.00/0.29 = 0.80/0.35]
INFO:experiments.py:[80/1000] 3.46 sec: loss(t/v)=0.13/2.61, scores(t/v)=[0.81/0.36 + 0.75/0.60 + 0.68/0.25 + 1.00/0.29 = 0.80/0.35]
INFO:experiments.py:+ New best model found: loss=2.604692220687866, score=0.35677342750506513
INFO:experiments.py:[81/1000] 3.47 sec: loss(t/v)=0.13/2.60, scores(t/v)=[0.81/0.36 + 0.74/0.60 + 0.68/0.26 + 1.00/0.29 = 0.80/0.36]
INFO:experiments.py:+ New best model found: loss=2.6009182929992676, score=0.3555672009984294
INFO:experiments.py:[82/1000] 3.47 sec: loss(t/v)=0.13/2.60, scores(t/v)=[0.81/0.37 + 0.75/0.59 + 0.70/0.25 + 1.00/0.29 = 0.81/0.36]
INFO:experiments.py:[83/1000] 3.47 sec: loss(t/v)=0.13/2.61, scores(t/v)=[0.80/0.37 + 0.76/0.60 + 0.69/0.26 + 1.00/0.27 = 0.80/0.35]
INFO:experiments.py:[84/1000] 3.47 sec: loss(t/v)=0.12/2.60, scores(t/v)=[0.83/0.37 + 0.76/0.60 + 0.70/0.26 + 1.00/0.27 = 0.82/0.35]
INFO:experiments.py:[85/1000] 3.48 sec: loss(t/v)=0.13/2.61, scores(t/v)=[0.82/0.36 + 0.74/0.59 + 0.69/0.25 + 1.00/0.27 = 0.81/0.35]
INFO:experiments.py:[86/1000] 3.47 sec: loss(t/v)=0.14/2.61, scores(t/v)=[0.80/0.36 + 0.73/0.59 + 0.68/0.26 + 1.00/0.27 = 0.79/0.35]
INFO:experiments.py:[87/1000] 3.46 sec: loss(t/v)=0.15/2.61, scores(t/v)=[0.80/0.36 + 0.76/0.59 + 0.67/0.25 + 1.00/0.27 = 0.80/0.35]
INFO:experiments.py:[88/1000] 3.50 sec: loss(t/v)=0.14/2.61, scores(t/v)=[0.80/0.36 + 0.73/0.58 + 0.68/0.24 + 1.00/0.27 = 0.79/0.34]
INFO:experiments.py:[89/1000] 3.50 sec: loss(t/v)=0.14/2.61, scores(t/v)=[0.80/0.36 + 0.71/0.59 + 0.68/0.25 + 1.00/0.27 = 0.79/0.34]
INFO:experiments.py:[90/1000] 3.53 sec: loss(t/v)=0.13/2.60, scores(t/v)=[0.81/0.36 + 0.78/0.60 + 0.67/0.25 + 1.00/0.27 = 0.81/0.35]
INFO:experiments.py:[91/1000] 3.54 sec: loss(t/v)=0.13/2.61, scores(t/v)=[0.79/0.36 + 0.73/0.59 + 0.69/0.25 + 1.00/0.27 = 0.79/0.35]
INFO:experiments.py:[92/1000] 3.48 sec: loss(t/v)=0.14/2.61, scores(t/v)=[0.81/0.36 + 0.75/0.59 + 0.66/0.25 + 1.00/0.29 = 0.79/0.35]
INFO:experiments.py:[93/1000] 3.48 sec: loss(t/v)=0.13/2.62, scores(t/v)=[0.81/0.36 + 0.76/0.59 + 0.68/0.25 + 1.00/0.27 = 0.80/0.35]
INFO:experiments.py:[94/1000] 3.48 sec: loss(t/v)=0.14/2.61, scores(t/v)=[0.80/0.36 + 0.77/0.59 + 0.68/0.25 + 1.00/0.29 = 0.81/0.35]
INFO:experiments.py:[95/1000] 3.46 sec: loss(t/v)=0.14/2.61, scores(t/v)=[0.82/0.36 + 0.72/0.58 + 0.67/0.25 + 1.00/0.29 = 0.79/0.35]
INFO:experiments.py:[96/1000] 3.47 sec: loss(t/v)=0.13/2.62, scores(t/v)=[0.80/0.35 + 0.77/0.59 + 0.70/0.26 + 1.00/0.29 = 0.81/0.35]
INFO:experiments.py:[97/1000] 3.47 sec: loss(t/v)=0.13/2.62, scores(t/v)=[0.80/0.36 + 0.78/0.59 + 0.66/0.25 + 1.00/0.27 = 0.80/0.35]
INFO:experiments.py:[98/1000] 3.49 sec: loss(t/v)=0.14/2.61, scores(t/v)=[0.81/0.36 + 0.76/0.59 + 0.67/0.25 + 1.00/0.27 = 0.80/0.35]
INFO:experiments.py:[99/1000] 3.48 sec: loss(t/v)=0.13/2.61, scores(t/v)=[0.81/0.35 + 0.76/0.59 + 0.69/0.24 + 1.00/0.29 = 0.81/0.35]
INFO:experiments.py:[100/1000] 3.47 sec: loss(t/v)=0.14/2.61, scores(t/v)=[0.81/0.35 + 0.75/0.59 + 0.68/0.24 + 1.00/0.29 = 0.80/0.35]
INFO:experiments.py:[101/1000] 3.50 sec: loss(t/v)=0.13/2.61, scores(t/v)=[0.80/0.36 + 0.74/0.59 + 0.67/0.24 + 1.00/0.29 = 0.79/0.35]
INFO:experiments.py:[102/1000] 3.50 sec: loss(t/v)=0.13/2.61, scores(t/v)=[0.82/0.36 + 0.75/0.59 + 0.67/0.25 + 1.00/0.27 = 0.80/0.35]
INFO:experiments.py:[103/1000] 3.47 sec: loss(t/v)=0.13/2.61, scores(t/v)=[0.81/0.36 + 0.75/0.59 + 0.65/0.24 + 1.00/0.27 = 0.79/0.34]
INFO:experiments.py:[104/1000] 3.47 sec: loss(t/v)=0.13/2.61, scores(t/v)=[0.81/0.35 + 0.72/0.59 + 0.70/0.24 + 1.00/0.27 = 0.80/0.34]
INFO:experiments.py:[105/1000] 3.46 sec: loss(t/v)=0.14/2.61, scores(t/v)=[0.81/0.36 + 0.73/0.58 + 0.70/0.24 + 1.00/0.27 = 0.80/0.34]
INFO:experiments.py:[106/1000] 3.59 sec: loss(t/v)=0.12/2.61, scores(t/v)=[0.82/0.36 + 0.76/0.59 + 0.69/0.25 + 1.00/0.27 = 0.81/0.34]
INFO:experiments.py:[107/1000] 3.65 sec: loss(t/v)=0.13/2.61, scores(t/v)=[0.79/0.37 + 0.72/0.59 + 0.69/0.24 + 1.00/0.29 = 0.79/0.35]
INFO:experiments.py:[108/1000] 3.72 sec: loss(t/v)=0.13/2.61, scores(t/v)=[0.80/0.37 + 0.74/0.58 + 0.70/0.24 + 1.00/0.29 = 0.80/0.35]
INFO:experiments.py:[109/1000] 3.66 sec: loss(t/v)=0.14/2.60, scores(t/v)=[0.80/0.36 + 0.73/0.59 + 0.66/0.24 + 1.00/0.27 = 0.79/0.35]
INFO:experiments.py:[110/1000] 3.64 sec: loss(t/v)=0.13/2.60, scores(t/v)=[0.82/0.35 + 0.74/0.60 + 0.68/0.25 + 1.00/0.29 = 0.80/0.35]
INFO:experiments.py:[111/1000] 3.62 sec: loss(t/v)=0.14/2.61, scores(t/v)=[0.82/0.36 + 0.74/0.59 + 0.64/0.25 + 1.00/0.29 = 0.79/0.35]
INFO:experiments.py:[112/1000] 3.69 sec: loss(t/v)=0.14/2.61, scores(t/v)=[0.81/0.36 + 0.75/0.59 + 0.66/0.24 + 1.00/0.29 = 0.80/0.35]
INFO:experiments.py:[113/1000] 3.65 sec: loss(t/v)=0.13/2.61, scores(t/v)=[0.81/0.36 + 0.73/0.59 + 0.68/0.24 + 1.00/0.29 = 0.79/0.35]
INFO:experiments.py:[114/1000] 3.58 sec: loss(t/v)=0.14/2.60, scores(t/v)=[0.82/0.36 + 0.75/0.59 + 0.66/0.25 + 1.00/0.29 = 0.80/0.35]
INFO:experiments.py:[115/1000] 3.60 sec: loss(t/v)=0.13/2.60, scores(t/v)=[0.82/0.36 + 0.72/0.60 + 0.68/0.25 + 1.00/0.29 = 0.80/0.35]
INFO:experiments.py:+ New best model found: loss=2.6003170013427734, score=0.3585405155141041
INFO:experiments.py:[116/1000] 3.62 sec: loss(t/v)=0.14/2.60, scores(t/v)=[0.80/0.37 + 0.74/0.60 + 0.68/0.26 + 1.00/0.29 = 0.80/0.36]
INFO:experiments.py:[117/1000] 3.66 sec: loss(t/v)=0.14/2.61, scores(t/v)=[0.80/0.36 + 0.75/0.60 + 0.64/0.25 + 1.00/0.27 = 0.79/0.35]
INFO:experiments.py:[118/1000] 3.55 sec: loss(t/v)=0.14/2.61, scores(t/v)=[0.79/0.36 + 0.74/0.60 + 0.69/0.25 + 1.00/0.27 = 0.80/0.35]
INFO:experiments.py:[119/1000] 3.53 sec: loss(t/v)=0.14/2.61, scores(t/v)=[0.82/0.35 + 0.75/0.60 + 0.68/0.26 + 1.00/0.27 = 0.81/0.35]
INFO:experiments.py:[120/1000] 3.51 sec: loss(t/v)=0.14/2.61, scores(t/v)=[0.84/0.36 + 0.75/0.59 + 0.69/0.25 + 1.00/0.27 = 0.81/0.35]
INFO:experiments.py:[121/1000] 3.63 sec: loss(t/v)=0.14/2.61, scores(t/v)=[0.80/0.36 + 0.72/0.59 + 0.64/0.25 + 1.00/0.29 = 0.78/0.35]
INFO:experiments.py:[122/1000] 3.64 sec: loss(t/v)=0.14/2.61, scores(t/v)=[0.82/0.37 + 0.75/0.59 + 0.68/0.25 + 1.00/0.27 = 0.80/0.35]
INFO:experiments.py:[123/1000] 3.62 sec: loss(t/v)=0.14/2.61, scores(t/v)=[0.82/0.36 + 0.74/0.59 + 0.71/0.24 + 1.00/0.27 = 0.81/0.35]
INFO:experiments.py:[124/1000] 3.67 sec: loss(t/v)=0.13/2.61, scores(t/v)=[0.83/0.37 + 0.75/0.59 + 0.71/0.25 + 1.00/0.27 = 0.82/0.35]
INFO:experiments.py:[125/1000] 3.66 sec: loss(t/v)=0.14/2.61, scores(t/v)=[0.82/0.37 + 0.72/0.59 + 0.70/0.25 + 1.00/0.27 = 0.80/0.35]
INFO:experiments.py:[126/1000] 3.59 sec: loss(t/v)=0.15/2.62, scores(t/v)=[0.79/0.37 + 0.74/0.60 + 0.66/0.26 + 1.00/0.29 = 0.79/0.36]
INFO:experiments.py:[127/1000] 3.59 sec: loss(t/v)=0.13/2.61, scores(t/v)=[0.83/0.37 + 0.74/0.59 + 0.70/0.25 + 1.00/0.29 = 0.81/0.36]
INFO:experiments.py:[128/1000] 3.58 sec: loss(t/v)=0.17/2.61, scores(t/v)=[0.79/0.37 + 0.72/0.60 + 0.68/0.25 + 1.00/0.27 = 0.79/0.35]
INFO:experiments.py:[129/1000] 3.55 sec: loss(t/v)=0.13/2.61, scores(t/v)=[0.82/0.37 + 0.74/0.60 + 0.68/0.25 + 1.00/0.27 = 0.80/0.35]
INFO:experiments.py:[130/1000] 3.57 sec: loss(t/v)=0.13/2.61, scores(t/v)=[0.81/0.37 + 0.76/0.60 + 0.72/0.26 + 1.00/0.27 = 0.82/0.35]
INFO:experiments.py:[131/1000] 3.59 sec: loss(t/v)=0.14/2.61, scores(t/v)=[0.80/0.36 + 0.73/0.60 + 0.66/0.25 + 1.00/0.27 = 0.79/0.35]
INFO:experiments.py:[132/1000] 3.64 sec: loss(t/v)=0.14/2.61, scores(t/v)=[0.81/0.37 + 0.77/0.60 + 0.70/0.26 + 1.00/0.27 = 0.81/0.35]
INFO:experiments.py:[133/1000] 3.63 sec: loss(t/v)=0.13/2.61, scores(t/v)=[0.83/0.36 + 0.76/0.60 + 0.67/0.25 + 1.00/0.27 = 0.81/0.35]
INFO:experiments.py:[134/1000] 3.73 sec: loss(t/v)=0.14/2.61, scores(t/v)=[0.80/0.37 + 0.73/0.59 + 0.68/0.26 + 1.00/0.27 = 0.79/0.35]
INFO:experiments.py:[135/1000] 3.61 sec: loss(t/v)=0.13/2.61, scores(t/v)=[0.80/0.36 + 0.76/0.60 + 0.67/0.26 + 1.00/0.27 = 0.80/0.35]
INFO:experiments.py:[136/1000] 3.62 sec: loss(t/v)=0.13/2.61, scores(t/v)=[0.81/0.36 + 0.77/0.60 + 0.70/0.25 + 1.00/0.27 = 0.81/0.35]
INFO:experiments.py:[137/1000] 3.68 sec: loss(t/v)=0.12/2.61, scores(t/v)=[0.81/0.36 + 0.74/0.60 + 0.69/0.26 + 1.00/0.27 = 0.80/0.35]
INFO:experiments.py:[138/1000] 3.65 sec: loss(t/v)=0.12/2.61, scores(t/v)=[0.83/0.37 + 0.76/0.60 + 0.70/0.25 + 1.00/0.27 = 0.82/0.35]
INFO:experiments.py:[139/1000] 3.64 sec: loss(t/v)=0.14/2.61, scores(t/v)=[0.81/0.36 + 0.74/0.59 + 0.68/0.25 + 1.00/0.29 = 0.80/0.35]
INFO:experiments.py:[140/1000] 3.59 sec: loss(t/v)=0.14/2.61, scores(t/v)=[0.81/0.37 + 0.73/0.59 + 0.69/0.24 + 1.00/0.29 = 0.80/0.35]
INFO:experiments.py:[141/1000] 3.56 sec: loss(t/v)=0.12/2.61, scores(t/v)=[0.83/0.37 + 0.75/0.59 + 0.70/0.25 + 1.00/0.29 = 0.81/0.35]
INFO:experiments.py:[142/1000] 3.55 sec: loss(t/v)=0.13/2.60, scores(t/v)=[0.81/0.37 + 0.76/0.59 + 0.68/0.24 + 1.00/0.27 = 0.81/0.35]
INFO:experiments.py:[143/1000] 3.55 sec: loss(t/v)=0.13/2.61, scores(t/v)=[0.80/0.36 + 0.75/0.59 + 0.71/0.24 + 1.00/0.29 = 0.81/0.35]
INFO:experiments.py:[144/1000] 3.55 sec: loss(t/v)=0.13/2.61, scores(t/v)=[0.83/0.37 + 0.77/0.59 + 0.69/0.24 + 1.00/0.29 = 0.81/0.35]
INFO:experiments.py:[145/1000] 3.52 sec: loss(t/v)=0.13/2.60, scores(t/v)=[0.81/0.36 + 0.73/0.59 + 0.69/0.24 + 1.00/0.27 = 0.80/0.35]
INFO:experiments.py:[146/1000] 3.53 sec: loss(t/v)=0.13/2.60, scores(t/v)=[0.81/0.36 + 0.75/0.59 + 0.68/0.25 + 1.00/0.27 = 0.80/0.35]
INFO:experiments.py:[147/1000] 3.52 sec: loss(t/v)=0.13/2.60, scores(t/v)=[0.81/0.37 + 0.74/0.59 + 0.67/0.25 + 1.00/0.27 = 0.80/0.35]
INFO:experiments.py:[148/1000] 3.54 sec: loss(t/v)=0.13/2.60, scores(t/v)=[0.81/0.36 + 0.74/0.59 + 0.68/0.25 + 1.00/0.27 = 0.80/0.35]
INFO:experiments.py:[149/1000] 3.56 sec: loss(t/v)=0.13/2.60, scores(t/v)=[0.83/0.36 + 0.76/0.59 + 0.67/0.25 + 1.00/0.27 = 0.81/0.35]
INFO:experiments.py:[150/1000] 3.57 sec: loss(t/v)=0.13/2.61, scores(t/v)=[0.80/0.37 + 0.75/0.60 + 0.69/0.25 + 1.00/0.27 = 0.80/0.35]
INFO:experiments.py:[151/1000] 3.55 sec: loss(t/v)=0.15/2.61, scores(t/v)=[0.79/0.37 + 0.75/0.59 + 0.69/0.25 + 1.00/0.27 = 0.80/0.35]
INFO:experiments.py:[152/1000] 3.54 sec: loss(t/v)=0.13/2.62, scores(t/v)=[0.82/0.37 + 0.77/0.59 + 0.68/0.25 + 1.00/0.26 = 0.81/0.34]
INFO:experiments.py:[153/1000] 3.53 sec: loss(t/v)=0.13/2.62, scores(t/v)=[0.80/0.37 + 0.76/0.59 + 0.69/0.25 + 1.00/0.26 = 0.80/0.35]
INFO:experiments.py:[154/1000] 3.56 sec: loss(t/v)=0.12/2.62, scores(t/v)=[0.81/0.37 + 0.75/0.59 + 0.68/0.25 + 1.00/0.27 = 0.80/0.35]
INFO:experiments.py:[155/1000] 3.49 sec: loss(t/v)=0.13/2.62, scores(t/v)=[0.81/0.37 + 0.74/0.59 + 0.70/0.25 + 1.00/0.29 = 0.81/0.36]
INFO:experiments.py:[156/1000] 3.50 sec: loss(t/v)=0.13/2.62, scores(t/v)=[0.82/0.36 + 0.75/0.60 + 0.67/0.25 + 1.00/0.29 = 0.80/0.36]
INFO:experiments.py:[157/1000] 3.50 sec: loss(t/v)=0.13/2.61, scores(t/v)=[0.83/0.36 + 0.75/0.60 + 0.69/0.24 + 1.00/0.29 = 0.81/0.35]
INFO:experiments.py:[158/1000] 3.61 sec: loss(t/v)=0.12/2.61, scores(t/v)=[0.82/0.37 + 0.76/0.60 + 0.71/0.23 + 1.00/0.29 = 0.81/0.35]
INFO:experiments.py:[159/1000] 3.55 sec: loss(t/v)=0.14/2.61, scores(t/v)=[0.82/0.37 + 0.74/0.60 + 0.70/0.25 + 1.00/0.29 = 0.81/0.35]
INFO:experiments.py:[160/1000] 3.64 sec: loss(t/v)=0.13/2.60, scores(t/v)=[0.83/0.37 + 0.75/0.59 + 0.67/0.25 + 1.00/0.29 = 0.80/0.35]
INFO:experiments.py:[161/1000] 3.67 sec: loss(t/v)=0.13/2.60, scores(t/v)=[0.82/0.37 + 0.77/0.59 + 0.71/0.25 + 1.00/0.29 = 0.82/0.36]
INFO:experiments.py:[162/1000] 3.66 sec: loss(t/v)=0.13/2.60, scores(t/v)=[0.82/0.36 + 0.77/0.59 + 0.69/0.25 + 1.00/0.29 = 0.81/0.35]
INFO:experiments.py:[163/1000] 3.66 sec: loss(t/v)=0.14/2.60, scores(t/v)=[0.80/0.37 + 0.72/0.60 + 0.67/0.25 + 1.00/0.27 = 0.79/0.35]
INFO:experiments.py:[164/1000] 3.68 sec: loss(t/v)=0.13/2.61, scores(t/v)=[0.81/0.36 + 0.76/0.59 + 0.67/0.25 + 1.00/0.29 = 0.80/0.35]
INFO:experiments.py:[165/1000] 3.66 sec: loss(t/v)=0.16/2.62, scores(t/v)=[0.79/0.35 + 0.72/0.59 + 0.62/0.24 + 1.00/0.29 = 0.77/0.35]
INFO:experiments.py:[166/1000] 3.64 sec: loss(t/v)=0.13/2.61, scores(t/v)=[0.84/0.35 + 0.75/0.60 + 0.71/0.25 + 1.00/0.27 = 0.82/0.35]
INFO:experiments.py:[167/1000] 3.64 sec: loss(t/v)=0.14/2.61, scores(t/v)=[0.81/0.36 + 0.69/0.60 + 0.67/0.25 + 1.00/0.27 = 0.78/0.35]
INFO:experiments.py:[168/1000] 3.66 sec: loss(t/v)=0.13/2.62, scores(t/v)=[0.82/0.36 + 0.76/0.59 + 0.69/0.25 + 1.00/0.27 = 0.81/0.35]
INFO:experiments.py:[169/1000] 3.64 sec: loss(t/v)=0.13/2.61, scores(t/v)=[0.82/0.36 + 0.77/0.59 + 0.69/0.23 + 1.00/0.27 = 0.81/0.34]
INFO:experiments.py:[170/1000] 3.69 sec: loss(t/v)=0.13/2.61, scores(t/v)=[0.82/0.36 + 0.77/0.59 + 0.69/0.25 + 1.00/0.27 = 0.81/0.35]
INFO:experiments.py:[171/1000] 3.68 sec: loss(t/v)=0.14/2.61, scores(t/v)=[0.76/0.36 + 0.75/0.59 + 0.70/0.24 + 1.00/0.27 = 0.79/0.35]
INFO:experiments.py:[172/1000] 3.70 sec: loss(t/v)=0.16/2.61, scores(t/v)=[0.80/0.36 + 0.76/0.60 + 0.69/0.24 + 1.00/0.27 = 0.81/0.34]
INFO:experiments.py:[173/1000] 3.67 sec: loss(t/v)=0.13/2.62, scores(t/v)=[0.81/0.36 + 0.75/0.60 + 0.69/0.24 + 1.00/0.27 = 0.81/0.34]
INFO:experiments.py:[174/1000] 3.73 sec: loss(t/v)=0.14/2.62, scores(t/v)=[0.81/0.36 + 0.75/0.60 + 0.67/0.24 + 1.00/0.29 = 0.80/0.35]
INFO:experiments.py:[175/1000] 3.70 sec: loss(t/v)=0.13/2.62, scores(t/v)=[0.81/0.36 + 0.75/0.59 + 0.66/0.25 + 1.00/0.27 = 0.80/0.35]
INFO:experiments.py:[176/1000] 3.69 sec: loss(t/v)=0.13/2.62, scores(t/v)=[0.79/0.36 + 0.75/0.59 + 0.70/0.24 + 1.00/0.27 = 0.80/0.35]
INFO:experiments.py:[177/1000] 3.65 sec: loss(t/v)=0.13/2.62, scores(t/v)=[0.81/0.36 + 0.73/0.59 + 0.66/0.25 + 1.00/0.27 = 0.79/0.35]
INFO:experiments.py:[178/1000] 3.67 sec: loss(t/v)=0.13/2.62, scores(t/v)=[0.83/0.36 + 0.74/0.59 + 0.64/0.26 + 1.00/0.27 = 0.79/0.35]
INFO:experiments.py:[179/1000] 3.62 sec: loss(t/v)=0.15/2.61, scores(t/v)=[0.78/0.36 + 0.72/0.60 + 0.67/0.25 + 1.00/0.29 = 0.78/0.35]
INFO:experiments.py:[180/1000] 3.62 sec: loss(t/v)=0.13/2.62, scores(t/v)=[0.81/0.35 + 0.74/0.59 + 0.66/0.24 + 1.00/0.29 = 0.79/0.35]
INFO:experiments.py:[181/1000] 3.65 sec: loss(t/v)=0.13/2.62, scores(t/v)=[0.80/0.36 + 0.74/0.59 + 0.68/0.25 + 1.00/0.29 = 0.80/0.35]
INFO:experiments.py:[182/1000] 3.65 sec: loss(t/v)=0.13/2.62, scores(t/v)=[0.81/0.36 + 0.76/0.59 + 0.70/0.24 + 1.00/0.29 = 0.81/0.35]
INFO:experiments.py:[183/1000] 3.70 sec: loss(t/v)=0.13/2.61, scores(t/v)=[0.80/0.36 + 0.75/0.59 + 0.67/0.25 + 1.00/0.27 = 0.80/0.35]
INFO:experiments.py:[184/1000] 3.62 sec: loss(t/v)=0.12/2.61, scores(t/v)=[0.80/0.37 + 0.74/0.59 + 0.70/0.25 + 1.00/0.27 = 0.80/0.35]
INFO:experiments.py:[185/1000] 3.62 sec: loss(t/v)=0.13/2.61, scores(t/v)=[0.80/0.36 + 0.72/0.59 + 0.67/0.25 + 1.00/0.27 = 0.79/0.35]
INFO:experiments.py:[186/1000] 3.62 sec: loss(t/v)=0.13/2.61, scores(t/v)=[0.82/0.36 + 0.76/0.60 + 0.70/0.25 + 1.00/0.27 = 0.81/0.35]
INFO:experiments.py:[187/1000] 3.58 sec: loss(t/v)=0.13/2.62, scores(t/v)=[0.82/0.36 + 0.74/0.59 + 0.68/0.24 + 1.00/0.27 = 0.80/0.35]
INFO:experiments.py:[188/1000] 3.62 sec: loss(t/v)=0.15/2.62, scores(t/v)=[0.81/0.36 + 0.75/0.60 + 0.67/0.24 + 1.00/0.27 = 0.80/0.35]
INFO:experiments.py:[189/1000] 3.60 sec: loss(t/v)=0.14/2.62, scores(t/v)=[0.80/0.37 + 0.75/0.60 + 0.64/0.24 + 1.00/0.27 = 0.79/0.35]
INFO:experiments.py:[190/1000] 3.64 sec: loss(t/v)=0.12/2.62, scores(t/v)=[0.83/0.37 + 0.75/0.60 + 0.69/0.24 + 1.00/0.27 = 0.81/0.35]
INFO:experiments.py:[191/1000] 3.65 sec: loss(t/v)=0.13/2.62, scores(t/v)=[0.81/0.36 + 0.76/0.59 + 0.69/0.24 + 1.00/0.27 = 0.81/0.34]
INFO:experiments.py:[192/1000] 3.62 sec: loss(t/v)=0.14/2.61, scores(t/v)=[0.81/0.36 + 0.74/0.59 + 0.69/0.24 + 1.00/0.27 = 0.80/0.34]
INFO:experiments.py:[193/1000] 3.62 sec: loss(t/v)=0.14/2.61, scores(t/v)=[0.82/0.36 + 0.73/0.59 + 0.65/0.25 + 1.00/0.27 = 0.79/0.35]
INFO:experiments.py:[194/1000] 3.63 sec: loss(t/v)=0.13/2.61, scores(t/v)=[0.83/0.36 + 0.77/0.60 + 0.69/0.25 + 1.00/0.27 = 0.81/0.35]
INFO:experiments.py:[195/1000] 3.60 sec: loss(t/v)=0.13/2.61, scores(t/v)=[0.80/0.37 + 0.74/0.60 + 0.70/0.25 + 1.00/0.27 = 0.80/0.35]
INFO:experiments.py:[196/1000] 3.61 sec: loss(t/v)=0.13/2.61, scores(t/v)=[0.82/0.37 + 0.76/0.59 + 0.67/0.25 + 1.00/0.27 = 0.81/0.35]
INFO:experiments.py:[197/1000] 3.59 sec: loss(t/v)=0.12/2.61, scores(t/v)=[0.84/0.37 + 0.75/0.59 + 0.72/0.25 + 1.00/0.27 = 0.82/0.35]
INFO:experiments.py:[198/1000] 3.64 sec: loss(t/v)=0.12/2.61, scores(t/v)=[0.81/0.36 + 0.73/0.59 + 0.69/0.25 + 1.00/0.27 = 0.80/0.35]
INFO:experiments.py:[199/1000] 3.62 sec: loss(t/v)=0.13/2.61, scores(t/v)=[0.81/0.37 + 0.77/0.60 + 0.72/0.25 + 1.00/0.27 = 0.82/0.35]
INFO:experiments.py:[200/1000] 3.62 sec: loss(t/v)=0.13/2.61, scores(t/v)=[0.81/0.37 + 0.74/0.59 + 0.69/0.25 + 1.00/0.29 = 0.80/0.35]
INFO:experiments.py:[201/1000] 3.63 sec: loss(t/v)=0.12/2.61, scores(t/v)=[0.81/0.36 + 0.75/0.59 + 0.70/0.24 + 1.00/0.29 = 0.81/0.35]
INFO:experiments.py:[202/1000] 3.61 sec: loss(t/v)=0.13/2.61, scores(t/v)=[0.83/0.36 + 0.75/0.59 + 0.68/0.24 + 1.00/0.27 = 0.81/0.34]
INFO:experiments.py:[203/1000] 3.62 sec: loss(t/v)=0.14/2.61, scores(t/v)=[0.82/0.36 + 0.76/0.59 + 0.71/0.24 + 1.00/0.27 = 0.82/0.34]
INFO:experiments.py:[204/1000] 3.61 sec: loss(t/v)=0.13/2.61, scores(t/v)=[0.82/0.36 + 0.76/0.58 + 0.67/0.24 + 1.00/0.29 = 0.80/0.35]
INFO:experiments.py:[205/1000] 3.61 sec: loss(t/v)=0.14/2.61, scores(t/v)=[0.80/0.36 + 0.74/0.59 + 0.65/0.24 + 1.00/0.29 = 0.79/0.35]
INFO:experiments.py:[206/1000] 3.67 sec: loss(t/v)=0.13/2.61, scores(t/v)=[0.80/0.37 + 0.76/0.60 + 0.68/0.24 + 1.00/0.27 = 0.80/0.35]
INFO:experiments.py:[207/1000] 3.69 sec: loss(t/v)=0.12/2.60, scores(t/v)=[0.82/0.36 + 0.77/0.59 + 0.69/0.25 + 1.00/0.29 = 0.81/0.35]
INFO:experiments.py:[208/1000] 3.71 sec: loss(t/v)=0.14/2.60, scores(t/v)=[0.83/0.36 + 0.75/0.59 + 0.66/0.25 + 1.00/0.29 = 0.80/0.35]
INFO:experiments.py:[209/1000] 3.72 sec: loss(t/v)=0.14/2.61, scores(t/v)=[0.81/0.37 + 0.76/0.59 + 0.66/0.24 + 1.00/0.29 = 0.80/0.35]
INFO:experiments.py:[210/1000] 3.80 sec: loss(t/v)=0.13/2.61, scores(t/v)=[0.80/0.37 + 0.74/0.59 + 0.69/0.24 + 1.00/0.29 = 0.80/0.35]
INFO:experiments.py:[211/1000] 3.76 sec: loss(t/v)=0.13/2.61, scores(t/v)=[0.79/0.37 + 0.75/0.59 + 0.69/0.24 + 1.00/0.29 = 0.80/0.35]
INFO:experiments.py:[212/1000] 3.74 sec: loss(t/v)=0.14/2.61, scores(t/v)=[0.81/0.36 + 0.75/0.60 + 0.67/0.24 + 1.00/0.29 = 0.80/0.35]
INFO:experiments.py:[213/1000] 3.69 sec: loss(t/v)=0.13/2.61, scores(t/v)=[0.81/0.37 + 0.76/0.59 + 0.67/0.24 + 1.00/0.29 = 0.80/0.35]
INFO:experiments.py:[214/1000] 3.74 sec: loss(t/v)=0.13/2.62, scores(t/v)=[0.81/0.36 + 0.76/0.60 + 0.66/0.24 + 1.00/0.27 = 0.80/0.35]
INFO:experiments.py:[215/1000] 3.68 sec: loss(t/v)=0.14/2.61, scores(t/v)=[0.82/0.36 + 0.72/0.59 + 0.70/0.25 + 1.00/0.29 = 0.80/0.35]
INFO:experiments.py:[216/1000] 3.69 sec: loss(t/v)=0.13/2.61, scores(t/v)=[0.79/0.36 + 0.72/0.59 + 0.70/0.26 + 1.00/0.29 = 0.79/0.36]
INFO:experiments.py:Impatient! No gen. improvement in 100 epochs
INFO:experiments.py:Early Stopping: Rewinding to epoch 116
