INFO:experiments.py:+ Begin training with configuration:
{   'data': '/rap/jvb-000-aa/COURS2019/etudiants/data/omsignal/myHeartProject/',
    'dataloader': {   'batch_size': 64,
                      'num_workers': 6,
                      'shuffle': True,
                      'test_proportion': 0.2},
    'models': {   'tspec': {   'hid_dim': 500,
                               'num_layers': 4,
                               'out_dims': [1, 1, 1, 32],
                               'spec_len': 1876,
                               'ts_len': 3750}},
    'preprocessing': {'noise_gain': 0.25},
    'training': {   'early_stopping_patience': 100,
                    'epochs': 1000,
                    'l2': 0.001,
                    'learning_rate': 0.01,
                    'momentum': 0.9,
                    'schedule_patience': 20}}
INFO:experiments.py:+ New best model found: loss=3.4661896228790283, score=0.0
INFO:experiments.py:[1/1000] 3.83 sec: loss(t/v)=3.79/3.47, scores(t/v)=[0.00/0.15 + 0.13/0.00 + 0.00/0.05 + 0.01/0.00 = 0.00/0.00]
INFO:experiments.py:[2/1000] 3.57 sec: loss(t/v)=3.58/3.47, scores(t/v)=[0.09/0.20 + 0.19/0.00 + 0.17/0.12 + 0.06/0.00 = 0.11/0.00]
INFO:experiments.py:[3/1000] 3.55 sec: loss(t/v)=3.42/3.47, scores(t/v)=[0.13/0.10 + 0.30/0.00 + 0.16/0.10 + 0.14/0.00 = 0.17/0.00]
INFO:experiments.py:[4/1000] 3.55 sec: loss(t/v)=3.29/3.47, scores(t/v)=[0.27/0.00 + 0.34/0.31 + 0.24/0.16 + 0.18/0.00 = 0.25/0.00]
INFO:experiments.py:[5/1000] 3.56 sec: loss(t/v)=3.12/3.47, scores(t/v)=[0.25/0.00 + 0.42/0.37 + 0.32/0.13 + 0.27/0.00 = 0.31/0.00]
INFO:experiments.py:+ New best model found: loss=3.456040859222412, score=0.0
INFO:experiments.py:[6/1000] 3.55 sec: loss(t/v)=2.94/3.46, scores(t/v)=[0.27/0.00 + 0.46/0.44 + 0.33/0.27 + 0.31/0.03 = 0.33/0.00]
INFO:experiments.py:+ New best model found: loss=3.4208576679229736, score=0.0
INFO:experiments.py:[7/1000] 3.57 sec: loss(t/v)=2.79/3.42, scores(t/v)=[0.28/0.00 + 0.43/0.43 + 0.38/0.22 + 0.38/0.08 = 0.36/0.00]
INFO:experiments.py:+ New best model found: loss=3.3285112380981445, score=0.1884285688529445
INFO:experiments.py:[8/1000] 3.57 sec: loss(t/v)=2.57/3.33, scores(t/v)=[0.35/0.12 + 0.53/0.42 + 0.33/0.22 + 0.45/0.11 = 0.41/0.19]
INFO:experiments.py:+ New best model found: loss=3.233931303024292, score=0.2210103999812382
INFO:experiments.py:[9/1000] 3.55 sec: loss(t/v)=2.39/3.23, scores(t/v)=[0.48/0.26 + 0.51/0.40 + 0.38/0.14 + 0.48/0.16 = 0.46/0.22]
INFO:experiments.py:+ New best model found: loss=3.1439764499664307, score=0.23607281019205598
INFO:experiments.py:[10/1000] 3.56 sec: loss(t/v)=2.17/3.14, scores(t/v)=[0.48/0.27 + 0.52/0.44 + 0.42/0.20 + 0.58/0.13 = 0.50/0.24]
INFO:experiments.py:+ New best model found: loss=3.061016798019409, score=0.23279792313252973
INFO:experiments.py:[11/1000] 3.58 sec: loss(t/v)=2.00/3.06, scores(t/v)=[0.39/0.37 + 0.55/0.42 + 0.45/0.14 + 0.64/0.13 = 0.50/0.23]
INFO:experiments.py:+ New best model found: loss=2.9358623027801514, score=0.24590766928308191
INFO:experiments.py:[12/1000] 3.58 sec: loss(t/v)=1.74/2.94, scores(t/v)=[0.51/0.32 + 0.57/0.29 + 0.43/0.22 + 0.71/0.18 = 0.54/0.25]
INFO:experiments.py:+ New best model found: loss=2.8046977519989014, score=0.288952258580953
INFO:experiments.py:[13/1000] 3.58 sec: loss(t/v)=1.52/2.80, scores(t/v)=[0.52/0.33 + 0.61/0.49 + 0.45/0.22 + 0.78/0.19 = 0.58/0.29]
INFO:experiments.py:+ New best model found: loss=2.767916679382324, score=0.2401550057927326
INFO:experiments.py:[14/1000] 3.58 sec: loss(t/v)=1.35/2.77, scores(t/v)=[0.56/0.29 + 0.61/0.52 + 0.50/0.11 + 0.83/0.19 = 0.61/0.24]
INFO:experiments.py:+ New best model found: loss=2.7215442657470703, score=0.2544559316308184
INFO:experiments.py:[15/1000] 3.58 sec: loss(t/v)=1.13/2.72, scores(t/v)=[0.64/0.25 + 0.62/0.53 + 0.51/0.14 + 0.89/0.23 = 0.65/0.25]
INFO:experiments.py:+ New best model found: loss=2.678412914276123, score=0.2562565465327028
INFO:experiments.py:[16/1000] 3.59 sec: loss(t/v)=0.97/2.68, scores(t/v)=[0.61/0.28 + 0.60/0.51 + 0.44/0.13 + 0.91/0.23 = 0.62/0.26]
INFO:experiments.py:[17/1000] 3.57 sec: loss(t/v)=0.81/2.72, scores(t/v)=[0.67/0.28 + 0.62/0.51 + 0.48/0.06 + 0.94/0.19 = 0.66/0.20]
INFO:experiments.py:[18/1000] 3.57 sec: loss(t/v)=0.58/2.70, scores(t/v)=[0.68/0.23 + 0.66/0.49 + 0.45/0.10 + 0.99/0.21 = 0.67/0.22]
INFO:experiments.py:[19/1000] 3.58 sec: loss(t/v)=0.49/2.70, scores(t/v)=[0.70/0.31 + 0.61/0.45 + 0.49/0.12 + 0.99/0.26 = 0.67/0.26]
INFO:experiments.py:[20/1000] 3.60 sec: loss(t/v)=0.37/2.75, scores(t/v)=[0.72/0.34 + 0.67/0.50 + 0.52/0.09 + 1.00/0.23 = 0.71/0.24]
INFO:experiments.py:[21/1000] 3.57 sec: loss(t/v)=0.31/2.78, scores(t/v)=[0.73/0.30 + 0.66/0.40 + 0.49/0.09 + 1.00/0.19 = 0.70/0.21]
INFO:experiments.py:[22/1000] 3.57 sec: loss(t/v)=0.26/2.77, scores(t/v)=[0.71/0.30 + 0.67/0.43 + 0.60/0.11 + 1.00/0.16 = 0.73/0.22]
INFO:experiments.py:[23/1000] 3.58 sec: loss(t/v)=0.25/2.75, scores(t/v)=[0.76/0.33 + 0.69/0.48 + 0.58/0.11 + 1.00/0.16 = 0.74/0.23]
INFO:experiments.py:[24/1000] 3.57 sec: loss(t/v)=0.23/2.73, scores(t/v)=[0.78/0.35 + 0.73/0.52 + 0.67/0.11 + 1.00/0.16 = 0.78/0.24]
INFO:experiments.py:[25/1000] 3.58 sec: loss(t/v)=0.20/2.73, scores(t/v)=[0.78/0.36 + 0.73/0.52 + 0.65/0.10 + 1.00/0.16 = 0.78/0.24]
INFO:experiments.py:[26/1000] 3.58 sec: loss(t/v)=0.21/2.74, scores(t/v)=[0.78/0.35 + 0.72/0.53 + 0.66/0.11 + 1.00/0.16 = 0.78/0.24]
INFO:experiments.py:[27/1000] 3.58 sec: loss(t/v)=0.19/2.73, scores(t/v)=[0.80/0.35 + 0.75/0.52 + 0.66/0.11 + 1.00/0.18 = 0.79/0.24]
INFO:experiments.py:[28/1000] 3.60 sec: loss(t/v)=0.18/2.73, scores(t/v)=[0.78/0.34 + 0.72/0.51 + 0.65/0.12 + 1.00/0.19 = 0.78/0.25]
INFO:experiments.py:[29/1000] 3.58 sec: loss(t/v)=0.17/2.73, scores(t/v)=[0.80/0.33 + 0.73/0.50 + 0.66/0.12 + 1.00/0.19 = 0.79/0.25]
INFO:experiments.py:[30/1000] 3.61 sec: loss(t/v)=0.18/2.72, scores(t/v)=[0.79/0.33 + 0.74/0.50 + 0.69/0.09 + 1.00/0.19 = 0.80/0.23]
INFO:experiments.py:[31/1000] 3.59 sec: loss(t/v)=0.18/2.71, scores(t/v)=[0.79/0.33 + 0.77/0.50 + 0.67/0.09 + 1.00/0.19 = 0.80/0.23]
INFO:experiments.py:[32/1000] 3.61 sec: loss(t/v)=0.18/2.71, scores(t/v)=[0.79/0.33 + 0.72/0.51 + 0.69/0.09 + 1.00/0.19 = 0.79/0.24]
INFO:experiments.py:[33/1000] 3.59 sec: loss(t/v)=0.17/2.71, scores(t/v)=[0.80/0.33 + 0.76/0.49 + 0.67/0.11 + 1.00/0.19 = 0.80/0.24]
INFO:experiments.py:[34/1000] 3.60 sec: loss(t/v)=0.16/2.71, scores(t/v)=[0.81/0.33 + 0.76/0.50 + 0.67/0.12 + 1.00/0.19 = 0.80/0.25]
INFO:experiments.py:[35/1000] 3.58 sec: loss(t/v)=0.16/2.70, scores(t/v)=[0.78/0.34 + 0.75/0.51 + 0.68/0.10 + 1.00/0.19 = 0.80/0.24]
INFO:experiments.py:[36/1000] 3.58 sec: loss(t/v)=0.15/2.70, scores(t/v)=[0.79/0.34 + 0.77/0.52 + 0.71/0.10 + 1.00/0.19 = 0.81/0.24]
INFO:experiments.py:[37/1000] 3.58 sec: loss(t/v)=0.15/2.70, scores(t/v)=[0.82/0.34 + 0.75/0.52 + 0.71/0.10 + 1.00/0.19 = 0.81/0.24]
INFO:experiments.py:[38/1000] 3.59 sec: loss(t/v)=0.15/2.70, scores(t/v)=[0.79/0.33 + 0.76/0.51 + 0.69/0.10 + 1.00/0.18 = 0.80/0.23]
INFO:experiments.py:[39/1000] 3.60 sec: loss(t/v)=0.15/2.70, scores(t/v)=[0.81/0.33 + 0.77/0.51 + 0.68/0.12 + 1.00/0.21 = 0.81/0.25]
INFO:experiments.py:[40/1000] 3.66 sec: loss(t/v)=0.14/2.69, scores(t/v)=[0.80/0.33 + 0.76/0.50 + 0.70/0.13 + 1.00/0.19 = 0.81/0.25]
INFO:experiments.py:[41/1000] 3.63 sec: loss(t/v)=0.15/2.69, scores(t/v)=[0.79/0.32 + 0.76/0.50 + 0.71/0.13 + 1.00/0.19 = 0.81/0.25]
INFO:experiments.py:[42/1000] 3.60 sec: loss(t/v)=0.14/2.69, scores(t/v)=[0.82/0.32 + 0.76/0.50 + 0.70/0.13 + 1.00/0.21 = 0.81/0.26]
INFO:experiments.py:[43/1000] 3.56 sec: loss(t/v)=0.14/2.68, scores(t/v)=[0.79/0.33 + 0.78/0.49 + 0.66/0.13 + 1.00/0.21 = 0.80/0.26]
INFO:experiments.py:[44/1000] 3.57 sec: loss(t/v)=0.15/2.69, scores(t/v)=[0.81/0.33 + 0.80/0.50 + 0.67/0.12 + 1.00/0.21 = 0.81/0.25]
INFO:experiments.py:+ New best model found: loss=2.677105665206909, score=0.24952355957724992
INFO:experiments.py:[45/1000] 3.60 sec: loss(t/v)=0.13/2.68, scores(t/v)=[0.82/0.32 + 0.76/0.50 + 0.71/0.13 + 1.00/0.19 = 0.82/0.25]
INFO:experiments.py:[46/1000] 3.58 sec: loss(t/v)=0.13/2.68, scores(t/v)=[0.81/0.33 + 0.75/0.50 + 0.69/0.12 + 1.00/0.19 = 0.81/0.25]
INFO:experiments.py:[47/1000] 3.57 sec: loss(t/v)=0.15/2.68, scores(t/v)=[0.78/0.33 + 0.75/0.51 + 0.72/0.11 + 1.00/0.18 = 0.81/0.24]
INFO:experiments.py:[48/1000] 3.59 sec: loss(t/v)=0.14/2.69, scores(t/v)=[0.80/0.33 + 0.77/0.51 + 0.69/0.11 + 1.00/0.19 = 0.81/0.25]
INFO:experiments.py:[49/1000] 3.59 sec: loss(t/v)=0.14/2.69, scores(t/v)=[0.79/0.32 + 0.77/0.50 + 0.67/0.12 + 1.00/0.21 = 0.80/0.25]
INFO:experiments.py:[50/1000] 3.60 sec: loss(t/v)=0.15/2.68, scores(t/v)=[0.78/0.33 + 0.76/0.50 + 0.67/0.12 + 1.00/0.21 = 0.79/0.25]
INFO:experiments.py:[51/1000] 3.60 sec: loss(t/v)=0.14/2.68, scores(t/v)=[0.75/0.33 + 0.75/0.50 + 0.69/0.12 + 1.00/0.21 = 0.79/0.25]
INFO:experiments.py:[52/1000] 3.58 sec: loss(t/v)=0.14/2.68, scores(t/v)=[0.82/0.32 + 0.75/0.50 + 0.70/0.12 + 1.00/0.19 = 0.81/0.25]
INFO:experiments.py:+ New best model found: loss=2.6730051040649414, score=0.2524217671942351
INFO:experiments.py:[53/1000] 3.59 sec: loss(t/v)=0.14/2.67, scores(t/v)=[0.81/0.32 + 0.75/0.51 + 0.68/0.12 + 1.00/0.21 = 0.80/0.25]
INFO:experiments.py:[54/1000] 3.57 sec: loss(t/v)=0.15/2.68, scores(t/v)=[0.78/0.33 + 0.72/0.51 + 0.68/0.11 + 1.00/0.21 = 0.78/0.25]
INFO:experiments.py:[55/1000] 3.58 sec: loss(t/v)=0.14/2.68, scores(t/v)=[0.81/0.32 + 0.77/0.50 + 0.69/0.11 + 1.00/0.19 = 0.81/0.24]
INFO:experiments.py:[56/1000] 3.60 sec: loss(t/v)=0.14/2.67, scores(t/v)=[0.76/0.33 + 0.76/0.50 + 0.68/0.11 + 1.00/0.21 = 0.79/0.25]
INFO:experiments.py:[57/1000] 3.58 sec: loss(t/v)=0.14/2.68, scores(t/v)=[0.79/0.34 + 0.76/0.50 + 0.69/0.12 + 1.00/0.21 = 0.80/0.25]
INFO:experiments.py:[58/1000] 3.59 sec: loss(t/v)=0.13/2.68, scores(t/v)=[0.82/0.33 + 0.76/0.50 + 0.72/0.12 + 1.00/0.21 = 0.82/0.25]
INFO:experiments.py:[59/1000] 3.58 sec: loss(t/v)=0.13/2.68, scores(t/v)=[0.79/0.33 + 0.78/0.50 + 0.69/0.11 + 1.00/0.21 = 0.81/0.25]
INFO:experiments.py:[60/1000] 3.58 sec: loss(t/v)=0.15/2.67, scores(t/v)=[0.79/0.33 + 0.76/0.50 + 0.67/0.12 + 1.00/0.18 = 0.80/0.24]
INFO:experiments.py:[61/1000] 3.59 sec: loss(t/v)=0.13/2.68, scores(t/v)=[0.82/0.33 + 0.76/0.50 + 0.70/0.12 + 1.00/0.18 = 0.81/0.24]
INFO:experiments.py:[62/1000] 3.59 sec: loss(t/v)=0.13/2.68, scores(t/v)=[0.80/0.32 + 0.76/0.50 + 0.70/0.12 + 1.00/0.19 = 0.81/0.25]
INFO:experiments.py:[63/1000] 3.61 sec: loss(t/v)=0.13/2.68, scores(t/v)=[0.82/0.32 + 0.76/0.50 + 0.66/0.12 + 1.00/0.18 = 0.80/0.24]
INFO:experiments.py:[64/1000] 3.62 sec: loss(t/v)=0.14/2.68, scores(t/v)=[0.80/0.33 + 0.76/0.50 + 0.68/0.11 + 1.00/0.19 = 0.80/0.25]
INFO:experiments.py:[65/1000] 3.62 sec: loss(t/v)=0.14/2.68, scores(t/v)=[0.80/0.33 + 0.77/0.50 + 0.71/0.11 + 1.00/0.19 = 0.81/0.24]
INFO:experiments.py:[66/1000] 3.61 sec: loss(t/v)=0.13/2.68, scores(t/v)=[0.80/0.33 + 0.78/0.50 + 0.70/0.10 + 1.00/0.18 = 0.81/0.23]
INFO:experiments.py:[67/1000] 3.58 sec: loss(t/v)=0.14/2.68, scores(t/v)=[0.77/0.34 + 0.76/0.49 + 0.70/0.11 + 1.00/0.21 = 0.80/0.25]
INFO:experiments.py:+ New best model found: loss=2.6729602813720703, score=0.24362697335032166
INFO:experiments.py:[68/1000] 3.61 sec: loss(t/v)=0.15/2.67, scores(t/v)=[0.77/0.34 + 0.77/0.49 + 0.71/0.11 + 1.00/0.19 = 0.81/0.24]
INFO:experiments.py:[69/1000] 3.59 sec: loss(t/v)=0.14/2.68, scores(t/v)=[0.78/0.34 + 0.77/0.50 + 0.69/0.11 + 1.00/0.21 = 0.80/0.25]
INFO:experiments.py:[70/1000] 3.60 sec: loss(t/v)=0.14/2.67, scores(t/v)=[0.78/0.35 + 0.74/0.50 + 0.64/0.11 + 1.00/0.19 = 0.78/0.25]
INFO:experiments.py:[71/1000] 3.59 sec: loss(t/v)=0.16/2.67, scores(t/v)=[0.78/0.34 + 0.76/0.50 + 0.69/0.11 + 1.00/0.19 = 0.80/0.25]
INFO:experiments.py:[72/1000] 3.59 sec: loss(t/v)=0.13/2.67, scores(t/v)=[0.79/0.34 + 0.79/0.50 + 0.68/0.12 + 1.00/0.19 = 0.81/0.25]
INFO:experiments.py:+ New best model found: loss=2.669135570526123, score=0.24808972777622537
INFO:experiments.py:[73/1000] 3.62 sec: loss(t/v)=0.14/2.67, scores(t/v)=[0.79/0.33 + 0.75/0.50 + 0.73/0.12 + 1.00/0.19 = 0.81/0.25]
INFO:experiments.py:[74/1000] 3.59 sec: loss(t/v)=0.14/2.67, scores(t/v)=[0.79/0.34 + 0.73/0.50 + 0.69/0.12 + 1.00/0.19 = 0.80/0.25]
INFO:experiments.py:[75/1000] 3.62 sec: loss(t/v)=0.14/2.67, scores(t/v)=[0.78/0.33 + 0.74/0.50 + 0.66/0.14 + 1.00/0.19 = 0.79/0.26]
INFO:experiments.py:[76/1000] 3.58 sec: loss(t/v)=0.13/2.68, scores(t/v)=[0.82/0.34 + 0.77/0.50 + 0.73/0.12 + 1.00/0.19 = 0.82/0.25]
INFO:experiments.py:[77/1000] 3.59 sec: loss(t/v)=0.15/2.68, scores(t/v)=[0.79/0.33 + 0.73/0.50 + 0.71/0.12 + 1.00/0.19 = 0.80/0.25]
INFO:experiments.py:[78/1000] 3.59 sec: loss(t/v)=0.13/2.68, scores(t/v)=[0.83/0.33 + 0.75/0.50 + 0.68/0.12 + 1.00/0.19 = 0.81/0.25]
INFO:experiments.py:[79/1000] 3.59 sec: loss(t/v)=0.14/2.69, scores(t/v)=[0.81/0.33 + 0.76/0.50 + 0.70/0.12 + 1.00/0.21 = 0.81/0.25]
INFO:experiments.py:[80/1000] 3.59 sec: loss(t/v)=0.14/2.68, scores(t/v)=[0.79/0.33 + 0.74/0.50 + 0.71/0.12 + 1.00/0.19 = 0.80/0.25]
INFO:experiments.py:[81/1000] 3.60 sec: loss(t/v)=0.14/2.68, scores(t/v)=[0.81/0.33 + 0.77/0.51 + 0.68/0.12 + 1.00/0.19 = 0.81/0.25]
INFO:experiments.py:[82/1000] 3.61 sec: loss(t/v)=0.15/2.67, scores(t/v)=[0.78/0.33 + 0.74/0.50 + 0.67/0.13 + 1.00/0.19 = 0.79/0.25]
INFO:experiments.py:[83/1000] 3.61 sec: loss(t/v)=0.13/2.68, scores(t/v)=[0.82/0.33 + 0.75/0.50 + 0.68/0.13 + 1.00/0.21 = 0.80/0.26]
INFO:experiments.py:[84/1000] 3.58 sec: loss(t/v)=0.13/2.67, scores(t/v)=[0.82/0.33 + 0.76/0.51 + 0.73/0.12 + 1.00/0.19 = 0.82/0.25]
INFO:experiments.py:[85/1000] 3.59 sec: loss(t/v)=0.15/2.68, scores(t/v)=[0.79/0.33 + 0.77/0.50 + 0.67/0.12 + 1.00/0.19 = 0.80/0.25]
INFO:experiments.py:[86/1000] 3.62 sec: loss(t/v)=0.14/2.68, scores(t/v)=[0.80/0.34 + 0.78/0.50 + 0.70/0.12 + 1.00/0.19 = 0.81/0.25]
INFO:experiments.py:[87/1000] 3.60 sec: loss(t/v)=0.14/2.68, scores(t/v)=[0.79/0.33 + 0.78/0.50 + 0.71/0.13 + 1.00/0.19 = 0.81/0.25]
INFO:experiments.py:[88/1000] 3.62 sec: loss(t/v)=0.14/2.69, scores(t/v)=[0.79/0.33 + 0.78/0.50 + 0.71/0.12 + 1.00/0.19 = 0.81/0.25]
INFO:experiments.py:[89/1000] 3.62 sec: loss(t/v)=0.15/2.68, scores(t/v)=[0.81/0.33 + 0.74/0.50 + 0.65/0.12 + 1.00/0.19 = 0.79/0.25]
INFO:experiments.py:[90/1000] 3.60 sec: loss(t/v)=0.16/2.69, scores(t/v)=[0.80/0.32 + 0.78/0.50 + 0.67/0.11 + 1.00/0.19 = 0.81/0.24]
INFO:experiments.py:[91/1000] 3.59 sec: loss(t/v)=0.16/2.69, scores(t/v)=[0.80/0.32 + 0.74/0.50 + 0.68/0.12 + 1.00/0.19 = 0.80/0.25]
INFO:experiments.py:[92/1000] 3.60 sec: loss(t/v)=0.14/2.69, scores(t/v)=[0.81/0.33 + 0.76/0.50 + 0.70/0.12 + 1.00/0.19 = 0.81/0.25]
INFO:experiments.py:[93/1000] 3.62 sec: loss(t/v)=0.13/2.69, scores(t/v)=[0.82/0.32 + 0.77/0.50 + 0.71/0.13 + 1.00/0.19 = 0.82/0.25]
INFO:experiments.py:[94/1000] 3.61 sec: loss(t/v)=0.14/2.68, scores(t/v)=[0.81/0.32 + 0.79/0.50 + 0.66/0.12 + 1.00/0.19 = 0.81/0.25]
INFO:experiments.py:[95/1000] 3.59 sec: loss(t/v)=0.13/2.68, scores(t/v)=[0.81/0.32 + 0.77/0.50 + 0.72/0.13 + 1.00/0.19 = 0.82/0.25]
INFO:experiments.py:[96/1000] 3.60 sec: loss(t/v)=0.14/2.68, scores(t/v)=[0.81/0.33 + 0.78/0.50 + 0.70/0.12 + 1.00/0.19 = 0.82/0.25]
INFO:experiments.py:[97/1000] 3.60 sec: loss(t/v)=0.15/2.68, scores(t/v)=[0.80/0.33 + 0.77/0.50 + 0.68/0.13 + 1.00/0.19 = 0.80/0.25]
INFO:experiments.py:[98/1000] 3.59 sec: loss(t/v)=0.14/2.67, scores(t/v)=[0.77/0.33 + 0.77/0.50 + 0.72/0.12 + 1.00/0.19 = 0.81/0.25]
INFO:experiments.py:+ New best model found: loss=2.6690893173217773, score=0.2515668069075258
INFO:experiments.py:[99/1000] 3.60 sec: loss(t/v)=0.13/2.67, scores(t/v)=[0.82/0.34 + 0.76/0.50 + 0.68/0.12 + 1.00/0.19 = 0.81/0.25]
INFO:experiments.py:+ New best model found: loss=2.6688709259033203, score=0.24977440384664873
INFO:experiments.py:[100/1000] 3.60 sec: loss(t/v)=0.14/2.67, scores(t/v)=[0.79/0.33 + 0.77/0.51 + 0.69/0.12 + 1.00/0.19 = 0.81/0.25]
INFO:experiments.py:+ New best model found: loss=2.6684410572052, score=0.24901176384704254
INFO:experiments.py:[101/1000] 3.61 sec: loss(t/v)=0.15/2.67, scores(t/v)=[0.80/0.33 + 0.77/0.50 + 0.69/0.12 + 1.00/0.19 = 0.81/0.25]
INFO:experiments.py:[102/1000] 3.58 sec: loss(t/v)=0.14/2.67, scores(t/v)=[0.82/0.33 + 0.77/0.50 + 0.69/0.13 + 1.00/0.19 = 0.81/0.25]
INFO:experiments.py:[103/1000] 3.58 sec: loss(t/v)=0.13/2.67, scores(t/v)=[0.81/0.32 + 0.76/0.50 + 0.69/0.12 + 1.00/0.19 = 0.81/0.25]
INFO:experiments.py:[104/1000] 3.60 sec: loss(t/v)=0.14/2.67, scores(t/v)=[0.80/0.33 + 0.77/0.50 + 0.69/0.12 + 1.00/0.19 = 0.81/0.25]
INFO:experiments.py:[105/1000] 3.58 sec: loss(t/v)=0.14/2.67, scores(t/v)=[0.79/0.33 + 0.77/0.50 + 0.70/0.12 + 1.00/0.19 = 0.81/0.25]
INFO:experiments.py:[106/1000] 3.60 sec: loss(t/v)=0.13/2.67, scores(t/v)=[0.80/0.32 + 0.78/0.50 + 0.73/0.12 + 1.00/0.19 = 0.82/0.25]
INFO:experiments.py:[107/1000] 3.59 sec: loss(t/v)=0.13/2.68, scores(t/v)=[0.81/0.33 + 0.77/0.50 + 0.70/0.12 + 1.00/0.19 = 0.81/0.25]
INFO:experiments.py:[108/1000] 3.60 sec: loss(t/v)=0.14/2.68, scores(t/v)=[0.80/0.32 + 0.74/0.50 + 0.68/0.13 + 1.00/0.19 = 0.80/0.25]
INFO:experiments.py:[109/1000] 3.60 sec: loss(t/v)=0.14/2.67, scores(t/v)=[0.80/0.33 + 0.76/0.51 + 0.69/0.13 + 1.00/0.19 = 0.80/0.26]
INFO:experiments.py:[110/1000] 3.60 sec: loss(t/v)=0.13/2.67, scores(t/v)=[0.80/0.33 + 0.77/0.51 + 0.69/0.13 + 1.00/0.21 = 0.81/0.26]
INFO:experiments.py:[111/1000] 3.59 sec: loss(t/v)=0.15/2.68, scores(t/v)=[0.80/0.33 + 0.70/0.50 + 0.67/0.12 + 1.00/0.19 = 0.78/0.25]
INFO:experiments.py:[112/1000] 3.59 sec: loss(t/v)=0.14/2.68, scores(t/v)=[0.80/0.33 + 0.76/0.51 + 0.71/0.12 + 1.00/0.21 = 0.81/0.25]
INFO:experiments.py:[113/1000] 3.60 sec: loss(t/v)=0.15/2.69, scores(t/v)=[0.80/0.34 + 0.78/0.50 + 0.68/0.12 + 1.00/0.21 = 0.81/0.26]
INFO:experiments.py:[114/1000] 3.58 sec: loss(t/v)=0.14/2.68, scores(t/v)=[0.79/0.33 + 0.76/0.50 + 0.68/0.12 + 1.00/0.21 = 0.80/0.26]
INFO:experiments.py:[115/1000] 3.60 sec: loss(t/v)=0.13/2.68, scores(t/v)=[0.83/0.33 + 0.74/0.51 + 0.70/0.12 + 1.00/0.19 = 0.81/0.25]
INFO:experiments.py:[116/1000] 3.60 sec: loss(t/v)=0.13/2.68, scores(t/v)=[0.81/0.33 + 0.76/0.50 + 0.70/0.12 + 1.00/0.19 = 0.81/0.25]
INFO:experiments.py:[117/1000] 3.60 sec: loss(t/v)=0.16/2.68, scores(t/v)=[0.77/0.33 + 0.74/0.51 + 0.68/0.12 + 1.00/0.21 = 0.79/0.25]
INFO:experiments.py:[118/1000] 3.59 sec: loss(t/v)=0.14/2.68, scores(t/v)=[0.79/0.34 + 0.76/0.50 + 0.68/0.12 + 1.00/0.19 = 0.80/0.25]
INFO:experiments.py:[119/1000] 3.59 sec: loss(t/v)=0.14/2.68, scores(t/v)=[0.79/0.33 + 0.74/0.50 + 0.71/0.12 + 1.00/0.21 = 0.80/0.25]
INFO:experiments.py:[120/1000] 3.58 sec: loss(t/v)=0.13/2.68, scores(t/v)=[0.81/0.33 + 0.76/0.50 + 0.71/0.12 + 1.00/0.21 = 0.81/0.25]
INFO:experiments.py:[121/1000] 3.59 sec: loss(t/v)=0.14/2.68, scores(t/v)=[0.79/0.33 + 0.78/0.50 + 0.68/0.13 + 1.00/0.19 = 0.81/0.25]
INFO:experiments.py:[122/1000] 3.60 sec: loss(t/v)=0.15/2.68, scores(t/v)=[0.81/0.33 + 0.74/0.50 + 0.67/0.12 + 1.00/0.19 = 0.80/0.25]
INFO:experiments.py:[123/1000] 3.59 sec: loss(t/v)=0.14/2.67, scores(t/v)=[0.75/0.34 + 0.75/0.50 + 0.69/0.11 + 1.00/0.19 = 0.79/0.25]
INFO:experiments.py:[124/1000] 3.58 sec: loss(t/v)=0.14/2.67, scores(t/v)=[0.78/0.33 + 0.77/0.50 + 0.71/0.11 + 1.00/0.19 = 0.81/0.24]
INFO:experiments.py:[125/1000] 3.58 sec: loss(t/v)=0.13/2.67, scores(t/v)=[0.79/0.34 + 0.78/0.50 + 0.73/0.12 + 1.00/0.19 = 0.82/0.25]
INFO:experiments.py:[126/1000] 3.61 sec: loss(t/v)=0.14/2.67, scores(t/v)=[0.79/0.33 + 0.77/0.50 + 0.68/0.12 + 1.00/0.19 = 0.80/0.25]
INFO:experiments.py:[127/1000] 3.59 sec: loss(t/v)=0.14/2.68, scores(t/v)=[0.82/0.32 + 0.78/0.51 + 0.70/0.12 + 1.00/0.21 = 0.82/0.25]
INFO:experiments.py:[128/1000] 3.59 sec: loss(t/v)=0.14/2.68, scores(t/v)=[0.79/0.33 + 0.72/0.50 + 0.70/0.11 + 1.00/0.21 = 0.79/0.25]
INFO:experiments.py:[129/1000] 3.60 sec: loss(t/v)=0.13/2.67, scores(t/v)=[0.83/0.33 + 0.76/0.50 + 0.70/0.11 + 1.00/0.21 = 0.81/0.25]
INFO:experiments.py:[130/1000] 3.59 sec: loss(t/v)=0.13/2.67, scores(t/v)=[0.79/0.33 + 0.77/0.50 + 0.68/0.12 + 1.00/0.19 = 0.80/0.25]
INFO:experiments.py:[131/1000] 3.61 sec: loss(t/v)=0.14/2.67, scores(t/v)=[0.78/0.33 + 0.75/0.51 + 0.69/0.12 + 1.00/0.21 = 0.80/0.25]
INFO:experiments.py:[132/1000] 3.61 sec: loss(t/v)=0.13/2.67, scores(t/v)=[0.82/0.34 + 0.77/0.50 + 0.70/0.11 + 1.00/0.21 = 0.82/0.25]
INFO:experiments.py:[133/1000] 3.62 sec: loss(t/v)=0.12/2.68, scores(t/v)=[0.82/0.33 + 0.78/0.51 + 0.69/0.11 + 1.00/0.21 = 0.82/0.25]
INFO:experiments.py:[134/1000] 3.60 sec: loss(t/v)=0.13/2.68, scores(t/v)=[0.80/0.32 + 0.77/0.50 + 0.72/0.12 + 1.00/0.21 = 0.82/0.25]
INFO:experiments.py:[135/1000] 3.61 sec: loss(t/v)=0.14/2.68, scores(t/v)=[0.80/0.33 + 0.77/0.51 + 0.68/0.13 + 1.00/0.19 = 0.81/0.25]
INFO:experiments.py:[136/1000] 3.61 sec: loss(t/v)=0.14/2.68, scores(t/v)=[0.81/0.33 + 0.77/0.50 + 0.70/0.12 + 1.00/0.19 = 0.81/0.25]
INFO:experiments.py:[137/1000] 3.59 sec: loss(t/v)=0.13/2.68, scores(t/v)=[0.81/0.33 + 0.77/0.51 + 0.67/0.12 + 1.00/0.19 = 0.80/0.25]
INFO:experiments.py:[138/1000] 3.61 sec: loss(t/v)=0.15/2.68, scores(t/v)=[0.80/0.33 + 0.74/0.50 + 0.68/0.12 + 1.00/0.19 = 0.80/0.25]
INFO:experiments.py:[139/1000] 3.59 sec: loss(t/v)=0.16/2.68, scores(t/v)=[0.75/0.33 + 0.76/0.50 + 0.70/0.11 + 1.00/0.19 = 0.79/0.25]
INFO:experiments.py:[140/1000] 3.61 sec: loss(t/v)=0.14/2.68, scores(t/v)=[0.80/0.33 + 0.76/0.50 + 0.68/0.11 + 1.00/0.19 = 0.80/0.25]
INFO:experiments.py:[141/1000] 3.60 sec: loss(t/v)=0.13/2.68, scores(t/v)=[0.83/0.33 + 0.80/0.51 + 0.72/0.11 + 1.00/0.19 = 0.83/0.25]
INFO:experiments.py:[142/1000] 3.59 sec: loss(t/v)=0.14/2.68, scores(t/v)=[0.82/0.34 + 0.77/0.50 + 0.68/0.13 + 1.00/0.21 = 0.81/0.26]
INFO:experiments.py:[143/1000] 3.59 sec: loss(t/v)=0.15/2.68, scores(t/v)=[0.78/0.33 + 0.75/0.50 + 0.67/0.12 + 1.00/0.19 = 0.79/0.25]
INFO:experiments.py:[144/1000] 3.59 sec: loss(t/v)=0.14/2.68, scores(t/v)=[0.80/0.33 + 0.76/0.50 + 0.68/0.12 + 1.00/0.19 = 0.80/0.25]
INFO:experiments.py:[145/1000] 3.63 sec: loss(t/v)=0.13/2.68, scores(t/v)=[0.81/0.33 + 0.78/0.50 + 0.72/0.12 + 1.00/0.19 = 0.82/0.25]
INFO:experiments.py:[146/1000] 3.61 sec: loss(t/v)=0.13/2.68, scores(t/v)=[0.82/0.32 + 0.77/0.51 + 0.69/0.12 + 1.00/0.19 = 0.81/0.25]
INFO:experiments.py:[147/1000] 3.60 sec: loss(t/v)=0.13/2.68, scores(t/v)=[0.81/0.33 + 0.76/0.50 + 0.70/0.12 + 1.00/0.19 = 0.81/0.25]
INFO:experiments.py:[148/1000] 3.61 sec: loss(t/v)=0.14/2.67, scores(t/v)=[0.80/0.33 + 0.75/0.50 + 0.69/0.12 + 1.00/0.19 = 0.80/0.25]
INFO:experiments.py:[149/1000] 3.60 sec: loss(t/v)=0.13/2.67, scores(t/v)=[0.80/0.33 + 0.75/0.50 + 0.71/0.12 + 1.00/0.21 = 0.81/0.25]
INFO:experiments.py:[150/1000] 3.62 sec: loss(t/v)=0.13/2.67, scores(t/v)=[0.81/0.33 + 0.74/0.51 + 0.69/0.12 + 1.00/0.21 = 0.80/0.26]
INFO:experiments.py:[151/1000] 3.61 sec: loss(t/v)=0.13/2.68, scores(t/v)=[0.80/0.33 + 0.78/0.51 + 0.69/0.12 + 1.00/0.19 = 0.81/0.25]
INFO:experiments.py:[152/1000] 3.62 sec: loss(t/v)=0.16/2.68, scores(t/v)=[0.78/0.34 + 0.75/0.51 + 0.66/0.12 + 1.00/0.21 = 0.79/0.25]
INFO:experiments.py:[153/1000] 3.61 sec: loss(t/v)=0.13/2.68, scores(t/v)=[0.81/0.34 + 0.77/0.51 + 0.70/0.12 + 1.00/0.21 = 0.81/0.26]
INFO:experiments.py:[154/1000] 3.61 sec: loss(t/v)=0.13/2.67, scores(t/v)=[0.81/0.34 + 0.79/0.51 + 0.71/0.12 + 1.00/0.21 = 0.82/0.26]
INFO:experiments.py:[155/1000] 3.59 sec: loss(t/v)=0.14/2.67, scores(t/v)=[0.79/0.34 + 0.76/0.51 + 0.71/0.12 + 1.00/0.19 = 0.81/0.25]
INFO:experiments.py:[156/1000] 3.61 sec: loss(t/v)=0.13/2.67, scores(t/v)=[0.81/0.34 + 0.77/0.50 + 0.70/0.13 + 1.00/0.19 = 0.81/0.25]
INFO:experiments.py:[157/1000] 3.60 sec: loss(t/v)=0.13/2.67, scores(t/v)=[0.82/0.34 + 0.79/0.50 + 0.70/0.12 + 1.00/0.19 = 0.82/0.25]
INFO:experiments.py:[158/1000] 3.57 sec: loss(t/v)=0.14/2.67, scores(t/v)=[0.81/0.34 + 0.78/0.50 + 0.69/0.12 + 1.00/0.19 = 0.81/0.25]
INFO:experiments.py:[159/1000] 3.59 sec: loss(t/v)=0.13/2.67, scores(t/v)=[0.82/0.34 + 0.77/0.51 + 0.67/0.12 + 1.00/0.19 = 0.81/0.25]
INFO:experiments.py:[160/1000] 3.61 sec: loss(t/v)=0.14/2.68, scores(t/v)=[0.79/0.33 + 0.77/0.50 + 0.72/0.12 + 1.00/0.19 = 0.81/0.25]
INFO:experiments.py:[161/1000] 3.60 sec: loss(t/v)=0.13/2.67, scores(t/v)=[0.79/0.33 + 0.76/0.51 + 0.70/0.12 + 1.00/0.19 = 0.81/0.25]
INFO:experiments.py:[162/1000] 3.63 sec: loss(t/v)=0.14/2.68, scores(t/v)=[0.81/0.32 + 0.78/0.52 + 0.71/0.12 + 1.00/0.19 = 0.82/0.25]
INFO:experiments.py:[163/1000] 3.59 sec: loss(t/v)=0.15/2.68, scores(t/v)=[0.81/0.32 + 0.79/0.51 + 0.68/0.12 + 1.00/0.19 = 0.81/0.25]
INFO:experiments.py:[164/1000] 3.61 sec: loss(t/v)=0.13/2.67, scores(t/v)=[0.80/0.33 + 0.77/0.50 + 0.71/0.11 + 1.00/0.21 = 0.81/0.25]
INFO:experiments.py:[165/1000] 3.59 sec: loss(t/v)=0.13/2.68, scores(t/v)=[0.81/0.33 + 0.78/0.50 + 0.72/0.11 + 1.00/0.21 = 0.82/0.25]
INFO:experiments.py:+ New best model found: loss=2.668438196182251, score=0.25107221804508945
INFO:experiments.py:[166/1000] 3.60 sec: loss(t/v)=0.14/2.67, scores(t/v)=[0.81/0.34 + 0.75/0.51 + 0.67/0.12 + 1.00/0.19 = 0.80/0.25]
INFO:experiments.py:[167/1000] 3.57 sec: loss(t/v)=0.13/2.67, scores(t/v)=[0.79/0.33 + 0.76/0.50 + 0.67/0.12 + 1.00/0.19 = 0.80/0.25]
INFO:experiments.py:[168/1000] 3.59 sec: loss(t/v)=0.14/2.67, scores(t/v)=[0.80/0.33 + 0.78/0.50 + 0.71/0.12 + 1.00/0.19 = 0.81/0.25]
INFO:experiments.py:[169/1000] 3.59 sec: loss(t/v)=0.14/2.67, scores(t/v)=[0.79/0.33 + 0.75/0.51 + 0.71/0.12 + 1.00/0.19 = 0.81/0.25]
INFO:experiments.py:[170/1000] 3.55 sec: loss(t/v)=0.14/2.67, scores(t/v)=[0.80/0.33 + 0.75/0.50 + 0.73/0.12 + 1.00/0.19 = 0.81/0.25]
INFO:experiments.py:[171/1000] 3.58 sec: loss(t/v)=0.14/2.67, scores(t/v)=[0.79/0.33 + 0.76/0.50 + 0.67/0.13 + 1.00/0.19 = 0.80/0.25]
INFO:experiments.py:[172/1000] 3.58 sec: loss(t/v)=0.14/2.67, scores(t/v)=[0.81/0.33 + 0.77/0.50 + 0.69/0.12 + 1.00/0.19 = 0.81/0.25]
INFO:experiments.py:[173/1000] 3.59 sec: loss(t/v)=0.15/2.67, scores(t/v)=[0.80/0.32 + 0.75/0.50 + 0.66/0.13 + 1.00/0.21 = 0.79/0.25]
INFO:experiments.py:[174/1000] 3.60 sec: loss(t/v)=0.13/2.68, scores(t/v)=[0.82/0.32 + 0.80/0.50 + 0.70/0.12 + 1.00/0.19 = 0.82/0.25]
INFO:experiments.py:[175/1000] 3.59 sec: loss(t/v)=0.13/2.68, scores(t/v)=[0.76/0.32 + 0.78/0.50 + 0.68/0.13 + 1.00/0.21 = 0.80/0.26]
INFO:experiments.py:[176/1000] 3.58 sec: loss(t/v)=0.13/2.68, scores(t/v)=[0.81/0.33 + 0.79/0.50 + 0.72/0.12 + 1.00/0.21 = 0.82/0.26]
INFO:experiments.py:[177/1000] 3.59 sec: loss(t/v)=0.14/2.67, scores(t/v)=[0.79/0.33 + 0.75/0.50 + 0.68/0.12 + 1.00/0.21 = 0.80/0.25]
INFO:experiments.py:[178/1000] 3.58 sec: loss(t/v)=0.15/2.67, scores(t/v)=[0.79/0.33 + 0.76/0.50 + 0.69/0.12 + 1.00/0.19 = 0.80/0.25]
INFO:experiments.py:[179/1000] 3.61 sec: loss(t/v)=0.14/2.68, scores(t/v)=[0.81/0.34 + 0.76/0.50 + 0.68/0.12 + 1.00/0.19 = 0.81/0.25]
INFO:experiments.py:[180/1000] 3.59 sec: loss(t/v)=0.14/2.68, scores(t/v)=[0.81/0.33 + 0.77/0.50 + 0.67/0.12 + 1.00/0.19 = 0.80/0.25]
INFO:experiments.py:[181/1000] 3.62 sec: loss(t/v)=0.14/2.68, scores(t/v)=[0.81/0.32 + 0.75/0.50 + 0.71/0.12 + 1.00/0.19 = 0.81/0.25]
INFO:experiments.py:[182/1000] 3.57 sec: loss(t/v)=0.13/2.67, scores(t/v)=[0.81/0.33 + 0.78/0.50 + 0.70/0.13 + 1.00/0.19 = 0.82/0.25]
INFO:experiments.py:[183/1000] 3.61 sec: loss(t/v)=0.14/2.67, scores(t/v)=[0.80/0.33 + 0.77/0.50 + 0.71/0.13 + 1.00/0.19 = 0.81/0.26]
INFO:experiments.py:[184/1000] 3.59 sec: loss(t/v)=0.13/2.68, scores(t/v)=[0.82/0.32 + 0.77/0.50 + 0.70/0.13 + 1.00/0.19 = 0.82/0.25]
INFO:experiments.py:[185/1000] 3.61 sec: loss(t/v)=0.13/2.67, scores(t/v)=[0.81/0.33 + 0.75/0.50 + 0.71/0.12 + 1.00/0.19 = 0.81/0.25]
INFO:experiments.py:[186/1000] 3.59 sec: loss(t/v)=0.14/2.67, scores(t/v)=[0.80/0.32 + 0.77/0.50 + 0.70/0.12 + 1.00/0.21 = 0.81/0.25]
INFO:experiments.py:[187/1000] 3.62 sec: loss(t/v)=0.14/2.67, scores(t/v)=[0.78/0.33 + 0.76/0.50 + 0.70/0.13 + 1.00/0.21 = 0.81/0.26]
INFO:experiments.py:[188/1000] 3.64 sec: loss(t/v)=0.13/2.67, scores(t/v)=[0.80/0.33 + 0.79/0.50 + 0.70/0.13 + 1.00/0.21 = 0.81/0.26]
INFO:experiments.py:[189/1000] 3.60 sec: loss(t/v)=0.13/2.68, scores(t/v)=[0.81/0.33 + 0.76/0.50 + 0.70/0.12 + 1.00/0.21 = 0.81/0.25]
INFO:experiments.py:[190/1000] 3.59 sec: loss(t/v)=0.14/2.67, scores(t/v)=[0.80/0.32 + 0.75/0.50 + 0.70/0.12 + 1.00/0.19 = 0.81/0.25]
INFO:experiments.py:[191/1000] 3.61 sec: loss(t/v)=0.14/2.67, scores(t/v)=[0.81/0.33 + 0.75/0.50 + 0.68/0.12 + 1.00/0.19 = 0.80/0.25]
INFO:experiments.py:[192/1000] 3.60 sec: loss(t/v)=0.14/2.68, scores(t/v)=[0.79/0.32 + 0.76/0.51 + 0.71/0.11 + 1.00/0.19 = 0.81/0.24]
INFO:experiments.py:[193/1000] 3.60 sec: loss(t/v)=0.13/2.68, scores(t/v)=[0.80/0.32 + 0.78/0.51 + 0.69/0.12 + 1.00/0.19 = 0.81/0.25]
INFO:experiments.py:[194/1000] 3.59 sec: loss(t/v)=0.14/2.67, scores(t/v)=[0.78/0.32 + 0.77/0.51 + 0.69/0.11 + 1.00/0.19 = 0.80/0.24]
INFO:experiments.py:[195/1000] 3.59 sec: loss(t/v)=0.14/2.68, scores(t/v)=[0.79/0.32 + 0.76/0.50 + 0.71/0.12 + 1.00/0.19 = 0.81/0.24]
INFO:experiments.py:[196/1000] 3.59 sec: loss(t/v)=0.13/2.68, scores(t/v)=[0.81/0.32 + 0.76/0.50 + 0.72/0.13 + 1.00/0.19 = 0.82/0.25]
INFO:experiments.py:[197/1000] 3.63 sec: loss(t/v)=0.13/2.67, scores(t/v)=[0.83/0.32 + 0.78/0.50 + 0.69/0.12 + 1.00/0.19 = 0.82/0.25]
INFO:experiments.py:[198/1000] 3.61 sec: loss(t/v)=0.13/2.68, scores(t/v)=[0.82/0.33 + 0.78/0.50 + 0.70/0.13 + 1.00/0.21 = 0.82/0.26]
INFO:experiments.py:[199/1000] 3.61 sec: loss(t/v)=0.13/2.68, scores(t/v)=[0.80/0.34 + 0.77/0.50 + 0.70/0.13 + 1.00/0.21 = 0.81/0.26]
INFO:experiments.py:[200/1000] 3.68 sec: loss(t/v)=0.14/2.68, scores(t/v)=[0.79/0.33 + 0.76/0.50 + 0.69/0.12 + 1.00/0.21 = 0.80/0.25]
INFO:experiments.py:[201/1000] 3.66 sec: loss(t/v)=0.15/2.68, scores(t/v)=[0.78/0.32 + 0.74/0.50 + 0.67/0.12 + 1.00/0.21 = 0.79/0.26]
INFO:experiments.py:[202/1000] 3.72 sec: loss(t/v)=0.14/2.67, scores(t/v)=[0.79/0.33 + 0.76/0.50 + 0.67/0.13 + 1.00/0.21 = 0.79/0.26]
INFO:experiments.py:[203/1000] 3.71 sec: loss(t/v)=0.14/2.67, scores(t/v)=[0.78/0.33 + 0.76/0.50 + 0.69/0.12 + 1.00/0.21 = 0.80/0.25]
INFO:experiments.py:[204/1000] 3.69 sec: loss(t/v)=0.13/2.68, scores(t/v)=[0.78/0.33 + 0.77/0.50 + 0.71/0.12 + 1.00/0.21 = 0.81/0.25]
INFO:experiments.py:[205/1000] 3.71 sec: loss(t/v)=0.14/2.67, scores(t/v)=[0.80/0.32 + 0.76/0.51 + 0.70/0.12 + 1.00/0.21 = 0.81/0.25]
INFO:experiments.py:[206/1000] 3.71 sec: loss(t/v)=0.14/2.68, scores(t/v)=[0.80/0.32 + 0.79/0.50 + 0.69/0.12 + 1.00/0.19 = 0.81/0.25]
INFO:experiments.py:[207/1000] 3.72 sec: loss(t/v)=0.15/2.68, scores(t/v)=[0.79/0.33 + 0.74/0.50 + 0.67/0.11 + 1.00/0.21 = 0.79/0.25]
INFO:experiments.py:[208/1000] 3.71 sec: loss(t/v)=0.12/2.67, scores(t/v)=[0.82/0.33 + 0.78/0.50 + 0.72/0.11 + 1.00/0.19 = 0.82/0.24]
INFO:experiments.py:[209/1000] 3.71 sec: loss(t/v)=0.13/2.68, scores(t/v)=[0.78/0.33 + 0.77/0.50 + 0.68/0.11 + 1.00/0.19 = 0.80/0.24]
INFO:experiments.py:[210/1000] 3.71 sec: loss(t/v)=0.13/2.67, scores(t/v)=[0.79/0.32 + 0.78/0.50 + 0.69/0.11 + 1.00/0.19 = 0.81/0.24]
INFO:experiments.py:[211/1000] 3.71 sec: loss(t/v)=0.15/2.67, scores(t/v)=[0.80/0.33 + 0.74/0.50 + 0.69/0.11 + 1.00/0.19 = 0.80/0.25]
INFO:experiments.py:[212/1000] 3.73 sec: loss(t/v)=0.14/2.67, scores(t/v)=[0.81/0.33 + 0.74/0.51 + 0.69/0.12 + 1.00/0.19 = 0.80/0.25]
INFO:experiments.py:[213/1000] 3.71 sec: loss(t/v)=0.15/2.67, scores(t/v)=[0.80/0.33 + 0.79/0.50 + 0.65/0.12 + 1.00/0.21 = 0.80/0.25]
INFO:experiments.py:[214/1000] 3.70 sec: loss(t/v)=0.13/2.67, scores(t/v)=[0.81/0.32 + 0.77/0.50 + 0.69/0.11 + 1.00/0.19 = 0.81/0.24]
INFO:experiments.py:[215/1000] 3.71 sec: loss(t/v)=0.13/2.67, scores(t/v)=[0.82/0.32 + 0.76/0.50 + 0.70/0.12 + 1.00/0.19 = 0.81/0.25]
INFO:experiments.py:[216/1000] 3.72 sec: loss(t/v)=0.13/2.68, scores(t/v)=[0.81/0.33 + 0.78/0.50 + 0.69/0.12 + 1.00/0.21 = 0.81/0.25]
INFO:experiments.py:[217/1000] 3.69 sec: loss(t/v)=0.13/2.67, scores(t/v)=[0.82/0.32 + 0.76/0.50 + 0.75/0.12 + 1.00/0.21 = 0.83/0.25]
INFO:experiments.py:[218/1000] 3.71 sec: loss(t/v)=0.14/2.67, scores(t/v)=[0.78/0.33 + 0.72/0.50 + 0.68/0.12 + 1.00/0.19 = 0.79/0.25]
INFO:experiments.py:[219/1000] 3.71 sec: loss(t/v)=0.13/2.67, scores(t/v)=[0.81/0.33 + 0.79/0.49 + 0.70/0.12 + 1.00/0.19 = 0.82/0.25]
INFO:experiments.py:[220/1000] 3.70 sec: loss(t/v)=0.15/2.68, scores(t/v)=[0.76/0.33 + 0.73/0.50 + 0.69/0.12 + 1.00/0.19 = 0.79/0.25]
INFO:experiments.py:[221/1000] 3.70 sec: loss(t/v)=0.13/2.67, scores(t/v)=[0.81/0.33 + 0.77/0.50 + 0.67/0.12 + 1.00/0.19 = 0.80/0.25]
INFO:experiments.py:[222/1000] 3.70 sec: loss(t/v)=0.13/2.68, scores(t/v)=[0.80/0.32 + 0.76/0.50 + 0.68/0.11 + 1.00/0.19 = 0.80/0.24]
INFO:experiments.py:[223/1000] 3.71 sec: loss(t/v)=0.13/2.68, scores(t/v)=[0.80/0.33 + 0.77/0.51 + 0.72/0.12 + 1.00/0.19 = 0.82/0.25]
INFO:experiments.py:[224/1000] 3.72 sec: loss(t/v)=0.13/2.68, scores(t/v)=[0.81/0.32 + 0.77/0.50 + 0.72/0.12 + 1.00/0.19 = 0.82/0.25]
INFO:experiments.py:[225/1000] 3.72 sec: loss(t/v)=0.13/2.68, scores(t/v)=[0.82/0.32 + 0.78/0.50 + 0.70/0.12 + 1.00/0.19 = 0.82/0.25]
INFO:experiments.py:[226/1000] 3.71 sec: loss(t/v)=0.15/2.68, scores(t/v)=[0.79/0.33 + 0.75/0.50 + 0.70/0.11 + 1.00/0.19 = 0.80/0.25]
INFO:experiments.py:[227/1000] 3.68 sec: loss(t/v)=0.14/2.67, scores(t/v)=[0.80/0.33 + 0.75/0.49 + 0.71/0.12 + 1.00/0.19 = 0.81/0.25]
INFO:experiments.py:[228/1000] 3.70 sec: loss(t/v)=0.14/2.67, scores(t/v)=[0.78/0.33 + 0.78/0.50 + 0.70/0.13 + 1.00/0.19 = 0.81/0.25]
INFO:experiments.py:[229/1000] 3.71 sec: loss(t/v)=0.13/2.67, scores(t/v)=[0.82/0.33 + 0.76/0.50 + 0.74/0.13 + 1.00/0.19 = 0.82/0.25]
INFO:experiments.py:[230/1000] 3.71 sec: loss(t/v)=0.13/2.68, scores(t/v)=[0.79/0.33 + 0.77/0.50 + 0.69/0.13 + 1.00/0.19 = 0.81/0.25]
INFO:experiments.py:[231/1000] 3.71 sec: loss(t/v)=0.14/2.68, scores(t/v)=[0.81/0.33 + 0.75/0.50 + 0.68/0.13 + 1.00/0.19 = 0.80/0.25]
INFO:experiments.py:[232/1000] 3.72 sec: loss(t/v)=0.14/2.67, scores(t/v)=[0.83/0.33 + 0.76/0.51 + 0.70/0.12 + 1.00/0.19 = 0.82/0.25]
INFO:experiments.py:[233/1000] 3.70 sec: loss(t/v)=0.14/2.68, scores(t/v)=[0.82/0.32 + 0.77/0.50 + 0.71/0.12 + 1.00/0.19 = 0.82/0.25]
INFO:experiments.py:[234/1000] 3.70 sec: loss(t/v)=0.14/2.68, scores(t/v)=[0.80/0.32 + 0.75/0.50 + 0.70/0.11 + 1.00/0.19 = 0.81/0.24]
INFO:experiments.py:[235/1000] 3.71 sec: loss(t/v)=0.14/2.68, scores(t/v)=[0.80/0.33 + 0.74/0.50 + 0.69/0.11 + 1.00/0.19 = 0.80/0.25]
INFO:experiments.py:[236/1000] 3.70 sec: loss(t/v)=0.14/2.68, scores(t/v)=[0.80/0.33 + 0.76/0.50 + 0.68/0.11 + 1.00/0.19 = 0.80/0.24]
INFO:experiments.py:[237/1000] 3.69 sec: loss(t/v)=0.13/2.68, scores(t/v)=[0.80/0.32 + 0.76/0.50 + 0.70/0.11 + 1.00/0.19 = 0.81/0.24]
INFO:experiments.py:[238/1000] 3.69 sec: loss(t/v)=0.13/2.68, scores(t/v)=[0.80/0.33 + 0.78/0.50 + 0.71/0.11 + 1.00/0.21 = 0.81/0.25]
INFO:experiments.py:[239/1000] 3.70 sec: loss(t/v)=0.13/2.67, scores(t/v)=[0.82/0.33 + 0.76/0.51 + 0.69/0.11 + 1.00/0.21 = 0.81/0.25]
INFO:experiments.py:[240/1000] 3.71 sec: loss(t/v)=0.14/2.67, scores(t/v)=[0.80/0.34 + 0.80/0.50 + 0.69/0.12 + 1.00/0.21 = 0.81/0.26]
INFO:experiments.py:[241/1000] 3.71 sec: loss(t/v)=0.13/2.67, scores(t/v)=[0.81/0.33 + 0.77/0.50 + 0.72/0.13 + 1.00/0.19 = 0.82/0.25]
INFO:experiments.py:[242/1000] 3.73 sec: loss(t/v)=0.15/2.68, scores(t/v)=[0.81/0.33 + 0.78/0.50 + 0.70/0.13 + 1.00/0.19 = 0.82/0.26]
INFO:experiments.py:[243/1000] 3.72 sec: loss(t/v)=0.13/2.67, scores(t/v)=[0.82/0.33 + 0.79/0.51 + 0.70/0.12 + 1.00/0.19 = 0.82/0.25]
INFO:experiments.py:[244/1000] 3.69 sec: loss(t/v)=0.15/2.67, scores(t/v)=[0.78/0.33 + 0.71/0.51 + 0.71/0.12 + 1.00/0.19 = 0.79/0.25]
INFO:experiments.py:[245/1000] 3.69 sec: loss(t/v)=0.13/2.67, scores(t/v)=[0.80/0.32 + 0.78/0.51 + 0.71/0.11 + 1.00/0.19 = 0.82/0.24]
INFO:experiments.py:+ New best model found: loss=2.6679606437683105, score=0.23920953139646575
INFO:experiments.py:[246/1000] 3.71 sec: loss(t/v)=0.14/2.67, scores(t/v)=[0.80/0.32 + 0.75/0.50 + 0.69/0.10 + 1.00/0.19 = 0.80/0.24]
INFO:experiments.py:[247/1000] 3.70 sec: loss(t/v)=0.12/2.67, scores(t/v)=[0.81/0.33 + 0.79/0.50 + 0.71/0.11 + 1.00/0.19 = 0.82/0.24]
INFO:experiments.py:[248/1000] 3.71 sec: loss(t/v)=0.15/2.67, scores(t/v)=[0.81/0.33 + 0.75/0.50 + 0.68/0.11 + 1.00/0.19 = 0.80/0.24]
INFO:experiments.py:[249/1000] 3.71 sec: loss(t/v)=0.13/2.67, scores(t/v)=[0.82/0.32 + 0.76/0.51 + 0.69/0.11 + 1.00/0.19 = 0.81/0.24]
INFO:experiments.py:[250/1000] 3.71 sec: loss(t/v)=0.13/2.67, scores(t/v)=[0.81/0.33 + 0.77/0.51 + 0.73/0.11 + 1.00/0.19 = 0.82/0.24]
INFO:experiments.py:[251/1000] 3.71 sec: loss(t/v)=0.14/2.67, scores(t/v)=[0.81/0.33 + 0.74/0.51 + 0.70/0.11 + 1.00/0.21 = 0.81/0.25]
INFO:experiments.py:[252/1000] 3.72 sec: loss(t/v)=0.13/2.67, scores(t/v)=[0.78/0.33 + 0.78/0.51 + 0.70/0.12 + 1.00/0.19 = 0.81/0.25]
INFO:experiments.py:[253/1000] 3.70 sec: loss(t/v)=0.14/2.67, scores(t/v)=[0.81/0.33 + 0.76/0.51 + 0.71/0.12 + 1.00/0.21 = 0.82/0.25]
INFO:experiments.py:[254/1000] 3.71 sec: loss(t/v)=0.14/2.68, scores(t/v)=[0.83/0.32 + 0.74/0.50 + 0.73/0.12 + 1.00/0.19 = 0.82/0.25]
INFO:experiments.py:[255/1000] 3.71 sec: loss(t/v)=0.13/2.68, scores(t/v)=[0.82/0.33 + 0.76/0.51 + 0.70/0.13 + 1.00/0.21 = 0.81/0.26]
INFO:experiments.py:[256/1000] 3.72 sec: loss(t/v)=0.15/2.69, scores(t/v)=[0.81/0.33 + 0.75/0.51 + 0.67/0.13 + 1.00/0.21 = 0.80/0.26]
INFO:experiments.py:[257/1000] 3.71 sec: loss(t/v)=0.15/2.68, scores(t/v)=[0.81/0.33 + 0.77/0.51 + 0.69/0.12 + 1.00/0.19 = 0.81/0.25]
INFO:experiments.py:[258/1000] 3.71 sec: loss(t/v)=0.13/2.68, scores(t/v)=[0.81/0.33 + 0.75/0.51 + 0.74/0.12 + 1.00/0.19 = 0.82/0.25]
INFO:experiments.py:[259/1000] 3.72 sec: loss(t/v)=0.14/2.68, scores(t/v)=[0.80/0.33 + 0.77/0.51 + 0.68/0.11 + 1.00/0.21 = 0.80/0.25]
INFO:experiments.py:[260/1000] 3.71 sec: loss(t/v)=0.15/2.68, scores(t/v)=[0.81/0.33 + 0.75/0.51 + 0.71/0.11 + 1.00/0.21 = 0.81/0.25]
INFO:experiments.py:[261/1000] 3.70 sec: loss(t/v)=0.13/2.68, scores(t/v)=[0.81/0.33 + 0.78/0.51 + 0.72/0.12 + 1.00/0.21 = 0.82/0.25]
INFO:experiments.py:[262/1000] 3.71 sec: loss(t/v)=0.12/2.68, scores(t/v)=[0.82/0.34 + 0.77/0.51 + 0.72/0.12 + 1.00/0.21 = 0.82/0.26]
INFO:experiments.py:[263/1000] 3.72 sec: loss(t/v)=0.14/2.68, scores(t/v)=[0.81/0.33 + 0.75/0.50 + 0.66/0.13 + 1.00/0.19 = 0.80/0.25]
INFO:experiments.py:[264/1000] 3.73 sec: loss(t/v)=0.13/2.67, scores(t/v)=[0.80/0.32 + 0.77/0.50 + 0.69/0.12 + 1.00/0.19 = 0.81/0.25]
INFO:experiments.py:[265/1000] 3.72 sec: loss(t/v)=0.13/2.67, scores(t/v)=[0.82/0.32 + 0.77/0.50 + 0.72/0.12 + 1.00/0.19 = 0.82/0.25]
INFO:experiments.py:[266/1000] 3.71 sec: loss(t/v)=0.13/2.67, scores(t/v)=[0.82/0.33 + 0.77/0.50 + 0.69/0.13 + 1.00/0.18 = 0.81/0.25]
INFO:experiments.py:[267/1000] 3.72 sec: loss(t/v)=0.14/2.67, scores(t/v)=[0.82/0.33 + 0.77/0.50 + 0.73/0.12 + 1.00/0.18 = 0.82/0.24]
INFO:experiments.py:[268/1000] 3.72 sec: loss(t/v)=0.14/2.67, scores(t/v)=[0.80/0.33 + 0.77/0.51 + 0.68/0.12 + 1.00/0.18 = 0.81/0.25]
INFO:experiments.py:[269/1000] 3.69 sec: loss(t/v)=0.13/2.67, scores(t/v)=[0.82/0.34 + 0.75/0.51 + 0.72/0.12 + 1.00/0.19 = 0.82/0.25]
INFO:experiments.py:[270/1000] 3.71 sec: loss(t/v)=0.12/2.67, scores(t/v)=[0.82/0.33 + 0.77/0.51 + 0.69/0.12 + 1.00/0.19 = 0.81/0.25]
INFO:experiments.py:[271/1000] 3.72 sec: loss(t/v)=0.13/2.67, scores(t/v)=[0.82/0.33 + 0.76/0.50 + 0.72/0.12 + 1.00/0.18 = 0.82/0.24]
INFO:experiments.py:[272/1000] 3.70 sec: loss(t/v)=0.13/2.67, scores(t/v)=[0.82/0.33 + 0.80/0.50 + 0.69/0.13 + 1.00/0.18 = 0.82/0.25]
INFO:experiments.py:[273/1000] 3.70 sec: loss(t/v)=0.13/2.67, scores(t/v)=[0.82/0.33 + 0.78/0.50 + 0.70/0.13 + 1.00/0.19 = 0.82/0.25]
INFO:experiments.py:[274/1000] 3.71 sec: loss(t/v)=0.13/2.68, scores(t/v)=[0.80/0.33 + 0.77/0.49 + 0.69/0.12 + 1.00/0.21 = 0.81/0.25]
INFO:experiments.py:[275/1000] 3.71 sec: loss(t/v)=0.13/2.68, scores(t/v)=[0.82/0.33 + 0.80/0.50 + 0.72/0.12 + 1.00/0.19 = 0.83/0.25]
INFO:experiments.py:[276/1000] 3.73 sec: loss(t/v)=0.14/2.68, scores(t/v)=[0.81/0.33 + 0.78/0.50 + 0.69/0.12 + 1.00/0.19 = 0.81/0.25]
INFO:experiments.py:[277/1000] 3.73 sec: loss(t/v)=0.14/2.68, scores(t/v)=[0.79/0.33 + 0.77/0.50 + 0.72/0.12 + 1.00/0.19 = 0.81/0.25]
INFO:experiments.py:[278/1000] 3.71 sec: loss(t/v)=0.13/2.67, scores(t/v)=[0.81/0.33 + 0.76/0.51 + 0.70/0.12 + 1.00/0.21 = 0.81/0.26]
INFO:experiments.py:[279/1000] 3.72 sec: loss(t/v)=0.14/2.67, scores(t/v)=[0.81/0.33 + 0.80/0.50 + 0.71/0.12 + 1.00/0.19 = 0.82/0.25]
INFO:experiments.py:[280/1000] 3.71 sec: loss(t/v)=0.13/2.67, scores(t/v)=[0.77/0.32 + 0.77/0.50 + 0.69/0.12 + 1.00/0.19 = 0.80/0.25]
INFO:experiments.py:[281/1000] 3.72 sec: loss(t/v)=0.14/2.68, scores(t/v)=[0.83/0.33 + 0.76/0.49 + 0.70/0.12 + 1.00/0.21 = 0.81/0.25]
INFO:experiments.py:[282/1000] 3.72 sec: loss(t/v)=0.13/2.67, scores(t/v)=[0.80/0.33 + 0.77/0.49 + 0.71/0.13 + 1.00/0.19 = 0.81/0.25]
INFO:experiments.py:[283/1000] 3.71 sec: loss(t/v)=0.14/2.68, scores(t/v)=[0.80/0.33 + 0.75/0.50 + 0.69/0.12 + 1.00/0.19 = 0.81/0.25]
INFO:experiments.py:[284/1000] 3.70 sec: loss(t/v)=0.14/2.68, scores(t/v)=[0.80/0.33 + 0.73/0.50 + 0.67/0.12 + 1.00/0.19 = 0.79/0.25]
INFO:experiments.py:[285/1000] 3.70 sec: loss(t/v)=0.13/2.68, scores(t/v)=[0.81/0.34 + 0.78/0.50 + 0.68/0.12 + 1.00/0.19 = 0.81/0.25]
INFO:experiments.py:[286/1000] 3.72 sec: loss(t/v)=0.14/2.68, scores(t/v)=[0.80/0.34 + 0.77/0.50 + 0.67/0.13 + 1.00/0.21 = 0.80/0.26]
INFO:experiments.py:[287/1000] 3.72 sec: loss(t/v)=0.15/2.68, scores(t/v)=[0.80/0.34 + 0.74/0.50 + 0.70/0.12 + 1.00/0.21 = 0.80/0.26]
INFO:experiments.py:[288/1000] 3.70 sec: loss(t/v)=0.14/2.68, scores(t/v)=[0.80/0.34 + 0.74/0.50 + 0.69/0.12 + 1.00/0.21 = 0.80/0.26]
INFO:experiments.py:[289/1000] 3.71 sec: loss(t/v)=0.13/2.68, scores(t/v)=[0.80/0.34 + 0.77/0.50 + 0.70/0.11 + 1.00/0.21 = 0.81/0.25]
INFO:experiments.py:[290/1000] 3.72 sec: loss(t/v)=0.12/2.68, scores(t/v)=[0.81/0.34 + 0.79/0.50 + 0.72/0.12 + 1.00/0.21 = 0.83/0.26]
INFO:experiments.py:[291/1000] 3.71 sec: loss(t/v)=0.14/2.68, scores(t/v)=[0.78/0.35 + 0.75/0.51 + 0.68/0.11 + 1.00/0.21 = 0.80/0.25]
INFO:experiments.py:[292/1000] 3.71 sec: loss(t/v)=0.13/2.67, scores(t/v)=[0.80/0.34 + 0.75/0.50 + 0.68/0.12 + 1.00/0.21 = 0.80/0.26]
INFO:experiments.py:[293/1000] 3.72 sec: loss(t/v)=0.13/2.67, scores(t/v)=[0.81/0.34 + 0.77/0.50 + 0.68/0.12 + 1.00/0.21 = 0.81/0.25]
INFO:experiments.py:[294/1000] 3.71 sec: loss(t/v)=0.14/2.67, scores(t/v)=[0.81/0.33 + 0.75/0.50 + 0.71/0.12 + 1.00/0.21 = 0.81/0.26]
INFO:experiments.py:+ New best model found: loss=2.6651413440704346, score=0.25993800215761037
INFO:experiments.py:[295/1000] 3.71 sec: loss(t/v)=0.15/2.67, scores(t/v)=[0.81/0.34 + 0.77/0.50 + 0.68/0.13 + 1.00/0.21 = 0.81/0.26]
INFO:experiments.py:[296/1000] 3.72 sec: loss(t/v)=0.14/2.67, scores(t/v)=[0.81/0.34 + 0.75/0.50 + 0.71/0.12 + 1.00/0.21 = 0.81/0.25]
INFO:experiments.py:[297/1000] 3.72 sec: loss(t/v)=0.13/2.67, scores(t/v)=[0.82/0.34 + 0.77/0.50 + 0.70/0.12 + 1.00/0.19 = 0.82/0.25]
INFO:experiments.py:[298/1000] 3.70 sec: loss(t/v)=0.14/2.68, scores(t/v)=[0.79/0.34 + 0.78/0.49 + 0.70/0.12 + 1.00/0.19 = 0.81/0.25]
INFO:experiments.py:[299/1000] 3.72 sec: loss(t/v)=0.14/2.67, scores(t/v)=[0.80/0.34 + 0.76/0.49 + 0.70/0.12 + 1.00/0.19 = 0.81/0.25]
INFO:experiments.py:[300/1000] 3.71 sec: loss(t/v)=0.13/2.67, scores(t/v)=[0.79/0.34 + 0.77/0.50 + 0.70/0.12 + 1.00/0.21 = 0.81/0.26]
INFO:experiments.py:[301/1000] 3.69 sec: loss(t/v)=0.14/2.67, scores(t/v)=[0.81/0.33 + 0.74/0.50 + 0.71/0.11 + 1.00/0.19 = 0.81/0.25]
INFO:experiments.py:[302/1000] 3.69 sec: loss(t/v)=0.14/2.67, scores(t/v)=[0.79/0.33 + 0.76/0.50 + 0.70/0.12 + 1.00/0.19 = 0.81/0.25]
INFO:experiments.py:[303/1000] 3.71 sec: loss(t/v)=0.15/2.67, scores(t/v)=[0.80/0.34 + 0.74/0.50 + 0.66/0.12 + 1.00/0.19 = 0.79/0.25]
INFO:experiments.py:[304/1000] 3.68 sec: loss(t/v)=0.14/2.68, scores(t/v)=[0.80/0.34 + 0.75/0.49 + 0.68/0.13 + 1.00/0.19 = 0.80/0.25]
INFO:experiments.py:[305/1000] 3.69 sec: loss(t/v)=0.14/2.67, scores(t/v)=[0.79/0.33 + 0.75/0.50 + 0.70/0.13 + 1.00/0.19 = 0.80/0.25]
INFO:experiments.py:[306/1000] 3.70 sec: loss(t/v)=0.14/2.68, scores(t/v)=[0.79/0.33 + 0.74/0.50 + 0.70/0.12 + 1.00/0.21 = 0.80/0.25]
INFO:experiments.py:[307/1000] 3.71 sec: loss(t/v)=0.15/2.67, scores(t/v)=[0.78/0.33 + 0.73/0.49 + 0.67/0.12 + 1.00/0.21 = 0.79/0.25]
INFO:experiments.py:[308/1000] 3.71 sec: loss(t/v)=0.14/2.67, scores(t/v)=[0.79/0.33 + 0.76/0.50 + 0.69/0.12 + 1.00/0.21 = 0.80/0.26]
INFO:experiments.py:[309/1000] 3.73 sec: loss(t/v)=0.14/2.67, scores(t/v)=[0.80/0.33 + 0.78/0.50 + 0.73/0.13 + 1.00/0.19 = 0.82/0.25]
INFO:experiments.py:[310/1000] 3.71 sec: loss(t/v)=0.13/2.68, scores(t/v)=[0.81/0.33 + 0.76/0.50 + 0.69/0.12 + 1.00/0.21 = 0.81/0.26]
INFO:experiments.py:[311/1000] 3.70 sec: loss(t/v)=0.13/2.67, scores(t/v)=[0.81/0.33 + 0.78/0.50 + 0.72/0.12 + 1.00/0.21 = 0.82/0.26]
INFO:experiments.py:[312/1000] 3.71 sec: loss(t/v)=0.13/2.68, scores(t/v)=[0.81/0.33 + 0.78/0.50 + 0.68/0.12 + 1.00/0.21 = 0.81/0.25]
INFO:experiments.py:[313/1000] 3.69 sec: loss(t/v)=0.15/2.68, scores(t/v)=[0.77/0.33 + 0.76/0.50 + 0.70/0.12 + 1.00/0.21 = 0.80/0.25]
INFO:experiments.py:[314/1000] 3.61 sec: loss(t/v)=0.13/2.68, scores(t/v)=[0.77/0.34 + 0.77/0.50 + 0.68/0.12 + 1.00/0.21 = 0.80/0.26]
INFO:experiments.py:[315/1000] 3.62 sec: loss(t/v)=0.14/2.67, scores(t/v)=[0.81/0.32 + 0.76/0.51 + 0.71/0.11 + 1.00/0.19 = 0.81/0.24]
INFO:experiments.py:[316/1000] 3.61 sec: loss(t/v)=0.13/2.67, scores(t/v)=[0.81/0.33 + 0.77/0.50 + 0.72/0.13 + 1.00/0.19 = 0.82/0.25]
INFO:experiments.py:[317/1000] 3.62 sec: loss(t/v)=0.14/2.67, scores(t/v)=[0.80/0.33 + 0.76/0.51 + 0.70/0.12 + 1.00/0.19 = 0.81/0.25]
INFO:experiments.py:[318/1000] 3.61 sec: loss(t/v)=0.14/2.67, scores(t/v)=[0.82/0.33 + 0.76/0.51 + 0.66/0.13 + 1.00/0.19 = 0.80/0.25]
INFO:experiments.py:[319/1000] 3.63 sec: loss(t/v)=0.13/2.67, scores(t/v)=[0.81/0.33 + 0.74/0.51 + 0.72/0.13 + 1.00/0.19 = 0.81/0.26]
INFO:experiments.py:[320/1000] 3.63 sec: loss(t/v)=0.14/2.67, scores(t/v)=[0.80/0.34 + 0.77/0.51 + 0.70/0.13 + 1.00/0.21 = 0.81/0.26]
INFO:experiments.py:[321/1000] 3.60 sec: loss(t/v)=0.13/2.68, scores(t/v)=[0.82/0.33 + 0.78/0.51 + 0.70/0.13 + 1.00/0.19 = 0.82/0.25]
INFO:experiments.py:[322/1000] 3.61 sec: loss(t/v)=0.13/2.68, scores(t/v)=[0.80/0.33 + 0.78/0.51 + 0.71/0.12 + 1.00/0.19 = 0.82/0.25]
INFO:experiments.py:[323/1000] 3.60 sec: loss(t/v)=0.14/2.68, scores(t/v)=[0.81/0.33 + 0.75/0.51 + 0.66/0.12 + 1.00/0.19 = 0.79/0.25]
INFO:experiments.py:[324/1000] 3.61 sec: loss(t/v)=0.13/2.67, scores(t/v)=[0.83/0.32 + 0.77/0.51 + 0.73/0.13 + 1.00/0.19 = 0.82/0.25]
INFO:experiments.py:[325/1000] 3.61 sec: loss(t/v)=0.14/2.68, scores(t/v)=[0.77/0.33 + 0.75/0.51 + 0.67/0.12 + 1.00/0.21 = 0.79/0.26]
INFO:experiments.py:[326/1000] 3.62 sec: loss(t/v)=0.14/2.68, scores(t/v)=[0.79/0.33 + 0.76/0.51 + 0.72/0.12 + 1.00/0.19 = 0.81/0.25]
INFO:experiments.py:[327/1000] 3.62 sec: loss(t/v)=0.13/2.68, scores(t/v)=[0.81/0.32 + 0.77/0.50 + 0.70/0.12 + 1.00/0.19 = 0.81/0.25]
INFO:experiments.py:[328/1000] 3.62 sec: loss(t/v)=0.13/2.67, scores(t/v)=[0.79/0.33 + 0.76/0.51 + 0.70/0.12 + 1.00/0.19 = 0.81/0.25]
INFO:experiments.py:[329/1000] 3.61 sec: loss(t/v)=0.12/2.67, scores(t/v)=[0.83/0.33 + 0.75/0.51 + 0.71/0.12 + 1.00/0.19 = 0.82/0.25]
INFO:experiments.py:[330/1000] 3.60 sec: loss(t/v)=0.12/2.67, scores(t/v)=[0.82/0.33 + 0.78/0.50 + 0.72/0.12 + 1.00/0.21 = 0.82/0.25]
INFO:experiments.py:[331/1000] 3.62 sec: loss(t/v)=0.13/2.68, scores(t/v)=[0.82/0.34 + 0.77/0.51 + 0.72/0.12 + 1.00/0.21 = 0.82/0.26]
INFO:experiments.py:[332/1000] 3.60 sec: loss(t/v)=0.13/2.68, scores(t/v)=[0.81/0.34 + 0.78/0.50 + 0.67/0.13 + 1.00/0.19 = 0.81/0.25]
INFO:experiments.py:[333/1000] 3.61 sec: loss(t/v)=0.13/2.68, scores(t/v)=[0.78/0.33 + 0.75/0.51 + 0.71/0.13 + 1.00/0.19 = 0.81/0.25]
INFO:experiments.py:[334/1000] 3.61 sec: loss(t/v)=0.14/2.68, scores(t/v)=[0.82/0.32 + 0.78/0.51 + 0.66/0.12 + 1.00/0.19 = 0.80/0.25]
INFO:experiments.py:[335/1000] 3.62 sec: loss(t/v)=0.13/2.68, scores(t/v)=[0.80/0.32 + 0.76/0.51 + 0.72/0.11 + 1.00/0.21 = 0.81/0.25]
INFO:experiments.py:[336/1000] 3.60 sec: loss(t/v)=0.14/2.67, scores(t/v)=[0.81/0.33 + 0.76/0.51 + 0.69/0.11 + 1.00/0.19 = 0.81/0.24]
INFO:experiments.py:[337/1000] 3.63 sec: loss(t/v)=0.14/2.67, scores(t/v)=[0.78/0.33 + 0.75/0.51 + 0.68/0.12 + 1.00/0.21 = 0.79/0.25]
INFO:experiments.py:[338/1000] 3.62 sec: loss(t/v)=0.13/2.67, scores(t/v)=[0.79/0.33 + 0.76/0.50 + 0.72/0.12 + 1.00/0.19 = 0.81/0.25]
INFO:experiments.py:[339/1000] 3.60 sec: loss(t/v)=0.14/2.67, scores(t/v)=[0.80/0.33 + 0.75/0.50 + 0.69/0.12 + 1.00/0.19 = 0.80/0.25]
INFO:experiments.py:[340/1000] 3.61 sec: loss(t/v)=0.14/2.67, scores(t/v)=[0.80/0.33 + 0.77/0.49 + 0.69/0.11 + 1.00/0.19 = 0.81/0.24]
INFO:experiments.py:[341/1000] 3.59 sec: loss(t/v)=0.14/2.67, scores(t/v)=[0.82/0.33 + 0.77/0.49 + 0.67/0.11 + 1.00/0.21 = 0.81/0.25]
INFO:experiments.py:[342/1000] 3.62 sec: loss(t/v)=0.13/2.67, scores(t/v)=[0.80/0.33 + 0.78/0.50 + 0.69/0.12 + 1.00/0.21 = 0.81/0.25]
INFO:experiments.py:[343/1000] 3.61 sec: loss(t/v)=0.14/2.68, scores(t/v)=[0.80/0.33 + 0.76/0.50 + 0.71/0.12 + 1.00/0.21 = 0.81/0.25]
INFO:experiments.py:[344/1000] 3.63 sec: loss(t/v)=0.15/2.67, scores(t/v)=[0.80/0.33 + 0.76/0.51 + 0.72/0.12 + 1.00/0.21 = 0.81/0.25]
INFO:experiments.py:[345/1000] 3.62 sec: loss(t/v)=0.14/2.67, scores(t/v)=[0.81/0.33 + 0.76/0.50 + 0.67/0.12 + 1.00/0.19 = 0.80/0.25]
INFO:experiments.py:[346/1000] 3.60 sec: loss(t/v)=0.13/2.67, scores(t/v)=[0.83/0.32 + 0.76/0.50 + 0.71/0.12 + 1.00/0.19 = 0.82/0.25]
INFO:experiments.py:[347/1000] 3.61 sec: loss(t/v)=0.14/2.67, scores(t/v)=[0.80/0.32 + 0.77/0.50 + 0.70/0.12 + 1.00/0.19 = 0.81/0.25]
INFO:experiments.py:[348/1000] 3.61 sec: loss(t/v)=0.14/2.68, scores(t/v)=[0.76/0.33 + 0.75/0.51 + 0.69/0.12 + 1.00/0.21 = 0.79/0.25]
INFO:experiments.py:[349/1000] 3.62 sec: loss(t/v)=0.14/2.68, scores(t/v)=[0.81/0.32 + 0.77/0.50 + 0.69/0.12 + 1.00/0.21 = 0.81/0.25]
INFO:experiments.py:[350/1000] 3.60 sec: loss(t/v)=0.13/2.68, scores(t/v)=[0.82/0.33 + 0.78/0.51 + 0.70/0.11 + 1.00/0.21 = 0.82/0.25]
INFO:experiments.py:[351/1000] 3.61 sec: loss(t/v)=0.15/2.67, scores(t/v)=[0.80/0.33 + 0.78/0.51 + 0.70/0.11 + 1.00/0.21 = 0.81/0.25]
INFO:experiments.py:[352/1000] 3.61 sec: loss(t/v)=0.13/2.68, scores(t/v)=[0.82/0.33 + 0.78/0.50 + 0.72/0.11 + 1.00/0.21 = 0.83/0.25]
INFO:experiments.py:[353/1000] 3.64 sec: loss(t/v)=0.13/2.68, scores(t/v)=[0.78/0.33 + 0.76/0.50 + 0.70/0.12 + 1.00/0.19 = 0.80/0.25]
INFO:experiments.py:[354/1000] 3.60 sec: loss(t/v)=0.14/2.68, scores(t/v)=[0.79/0.33 + 0.76/0.51 + 0.70/0.12 + 1.00/0.18 = 0.81/0.25]
INFO:experiments.py:[355/1000] 3.64 sec: loss(t/v)=0.13/2.68, scores(t/v)=[0.81/0.33 + 0.76/0.50 + 0.72/0.12 + 1.00/0.19 = 0.82/0.25]
INFO:experiments.py:[356/1000] 3.62 sec: loss(t/v)=0.13/2.68, scores(t/v)=[0.77/0.33 + 0.76/0.51 + 0.70/0.12 + 1.00/0.19 = 0.80/0.25]
INFO:experiments.py:[357/1000] 3.59 sec: loss(t/v)=0.13/2.68, scores(t/v)=[0.81/0.33 + 0.79/0.50 + 0.70/0.12 + 1.00/0.19 = 0.82/0.25]
INFO:experiments.py:[358/1000] 3.61 sec: loss(t/v)=0.13/2.67, scores(t/v)=[0.82/0.33 + 0.76/0.51 + 0.72/0.12 + 1.00/0.19 = 0.82/0.25]
INFO:experiments.py:[359/1000] 3.60 sec: loss(t/v)=0.15/2.67, scores(t/v)=[0.77/0.32 + 0.73/0.51 + 0.69/0.13 + 1.00/0.19 = 0.79/0.25]
INFO:experiments.py:[360/1000] 3.60 sec: loss(t/v)=0.13/2.68, scores(t/v)=[0.80/0.32 + 0.73/0.51 + 0.73/0.12 + 1.00/0.19 = 0.81/0.25]
INFO:experiments.py:[361/1000] 3.61 sec: loss(t/v)=0.14/2.68, scores(t/v)=[0.81/0.32 + 0.77/0.50 + 0.71/0.12 + 1.00/0.19 = 0.81/0.25]
INFO:experiments.py:[362/1000] 3.61 sec: loss(t/v)=0.14/2.68, scores(t/v)=[0.81/0.31 + 0.77/0.50 + 0.69/0.12 + 1.00/0.19 = 0.81/0.24]
INFO:experiments.py:[363/1000] 3.62 sec: loss(t/v)=0.13/2.68, scores(t/v)=[0.81/0.31 + 0.76/0.50 + 0.70/0.12 + 1.00/0.19 = 0.81/0.24]
INFO:experiments.py:[364/1000] 3.62 sec: loss(t/v)=0.14/2.68, scores(t/v)=[0.81/0.32 + 0.76/0.51 + 0.71/0.12 + 1.00/0.19 = 0.81/0.25]
INFO:experiments.py:[365/1000] 3.60 sec: loss(t/v)=0.15/2.68, scores(t/v)=[0.76/0.32 + 0.74/0.50 + 0.66/0.12 + 1.00/0.19 = 0.78/0.25]
INFO:experiments.py:[366/1000] 3.63 sec: loss(t/v)=0.13/2.69, scores(t/v)=[0.82/0.32 + 0.77/0.50 + 0.71/0.11 + 1.00/0.18 = 0.82/0.24]
INFO:experiments.py:[367/1000] 3.64 sec: loss(t/v)=0.14/2.68, scores(t/v)=[0.79/0.32 + 0.73/0.50 + 0.68/0.12 + 1.00/0.19 = 0.79/0.25]
INFO:experiments.py:[368/1000] 3.61 sec: loss(t/v)=0.14/2.68, scores(t/v)=[0.81/0.33 + 0.73/0.50 + 0.67/0.12 + 1.00/0.19 = 0.79/0.25]
INFO:experiments.py:[369/1000] 3.62 sec: loss(t/v)=0.14/2.69, scores(t/v)=[0.80/0.33 + 0.74/0.50 + 0.70/0.12 + 1.00/0.19 = 0.80/0.25]
INFO:experiments.py:[370/1000] 3.62 sec: loss(t/v)=0.14/2.68, scores(t/v)=[0.81/0.33 + 0.76/0.50 + 0.70/0.12 + 1.00/0.19 = 0.81/0.25]
INFO:experiments.py:[371/1000] 3.64 sec: loss(t/v)=0.12/2.68, scores(t/v)=[0.81/0.32 + 0.78/0.51 + 0.73/0.12 + 1.00/0.19 = 0.82/0.25]
INFO:experiments.py:[372/1000] 3.64 sec: loss(t/v)=0.13/2.68, scores(t/v)=[0.80/0.33 + 0.77/0.50 + 0.69/0.13 + 1.00/0.19 = 0.81/0.25]
INFO:experiments.py:[373/1000] 3.61 sec: loss(t/v)=0.12/2.67, scores(t/v)=[0.82/0.33 + 0.76/0.50 + 0.71/0.12 + 1.00/0.19 = 0.82/0.25]
INFO:experiments.py:[374/1000] 3.64 sec: loss(t/v)=0.15/2.68, scores(t/v)=[0.79/0.32 + 0.73/0.50 + 0.68/0.12 + 1.00/0.19 = 0.79/0.25]
INFO:experiments.py:[375/1000] 3.62 sec: loss(t/v)=0.14/2.69, scores(t/v)=[0.82/0.32 + 0.75/0.49 + 0.70/0.12 + 1.00/0.19 = 0.81/0.24]
INFO:experiments.py:[376/1000] 3.62 sec: loss(t/v)=0.13/2.68, scores(t/v)=[0.82/0.32 + 0.78/0.50 + 0.72/0.12 + 1.00/0.19 = 0.82/0.25]
INFO:experiments.py:[377/1000] 3.65 sec: loss(t/v)=0.14/2.68, scores(t/v)=[0.81/0.33 + 0.76/0.50 + 0.71/0.12 + 1.00/0.19 = 0.81/0.25]
INFO:experiments.py:[378/1000] 3.62 sec: loss(t/v)=0.12/2.68, scores(t/v)=[0.83/0.33 + 0.78/0.50 + 0.72/0.12 + 1.00/0.19 = 0.82/0.25]
INFO:experiments.py:[379/1000] 3.61 sec: loss(t/v)=0.13/2.67, scores(t/v)=[0.82/0.33 + 0.77/0.50 + 0.69/0.12 + 1.00/0.21 = 0.81/0.25]
INFO:experiments.py:[380/1000] 3.62 sec: loss(t/v)=0.13/2.68, scores(t/v)=[0.80/0.32 + 0.77/0.50 + 0.72/0.12 + 1.00/0.19 = 0.81/0.25]
INFO:experiments.py:[381/1000] 3.61 sec: loss(t/v)=0.13/2.68, scores(t/v)=[0.79/0.33 + 0.77/0.50 + 0.72/0.12 + 1.00/0.19 = 0.81/0.25]
INFO:experiments.py:[382/1000] 3.61 sec: loss(t/v)=0.13/2.68, scores(t/v)=[0.82/0.32 + 0.78/0.50 + 0.72/0.12 + 1.00/0.19 = 0.82/0.25]
INFO:experiments.py:[383/1000] 3.59 sec: loss(t/v)=0.13/2.68, scores(t/v)=[0.82/0.32 + 0.77/0.50 + 0.72/0.13 + 1.00/0.19 = 0.82/0.25]
INFO:experiments.py:[384/1000] 3.58 sec: loss(t/v)=0.13/2.68, scores(t/v)=[0.81/0.33 + 0.75/0.49 + 0.72/0.13 + 1.00/0.19 = 0.81/0.25]
INFO:experiments.py:[385/1000] 3.60 sec: loss(t/v)=0.13/2.68, scores(t/v)=[0.81/0.33 + 0.78/0.50 + 0.72/0.12 + 1.00/0.19 = 0.82/0.25]
INFO:experiments.py:[386/1000] 3.60 sec: loss(t/v)=0.15/2.67, scores(t/v)=[0.81/0.33 + 0.74/0.50 + 0.66/0.13 + 1.00/0.21 = 0.80/0.26]
INFO:experiments.py:[387/1000] 3.61 sec: loss(t/v)=0.13/2.68, scores(t/v)=[0.81/0.33 + 0.76/0.50 + 0.69/0.12 + 1.00/0.18 = 0.81/0.24]
INFO:experiments.py:[388/1000] 3.60 sec: loss(t/v)=0.14/2.67, scores(t/v)=[0.80/0.33 + 0.77/0.50 + 0.71/0.12 + 1.00/0.19 = 0.81/0.25]
INFO:experiments.py:[389/1000] 3.61 sec: loss(t/v)=0.14/2.67, scores(t/v)=[0.79/0.33 + 0.75/0.50 + 0.70/0.12 + 1.00/0.19 = 0.80/0.25]
INFO:experiments.py:[390/1000] 3.61 sec: loss(t/v)=0.15/2.67, scores(t/v)=[0.80/0.33 + 0.77/0.50 + 0.69/0.11 + 1.00/0.21 = 0.81/0.25]
INFO:experiments.py:[391/1000] 3.60 sec: loss(t/v)=0.14/2.67, scores(t/v)=[0.82/0.33 + 0.75/0.50 + 0.69/0.12 + 1.00/0.21 = 0.80/0.26]
INFO:experiments.py:[392/1000] 3.60 sec: loss(t/v)=0.14/2.68, scores(t/v)=[0.76/0.33 + 0.74/0.50 + 0.70/0.11 + 1.00/0.19 = 0.79/0.25]
INFO:experiments.py:[393/1000] 3.60 sec: loss(t/v)=0.13/2.68, scores(t/v)=[0.81/0.33 + 0.75/0.50 + 0.67/0.12 + 1.00/0.21 = 0.80/0.25]
INFO:experiments.py:[394/1000] 3.61 sec: loss(t/v)=0.13/2.68, scores(t/v)=[0.82/0.32 + 0.78/0.50 + 0.72/0.12 + 1.00/0.19 = 0.82/0.25]
INFO:experiments.py:[395/1000] 3.60 sec: loss(t/v)=0.14/2.68, scores(t/v)=[0.80/0.32 + 0.76/0.50 + 0.70/0.12 + 1.00/0.19 = 0.81/0.25]
INFO:experiments.py:Impatient! No gen. improvement in 100 epochs
INFO:experiments.py:Early Stopping: Rewinding to epoch 295
