INFO:experiments.py:--- Begin Training with configuration:
{   'data': '/rap/jvb-000-aa/COURS2019/etudiants/data/omsignal/myHeartProject/',
    'dataloader': {   'batch_size': 64,
                      'num_workers': 6,
                      'shuffle': True,
                      'test_proportion': 0.2},
    'models': {   'tspec': {   'freeze': [False, False, False, True],
                               'hid_dim': 100,
                               'num_layers': 3,
                               'out_dims': [1, 1, 1, 32],
                               'spec_len': 1876,
                               'ts_len': 3750}},
    'preprocessing': {'noise_gain': 0.25},
    'training': {   'epochs': 1000,
                    'l2': 0.01,
                    'learning_rate': 0.01,
                    'momentum': 0.9}}
INFO:experiments.py:[1/1000] 2.70 sec: loss(t/v)=3.79/3.47, scores(t/v)=[0.01/0.08 + 0.07/0.00 + 0.02/0.00 + 0.00/0.00 = 0.00/0.00]
INFO:experiments.py:[2/1000] 2.62 sec: loss(t/v)=3.68/3.47, scores(t/v)=[0.01/0.06 + 0.20/0.28 + 0.07/0.05 + 0.01/0.00 = 0.04/0.00]
INFO:experiments.py:[3/1000] 2.60 sec: loss(t/v)=3.59/3.47, scores(t/v)=[0.10/0.00 + 0.07/0.15 + 0.10/0.00 + 0.00/0.00 = 0.00/0.00]
INFO:experiments.py:[4/1000] 2.58 sec: loss(t/v)=3.52/3.47, scores(t/v)=[0.09/0.00 + 0.13/0.00 + 0.00/0.00 + 0.03/0.00 = 0.00/0.00]
INFO:experiments.py:[5/1000] 2.57 sec: loss(t/v)=3.48/3.47, scores(t/v)=[0.00/0.00 + 0.17/0.00 + 0.13/0.00 + 0.05/0.00 = 0.04/0.00]
INFO:experiments.py:[6/1000] 2.57 sec: loss(t/v)=3.41/3.47, scores(t/v)=[0.10/0.10 + 0.23/0.00 + 0.10/0.00 + 0.08/0.00 = 0.12/0.00]
INFO:experiments.py:[7/1000] 2.57 sec: loss(t/v)=3.36/3.47, scores(t/v)=[0.13/0.08 + 0.27/0.03 + 0.09/0.13 + 0.10/0.00 = 0.14/0.00]
INFO:experiments.py:[8/1000] 2.58 sec: loss(t/v)=3.32/3.47, scores(t/v)=[0.06/0.00 + 0.26/0.09 + 0.07/0.11 + 0.12/0.00 = 0.10/0.00]
INFO:experiments.py:[9/1000] 2.57 sec: loss(t/v)=3.27/3.46, scores(t/v)=[0.15/0.00 + 0.14/0.22 + 0.10/0.06 + 0.15/0.05 = 0.13/0.00]
INFO:experiments.py:[10/1000] 2.56 sec: loss(t/v)=3.21/3.44, scores(t/v)=[0.24/0.14 + 0.29/0.27 + 0.11/0.06 + 0.11/0.05 = 0.17/0.10]
INFO:experiments.py:[11/1000] 2.56 sec: loss(t/v)=3.13/3.41, scores(t/v)=[0.19/0.11 + 0.22/0.26 + 0.13/0.02 + 0.18/0.06 = 0.18/0.08]
INFO:experiments.py:[12/1000] 2.57 sec: loss(t/v)=3.10/3.39, scores(t/v)=[0.21/0.19 + 0.26/0.31 + 0.14/0.00 + 0.17/0.05 = 0.19/0.00]
INFO:experiments.py:[13/1000] 2.57 sec: loss(t/v)=3.06/3.36, scores(t/v)=[0.09/0.20 + 0.26/0.36 + 0.10/0.00 + 0.18/0.05 = 0.14/0.06]
INFO:experiments.py:[14/1000] 2.55 sec: loss(t/v)=3.06/3.33, scores(t/v)=[0.17/0.15 + 0.28/0.45 + 0.11/0.10 + 0.18/0.05 = 0.17/0.13]
INFO:experiments.py:[15/1000] 2.57 sec: loss(t/v)=2.97/3.34, scores(t/v)=[0.22/0.12 + 0.35/0.42 + 0.19/0.09 + 0.20/0.05 = 0.23/0.12]
INFO:experiments.py:[16/1000] 2.56 sec: loss(t/v)=2.97/3.34, scores(t/v)=[0.17/0.13 + 0.26/0.32 + 0.11/0.02 + 0.20/0.06 = 0.18/0.09]
INFO:experiments.py:[17/1000] 2.58 sec: loss(t/v)=2.92/3.30, scores(t/v)=[0.19/0.19 + 0.37/0.38 + 0.11/0.01 + 0.20/0.06 = 0.20/0.08]
INFO:experiments.py:[18/1000] 2.56 sec: loss(t/v)=2.88/3.29, scores(t/v)=[0.27/0.19 + 0.38/0.26 + 0.13/0.10 + 0.25/0.06 = 0.24/0.14]
INFO:experiments.py:[19/1000] 2.56 sec: loss(t/v)=2.86/3.25, scores(t/v)=[0.19/0.29 + 0.22/0.43 + 0.19/0.11 + 0.26/0.08 = 0.21/0.19]
INFO:experiments.py:[20/1000] 2.56 sec: loss(t/v)=2.79/3.23, scores(t/v)=[0.20/0.08 + 0.43/0.39 + 0.14/0.15 + 0.30/0.10 = 0.24/0.15]
INFO:experiments.py:[21/1000] 2.55 sec: loss(t/v)=2.75/3.21, scores(t/v)=[0.25/0.10 + 0.41/0.37 + 0.16/0.00 + 0.32/0.10 = 0.27/0.00]
INFO:experiments.py:[22/1000] 2.55 sec: loss(t/v)=2.67/3.22, scores(t/v)=[0.28/0.17 + 0.36/0.47 + 0.17/0.00 + 0.33/0.10 = 0.27/0.00]
INFO:experiments.py:[23/1000] 2.57 sec: loss(t/v)=2.63/3.23, scores(t/v)=[0.22/0.24 + 0.45/0.52 + 0.15/0.10 + 0.38/0.11 = 0.27/0.19]
INFO:experiments.py:[24/1000] 2.63 sec: loss(t/v)=2.57/3.24, scores(t/v)=[0.26/0.13 + 0.31/0.41 + 0.18/0.02 + 0.36/0.10 = 0.27/0.10]
INFO:experiments.py:[25/1000] 2.59 sec: loss(t/v)=2.53/3.22, scores(t/v)=[0.30/0.25 + 0.43/0.44 + 0.17/0.04 + 0.38/0.11 = 0.30/0.15]
INFO:experiments.py:[26/1000] 2.60 sec: loss(t/v)=2.49/3.23, scores(t/v)=[0.36/0.28 + 0.37/0.31 + 0.24/0.05 + 0.40/0.11 = 0.34/0.15]
INFO:experiments.py:[27/1000] 2.59 sec: loss(t/v)=2.46/3.20, scores(t/v)=[0.27/0.08 + 0.32/0.39 + 0.25/0.03 + 0.45/0.11 = 0.31/0.10]
INFO:experiments.py:[28/1000] 2.59 sec: loss(t/v)=2.39/3.16, scores(t/v)=[0.37/0.32 + 0.40/0.38 + 0.20/0.08 + 0.41/0.18 = 0.33/0.20]
INFO:experiments.py:[29/1000] 2.58 sec: loss(t/v)=2.37/3.22, scores(t/v)=[0.36/0.28 + 0.41/0.31 + 0.25/0.09 + 0.47/0.11 = 0.36/0.17]
INFO:experiments.py:[30/1000] 2.62 sec: loss(t/v)=2.31/3.25, scores(t/v)=[0.22/0.25 + 0.29/0.40 + 0.17/0.05 + 0.47/0.11 = 0.27/0.16]
INFO:experiments.py:[31/1000] 2.57 sec: loss(t/v)=2.22/3.25, scores(t/v)=[0.32/0.35 + 0.38/0.45 + 0.16/0.05 + 0.48/0.11 = 0.31/0.17]
INFO:experiments.py:[32/1000] 2.55 sec: loss(t/v)=2.18/3.25, scores(t/v)=[0.32/0.31 + 0.37/0.34 + 0.22/0.25 + 0.51/0.08 = 0.34/0.22]
INFO:experiments.py:[33/1000] 2.57 sec: loss(t/v)=2.13/3.21, scores(t/v)=[0.30/0.38 + 0.36/0.44 + 0.23/0.20 + 0.50/0.05 = 0.33/0.20]
INFO:experiments.py:[34/1000] 2.56 sec: loss(t/v)=2.07/3.18, scores(t/v)=[0.42/0.22 + 0.38/0.33 + 0.21/0.05 + 0.54/0.05 = 0.37/0.12]
INFO:experiments.py:[35/1000] 2.57 sec: loss(t/v)=2.00/3.04, scores(t/v)=[0.41/0.33 + 0.39/0.13 + 0.26/0.15 + 0.53/0.10 = 0.39/0.16]
INFO:experiments.py:[36/1000] 2.56 sec: loss(t/v)=1.98/2.95, scores(t/v)=[0.37/0.28 + 0.36/0.19 + 0.18/0.15 + 0.56/0.15 = 0.34/0.19]
INFO:experiments.py:[37/1000] 2.56 sec: loss(t/v)=1.92/2.97, scores(t/v)=[0.41/0.25 + 0.39/0.38 + 0.23/0.15 + 0.60/0.11 = 0.39/0.20]
INFO:experiments.py:[38/1000] 2.57 sec: loss(t/v)=1.80/2.98, scores(t/v)=[0.34/0.21 + 0.38/0.42 + 0.23/0.08 + 0.62/0.15 = 0.37/0.18]
INFO:experiments.py:[39/1000] 2.57 sec: loss(t/v)=1.73/2.95, scores(t/v)=[0.48/0.25 + 0.42/0.30 + 0.20/0.06 + 0.62/0.13 = 0.40/0.16]
INFO:experiments.py:[40/1000] 2.57 sec: loss(t/v)=1.68/3.01, scores(t/v)=[0.48/0.31 + 0.35/0.44 + 0.14/0.20 + 0.63/0.13 = 0.35/0.24]
INFO:experiments.py:[41/1000] 2.55 sec: loss(t/v)=1.61/3.22, scores(t/v)=[0.45/0.27 + 0.46/0.22 + 0.28/0.14 + 0.69/0.06 = 0.44/0.15]
INFO:experiments.py:[42/1000] 2.57 sec: loss(t/v)=1.52/3.18, scores(t/v)=[0.39/0.34 + 0.40/0.31 + 0.29/0.09 + 0.67/0.11 = 0.42/0.18]
INFO:experiments.py:[43/1000] 2.56 sec: loss(t/v)=1.49/3.13, scores(t/v)=[0.39/0.31 + 0.45/0.44 + 0.29/0.04 + 0.69/0.11 = 0.43/0.16]
INFO:experiments.py:[44/1000] 2.57 sec: loss(t/v)=1.42/3.07, scores(t/v)=[0.43/0.38 + 0.43/0.39 + 0.23/0.18 + 0.71/0.16 = 0.42/0.26]
INFO:experiments.py:[45/1000] 2.61 sec: loss(t/v)=1.38/3.04, scores(t/v)=[0.43/0.40 + 0.48/0.37 + 0.21/0.14 + 0.71/0.13 = 0.42/0.23]
INFO:experiments.py:[46/1000] 2.60 sec: loss(t/v)=1.32/3.01, scores(t/v)=[0.40/0.28 + 0.39/0.36 + 0.17/0.09 + 0.69/0.21 = 0.37/0.21]
INFO:experiments.py:[47/1000] 2.58 sec: loss(t/v)=1.26/2.99, scores(t/v)=[0.43/0.48 + 0.46/0.22 + 0.17/0.15 + 0.75/0.16 = 0.40/0.22]
INFO:experiments.py:[48/1000] 2.57 sec: loss(t/v)=1.22/2.97, scores(t/v)=[0.40/0.31 + 0.43/0.44 + 0.24/0.11 + 0.72/0.16 = 0.42/0.22]
INFO:experiments.py:[49/1000] 2.57 sec: loss(t/v)=1.14/3.03, scores(t/v)=[0.37/0.23 + 0.36/0.36 + 0.27/0.11 + 0.75/0.15 = 0.40/0.19]
INFO:experiments.py:[50/1000] 2.61 sec: loss(t/v)=1.06/3.02, scores(t/v)=[0.45/0.34 + 0.44/0.41 + 0.25/0.00 + 0.78/0.13 = 0.44/0.00]
INFO:experiments.py:[51/1000] 2.66 sec: loss(t/v)=1.01/3.02, scores(t/v)=[0.36/0.15 + 0.43/0.29 + 0.21/0.04 + 0.78/0.19 = 0.40/0.14]
INFO:experiments.py:[52/1000] 2.62 sec: loss(t/v)=0.99/3.11, scores(t/v)=[0.41/0.28 + 0.38/0.44 + 0.25/0.02 + 0.78/0.11 = 0.42/0.14]
INFO:experiments.py:[53/1000] 2.61 sec: loss(t/v)=0.91/3.18, scores(t/v)=[0.48/0.18 + 0.43/0.46 + 0.26/0.03 + 0.80/0.15 = 0.45/0.14]
INFO:experiments.py:[54/1000] 2.62 sec: loss(t/v)=0.88/3.24, scores(t/v)=[0.41/0.33 + 0.39/0.41 + 0.27/0.01 + 0.83/0.15 = 0.43/0.13]
INFO:experiments.py:[55/1000] 2.63 sec: loss(t/v)=0.86/3.18, scores(t/v)=[0.51/0.24 + 0.40/0.29 + 0.24/0.14 + 0.83/0.16 = 0.45/0.20]
INFO:experiments.py:[56/1000] 2.63 sec: loss(t/v)=0.85/3.06, scores(t/v)=[0.43/0.18 + 0.46/0.42 + 0.17/0.18 + 0.82/0.13 = 0.41/0.21]
INFO:experiments.py:[57/1000] 2.62 sec: loss(t/v)=0.76/2.93, scores(t/v)=[0.50/0.15 + 0.38/0.41 + 0.25/0.16 + 0.87/0.24 = 0.45/0.22]
INFO:experiments.py:[58/1000] 2.63 sec: loss(t/v)=0.85/3.05, scores(t/v)=[0.45/0.22 + 0.37/0.39 + 0.27/0.21 + 0.83/0.16 = 0.44/0.23]
INFO:experiments.py:[59/1000] 2.62 sec: loss(t/v)=0.76/3.13, scores(t/v)=[0.42/0.25 + 0.39/0.41 + 0.35/0.14 + 0.88/0.19 = 0.48/0.23]
INFO:experiments.py:[60/1000] 2.62 sec: loss(t/v)=0.75/3.15, scores(t/v)=[0.52/0.20 + 0.45/0.30 + 0.36/0.06 + 0.85/0.21 = 0.52/0.17]
INFO:experiments.py:[61/1000] 2.63 sec: loss(t/v)=0.71/3.13, scores(t/v)=[0.45/0.22 + 0.34/0.41 + 0.28/0.00 + 0.85/0.19 = 0.43/0.00]
INFO:experiments.py:[62/1000] 2.62 sec: loss(t/v)=0.68/3.07, scores(t/v)=[0.49/0.29 + 0.48/0.39 + 0.23/0.07 + 0.87/0.16 = 0.46/0.19]
INFO:experiments.py:[63/1000] 2.62 sec: loss(t/v)=0.66/3.09, scores(t/v)=[0.51/0.34 + 0.43/0.44 + 0.25/0.18 + 0.90/0.23 = 0.47/0.28]
INFO:experiments.py:[64/1000] 2.63 sec: loss(t/v)=0.71/3.35, scores(t/v)=[0.51/0.42 + 0.46/0.44 + 0.25/0.04 + 0.87/0.15 = 0.48/0.18]
INFO:experiments.py:[65/1000] 2.64 sec: loss(t/v)=0.63/3.31, scores(t/v)=[0.44/0.21 + 0.39/0.35 + 0.15/0.11 + 0.85/0.16 = 0.38/0.19]
INFO:experiments.py:[66/1000] 2.63 sec: loss(t/v)=0.59/3.13, scores(t/v)=[0.52/0.30 + 0.43/0.37 + 0.28/0.02 + 0.87/0.18 = 0.48/0.13]
INFO:experiments.py:[67/1000] 2.62 sec: loss(t/v)=0.60/3.05, scores(t/v)=[0.51/0.41 + 0.40/0.47 + 0.29/0.04 + 0.88/0.26 = 0.48/0.21]
INFO:experiments.py:[68/1000] 2.63 sec: loss(t/v)=0.55/3.12, scores(t/v)=[0.47/0.39 + 0.50/0.33 + 0.23/0.01 + 0.93/0.19 = 0.47/0.14]
INFO:experiments.py:[69/1000] 2.62 sec: loss(t/v)=0.61/3.13, scores(t/v)=[0.51/0.37 + 0.34/0.30 + 0.19/0.12 + 0.87/0.18 = 0.41/0.22]
INFO:experiments.py:[70/1000] 2.63 sec: loss(t/v)=0.57/3.08, scores(t/v)=[0.48/0.30 + 0.34/0.45 + 0.28/0.23 + 0.90/0.19 = 0.45/0.28]
INFO:experiments.py:[71/1000] 2.62 sec: loss(t/v)=0.61/3.22, scores(t/v)=[0.48/0.21 + 0.37/0.32 + 0.19/0.10 + 0.90/0.16 = 0.42/0.18]
INFO:experiments.py:[72/1000] 2.61 sec: loss(t/v)=0.59/3.59, scores(t/v)=[0.49/0.14 + 0.39/0.19 + 0.32/0.07 + 0.89/0.16 = 0.49/0.13]
INFO:experiments.py:[73/1000] 2.63 sec: loss(t/v)=0.57/3.76, scores(t/v)=[0.51/0.19 + 0.44/0.44 + 0.26/0.04 + 0.87/0.15 = 0.47/0.15]
INFO:experiments.py:[74/1000] 2.64 sec: loss(t/v)=0.53/3.57, scores(t/v)=[0.54/0.26 + 0.46/0.40 + 0.26/0.07 + 0.90/0.18 = 0.49/0.19]
INFO:experiments.py:[75/1000] 2.62 sec: loss(t/v)=0.52/3.27, scores(t/v)=[0.42/0.25 + 0.44/0.40 + 0.23/0.03 + 0.87/0.21 = 0.44/0.15]
INFO:experiments.py:[76/1000] 2.59 sec: loss(t/v)=0.48/3.03, scores(t/v)=[0.48/0.30 + 0.39/0.48 + 0.29/0.15 + 0.92/0.24 = 0.47/0.27]
INFO:experiments.py:[77/1000] 2.62 sec: loss(t/v)=0.47/3.04, scores(t/v)=[0.48/0.26 + 0.43/0.48 + 0.27/0.12 + 0.90/0.26 = 0.47/0.25]
INFO:experiments.py:[78/1000] 2.62 sec: loss(t/v)=0.39/3.21, scores(t/v)=[0.54/0.33 + 0.40/0.43 + 0.15/0.16 + 0.95/0.19 = 0.42/0.26]
INFO:experiments.py:[79/1000] 2.62 sec: loss(t/v)=0.42/3.11, scores(t/v)=[0.50/0.21 + 0.46/0.42 + 0.22/0.10 + 0.94/0.23 = 0.46/0.21]
INFO:experiments.py:[80/1000] 2.63 sec: loss(t/v)=0.37/3.04, scores(t/v)=[0.56/0.21 + 0.43/0.42 + 0.29/0.07 + 0.95/0.24 = 0.51/0.20]
INFO:experiments.py:[81/1000] 2.60 sec: loss(t/v)=0.34/2.98, scores(t/v)=[0.54/0.29 + 0.45/0.51 + 0.28/0.10 + 0.98/0.24 = 0.51/0.24]
INFO:experiments.py:[82/1000] 2.59 sec: loss(t/v)=0.33/2.96, scores(t/v)=[0.56/0.27 + 0.51/0.47 + 0.32/0.14 + 0.97/0.27 = 0.54/0.27]
INFO:experiments.py:[83/1000] 2.60 sec: loss(t/v)=0.30/2.94, scores(t/v)=[0.58/0.25 + 0.49/0.45 + 0.31/0.10 + 0.98/0.23 = 0.54/0.23]
INFO:experiments.py:[84/1000] 2.60 sec: loss(t/v)=0.28/2.94, scores(t/v)=[0.61/0.21 + 0.48/0.45 + 0.31/0.07 + 0.99/0.23 = 0.55/0.20]
INFO:experiments.py:[85/1000] 2.57 sec: loss(t/v)=0.31/2.93, scores(t/v)=[0.55/0.31 + 0.47/0.43 + 0.25/0.14 + 0.96/0.23 = 0.50/0.25]
INFO:experiments.py:[86/1000] 2.57 sec: loss(t/v)=0.29/2.93, scores(t/v)=[0.60/0.27 + 0.50/0.41 + 0.33/0.15 + 0.99/0.26 = 0.56/0.26]
INFO:experiments.py:[87/1000] 2.59 sec: loss(t/v)=0.30/2.91, scores(t/v)=[0.57/0.21 + 0.47/0.40 + 0.33/0.17 + 0.98/0.26 = 0.54/0.25]
INFO:experiments.py:[88/1000] 2.58 sec: loss(t/v)=0.30/2.90, scores(t/v)=[0.59/0.30 + 0.47/0.44 + 0.30/0.20 + 0.97/0.26 = 0.53/0.29]
INFO:experiments.py:[89/1000] 2.57 sec: loss(t/v)=0.31/2.89, scores(t/v)=[0.64/0.32 + 0.47/0.44 + 0.37/0.18 + 0.98/0.26 = 0.57/0.28]
INFO:experiments.py:[90/1000] 2.57 sec: loss(t/v)=0.28/2.89, scores(t/v)=[0.59/0.22 + 0.55/0.42 + 0.30/0.19 + 0.98/0.26 = 0.55/0.26]
INFO:experiments.py:[91/1000] 2.57 sec: loss(t/v)=0.30/2.88, scores(t/v)=[0.57/0.32 + 0.48/0.41 + 0.30/0.17 + 0.97/0.26 = 0.53/0.28]
INFO:experiments.py:[92/1000] 2.62 sec: loss(t/v)=0.27/2.89, scores(t/v)=[0.60/0.35 + 0.50/0.38 + 0.31/0.15 + 0.98/0.26 = 0.55/0.27]
INFO:experiments.py:[93/1000] 2.59 sec: loss(t/v)=0.25/2.89, scores(t/v)=[0.66/0.34 + 0.54/0.37 + 0.29/0.15 + 0.99/0.26 = 0.57/0.27]
INFO:experiments.py:[94/1000] 2.65 sec: loss(t/v)=0.26/2.90, scores(t/v)=[0.64/0.31 + 0.50/0.39 + 0.29/0.15 + 0.98/0.24 = 0.55/0.26]
INFO:experiments.py:[95/1000] 2.61 sec: loss(t/v)=0.25/2.91, scores(t/v)=[0.62/0.30 + 0.52/0.41 + 0.28/0.14 + 0.99/0.23 = 0.55/0.25]
INFO:experiments.py:[96/1000] 2.61 sec: loss(t/v)=0.26/2.92, scores(t/v)=[0.61/0.32 + 0.46/0.42 + 0.31/0.12 + 0.98/0.23 = 0.54/0.24]
INFO:experiments.py:[97/1000] 2.61 sec: loss(t/v)=0.28/2.92, scores(t/v)=[0.60/0.25 + 0.52/0.38 + 0.31/0.08 + 0.97/0.23 = 0.55/0.20]
INFO:experiments.py:[98/1000] 2.61 sec: loss(t/v)=0.24/2.91, scores(t/v)=[0.62/0.34 + 0.50/0.40 + 0.34/0.10 + 0.98/0.23 = 0.57/0.23]
INFO:experiments.py:[99/1000] 2.58 sec: loss(t/v)=0.25/2.90, scores(t/v)=[0.61/0.33 + 0.48/0.39 + 0.31/0.14 + 0.99/0.23 = 0.55/0.25]
INFO:experiments.py:[100/1000] 2.57 sec: loss(t/v)=0.26/2.91, scores(t/v)=[0.62/0.30 + 0.53/0.39 + 0.32/0.10 + 0.98/0.23 = 0.57/0.23]
INFO:experiments.py:[101/1000] 2.54 sec: loss(t/v)=0.26/2.90, scores(t/v)=[0.63/0.37 + 0.49/0.43 + 0.27/0.07 + 0.99/0.24 = 0.54/0.23]
INFO:experiments.py:[102/1000] 2.53 sec: loss(t/v)=0.25/2.90, scores(t/v)=[0.60/0.37 + 0.52/0.42 + 0.28/0.07 + 0.98/0.24 = 0.54/0.23]
INFO:experiments.py:[103/1000] 2.54 sec: loss(t/v)=0.25/2.90, scores(t/v)=[0.63/0.35 + 0.51/0.44 + 0.30/0.10 + 0.99/0.24 = 0.56/0.25]
INFO:experiments.py:[104/1000] 2.55 sec: loss(t/v)=0.26/2.89, scores(t/v)=[0.63/0.30 + 0.49/0.41 + 0.35/0.05 + 0.98/0.24 = 0.57/0.20]
INFO:experiments.py:[105/1000] 2.54 sec: loss(t/v)=0.23/2.89, scores(t/v)=[0.62/0.34 + 0.49/0.40 + 0.31/0.07 + 0.99/0.24 = 0.55/0.22]
INFO:experiments.py:[106/1000] 2.56 sec: loss(t/v)=0.25/2.89, scores(t/v)=[0.61/0.37 + 0.51/0.38 + 0.29/0.11 + 0.98/0.24 = 0.55/0.25]
INFO:experiments.py:[107/1000] 2.55 sec: loss(t/v)=0.23/2.89, scores(t/v)=[0.64/0.36 + 0.52/0.40 + 0.32/0.17 + 0.99/0.24 = 0.57/0.28]
INFO:experiments.py:[108/1000] 2.56 sec: loss(t/v)=0.25/2.88, scores(t/v)=[0.60/0.27 + 0.49/0.43 + 0.27/0.18 + 0.98/0.24 = 0.53/0.27]
INFO:experiments.py:[109/1000] 2.57 sec: loss(t/v)=0.24/2.87, scores(t/v)=[0.58/0.37 + 0.51/0.43 + 0.28/0.15 + 1.00/0.24 = 0.54/0.28]
INFO:experiments.py:[110/1000] 2.57 sec: loss(t/v)=0.24/2.87, scores(t/v)=[0.63/0.38 + 0.49/0.41 + 0.31/0.09 + 0.99/0.24 = 0.55/0.24]
INFO:experiments.py:[111/1000] 2.58 sec: loss(t/v)=0.23/2.87, scores(t/v)=[0.64/0.34 + 0.50/0.41 + 0.30/0.12 + 1.00/0.24 = 0.56/0.25]
INFO:experiments.py:[112/1000] 2.56 sec: loss(t/v)=0.24/2.87, scores(t/v)=[0.62/0.30 + 0.49/0.42 + 0.32/0.09 + 0.99/0.24 = 0.56/0.23]
INFO:experiments.py:[113/1000] 2.55 sec: loss(t/v)=0.30/2.87, scores(t/v)=[0.60/0.38 + 0.44/0.44 + 0.34/0.08 + 0.96/0.24 = 0.54/0.24]
INFO:experiments.py:[114/1000] 2.57 sec: loss(t/v)=0.28/2.87, scores(t/v)=[0.62/0.36 + 0.51/0.45 + 0.32/0.11 + 0.98/0.24 = 0.56/0.25]
INFO:experiments.py:[115/1000] 2.55 sec: loss(t/v)=0.24/2.88, scores(t/v)=[0.64/0.30 + 0.54/0.44 + 0.34/0.09 + 0.99/0.26 = 0.58/0.24]
INFO:experiments.py:[116/1000] 2.56 sec: loss(t/v)=0.25/2.87, scores(t/v)=[0.59/0.33 + 0.51/0.44 + 0.31/0.08 + 1.00/0.26 = 0.55/0.24]
INFO:experiments.py:[117/1000] 2.56 sec: loss(t/v)=0.24/2.88, scores(t/v)=[0.63/0.38 + 0.50/0.43 + 0.27/0.13 + 0.99/0.24 = 0.54/0.27]
INFO:experiments.py:[118/1000] 2.56 sec: loss(t/v)=0.24/2.87, scores(t/v)=[0.66/0.36 + 0.55/0.41 + 0.33/0.11 + 0.99/0.26 = 0.59/0.26]
INFO:experiments.py:[119/1000] 2.56 sec: loss(t/v)=0.24/2.87, scores(t/v)=[0.65/0.32 + 0.55/0.41 + 0.30/0.08 + 1.00/0.24 = 0.57/0.22]
INFO:experiments.py:[120/1000] 2.57 sec: loss(t/v)=0.25/2.87, scores(t/v)=[0.62/0.34 + 0.46/0.42 + 0.29/0.10 + 0.98/0.24 = 0.53/0.24]
INFO:experiments.py:[121/1000] 2.58 sec: loss(t/v)=0.24/2.87, scores(t/v)=[0.63/0.38 + 0.48/0.45 + 0.30/0.08 + 0.99/0.24 = 0.55/0.24]
INFO:experiments.py:[122/1000] 2.56 sec: loss(t/v)=0.22/2.87, scores(t/v)=[0.65/0.32 + 0.51/0.44 + 0.30/0.07 + 1.00/0.24 = 0.56/0.22]
INFO:experiments.py:[123/1000] 2.57 sec: loss(t/v)=0.30/2.87, scores(t/v)=[0.58/0.30 + 0.50/0.43 + 0.28/0.13 + 0.97/0.24 = 0.53/0.25]
INFO:experiments.py:[124/1000] 2.56 sec: loss(t/v)=0.25/2.87, scores(t/v)=[0.61/0.36 + 0.53/0.44 + 0.36/0.11 + 0.98/0.24 = 0.58/0.26]
INFO:experiments.py:[125/1000] 2.58 sec: loss(t/v)=0.27/2.88, scores(t/v)=[0.60/0.31 + 0.47/0.46 + 0.30/0.12 + 0.98/0.24 = 0.53/0.25]
INFO:experiments.py:[126/1000] 2.56 sec: loss(t/v)=0.27/2.87, scores(t/v)=[0.59/0.36 + 0.54/0.45 + 0.31/0.09 + 0.99/0.24 = 0.56/0.24]
INFO:experiments.py:[127/1000] 2.56 sec: loss(t/v)=0.27/2.88, scores(t/v)=[0.63/0.33 + 0.56/0.43 + 0.29/0.04 + 0.98/0.26 = 0.56/0.20]
INFO:experiments.py:[128/1000] 2.57 sec: loss(t/v)=0.29/2.88, scores(t/v)=[0.60/0.32 + 0.52/0.44 + 0.25/0.07 + 0.97/0.26 = 0.52/0.23]
INFO:experiments.py:[129/1000] 2.56 sec: loss(t/v)=0.27/2.88, scores(t/v)=[0.61/0.38 + 0.55/0.40 + 0.31/0.10 + 0.98/0.24 = 0.57/0.25]
INFO:experiments.py:[130/1000] 2.56 sec: loss(t/v)=0.25/2.88, scores(t/v)=[0.62/0.32 + 0.50/0.41 + 0.34/0.10 + 0.98/0.24 = 0.57/0.24]
INFO:experiments.py:[131/1000] 2.56 sec: loss(t/v)=0.27/2.88, scores(t/v)=[0.61/0.28 + 0.50/0.40 + 0.34/0.08 + 0.99/0.24 = 0.57/0.22]
INFO:experiments.py:[132/1000] 2.57 sec: loss(t/v)=0.26/2.87, scores(t/v)=[0.62/0.37 + 0.52/0.43 + 0.30/0.06 + 0.98/0.24 = 0.55/0.22]
INFO:experiments.py:[133/1000] 2.57 sec: loss(t/v)=0.26/2.87, scores(t/v)=[0.62/0.36 + 0.52/0.43 + 0.31/0.07 + 0.99/0.26 = 0.56/0.23]
INFO:experiments.py:[134/1000] 2.57 sec: loss(t/v)=0.26/2.87, scores(t/v)=[0.65/0.31 + 0.52/0.41 + 0.31/0.09 + 0.99/0.24 = 0.57/0.23]
INFO:experiments.py:[135/1000] 2.56 sec: loss(t/v)=0.25/2.88, scores(t/v)=[0.64/0.32 + 0.54/0.43 + 0.35/0.06 + 0.99/0.24 = 0.59/0.21]
INFO:experiments.py:[136/1000] 2.56 sec: loss(t/v)=0.24/2.87, scores(t/v)=[0.68/0.36 + 0.47/0.42 + 0.33/0.04 + 0.99/0.24 = 0.57/0.19]
INFO:experiments.py:[137/1000] 2.55 sec: loss(t/v)=0.26/2.87, scores(t/v)=[0.65/0.30 + 0.54/0.44 + 0.31/0.08 + 0.99/0.24 = 0.58/0.23]
INFO:experiments.py:[138/1000] 2.57 sec: loss(t/v)=0.28/2.87, scores(t/v)=[0.63/0.33 + 0.54/0.44 + 0.36/0.09 + 0.99/0.24 = 0.59/0.23]
INFO:experiments.py:[139/1000] 2.58 sec: loss(t/v)=0.25/2.88, scores(t/v)=[0.66/0.37 + 0.50/0.37 + 0.27/0.08 + 1.00/0.24 = 0.55/0.23]
INFO:experiments.py:[140/1000] 2.57 sec: loss(t/v)=0.28/2.88, scores(t/v)=[0.60/0.36 + 0.47/0.40 + 0.32/0.11 + 0.99/0.24 = 0.55/0.25]
INFO:experiments.py:[141/1000] 2.57 sec: loss(t/v)=0.26/2.88, scores(t/v)=[0.65/0.28 + 0.52/0.45 + 0.36/0.12 + 0.99/0.24 = 0.59/0.25]
INFO:experiments.py:[142/1000] 2.57 sec: loss(t/v)=0.29/2.88, scores(t/v)=[0.60/0.34 + 0.51/0.46 + 0.32/0.12 + 0.98/0.24 = 0.56/0.26]
INFO:experiments.py:[143/1000] 2.59 sec: loss(t/v)=0.25/2.87, scores(t/v)=[0.67/0.34 + 0.51/0.46 + 0.31/0.12 + 0.99/0.24 = 0.57/0.26]
INFO:experiments.py:[144/1000] 2.58 sec: loss(t/v)=0.27/2.87, scores(t/v)=[0.66/0.33 + 0.54/0.44 + 0.35/0.13 + 0.98/0.26 = 0.59/0.26]
INFO:experiments.py:[145/1000] 2.57 sec: loss(t/v)=0.27/2.87, scores(t/v)=[0.64/0.33 + 0.56/0.43 + 0.36/0.12 + 0.99/0.26 = 0.60/0.26]
INFO:experiments.py:[146/1000] 2.57 sec: loss(t/v)=0.28/2.87, scores(t/v)=[0.63/0.34 + 0.56/0.44 + 0.35/0.14 + 0.99/0.26 = 0.59/0.27]
INFO:experiments.py:[147/1000] 2.57 sec: loss(t/v)=0.25/2.86, scores(t/v)=[0.67/0.33 + 0.52/0.44 + 0.41/0.14 + 0.99/0.26 = 0.61/0.27]
INFO:experiments.py:[148/1000] 2.58 sec: loss(t/v)=0.26/2.87, scores(t/v)=[0.66/0.32 + 0.49/0.45 + 0.36/0.12 + 0.99/0.24 = 0.58/0.26]
INFO:experiments.py:[149/1000] 2.57 sec: loss(t/v)=0.28/2.86, scores(t/v)=[0.65/0.32 + 0.50/0.43 + 0.40/0.12 + 0.99/0.24 = 0.60/0.25]
INFO:experiments.py:[150/1000] 2.58 sec: loss(t/v)=0.28/2.86, scores(t/v)=[0.62/0.31 + 0.48/0.43 + 0.37/0.12 + 0.98/0.26 = 0.58/0.25]
INFO:experiments.py:[151/1000] 2.60 sec: loss(t/v)=0.26/2.86, scores(t/v)=[0.63/0.31 + 0.49/0.44 + 0.33/0.12 + 0.98/0.26 = 0.56/0.26]
INFO:experiments.py:[152/1000] 2.57 sec: loss(t/v)=0.27/2.86, scores(t/v)=[0.63/0.33 + 0.50/0.43 + 0.27/0.12 + 0.98/0.26 = 0.54/0.26]
INFO:experiments.py:[153/1000] 2.58 sec: loss(t/v)=0.26/2.86, scores(t/v)=[0.65/0.35 + 0.53/0.43 + 0.34/0.12 + 0.99/0.24 = 0.58/0.25]
INFO:experiments.py:[154/1000] 2.57 sec: loss(t/v)=0.27/2.86, scores(t/v)=[0.63/0.32 + 0.52/0.43 + 0.33/0.12 + 0.98/0.24 = 0.57/0.25]
INFO:experiments.py:[155/1000] 2.56 sec: loss(t/v)=0.30/2.87, scores(t/v)=[0.60/0.35 + 0.51/0.43 + 0.33/0.13 + 0.98/0.24 = 0.56/0.26]
INFO:experiments.py:[156/1000] 2.57 sec: loss(t/v)=0.30/2.87, scores(t/v)=[0.64/0.34 + 0.52/0.44 + 0.37/0.13 + 0.98/0.24 = 0.59/0.26]
INFO:experiments.py:[157/1000] 2.57 sec: loss(t/v)=0.25/2.87, scores(t/v)=[0.63/0.33 + 0.55/0.43 + 0.41/0.13 + 1.00/0.24 = 0.61/0.26]
INFO:experiments.py:[158/1000] 2.58 sec: loss(t/v)=0.26/2.88, scores(t/v)=[0.65/0.33 + 0.54/0.43 + 0.32/0.12 + 0.99/0.24 = 0.58/0.25]
INFO:experiments.py:[159/1000] 2.58 sec: loss(t/v)=0.26/2.87, scores(t/v)=[0.63/0.35 + 0.54/0.45 + 0.32/0.13 + 0.98/0.24 = 0.57/0.27]
INFO:experiments.py:[160/1000] 2.58 sec: loss(t/v)=0.25/2.87, scores(t/v)=[0.63/0.34 + 0.55/0.44 + 0.35/0.13 + 0.98/0.24 = 0.59/0.26]
INFO:experiments.py:[161/1000] 2.58 sec: loss(t/v)=0.25/2.87, scores(t/v)=[0.64/0.35 + 0.53/0.43 + 0.34/0.15 + 0.99/0.24 = 0.58/0.27]
INFO:experiments.py:[162/1000] 2.57 sec: loss(t/v)=0.29/2.87, scores(t/v)=[0.62/0.35 + 0.52/0.44 + 0.30/0.12 + 0.98/0.24 = 0.56/0.26]
INFO:experiments.py:[163/1000] 2.58 sec: loss(t/v)=0.25/2.87, scores(t/v)=[0.62/0.34 + 0.53/0.45 + 0.32/0.14 + 1.00/0.24 = 0.57/0.27]
INFO:experiments.py:[164/1000] 2.60 sec: loss(t/v)=0.26/2.87, scores(t/v)=[0.67/0.35 + 0.50/0.46 + 0.33/0.14 + 0.99/0.24 = 0.58/0.27]
INFO:experiments.py:[165/1000] 2.58 sec: loss(t/v)=0.31/2.85, scores(t/v)=[0.59/0.33 + 0.48/0.46 + 0.30/0.15 + 0.98/0.26 = 0.54/0.27]
INFO:experiments.py:[166/1000] 2.56 sec: loss(t/v)=0.25/2.85, scores(t/v)=[0.62/0.34 + 0.54/0.46 + 0.34/0.14 + 0.99/0.27 = 0.58/0.28]
INFO:experiments.py:[167/1000] 2.58 sec: loss(t/v)=0.27/2.86, scores(t/v)=[0.65/0.32 + 0.52/0.46 + 0.35/0.14 + 0.98/0.26 = 0.58/0.27]
INFO:experiments.py:[168/1000] 2.58 sec: loss(t/v)=0.27/2.85, scores(t/v)=[0.60/0.32 + 0.50/0.46 + 0.30/0.13 + 0.99/0.24 = 0.55/0.26]
INFO:experiments.py:[169/1000] 2.57 sec: loss(t/v)=0.25/2.86, scores(t/v)=[0.68/0.32 + 0.54/0.46 + 0.36/0.12 + 0.99/0.24 = 0.60/0.26]
INFO:experiments.py:[170/1000] 2.65 sec: loss(t/v)=0.26/2.85, scores(t/v)=[0.67/0.31 + 0.50/0.45 + 0.30/0.11 + 0.99/0.24 = 0.56/0.24]
INFO:experiments.py:[171/1000] 2.62 sec: loss(t/v)=0.30/2.86, scores(t/v)=[0.63/0.32 + 0.52/0.46 + 0.39/0.11 + 0.99/0.24 = 0.60/0.25]
INFO:experiments.py:[172/1000] 2.61 sec: loss(t/v)=0.30/2.86, scores(t/v)=[0.64/0.31 + 0.46/0.43 + 0.34/0.12 + 0.98/0.24 = 0.56/0.25]
INFO:experiments.py:[173/1000] 2.62 sec: loss(t/v)=0.25/2.85, scores(t/v)=[0.66/0.32 + 0.51/0.44 + 0.35/0.12 + 0.99/0.24 = 0.58/0.25]
INFO:experiments.py:[174/1000] 2.58 sec: loss(t/v)=0.26/2.86, scores(t/v)=[0.65/0.34 + 0.49/0.42 + 0.33/0.13 + 1.00/0.24 = 0.57/0.26]
INFO:experiments.py:[175/1000] 2.58 sec: loss(t/v)=0.26/2.86, scores(t/v)=[0.65/0.34 + 0.51/0.43 + 0.37/0.13 + 1.00/0.24 = 0.59/0.26]
INFO:experiments.py:[176/1000] 2.58 sec: loss(t/v)=0.28/2.86, scores(t/v)=[0.64/0.35 + 0.43/0.42 + 0.31/0.12 + 0.99/0.24 = 0.54/0.25]
INFO:experiments.py:[177/1000] 2.58 sec: loss(t/v)=0.25/2.85, scores(t/v)=[0.65/0.34 + 0.54/0.42 + 0.32/0.12 + 1.00/0.24 = 0.58/0.25]
INFO:experiments.py:[178/1000] 2.57 sec: loss(t/v)=0.27/2.86, scores(t/v)=[0.66/0.32 + 0.55/0.42 + 0.30/0.12 + 0.99/0.26 = 0.57/0.26]
INFO:experiments.py:[179/1000] 2.57 sec: loss(t/v)=0.27/2.85, scores(t/v)=[0.66/0.31 + 0.51/0.41 + 0.38/0.14 + 0.99/0.26 = 0.60/0.26]
INFO:experiments.py:[180/1000] 2.58 sec: loss(t/v)=0.26/2.86, scores(t/v)=[0.65/0.33 + 0.54/0.43 + 0.35/0.13 + 0.98/0.24 = 0.59/0.26]
INFO:experiments.py:[181/1000] 2.59 sec: loss(t/v)=0.30/2.85, scores(t/v)=[0.61/0.33 + 0.53/0.43 + 0.35/0.12 + 0.98/0.24 = 0.57/0.25]
INFO:experiments.py:[182/1000] 2.57 sec: loss(t/v)=0.26/2.85, scores(t/v)=[0.64/0.32 + 0.53/0.42 + 0.37/0.14 + 0.99/0.24 = 0.59/0.26]
INFO:experiments.py:[183/1000] 2.58 sec: loss(t/v)=0.28/2.85, scores(t/v)=[0.59/0.36 + 0.52/0.45 + 0.34/0.13 + 0.98/0.24 = 0.57/0.27]
INFO:experiments.py:[184/1000] 2.58 sec: loss(t/v)=0.29/2.85, scores(t/v)=[0.66/0.34 + 0.47/0.44 + 0.38/0.12 + 0.98/0.24 = 0.58/0.26]
INFO:experiments.py:[185/1000] 2.58 sec: loss(t/v)=0.28/2.86, scores(t/v)=[0.63/0.34 + 0.55/0.44 + 0.39/0.12 + 0.99/0.24 = 0.60/0.26]
INFO:experiments.py:[186/1000] 2.57 sec: loss(t/v)=0.28/2.86, scores(t/v)=[0.62/0.32 + 0.55/0.45 + 0.31/0.12 + 0.98/0.26 = 0.57/0.26]
INFO:experiments.py:[187/1000] 2.57 sec: loss(t/v)=0.29/2.85, scores(t/v)=[0.60/0.33 + 0.51/0.45 + 0.37/0.12 + 0.98/0.26 = 0.58/0.26]
INFO:experiments.py:[188/1000] 2.67 sec: loss(t/v)=0.27/2.85, scores(t/v)=[0.65/0.32 + 0.54/0.43 + 0.33/0.13 + 0.98/0.26 = 0.58/0.26]
INFO:experiments.py:[189/1000] 2.58 sec: loss(t/v)=0.26/2.86, scores(t/v)=[0.66/0.32 + 0.55/0.43 + 0.33/0.12 + 0.99/0.24 = 0.59/0.25]
INFO:experiments.py:[190/1000] 2.58 sec: loss(t/v)=0.26/2.86, scores(t/v)=[0.61/0.33 + 0.54/0.43 + 0.35/0.12 + 0.99/0.24 = 0.58/0.25]
INFO:experiments.py:[191/1000] 2.59 sec: loss(t/v)=0.28/2.86, scores(t/v)=[0.61/0.34 + 0.50/0.42 + 0.36/0.13 + 0.99/0.24 = 0.57/0.26]
INFO:experiments.py:[192/1000] 2.59 sec: loss(t/v)=0.27/2.86, scores(t/v)=[0.64/0.33 + 0.49/0.42 + 0.37/0.15 + 0.99/0.24 = 0.58/0.27]
INFO:experiments.py:[193/1000] 2.58 sec: loss(t/v)=0.28/2.85, scores(t/v)=[0.63/0.33 + 0.48/0.43 + 0.34/0.14 + 0.99/0.24 = 0.57/0.27]
INFO:experiments.py:[194/1000] 2.58 sec: loss(t/v)=0.28/2.86, scores(t/v)=[0.63/0.32 + 0.47/0.44 + 0.30/0.14 + 0.98/0.24 = 0.54/0.26]
INFO:experiments.py:[195/1000] 2.57 sec: loss(t/v)=0.25/2.85, scores(t/v)=[0.64/0.31 + 0.57/0.43 + 0.34/0.14 + 0.99/0.24 = 0.59/0.26]
INFO:experiments.py:[196/1000] 2.58 sec: loss(t/v)=0.26/2.85, scores(t/v)=[0.64/0.31 + 0.55/0.44 + 0.35/0.14 + 0.98/0.24 = 0.59/0.26]
INFO:experiments.py:[197/1000] 2.59 sec: loss(t/v)=0.29/2.84, scores(t/v)=[0.61/0.32 + 0.51/0.45 + 0.37/0.12 + 0.98/0.24 = 0.58/0.26]
INFO:experiments.py:[198/1000] 2.58 sec: loss(t/v)=0.28/2.85, scores(t/v)=[0.65/0.34 + 0.51/0.45 + 0.33/0.13 + 0.99/0.24 = 0.57/0.26]
INFO:experiments.py:[199/1000] 2.57 sec: loss(t/v)=0.26/2.85, scores(t/v)=[0.65/0.35 + 0.58/0.45 + 0.29/0.13 + 0.99/0.24 = 0.57/0.27]
INFO:experiments.py:[200/1000] 2.58 sec: loss(t/v)=0.28/2.86, scores(t/v)=[0.63/0.35 + 0.51/0.45 + 0.30/0.14 + 0.98/0.24 = 0.56/0.27]
INFO:experiments.py:[201/1000] 2.59 sec: loss(t/v)=0.25/2.86, scores(t/v)=[0.67/0.32 + 0.51/0.45 + 0.36/0.14 + 0.98/0.24 = 0.59/0.26]
INFO:experiments.py:[202/1000] 2.58 sec: loss(t/v)=0.26/2.86, scores(t/v)=[0.65/0.32 + 0.53/0.43 + 0.33/0.14 + 1.00/0.24 = 0.58/0.26]
INFO:experiments.py:[203/1000] 2.58 sec: loss(t/v)=0.30/2.86, scores(t/v)=[0.59/0.31 + 0.48/0.44 + 0.33/0.15 + 0.98/0.24 = 0.55/0.26]
INFO:experiments.py:[204/1000] 2.58 sec: loss(t/v)=0.27/2.85, scores(t/v)=[0.63/0.32 + 0.50/0.44 + 0.38/0.14 + 0.98/0.24 = 0.59/0.26]
INFO:experiments.py:[205/1000] 2.58 sec: loss(t/v)=0.27/2.85, scores(t/v)=[0.64/0.31 + 0.53/0.45 + 0.36/0.14 + 0.99/0.26 = 0.59/0.27]
INFO:experiments.py:[206/1000] 2.58 sec: loss(t/v)=0.30/2.85, scores(t/v)=[0.63/0.32 + 0.53/0.45 + 0.32/0.14 + 0.98/0.26 = 0.57/0.27]
INFO:experiments.py:[207/1000] 2.58 sec: loss(t/v)=0.26/2.85, scores(t/v)=[0.64/0.33 + 0.51/0.45 + 0.35/0.13 + 0.99/0.26 = 0.58/0.27]
INFO:experiments.py:[208/1000] 2.58 sec: loss(t/v)=0.26/2.85, scores(t/v)=[0.64/0.34 + 0.49/0.45 + 0.37/0.14 + 0.99/0.24 = 0.59/0.27]
INFO:experiments.py:[209/1000] 2.58 sec: loss(t/v)=0.26/2.85, scores(t/v)=[0.64/0.34 + 0.53/0.45 + 0.32/0.13 + 0.99/0.24 = 0.57/0.27]
INFO:experiments.py:[210/1000] 2.58 sec: loss(t/v)=0.26/2.85, scores(t/v)=[0.64/0.36 + 0.51/0.45 + 0.32/0.14 + 0.99/0.24 = 0.57/0.27]
INFO:experiments.py:[211/1000] 2.58 sec: loss(t/v)=0.26/2.86, scores(t/v)=[0.66/0.32 + 0.47/0.45 + 0.37/0.13 + 0.99/0.24 = 0.58/0.26]
INFO:experiments.py:[212/1000] 2.57 sec: loss(t/v)=0.28/2.85, scores(t/v)=[0.64/0.32 + 0.48/0.45 + 0.32/0.14 + 0.99/0.26 = 0.56/0.27]
INFO:experiments.py:[213/1000] 2.57 sec: loss(t/v)=0.26/2.86, scores(t/v)=[0.64/0.32 + 0.53/0.45 + 0.36/0.15 + 0.98/0.26 = 0.59/0.27]
INFO:experiments.py:[214/1000] 2.58 sec: loss(t/v)=0.27/2.86, scores(t/v)=[0.63/0.33 + 0.50/0.44 + 0.37/0.15 + 0.99/0.26 = 0.58/0.27]
INFO:experiments.py:[215/1000] 2.61 sec: loss(t/v)=0.30/2.86, scores(t/v)=[0.63/0.33 + 0.49/0.42 + 0.37/0.15 + 0.98/0.26 = 0.58/0.27]
INFO:experiments.py:[216/1000] 2.61 sec: loss(t/v)=0.28/2.86, scores(t/v)=[0.64/0.31 + 0.49/0.42 + 0.36/0.14 + 0.98/0.26 = 0.58/0.26]
INFO:experiments.py:[217/1000] 2.62 sec: loss(t/v)=0.27/2.86, scores(t/v)=[0.65/0.30 + 0.56/0.43 + 0.32/0.15 + 0.98/0.26 = 0.58/0.26]
INFO:experiments.py:[218/1000] 2.64 sec: loss(t/v)=0.28/2.86, scores(t/v)=[0.62/0.31 + 0.50/0.42 + 0.34/0.14 + 0.99/0.26 = 0.57/0.26]
INFO:experiments.py:[219/1000] 2.65 sec: loss(t/v)=0.28/2.86, scores(t/v)=[0.63/0.31 + 0.52/0.43 + 0.35/0.15 + 0.99/0.26 = 0.58/0.27]
INFO:experiments.py:[220/1000] 2.64 sec: loss(t/v)=0.26/2.85, scores(t/v)=[0.68/0.32 + 0.54/0.43 + 0.33/0.14 + 0.99/0.26 = 0.59/0.27]
INFO:experiments.py:[221/1000] 2.62 sec: loss(t/v)=0.27/2.84, scores(t/v)=[0.60/0.33 + 0.51/0.44 + 0.34/0.16 + 1.00/0.27 = 0.57/0.28]
INFO:experiments.py:[222/1000] 2.64 sec: loss(t/v)=0.27/2.84, scores(t/v)=[0.68/0.33 + 0.53/0.44 + 0.33/0.14 + 0.99/0.26 = 0.59/0.27]
INFO:experiments.py:[223/1000] 2.64 sec: loss(t/v)=0.26/2.85, scores(t/v)=[0.66/0.33 + 0.53/0.43 + 0.37/0.14 + 1.00/0.24 = 0.60/0.26]
INFO:experiments.py:[224/1000] 2.64 sec: loss(t/v)=0.30/2.86, scores(t/v)=[0.66/0.31 + 0.52/0.42 + 0.30/0.14 + 0.99/0.26 = 0.57/0.26]
INFO:experiments.py:[225/1000] 2.64 sec: loss(t/v)=0.26/2.85, scores(t/v)=[0.63/0.31 + 0.51/0.43 + 0.35/0.14 + 0.98/0.26 = 0.58/0.26]
INFO:experiments.py:[226/1000] 2.65 sec: loss(t/v)=0.28/2.86, scores(t/v)=[0.65/0.32 + 0.46/0.43 + 0.33/0.13 + 0.98/0.26 = 0.56/0.26]
INFO:experiments.py:[227/1000] 2.63 sec: loss(t/v)=0.29/2.86, scores(t/v)=[0.64/0.31 + 0.51/0.44 + 0.30/0.14 + 0.98/0.26 = 0.55/0.27]
INFO:experiments.py:[228/1000] 2.64 sec: loss(t/v)=0.26/2.86, scores(t/v)=[0.66/0.31 + 0.51/0.45 + 0.39/0.14 + 1.00/0.24 = 0.60/0.26]
INFO:experiments.py:[229/1000] 2.64 sec: loss(t/v)=0.27/2.85, scores(t/v)=[0.60/0.31 + 0.53/0.45 + 0.38/0.14 + 0.99/0.27 = 0.59/0.27]
INFO:experiments.py:[230/1000] 2.64 sec: loss(t/v)=0.27/2.85, scores(t/v)=[0.63/0.32 + 0.50/0.44 + 0.35/0.15 + 0.98/0.27 = 0.57/0.27]
INFO:experiments.py:[231/1000] 2.64 sec: loss(t/v)=0.25/2.86, scores(t/v)=[0.63/0.31 + 0.52/0.43 + 0.36/0.14 + 0.99/0.24 = 0.59/0.26]
INFO:experiments.py:[232/1000] 2.63 sec: loss(t/v)=0.26/2.85, scores(t/v)=[0.64/0.33 + 0.52/0.42 + 0.33/0.14 + 0.99/0.24 = 0.57/0.26]
INFO:experiments.py:[233/1000] 2.63 sec: loss(t/v)=0.26/2.85, scores(t/v)=[0.68/0.33 + 0.51/0.44 + 0.36/0.13 + 0.98/0.26 = 0.59/0.26]
INFO:experiments.py:[234/1000] 2.64 sec: loss(t/v)=0.29/2.86, scores(t/v)=[0.63/0.33 + 0.50/0.43 + 0.35/0.12 + 0.96/0.24 = 0.57/0.25]
INFO:experiments.py:[235/1000] 2.63 sec: loss(t/v)=0.27/2.86, scores(t/v)=[0.67/0.33 + 0.56/0.44 + 0.33/0.12 + 1.00/0.24 = 0.59/0.25]
INFO:experiments.py:[236/1000] 2.63 sec: loss(t/v)=0.26/2.86, scores(t/v)=[0.67/0.32 + 0.57/0.43 + 0.33/0.13 + 0.99/0.24 = 0.59/0.26]
INFO:experiments.py:[237/1000] 2.64 sec: loss(t/v)=0.27/2.85, scores(t/v)=[0.65/0.34 + 0.54/0.44 + 0.29/0.13 + 0.98/0.26 = 0.56/0.27]
INFO:experiments.py:[238/1000] 2.63 sec: loss(t/v)=0.28/2.86, scores(t/v)=[0.62/0.31 + 0.51/0.44 + 0.39/0.13 + 0.99/0.26 = 0.59/0.26]
INFO:experiments.py:[239/1000] 2.64 sec: loss(t/v)=0.26/2.86, scores(t/v)=[0.62/0.32 + 0.54/0.44 + 0.37/0.12 + 0.98/0.24 = 0.59/0.25]
INFO:experiments.py:[240/1000] 2.63 sec: loss(t/v)=0.29/2.86, scores(t/v)=[0.62/0.33 + 0.52/0.44 + 0.36/0.13 + 0.98/0.26 = 0.58/0.27]
INFO:experiments.py:[241/1000] 2.63 sec: loss(t/v)=0.27/2.85, scores(t/v)=[0.65/0.35 + 0.51/0.44 + 0.34/0.13 + 0.98/0.26 = 0.58/0.27]
INFO:experiments.py:[242/1000] 2.63 sec: loss(t/v)=0.28/2.86, scores(t/v)=[0.62/0.33 + 0.49/0.44 + 0.38/0.14 + 0.98/0.24 = 0.58/0.26]
INFO:experiments.py:[243/1000] 2.63 sec: loss(t/v)=0.30/2.86, scores(t/v)=[0.63/0.33 + 0.52/0.43 + 0.29/0.13 + 0.98/0.24 = 0.55/0.26]
INFO:experiments.py:[244/1000] 2.63 sec: loss(t/v)=0.29/2.86, scores(t/v)=[0.61/0.33 + 0.49/0.43 + 0.31/0.13 + 0.99/0.24 = 0.55/0.26]
INFO:experiments.py:[245/1000] 2.64 sec: loss(t/v)=0.28/2.86, scores(t/v)=[0.63/0.33 + 0.52/0.42 + 0.30/0.13 + 0.99/0.24 = 0.56/0.26]
INFO:experiments.py:[246/1000] 2.63 sec: loss(t/v)=0.27/2.86, scores(t/v)=[0.64/0.34 + 0.52/0.42 + 0.39/0.13 + 0.99/0.24 = 0.60/0.26]
INFO:experiments.py:[247/1000] 2.62 sec: loss(t/v)=0.27/2.86, scores(t/v)=[0.66/0.33 + 0.53/0.42 + 0.32/0.13 + 0.99/0.26 = 0.58/0.26]
INFO:experiments.py:[248/1000] 2.63 sec: loss(t/v)=0.27/2.87, scores(t/v)=[0.64/0.32 + 0.55/0.42 + 0.41/0.13 + 0.99/0.24 = 0.61/0.26]
INFO:experiments.py:[249/1000] 2.63 sec: loss(t/v)=0.28/2.86, scores(t/v)=[0.63/0.33 + 0.48/0.43 + 0.37/0.14 + 1.00/0.26 = 0.58/0.27]
INFO:experiments.py:[250/1000] 2.64 sec: loss(t/v)=0.27/2.86, scores(t/v)=[0.65/0.34 + 0.55/0.44 + 0.38/0.13 + 0.98/0.26 = 0.60/0.27]
INFO:experiments.py:[251/1000] 2.63 sec: loss(t/v)=0.30/2.86, scores(t/v)=[0.67/0.32 + 0.51/0.42 + 0.34/0.13 + 0.97/0.26 = 0.58/0.26]
INFO:experiments.py:[252/1000] 2.63 sec: loss(t/v)=0.27/2.85, scores(t/v)=[0.64/0.31 + 0.54/0.45 + 0.28/0.14 + 1.00/0.26 = 0.56/0.27]
INFO:experiments.py:[253/1000] 2.63 sec: loss(t/v)=0.27/2.85, scores(t/v)=[0.64/0.31 + 0.52/0.45 + 0.30/0.13 + 0.99/0.24 = 0.56/0.26]
INFO:experiments.py:[254/1000] 2.64 sec: loss(t/v)=0.27/2.86, scores(t/v)=[0.65/0.31 + 0.58/0.44 + 0.34/0.12 + 0.99/0.26 = 0.60/0.25]
INFO:experiments.py:[255/1000] 2.63 sec: loss(t/v)=0.28/2.86, scores(t/v)=[0.60/0.32 + 0.52/0.44 + 0.34/0.13 + 0.98/0.26 = 0.57/0.26]
INFO:experiments.py:[256/1000] 2.64 sec: loss(t/v)=0.25/2.86, scores(t/v)=[0.69/0.32 + 0.54/0.44 + 0.32/0.12 + 1.00/0.24 = 0.59/0.25]
INFO:experiments.py:[257/1000] 2.63 sec: loss(t/v)=0.28/2.86, scores(t/v)=[0.66/0.33 + 0.51/0.43 + 0.32/0.12 + 0.98/0.26 = 0.57/0.26]
INFO:experiments.py:[258/1000] 2.64 sec: loss(t/v)=0.28/2.86, scores(t/v)=[0.65/0.34 + 0.52/0.44 + 0.32/0.13 + 1.00/0.26 = 0.57/0.26]
INFO:experiments.py:[259/1000] 2.64 sec: loss(t/v)=0.29/2.86, scores(t/v)=[0.67/0.33 + 0.53/0.42 + 0.33/0.13 + 0.99/0.26 = 0.58/0.26]
INFO:experiments.py:[260/1000] 2.63 sec: loss(t/v)=0.25/2.86, scores(t/v)=[0.64/0.34 + 0.51/0.44 + 0.35/0.15 + 1.00/0.24 = 0.58/0.27]
INFO:experiments.py:[261/1000] 2.64 sec: loss(t/v)=0.29/2.87, scores(t/v)=[0.59/0.32 + 0.54/0.42 + 0.29/0.13 + 0.98/0.26 = 0.55/0.26]
INFO:experiments.py:[262/1000] 2.64 sec: loss(t/v)=0.27/2.87, scores(t/v)=[0.67/0.32 + 0.54/0.42 + 0.40/0.13 + 1.00/0.24 = 0.61/0.26]
INFO:experiments.py:[263/1000] 2.64 sec: loss(t/v)=0.28/2.86, scores(t/v)=[0.65/0.32 + 0.55/0.44 + 0.38/0.13 + 0.99/0.24 = 0.61/0.26]
INFO:experiments.py:[264/1000] 2.78 sec: loss(t/v)=0.27/2.85, scores(t/v)=[0.65/0.34 + 0.51/0.45 + 0.40/0.13 + 0.99/0.26 = 0.60/0.27]
INFO:experiments.py:[265/1000] 2.78 sec: loss(t/v)=0.27/2.85, scores(t/v)=[0.65/0.34 + 0.57/0.45 + 0.35/0.13 + 0.99/0.26 = 0.60/0.27]
INFO:experiments.py:[266/1000] 2.78 sec: loss(t/v)=0.28/2.85, scores(t/v)=[0.63/0.33 + 0.49/0.45 + 0.34/0.15 + 0.98/0.26 = 0.57/0.27]
INFO:experiments.py:[267/1000] 2.73 sec: loss(t/v)=0.29/2.85, scores(t/v)=[0.64/0.32 + 0.55/0.45 + 0.36/0.14 + 0.97/0.24 = 0.59/0.26]
INFO:experiments.py:[268/1000] 2.68 sec: loss(t/v)=0.25/2.84, scores(t/v)=[0.62/0.32 + 0.55/0.44 + 0.34/0.14 + 0.99/0.26 = 0.58/0.27]
INFO:experiments.py:[269/1000] 2.71 sec: loss(t/v)=0.27/2.85, scores(t/v)=[0.67/0.32 + 0.51/0.43 + 0.34/0.15 + 1.00/0.24 = 0.58/0.27]
INFO:experiments.py:[270/1000] 2.73 sec: loss(t/v)=0.26/2.85, scores(t/v)=[0.64/0.32 + 0.52/0.43 + 0.37/0.13 + 0.99/0.24 = 0.59/0.26]
INFO:experiments.py:[271/1000] 2.72 sec: loss(t/v)=0.28/2.85, scores(t/v)=[0.67/0.33 + 0.55/0.43 + 0.33/0.13 + 0.99/0.24 = 0.59/0.26]
INFO:experiments.py:[272/1000] 2.67 sec: loss(t/v)=0.25/2.85, scores(t/v)=[0.63/0.34 + 0.50/0.43 + 0.38/0.12 + 0.99/0.24 = 0.59/0.26]
INFO:experiments.py:[273/1000] 2.66 sec: loss(t/v)=0.29/2.86, scores(t/v)=[0.63/0.33 + 0.56/0.44 + 0.33/0.14 + 0.98/0.26 = 0.58/0.27]
INFO:experiments.py:[274/1000] 2.67 sec: loss(t/v)=0.28/2.85, scores(t/v)=[0.60/0.33 + 0.54/0.45 + 0.38/0.13 + 0.99/0.26 = 0.59/0.26]
INFO:experiments.py:[275/1000] 2.68 sec: loss(t/v)=0.27/2.85, scores(t/v)=[0.61/0.34 + 0.54/0.45 + 0.35/0.14 + 0.98/0.24 = 0.58/0.27]
INFO:experiments.py:[276/1000] 2.67 sec: loss(t/v)=0.29/2.86, scores(t/v)=[0.63/0.34 + 0.55/0.44 + 0.36/0.13 + 0.97/0.26 = 0.59/0.27]
INFO:experiments.py:[277/1000] 2.70 sec: loss(t/v)=0.26/2.85, scores(t/v)=[0.65/0.33 + 0.56/0.45 + 0.33/0.13 + 0.98/0.26 = 0.59/0.27]
INFO:experiments.py:[278/1000] 2.70 sec: loss(t/v)=0.25/2.85, scores(t/v)=[0.65/0.34 + 0.50/0.45 + 0.38/0.12 + 0.99/0.26 = 0.59/0.26]
INFO:experiments.py:[279/1000] 2.69 sec: loss(t/v)=0.31/2.87, scores(t/v)=[0.59/0.32 + 0.53/0.43 + 0.24/0.12 + 0.97/0.26 = 0.52/0.26]
INFO:experiments.py:[280/1000] 2.69 sec: loss(t/v)=0.27/2.86, scores(t/v)=[0.64/0.32 + 0.51/0.43 + 0.30/0.12 + 1.00/0.26 = 0.56/0.25]
INFO:experiments.py:[281/1000] 2.69 sec: loss(t/v)=0.26/2.86, scores(t/v)=[0.65/0.33 + 0.52/0.44 + 0.36/0.12 + 0.99/0.24 = 0.59/0.26]
INFO:experiments.py:[282/1000] 2.68 sec: loss(t/v)=0.26/2.86, scores(t/v)=[0.69/0.33 + 0.55/0.44 + 0.35/0.12 + 0.99/0.24 = 0.60/0.25]
INFO:experiments.py:[283/1000] 2.68 sec: loss(t/v)=0.28/2.85, scores(t/v)=[0.65/0.33 + 0.51/0.44 + 0.35/0.13 + 0.99/0.24 = 0.58/0.26]
INFO:experiments.py:[284/1000] 2.67 sec: loss(t/v)=0.27/2.85, scores(t/v)=[0.63/0.32 + 0.50/0.43 + 0.37/0.11 + 0.99/0.26 = 0.58/0.25]
INFO:experiments.py:[285/1000] 2.67 sec: loss(t/v)=0.28/2.86, scores(t/v)=[0.62/0.33 + 0.52/0.42 + 0.35/0.11 + 0.99/0.24 = 0.58/0.25]
INFO:experiments.py:[286/1000] 2.68 sec: loss(t/v)=0.26/2.86, scores(t/v)=[0.63/0.33 + 0.57/0.42 + 0.34/0.13 + 0.99/0.24 = 0.59/0.26]
INFO:experiments.py:[287/1000] 2.69 sec: loss(t/v)=0.27/2.86, scores(t/v)=[0.66/0.33 + 0.51/0.41 + 0.33/0.12 + 0.99/0.24 = 0.58/0.25]
INFO:experiments.py:[288/1000] 2.71 sec: loss(t/v)=0.29/2.85, scores(t/v)=[0.62/0.32 + 0.52/0.42 + 0.30/0.13 + 0.98/0.26 = 0.55/0.26]
INFO:experiments.py:[289/1000] 2.70 sec: loss(t/v)=0.28/2.86, scores(t/v)=[0.65/0.32 + 0.52/0.44 + 0.31/0.14 + 0.98/0.24 = 0.56/0.26]
INFO:experiments.py:[290/1000] 2.70 sec: loss(t/v)=0.33/2.86, scores(t/v)=[0.61/0.32 + 0.48/0.43 + 0.33/0.15 + 0.99/0.24 = 0.56/0.27]
INFO:experiments.py:[291/1000] 2.70 sec: loss(t/v)=0.25/2.85, scores(t/v)=[0.64/0.32 + 0.51/0.43 + 0.34/0.15 + 1.00/0.26 = 0.57/0.27]
INFO:experiments.py:[292/1000] 2.68 sec: loss(t/v)=0.27/2.85, scores(t/v)=[0.66/0.32 + 0.52/0.43 + 0.28/0.16 + 0.98/0.26 = 0.56/0.27]
INFO:experiments.py:[293/1000] 2.68 sec: loss(t/v)=0.27/2.85, scores(t/v)=[0.65/0.30 + 0.54/0.44 + 0.30/0.15 + 0.99/0.24 = 0.57/0.26]
INFO:experiments.py:[294/1000] 2.74 sec: loss(t/v)=0.27/2.86, scores(t/v)=[0.65/0.32 + 0.52/0.44 + 0.36/0.14 + 0.99/0.24 = 0.59/0.26]
INFO:experiments.py:[295/1000] 2.70 sec: loss(t/v)=0.27/2.86, scores(t/v)=[0.64/0.30 + 0.47/0.42 + 0.30/0.14 + 1.00/0.26 = 0.55/0.26]
INFO:experiments.py:[296/1000] 2.69 sec: loss(t/v)=0.26/2.84, scores(t/v)=[0.68/0.32 + 0.54/0.43 + 0.32/0.14 + 0.98/0.26 = 0.58/0.27]
INFO:experiments.py:[297/1000] 2.70 sec: loss(t/v)=0.27/2.85, scores(t/v)=[0.65/0.33 + 0.51/0.44 + 0.34/0.13 + 0.98/0.24 = 0.58/0.26]
INFO:experiments.py:[298/1000] 2.71 sec: loss(t/v)=0.28/2.85, scores(t/v)=[0.67/0.34 + 0.55/0.42 + 0.30/0.14 + 0.99/0.24 = 0.58/0.26]
INFO:experiments.py:[299/1000] 2.70 sec: loss(t/v)=0.29/2.85, scores(t/v)=[0.61/0.34 + 0.52/0.42 + 0.31/0.13 + 0.98/0.24 = 0.56/0.26]
INFO:experiments.py:[300/1000] 2.70 sec: loss(t/v)=0.26/2.85, scores(t/v)=[0.61/0.32 + 0.53/0.43 + 0.33/0.15 + 1.00/0.26 = 0.57/0.27]
INFO:experiments.py:[301/1000] 2.71 sec: loss(t/v)=0.28/2.86, scores(t/v)=[0.61/0.33 + 0.56/0.43 + 0.29/0.14 + 0.99/0.24 = 0.56/0.26]
INFO:experiments.py:[302/1000] 2.69 sec: loss(t/v)=0.26/2.85, scores(t/v)=[0.65/0.32 + 0.48/0.44 + 0.34/0.14 + 0.99/0.24 = 0.57/0.26]
INFO:experiments.py:[303/1000] 2.68 sec: loss(t/v)=0.27/2.84, scores(t/v)=[0.68/0.33 + 0.54/0.43 + 0.35/0.15 + 0.99/0.24 = 0.60/0.27]
INFO:experiments.py:[304/1000] 2.67 sec: loss(t/v)=0.29/2.85, scores(t/v)=[0.63/0.32 + 0.53/0.43 + 0.38/0.13 + 0.98/0.24 = 0.59/0.26]
INFO:experiments.py:[305/1000] 2.68 sec: loss(t/v)=0.26/2.85, scores(t/v)=[0.68/0.34 + 0.54/0.43 + 0.31/0.14 + 0.99/0.24 = 0.58/0.27]
INFO:experiments.py:[306/1000] 2.68 sec: loss(t/v)=0.26/2.86, scores(t/v)=[0.65/0.32 + 0.52/0.44 + 0.40/0.14 + 0.99/0.24 = 0.60/0.26]
INFO:experiments.py:[307/1000] 2.69 sec: loss(t/v)=0.28/2.86, scores(t/v)=[0.66/0.33 + 0.54/0.44 + 0.32/0.13 + 0.99/0.26 = 0.58/0.27]
INFO:experiments.py:[308/1000] 2.71 sec: loss(t/v)=0.26/2.86, scores(t/v)=[0.65/0.32 + 0.51/0.45 + 0.28/0.13 + 0.99/0.26 = 0.55/0.26]
INFO:experiments.py:[309/1000] 2.70 sec: loss(t/v)=0.26/2.86, scores(t/v)=[0.66/0.33 + 0.54/0.44 + 0.31/0.13 + 0.99/0.24 = 0.57/0.26]
INFO:experiments.py:[310/1000] 2.70 sec: loss(t/v)=0.26/2.86, scores(t/v)=[0.66/0.34 + 0.54/0.44 + 0.32/0.13 + 0.99/0.24 = 0.58/0.26]
INFO:experiments.py:[311/1000] 2.70 sec: loss(t/v)=0.28/2.85, scores(t/v)=[0.66/0.33 + 0.53/0.45 + 0.38/0.13 + 0.98/0.26 = 0.60/0.27]
INFO:experiments.py:[312/1000] 2.68 sec: loss(t/v)=0.26/2.85, scores(t/v)=[0.65/0.34 + 0.55/0.43 + 0.35/0.13 + 0.99/0.26 = 0.59/0.27]
INFO:experiments.py:[313/1000] 2.66 sec: loss(t/v)=0.25/2.85, scores(t/v)=[0.66/0.33 + 0.53/0.42 + 0.36/0.12 + 1.00/0.26 = 0.60/0.26]
INFO:experiments.py:[314/1000] 2.67 sec: loss(t/v)=0.26/2.85, scores(t/v)=[0.61/0.32 + 0.50/0.44 + 0.33/0.13 + 0.98/0.26 = 0.56/0.26]
INFO:experiments.py:[315/1000] 2.68 sec: loss(t/v)=0.26/2.85, scores(t/v)=[0.65/0.33 + 0.53/0.43 + 0.38/0.12 + 1.00/0.26 = 0.60/0.26]
INFO:experiments.py:[316/1000] 2.67 sec: loss(t/v)=0.28/2.86, scores(t/v)=[0.63/0.34 + 0.53/0.43 + 0.33/0.13 + 0.98/0.24 = 0.57/0.26]
INFO:experiments.py:[317/1000] 2.68 sec: loss(t/v)=0.28/2.85, scores(t/v)=[0.63/0.35 + 0.52/0.44 + 0.31/0.13 + 0.99/0.24 = 0.56/0.26]
INFO:experiments.py:[318/1000] 2.71 sec: loss(t/v)=0.28/2.86, scores(t/v)=[0.63/0.34 + 0.51/0.42 + 0.33/0.13 + 0.99/0.24 = 0.57/0.26]
INFO:experiments.py:[319/1000] 2.75 sec: loss(t/v)=0.28/2.86, scores(t/v)=[0.64/0.33 + 0.58/0.43 + 0.36/0.13 + 0.98/0.24 = 0.60/0.26]
INFO:experiments.py:[320/1000] 2.72 sec: loss(t/v)=0.27/2.85, scores(t/v)=[0.64/0.31 + 0.50/0.44 + 0.29/0.13 + 0.99/0.24 = 0.55/0.26]
INFO:experiments.py:[321/1000] 2.70 sec: loss(t/v)=0.29/2.85, scores(t/v)=[0.62/0.33 + 0.51/0.44 + 0.37/0.13 + 0.99/0.26 = 0.58/0.27]
INFO:experiments.py:[322/1000] 2.71 sec: loss(t/v)=0.28/2.85, scores(t/v)=[0.63/0.33 + 0.52/0.45 + 0.35/0.14 + 0.99/0.27 = 0.58/0.28]
INFO:experiments.py:[323/1000] 2.67 sec: loss(t/v)=0.25/2.85, scores(t/v)=[0.68/0.35 + 0.55/0.44 + 0.38/0.14 + 1.00/0.27 = 0.61/0.28]
INFO:experiments.py:[324/1000] 2.69 sec: loss(t/v)=0.28/2.85, scores(t/v)=[0.61/0.33 + 0.51/0.43 + 0.34/0.13 + 0.99/0.26 = 0.57/0.26]
INFO:experiments.py:[325/1000] 2.69 sec: loss(t/v)=0.27/2.86, scores(t/v)=[0.62/0.34 + 0.53/0.41 + 0.36/0.12 + 1.00/0.27 = 0.59/0.26]
INFO:experiments.py:[326/1000] 2.69 sec: loss(t/v)=0.28/2.85, scores(t/v)=[0.67/0.32 + 0.51/0.44 + 0.38/0.14 + 0.99/0.27 = 0.60/0.27]
INFO:experiments.py:[327/1000] 2.68 sec: loss(t/v)=0.27/2.85, scores(t/v)=[0.64/0.33 + 0.56/0.43 + 0.33/0.14 + 0.99/0.26 = 0.58/0.27]
INFO:experiments.py:[328/1000] 2.72 sec: loss(t/v)=0.28/2.85, scores(t/v)=[0.62/0.34 + 0.52/0.44 + 0.34/0.13 + 0.98/0.26 = 0.57/0.27]
INFO:experiments.py:[329/1000] 2.71 sec: loss(t/v)=0.27/2.85, scores(t/v)=[0.67/0.34 + 0.51/0.44 + 0.34/0.13 + 0.98/0.26 = 0.58/0.27]
INFO:experiments.py:[330/1000] 2.72 sec: loss(t/v)=0.26/2.84, scores(t/v)=[0.67/0.33 + 0.49/0.44 + 0.24/0.13 + 0.99/0.26 = 0.53/0.26]
INFO:experiments.py:[331/1000] 2.72 sec: loss(t/v)=0.25/2.84, scores(t/v)=[0.66/0.34 + 0.56/0.44 + 0.34/0.13 + 1.00/0.26 = 0.59/0.27]
INFO:experiments.py:[332/1000] 2.70 sec: loss(t/v)=0.25/2.84, scores(t/v)=[0.65/0.33 + 0.55/0.43 + 0.40/0.12 + 0.99/0.24 = 0.61/0.26]
INFO:experiments.py:[333/1000] 2.69 sec: loss(t/v)=0.26/2.84, scores(t/v)=[0.68/0.33 + 0.53/0.44 + 0.35/0.12 + 0.99/0.24 = 0.60/0.26]
INFO:experiments.py:[334/1000] 2.68 sec: loss(t/v)=0.26/2.84, scores(t/v)=[0.66/0.32 + 0.52/0.44 + 0.38/0.13 + 1.00/0.24 = 0.60/0.26]
INFO:experiments.py:[335/1000] 2.68 sec: loss(t/v)=0.26/2.84, scores(t/v)=[0.68/0.32 + 0.57/0.44 + 0.35/0.12 + 0.99/0.26 = 0.61/0.26]
INFO:experiments.py:[336/1000] 2.68 sec: loss(t/v)=0.26/2.84, scores(t/v)=[0.65/0.34 + 0.53/0.44 + 0.35/0.13 + 0.99/0.26 = 0.59/0.27]
INFO:experiments.py:[337/1000] 2.69 sec: loss(t/v)=0.26/2.83, scores(t/v)=[0.64/0.34 + 0.54/0.44 + 0.35/0.13 + 0.98/0.24 = 0.59/0.26]
INFO:experiments.py:[338/1000] 2.70 sec: loss(t/v)=0.27/2.84, scores(t/v)=[0.67/0.33 + 0.52/0.44 + 0.32/0.14 + 0.99/0.24 = 0.58/0.26]
INFO:experiments.py:[339/1000] 2.70 sec: loss(t/v)=0.28/2.85, scores(t/v)=[0.60/0.33 + 0.51/0.45 + 0.33/0.13 + 0.99/0.26 = 0.56/0.26]
INFO:experiments.py:[340/1000] 2.70 sec: loss(t/v)=0.27/2.85, scores(t/v)=[0.65/0.33 + 0.52/0.44 + 0.31/0.12 + 0.99/0.26 = 0.57/0.26]
INFO:experiments.py:[341/1000] 2.71 sec: loss(t/v)=0.28/2.85, scores(t/v)=[0.61/0.33 + 0.54/0.45 + 0.32/0.12 + 0.99/0.26 = 0.57/0.26]
INFO:experiments.py:[342/1000] 2.70 sec: loss(t/v)=0.26/2.85, scores(t/v)=[0.61/0.31 + 0.56/0.45 + 0.33/0.14 + 1.00/0.26 = 0.58/0.27]
INFO:experiments.py:[343/1000] 2.70 sec: loss(t/v)=0.29/2.86, scores(t/v)=[0.65/0.31 + 0.52/0.44 + 0.32/0.13 + 0.98/0.26 = 0.57/0.26]
INFO:experiments.py:[344/1000] 2.68 sec: loss(t/v)=0.27/2.86, scores(t/v)=[0.66/0.32 + 0.51/0.44 + 0.29/0.13 + 0.99/0.24 = 0.56/0.26]
INFO:experiments.py:[345/1000] 2.67 sec: loss(t/v)=0.29/2.85, scores(t/v)=[0.65/0.32 + 0.54/0.45 + 0.36/0.14 + 0.98/0.24 = 0.59/0.26]
INFO:experiments.py:[346/1000] 2.66 sec: loss(t/v)=0.26/2.85, scores(t/v)=[0.64/0.33 + 0.54/0.44 + 0.36/0.14 + 1.00/0.24 = 0.59/0.26]
INFO:experiments.py:[347/1000] 2.66 sec: loss(t/v)=0.28/2.86, scores(t/v)=[0.63/0.33 + 0.55/0.43 + 0.39/0.14 + 0.99/0.24 = 0.61/0.26]
INFO:experiments.py:[348/1000] 2.68 sec: loss(t/v)=0.29/2.85, scores(t/v)=[0.64/0.34 + 0.51/0.44 + 0.35/0.14 + 0.97/0.24 = 0.58/0.27]
INFO:experiments.py:[349/1000] 2.64 sec: loss(t/v)=0.28/2.85, scores(t/v)=[0.67/0.33 + 0.50/0.43 + 0.38/0.14 + 0.98/0.24 = 0.59/0.26]
INFO:experiments.py:[350/1000] 2.62 sec: loss(t/v)=0.27/2.84, scores(t/v)=[0.62/0.34 + 0.51/0.43 + 0.33/0.14 + 0.98/0.26 = 0.57/0.27]
INFO:experiments.py:[351/1000] 2.61 sec: loss(t/v)=0.28/2.85, scores(t/v)=[0.61/0.32 + 0.52/0.44 + 0.31/0.15 + 1.00/0.26 = 0.56/0.27]
INFO:experiments.py:[352/1000] 2.62 sec: loss(t/v)=0.27/2.85, scores(t/v)=[0.62/0.32 + 0.51/0.43 + 0.35/0.15 + 1.00/0.26 = 0.58/0.27]
INFO:experiments.py:[353/1000] 2.65 sec: loss(t/v)=0.28/2.85, scores(t/v)=[0.62/0.32 + 0.55/0.44 + 0.32/0.15 + 0.99/0.26 = 0.58/0.27]
INFO:experiments.py:[354/1000] 2.70 sec: loss(t/v)=0.27/2.85, scores(t/v)=[0.63/0.32 + 0.48/0.45 + 0.31/0.14 + 0.99/0.26 = 0.55/0.27]
INFO:experiments.py:[355/1000] 2.70 sec: loss(t/v)=0.26/2.85, scores(t/v)=[0.60/0.32 + 0.53/0.44 + 0.30/0.14 + 0.99/0.24 = 0.55/0.26]
INFO:experiments.py:[356/1000] 2.72 sec: loss(t/v)=0.28/2.86, scores(t/v)=[0.58/0.32 + 0.47/0.44 + 0.28/0.15 + 0.99/0.24 = 0.52/0.27]
INFO:experiments.py:[357/1000] 2.71 sec: loss(t/v)=0.27/2.85, scores(t/v)=[0.65/0.32 + 0.52/0.45 + 0.34/0.16 + 0.99/0.24 = 0.58/0.27]
INFO:experiments.py:[358/1000] 2.69 sec: loss(t/v)=0.27/2.86, scores(t/v)=[0.62/0.33 + 0.55/0.44 + 0.34/0.14 + 0.99/0.24 = 0.58/0.26]
INFO:experiments.py:[359/1000] 2.74 sec: loss(t/v)=0.28/2.87, scores(t/v)=[0.64/0.33 + 0.55/0.43 + 0.32/0.13 + 0.98/0.24 = 0.58/0.26]
INFO:experiments.py:[360/1000] 2.78 sec: loss(t/v)=0.28/2.87, scores(t/v)=[0.63/0.33 + 0.52/0.43 + 0.34/0.13 + 0.99/0.24 = 0.58/0.26]
INFO:experiments.py:[361/1000] 2.66 sec: loss(t/v)=0.28/2.86, scores(t/v)=[0.64/0.33 + 0.50/0.42 + 0.35/0.14 + 0.98/0.26 = 0.58/0.26]
INFO:experiments.py:[362/1000] 2.67 sec: loss(t/v)=0.27/2.86, scores(t/v)=[0.64/0.31 + 0.50/0.43 + 0.34/0.13 + 0.98/0.26 = 0.57/0.26]
INFO:experiments.py:[363/1000] 2.64 sec: loss(t/v)=0.27/2.86, scores(t/v)=[0.62/0.32 + 0.49/0.43 + 0.31/0.14 + 0.99/0.26 = 0.55/0.26]
INFO:experiments.py:[364/1000] 2.64 sec: loss(t/v)=0.30/2.85, scores(t/v)=[0.62/0.32 + 0.54/0.42 + 0.32/0.13 + 0.98/0.24 = 0.57/0.26]
INFO:experiments.py:[365/1000] 2.64 sec: loss(t/v)=0.27/2.86, scores(t/v)=[0.66/0.32 + 0.53/0.42 + 0.31/0.13 + 0.98/0.24 = 0.57/0.25]
INFO:experiments.py:[366/1000] 2.65 sec: loss(t/v)=0.26/2.85, scores(t/v)=[0.70/0.33 + 0.53/0.43 + 0.27/0.14 + 0.99/0.24 = 0.56/0.26]
INFO:experiments.py:[367/1000] 2.64 sec: loss(t/v)=0.27/2.85, scores(t/v)=[0.66/0.33 + 0.55/0.45 + 0.35/0.12 + 0.98/0.26 = 0.60/0.26]
INFO:experiments.py:[368/1000] 2.64 sec: loss(t/v)=0.30/2.86, scores(t/v)=[0.62/0.34 + 0.48/0.44 + 0.34/0.13 + 0.99/0.24 = 0.56/0.26]
INFO:experiments.py:[369/1000] 2.65 sec: loss(t/v)=0.26/2.86, scores(t/v)=[0.62/0.32 + 0.53/0.44 + 0.31/0.13 + 0.98/0.26 = 0.56/0.26]
INFO:experiments.py:[370/1000] 2.63 sec: loss(t/v)=0.28/2.87, scores(t/v)=[0.62/0.32 + 0.53/0.43 + 0.29/0.13 + 0.98/0.24 = 0.55/0.26]
INFO:experiments.py:[371/1000] 2.64 sec: loss(t/v)=0.26/2.86, scores(t/v)=[0.64/0.34 + 0.52/0.43 + 0.39/0.14 + 0.99/0.24 = 0.60/0.26]
INFO:experiments.py:[372/1000] 2.64 sec: loss(t/v)=0.29/2.86, scores(t/v)=[0.62/0.34 + 0.50/0.44 + 0.30/0.14 + 0.99/0.24 = 0.55/0.27]
INFO:experiments.py:[373/1000] 2.63 sec: loss(t/v)=0.25/2.86, scores(t/v)=[0.65/0.33 + 0.55/0.44 + 0.31/0.14 + 0.99/0.24 = 0.58/0.26]
INFO:experiments.py:[374/1000] 2.64 sec: loss(t/v)=0.27/2.86, scores(t/v)=[0.65/0.34 + 0.55/0.45 + 0.31/0.14 + 0.98/0.24 = 0.57/0.27]
INFO:experiments.py:[375/1000] 2.63 sec: loss(t/v)=0.26/2.85, scores(t/v)=[0.64/0.34 + 0.56/0.44 + 0.38/0.13 + 1.00/0.24 = 0.61/0.26]
INFO:experiments.py:[376/1000] 2.62 sec: loss(t/v)=0.28/2.84, scores(t/v)=[0.64/0.35 + 0.53/0.44 + 0.33/0.14 + 0.99/0.26 = 0.57/0.27]
INFO:experiments.py:[377/1000] 2.63 sec: loss(t/v)=0.30/2.86, scores(t/v)=[0.60/0.34 + 0.53/0.44 + 0.31/0.13 + 0.99/0.26 = 0.56/0.27]
INFO:experiments.py:[378/1000] 2.64 sec: loss(t/v)=0.28/2.85, scores(t/v)=[0.63/0.34 + 0.57/0.44 + 0.39/0.13 + 0.99/0.24 = 0.61/0.26]
INFO:experiments.py:[379/1000] 2.64 sec: loss(t/v)=0.29/2.86, scores(t/v)=[0.62/0.35 + 0.52/0.45 + 0.33/0.13 + 0.99/0.26 = 0.57/0.27]
INFO:experiments.py:[380/1000] 2.64 sec: loss(t/v)=0.27/2.86, scores(t/v)=[0.66/0.34 + 0.52/0.46 + 0.34/0.13 + 0.99/0.26 = 0.58/0.27]
INFO:experiments.py:[381/1000] 2.64 sec: loss(t/v)=0.29/2.86, scores(t/v)=[0.63/0.33 + 0.52/0.44 + 0.30/0.14 + 0.99/0.24 = 0.56/0.27]
INFO:experiments.py:[382/1000] 2.64 sec: loss(t/v)=0.28/2.85, scores(t/v)=[0.63/0.33 + 0.54/0.46 + 0.33/0.14 + 0.98/0.24 = 0.58/0.27]
INFO:experiments.py:[383/1000] 2.63 sec: loss(t/v)=0.27/2.85, scores(t/v)=[0.65/0.33 + 0.49/0.44 + 0.32/0.13 + 1.00/0.24 = 0.57/0.26]
INFO:experiments.py:[384/1000] 2.63 sec: loss(t/v)=0.28/2.85, scores(t/v)=[0.61/0.34 + 0.51/0.45 + 0.37/0.13 + 0.98/0.26 = 0.58/0.27]
INFO:experiments.py:[385/1000] 2.63 sec: loss(t/v)=0.27/2.86, scores(t/v)=[0.63/0.32 + 0.52/0.44 + 0.37/0.14 + 0.99/0.24 = 0.59/0.26]
INFO:experiments.py:[386/1000] 2.64 sec: loss(t/v)=0.27/2.86, scores(t/v)=[0.63/0.32 + 0.55/0.45 + 0.31/0.14 + 0.99/0.26 = 0.57/0.27]
INFO:experiments.py:[387/1000] 2.63 sec: loss(t/v)=0.25/2.86, scores(t/v)=[0.68/0.33 + 0.52/0.44 + 0.37/0.14 + 0.99/0.24 = 0.60/0.27]
INFO:experiments.py:[388/1000] 2.64 sec: loss(t/v)=0.27/2.87, scores(t/v)=[0.65/0.31 + 0.53/0.43 + 0.29/0.13 + 0.98/0.24 = 0.56/0.26]
INFO:experiments.py:[389/1000] 2.63 sec: loss(t/v)=0.27/2.87, scores(t/v)=[0.64/0.32 + 0.57/0.44 + 0.32/0.12 + 0.99/0.24 = 0.58/0.25]
INFO:experiments.py:[390/1000] 2.63 sec: loss(t/v)=0.29/2.86, scores(t/v)=[0.65/0.33 + 0.53/0.45 + 0.32/0.13 + 0.98/0.26 = 0.57/0.27]
INFO:experiments.py:[391/1000] 2.63 sec: loss(t/v)=0.29/2.86, scores(t/v)=[0.64/0.33 + 0.51/0.45 + 0.34/0.13 + 0.98/0.26 = 0.58/0.27]
INFO:experiments.py:[392/1000] 2.63 sec: loss(t/v)=0.26/2.86, scores(t/v)=[0.67/0.33 + 0.52/0.44 + 0.41/0.15 + 0.99/0.26 = 0.61/0.27]
INFO:experiments.py:[393/1000] 2.64 sec: loss(t/v)=0.27/2.87, scores(t/v)=[0.66/0.33 + 0.55/0.45 + 0.31/0.15 + 0.98/0.24 = 0.57/0.27]
INFO:experiments.py:[394/1000] 2.59 sec: loss(t/v)=0.26/2.86, scores(t/v)=[0.65/0.33 + 0.50/0.45 + 0.31/0.14 + 1.00/0.26 = 0.57/0.27]
INFO:experiments.py:[395/1000] 2.60 sec: loss(t/v)=0.25/2.86, scores(t/v)=[0.63/0.34 + 0.54/0.45 + 0.36/0.14 + 1.00/0.24 = 0.59/0.27]
INFO:experiments.py:[396/1000] 2.60 sec: loss(t/v)=0.26/2.85, scores(t/v)=[0.66/0.33 + 0.52/0.45 + 0.31/0.14 + 0.99/0.26 = 0.57/0.27]
INFO:experiments.py:[397/1000] 2.60 sec: loss(t/v)=0.29/2.85, scores(t/v)=[0.63/0.33 + 0.52/0.44 + 0.36/0.14 + 0.98/0.26 = 0.58/0.27]
INFO:experiments.py:[398/1000] 2.60 sec: loss(t/v)=0.27/2.85, scores(t/v)=[0.70/0.33 + 0.55/0.43 + 0.37/0.14 + 1.00/0.26 = 0.61/0.27]
INFO:experiments.py:[399/1000] 2.59 sec: loss(t/v)=0.26/2.85, scores(t/v)=[0.64/0.34 + 0.52/0.44 + 0.34/0.13 + 0.98/0.26 = 0.58/0.26]
INFO:experiments.py:[400/1000] 2.67 sec: loss(t/v)=0.28/2.85, scores(t/v)=[0.60/0.33 + 0.52/0.44 + 0.35/0.12 + 0.99/0.26 = 0.57/0.26]
INFO:experiments.py:[401/1000] 2.73 sec: loss(t/v)=0.27/2.85, scores(t/v)=[0.66/0.33 + 0.56/0.46 + 0.36/0.13 + 0.99/0.26 = 0.60/0.26]
INFO:experiments.py:[402/1000] 2.77 sec: loss(t/v)=0.25/2.85, scores(t/v)=[0.69/0.34 + 0.54/0.45 + 0.36/0.14 + 0.99/0.26 = 0.60/0.27]
INFO:experiments.py:[403/1000] 2.76 sec: loss(t/v)=0.29/2.84, scores(t/v)=[0.68/0.33 + 0.50/0.45 + 0.35/0.15 + 0.99/0.26 = 0.59/0.28]
INFO:experiments.py:[404/1000] 2.75 sec: loss(t/v)=0.27/2.84, scores(t/v)=[0.65/0.34 + 0.56/0.44 + 0.32/0.15 + 0.98/0.26 = 0.58/0.28]
INFO:experiments.py:[405/1000] 2.75 sec: loss(t/v)=0.26/2.84, scores(t/v)=[0.68/0.35 + 0.57/0.45 + 0.42/0.14 + 0.99/0.26 = 0.63/0.27]
INFO:experiments.py:[406/1000] 2.68 sec: loss(t/v)=0.27/2.84, scores(t/v)=[0.66/0.34 + 0.52/0.45 + 0.33/0.15 + 0.98/0.26 = 0.58/0.28]
INFO:experiments.py:[407/1000] 2.66 sec: loss(t/v)=0.25/2.84, scores(t/v)=[0.64/0.33 + 0.50/0.45 + 0.37/0.14 + 1.00/0.26 = 0.59/0.27]
INFO:experiments.py:[408/1000] 2.68 sec: loss(t/v)=0.28/2.84, scores(t/v)=[0.60/0.33 + 0.52/0.45 + 0.34/0.14 + 0.98/0.26 = 0.57/0.27]
INFO:experiments.py:[409/1000] 2.69 sec: loss(t/v)=0.28/2.86, scores(t/v)=[0.60/0.33 + 0.51/0.44 + 0.35/0.13 + 0.99/0.26 = 0.57/0.27]
INFO:experiments.py:[410/1000] 2.65 sec: loss(t/v)=0.28/2.85, scores(t/v)=[0.62/0.35 + 0.55/0.44 + 0.31/0.14 + 0.98/0.24 = 0.57/0.27]
INFO:experiments.py:[411/1000] 2.62 sec: loss(t/v)=0.26/2.86, scores(t/v)=[0.60/0.32 + 0.55/0.43 + 0.30/0.14 + 1.00/0.24 = 0.56/0.26]
INFO:experiments.py:[412/1000] 2.61 sec: loss(t/v)=0.26/2.85, scores(t/v)=[0.66/0.33 + 0.56/0.44 + 0.35/0.13 + 0.98/0.24 = 0.60/0.26]
INFO:experiments.py:[413/1000] 2.61 sec: loss(t/v)=0.28/2.86, scores(t/v)=[0.64/0.34 + 0.50/0.44 + 0.33/0.13 + 0.98/0.24 = 0.57/0.26]
INFO:experiments.py:[414/1000] 2.70 sec: loss(t/v)=0.27/2.84, scores(t/v)=[0.66/0.33 + 0.51/0.45 + 0.36/0.14 + 0.98/0.24 = 0.59/0.27]
INFO:experiments.py:[415/1000] 2.66 sec: loss(t/v)=0.27/2.85, scores(t/v)=[0.63/0.33 + 0.51/0.45 + 0.35/0.14 + 0.99/0.24 = 0.58/0.27]
INFO:experiments.py:[416/1000] 2.64 sec: loss(t/v)=0.25/2.85, scores(t/v)=[0.65/0.34 + 0.52/0.45 + 0.34/0.13 + 0.99/0.26 = 0.58/0.27]
INFO:experiments.py:[417/1000] 2.66 sec: loss(t/v)=0.25/2.84, scores(t/v)=[0.68/0.33 + 0.53/0.43 + 0.36/0.14 + 0.99/0.24 = 0.60/0.26]
INFO:experiments.py:[418/1000] 2.62 sec: loss(t/v)=0.27/2.85, scores(t/v)=[0.62/0.32 + 0.51/0.43 + 0.34/0.13 + 0.99/0.24 = 0.57/0.26]
INFO:experiments.py:[419/1000] 2.62 sec: loss(t/v)=0.29/2.85, scores(t/v)=[0.60/0.32 + 0.52/0.43 + 0.31/0.13 + 0.98/0.24 = 0.55/0.25]
INFO:experiments.py:[420/1000] 2.71 sec: loss(t/v)=0.28/2.86, scores(t/v)=[0.62/0.31 + 0.53/0.44 + 0.32/0.13 + 0.99/0.24 = 0.56/0.26]
INFO:experiments.py:[421/1000] 2.65 sec: loss(t/v)=0.29/2.87, scores(t/v)=[0.58/0.31 + 0.54/0.44 + 0.31/0.12 + 0.99/0.24 = 0.56/0.25]
INFO:experiments.py:[422/1000] 2.65 sec: loss(t/v)=0.28/2.87, scores(t/v)=[0.65/0.32 + 0.54/0.45 + 0.33/0.12 + 0.99/0.24 = 0.58/0.25]
INFO:experiments.py:[423/1000] 2.64 sec: loss(t/v)=0.25/2.85, scores(t/v)=[0.69/0.32 + 0.54/0.43 + 0.37/0.11 + 0.99/0.24 = 0.61/0.25]
INFO:experiments.py:[424/1000] 2.64 sec: loss(t/v)=0.27/2.85, scores(t/v)=[0.61/0.34 + 0.57/0.43 + 0.35/0.12 + 0.98/0.24 = 0.59/0.25]
INFO:experiments.py:[425/1000] 2.63 sec: loss(t/v)=0.27/2.85, scores(t/v)=[0.60/0.33 + 0.54/0.46 + 0.30/0.12 + 0.99/0.24 = 0.56/0.25]
INFO:experiments.py:[426/1000] 2.63 sec: loss(t/v)=0.26/2.85, scores(t/v)=[0.69/0.32 + 0.52/0.46 + 0.37/0.13 + 1.00/0.24 = 0.60/0.26]
INFO:experiments.py:[427/1000] 2.64 sec: loss(t/v)=0.27/2.86, scores(t/v)=[0.65/0.32 + 0.53/0.44 + 0.39/0.13 + 0.98/0.26 = 0.60/0.26]
INFO:experiments.py:[428/1000] 2.64 sec: loss(t/v)=0.27/2.86, scores(t/v)=[0.64/0.32 + 0.53/0.44 + 0.28/0.13 + 0.98/0.26 = 0.55/0.26]
INFO:experiments.py:[429/1000] 2.64 sec: loss(t/v)=0.24/2.85, scores(t/v)=[0.68/0.34 + 0.53/0.45 + 0.35/0.12 + 0.99/0.26 = 0.59/0.26]
INFO:experiments.py:[430/1000] 2.63 sec: loss(t/v)=0.27/2.85, scores(t/v)=[0.63/0.33 + 0.50/0.44 + 0.32/0.13 + 0.98/0.26 = 0.56/0.26]
INFO:experiments.py:[431/1000] 2.62 sec: loss(t/v)=0.27/2.86, scores(t/v)=[0.64/0.33 + 0.53/0.44 + 0.36/0.13 + 0.99/0.24 = 0.59/0.26]
INFO:experiments.py:[432/1000] 2.63 sec: loss(t/v)=0.27/2.85, scores(t/v)=[0.65/0.34 + 0.54/0.45 + 0.36/0.14 + 0.99/0.26 = 0.60/0.27]
INFO:experiments.py:[433/1000] 2.62 sec: loss(t/v)=0.26/2.86, scores(t/v)=[0.67/0.32 + 0.57/0.43 + 0.36/0.14 + 0.99/0.24 = 0.60/0.26]
INFO:experiments.py:[434/1000] 2.63 sec: loss(t/v)=0.26/2.85, scores(t/v)=[0.63/0.34 + 0.49/0.43 + 0.35/0.13 + 0.99/0.24 = 0.57/0.26]
INFO:experiments.py:[435/1000] 2.62 sec: loss(t/v)=0.27/2.85, scores(t/v)=[0.64/0.35 + 0.56/0.43 + 0.34/0.14 + 0.99/0.24 = 0.59/0.27]
INFO:experiments.py:[436/1000] 2.62 sec: loss(t/v)=0.26/2.84, scores(t/v)=[0.64/0.35 + 0.51/0.44 + 0.31/0.12 + 1.00/0.26 = 0.56/0.26]
INFO:experiments.py:[437/1000] 2.63 sec: loss(t/v)=0.26/2.85, scores(t/v)=[0.64/0.34 + 0.58/0.45 + 0.34/0.13 + 0.99/0.26 = 0.60/0.27]
INFO:experiments.py:[438/1000] 2.63 sec: loss(t/v)=0.28/2.85, scores(t/v)=[0.65/0.33 + 0.52/0.45 + 0.31/0.13 + 0.99/0.26 = 0.57/0.27]
INFO:experiments.py:[439/1000] 2.64 sec: loss(t/v)=0.27/2.85, scores(t/v)=[0.63/0.34 + 0.55/0.43 + 0.35/0.12 + 0.99/0.24 = 0.59/0.26]
INFO:experiments.py:[440/1000] 2.70 sec: loss(t/v)=0.27/2.85, scores(t/v)=[0.62/0.33 + 0.56/0.44 + 0.35/0.12 + 0.99/0.24 = 0.59/0.25]
INFO:experiments.py:[441/1000] 2.65 sec: loss(t/v)=0.27/2.85, scores(t/v)=[0.67/0.34 + 0.52/0.44 + 0.38/0.11 + 1.00/0.24 = 0.60/0.25]
INFO:experiments.py:[442/1000] 2.65 sec: loss(t/v)=0.25/2.85, scores(t/v)=[0.68/0.33 + 0.52/0.44 + 0.41/0.13 + 1.00/0.24 = 0.62/0.26]
INFO:experiments.py:[443/1000] 2.64 sec: loss(t/v)=0.26/2.85, scores(t/v)=[0.63/0.34 + 0.49/0.44 + 0.32/0.13 + 0.99/0.24 = 0.56/0.26]
INFO:experiments.py:[444/1000] 2.64 sec: loss(t/v)=0.26/2.84, scores(t/v)=[0.65/0.33 + 0.53/0.44 + 0.36/0.14 + 1.00/0.26 = 0.59/0.27]
INFO:experiments.py:[445/1000] 2.63 sec: loss(t/v)=0.27/2.84, scores(t/v)=[0.63/0.34 + 0.52/0.45 + 0.31/0.13 + 0.99/0.26 = 0.56/0.27]
INFO:experiments.py:[446/1000] 2.64 sec: loss(t/v)=0.26/2.84, scores(t/v)=[0.64/0.34 + 0.55/0.45 + 0.36/0.12 + 0.99/0.26 = 0.60/0.26]
INFO:experiments.py:[447/1000] 2.65 sec: loss(t/v)=0.29/2.86, scores(t/v)=[0.66/0.35 + 0.53/0.44 + 0.31/0.13 + 1.00/0.26 = 0.57/0.27]
INFO:experiments.py:[448/1000] 2.64 sec: loss(t/v)=0.27/2.85, scores(t/v)=[0.62/0.34 + 0.56/0.42 + 0.37/0.14 + 0.98/0.26 = 0.60/0.27]
INFO:experiments.py:[449/1000] 2.64 sec: loss(t/v)=0.26/2.86, scores(t/v)=[0.66/0.34 + 0.51/0.43 + 0.36/0.12 + 0.98/0.24 = 0.59/0.26]
INFO:experiments.py:[450/1000] 2.61 sec: loss(t/v)=0.26/2.86, scores(t/v)=[0.64/0.33 + 0.52/0.45 + 0.33/0.13 + 0.99/0.24 = 0.57/0.26]
INFO:experiments.py:[451/1000] 2.62 sec: loss(t/v)=0.26/2.87, scores(t/v)=[0.64/0.32 + 0.56/0.44 + 0.34/0.12 + 0.99/0.24 = 0.59/0.26]
INFO:experiments.py:[452/1000] 2.61 sec: loss(t/v)=0.29/2.86, scores(t/v)=[0.64/0.31 + 0.47/0.45 + 0.33/0.13 + 0.98/0.26 = 0.56/0.26]
INFO:experiments.py:[453/1000] 2.63 sec: loss(t/v)=0.25/2.86, scores(t/v)=[0.65/0.30 + 0.50/0.44 + 0.33/0.13 + 1.00/0.26 = 0.57/0.26]
INFO:experiments.py:[454/1000] 2.62 sec: loss(t/v)=0.28/2.86, scores(t/v)=[0.68/0.31 + 0.53/0.46 + 0.34/0.14 + 0.98/0.24 = 0.59/0.26]
INFO:experiments.py:[455/1000] 2.61 sec: loss(t/v)=0.28/2.86, scores(t/v)=[0.62/0.30 + 0.49/0.46 + 0.37/0.13 + 0.98/0.24 = 0.58/0.26]
INFO:experiments.py:[456/1000] 2.62 sec: loss(t/v)=0.26/2.85, scores(t/v)=[0.65/0.32 + 0.54/0.46 + 0.39/0.13 + 0.99/0.26 = 0.61/0.27]
INFO:experiments.py:[457/1000] 2.62 sec: loss(t/v)=0.28/2.84, scores(t/v)=[0.65/0.33 + 0.52/0.44 + 0.34/0.13 + 0.99/0.26 = 0.58/0.27]
INFO:experiments.py:[458/1000] 2.62 sec: loss(t/v)=0.28/2.86, scores(t/v)=[0.66/0.31 + 0.52/0.43 + 0.26/0.14 + 0.99/0.26 = 0.55/0.26]
INFO:experiments.py:[459/1000] 2.68 sec: loss(t/v)=0.27/2.86, scores(t/v)=[0.64/0.32 + 0.52/0.41 + 0.33/0.15 + 0.99/0.26 = 0.57/0.26]
INFO:experiments.py:[460/1000] 2.65 sec: loss(t/v)=0.28/2.85, scores(t/v)=[0.68/0.33 + 0.54/0.43 + 0.35/0.14 + 0.98/0.26 = 0.59/0.26]
INFO:experiments.py:[461/1000] 2.64 sec: loss(t/v)=0.26/2.86, scores(t/v)=[0.65/0.33 + 0.50/0.44 + 0.41/0.12 + 0.99/0.26 = 0.60/0.26]
INFO:experiments.py:[462/1000] 2.64 sec: loss(t/v)=0.28/2.85, scores(t/v)=[0.62/0.34 + 0.53/0.45 + 0.35/0.14 + 0.98/0.26 = 0.58/0.27]
INFO:experiments.py:[463/1000] 2.64 sec: loss(t/v)=0.28/2.86, scores(t/v)=[0.64/0.32 + 0.52/0.45 + 0.35/0.12 + 0.98/0.27 = 0.58/0.26]
INFO:experiments.py:[464/1000] 2.63 sec: loss(t/v)=0.27/2.86, scores(t/v)=[0.64/0.30 + 0.53/0.43 + 0.34/0.13 + 0.99/0.26 = 0.58/0.26]
INFO:experiments.py:[465/1000] 2.64 sec: loss(t/v)=0.26/2.86, scores(t/v)=[0.65/0.32 + 0.52/0.45 + 0.38/0.14 + 1.00/0.26 = 0.60/0.27]
INFO:experiments.py:[466/1000] 2.65 sec: loss(t/v)=0.26/2.85, scores(t/v)=[0.66/0.33 + 0.54/0.45 + 0.37/0.13 + 0.99/0.26 = 0.60/0.27]
INFO:experiments.py:[467/1000] 2.64 sec: loss(t/v)=0.27/2.85, scores(t/v)=[0.68/0.33 + 0.52/0.44 + 0.34/0.13 + 0.99/0.26 = 0.59/0.26]
INFO:experiments.py:[468/1000] 2.64 sec: loss(t/v)=0.28/2.85, scores(t/v)=[0.66/0.34 + 0.49/0.43 + 0.33/0.14 + 0.98/0.26 = 0.57/0.27]
INFO:experiments.py:[469/1000] 2.63 sec: loss(t/v)=0.28/2.85, scores(t/v)=[0.65/0.34 + 0.47/0.45 + 0.30/0.14 + 0.98/0.26 = 0.54/0.27]
INFO:experiments.py:[470/1000] 2.62 sec: loss(t/v)=0.28/2.86, scores(t/v)=[0.61/0.35 + 0.53/0.44 + 0.36/0.12 + 0.98/0.26 = 0.58/0.26]
INFO:experiments.py:[471/1000] 2.62 sec: loss(t/v)=0.27/2.86, scores(t/v)=[0.64/0.34 + 0.53/0.44 + 0.37/0.12 + 0.99/0.26 = 0.59/0.26]
INFO:experiments.py:[472/1000] 2.62 sec: loss(t/v)=0.27/2.85, scores(t/v)=[0.63/0.35 + 0.54/0.45 + 0.34/0.13 + 0.98/0.26 = 0.58/0.27]
INFO:experiments.py:[473/1000] 2.61 sec: loss(t/v)=0.28/2.85, scores(t/v)=[0.61/0.35 + 0.55/0.44 + 0.34/0.13 + 0.98/0.26 = 0.58/0.27]
INFO:experiments.py:[474/1000] 2.62 sec: loss(t/v)=0.28/2.87, scores(t/v)=[0.65/0.34 + 0.55/0.44 + 0.32/0.11 + 0.99/0.24 = 0.58/0.25]
INFO:experiments.py:[475/1000] 2.62 sec: loss(t/v)=0.27/2.85, scores(t/v)=[0.64/0.34 + 0.55/0.43 + 0.29/0.12 + 1.00/0.26 = 0.56/0.26]
INFO:experiments.py:[476/1000] 2.64 sec: loss(t/v)=0.28/2.85, scores(t/v)=[0.61/0.34 + 0.58/0.44 + 0.35/0.13 + 0.98/0.26 = 0.59/0.27]
INFO:experiments.py:[477/1000] 2.62 sec: loss(t/v)=0.27/2.86, scores(t/v)=[0.63/0.34 + 0.53/0.45 + 0.35/0.14 + 1.00/0.24 = 0.59/0.27]
INFO:experiments.py:[478/1000] 2.62 sec: loss(t/v)=0.25/2.86, scores(t/v)=[0.63/0.36 + 0.51/0.44 + 0.39/0.13 + 1.00/0.24 = 0.60/0.26]
INFO:experiments.py:[479/1000] 2.70 sec: loss(t/v)=0.27/2.86, scores(t/v)=[0.64/0.33 + 0.51/0.46 + 0.34/0.13 + 0.98/0.24 = 0.57/0.26]
INFO:experiments.py:[480/1000] 2.65 sec: loss(t/v)=0.33/2.85, scores(t/v)=[0.62/0.33 + 0.51/0.44 + 0.29/0.14 + 0.97/0.24 = 0.55/0.27]
INFO:experiments.py:[481/1000] 2.65 sec: loss(t/v)=0.27/2.85, scores(t/v)=[0.63/0.32 + 0.54/0.44 + 0.36/0.14 + 0.99/0.24 = 0.59/0.26]
INFO:experiments.py:[482/1000] 2.65 sec: loss(t/v)=0.26/2.85, scores(t/v)=[0.62/0.33 + 0.55/0.44 + 0.33/0.13 + 0.99/0.24 = 0.58/0.26]
INFO:experiments.py:[483/1000] 2.64 sec: loss(t/v)=0.27/2.86, scores(t/v)=[0.63/0.34 + 0.56/0.44 + 0.33/0.14 + 0.99/0.26 = 0.59/0.27]
INFO:experiments.py:[484/1000] 2.64 sec: loss(t/v)=0.32/2.86, scores(t/v)=[0.56/0.35 + 0.49/0.43 + 0.37/0.14 + 0.98/0.24 = 0.56/0.27]
INFO:experiments.py:[485/1000] 2.64 sec: loss(t/v)=0.27/2.85, scores(t/v)=[0.64/0.34 + 0.50/0.44 + 0.37/0.14 + 0.99/0.24 = 0.58/0.26]
INFO:experiments.py:[486/1000] 2.64 sec: loss(t/v)=0.27/2.85, scores(t/v)=[0.69/0.34 + 0.57/0.44 + 0.34/0.13 + 0.99/0.24 = 0.60/0.26]
INFO:experiments.py:[487/1000] 2.64 sec: loss(t/v)=0.26/2.85, scores(t/v)=[0.65/0.33 + 0.54/0.44 + 0.31/0.13 + 1.00/0.26 = 0.57/0.26]
INFO:experiments.py:[488/1000] 2.64 sec: loss(t/v)=0.25/2.85, scores(t/v)=[0.68/0.34 + 0.51/0.43 + 0.36/0.14 + 1.00/0.24 = 0.59/0.27]
INFO:experiments.py:[489/1000] 2.63 sec: loss(t/v)=0.27/2.86, scores(t/v)=[0.63/0.33 + 0.54/0.42 + 0.32/0.13 + 1.00/0.24 = 0.57/0.26]
INFO:experiments.py:[490/1000] 2.61 sec: loss(t/v)=0.29/2.87, scores(t/v)=[0.64/0.31 + 0.48/0.42 + 0.37/0.13 + 1.00/0.24 = 0.58/0.25]
INFO:experiments.py:[491/1000] 2.62 sec: loss(t/v)=0.28/2.86, scores(t/v)=[0.67/0.32 + 0.52/0.42 + 0.37/0.11 + 0.98/0.24 = 0.60/0.25]
INFO:experiments.py:[492/1000] 2.61 sec: loss(t/v)=0.27/2.86, scores(t/v)=[0.64/0.32 + 0.51/0.43 + 0.32/0.12 + 0.98/0.24 = 0.57/0.25]
INFO:experiments.py:[493/1000] 2.61 sec: loss(t/v)=0.27/2.87, scores(t/v)=[0.64/0.32 + 0.51/0.44 + 0.33/0.12 + 0.99/0.24 = 0.57/0.25]
INFO:experiments.py:[494/1000] 2.62 sec: loss(t/v)=0.29/2.87, scores(t/v)=[0.64/0.31 + 0.52/0.42 + 0.34/0.13 + 0.99/0.24 = 0.58/0.25]
INFO:experiments.py:[495/1000] 2.63 sec: loss(t/v)=0.27/2.87, scores(t/v)=[0.63/0.31 + 0.52/0.42 + 0.31/0.13 + 0.99/0.24 = 0.56/0.25]
INFO:experiments.py:[496/1000] 2.62 sec: loss(t/v)=0.28/2.86, scores(t/v)=[0.65/0.31 + 0.56/0.43 + 0.34/0.14 + 0.98/0.24 = 0.59/0.26]
INFO:experiments.py:[497/1000] 2.62 sec: loss(t/v)=0.26/2.85, scores(t/v)=[0.65/0.32 + 0.52/0.43 + 0.31/0.14 + 0.98/0.24 = 0.57/0.26]
INFO:experiments.py:[498/1000] 2.61 sec: loss(t/v)=0.26/2.85, scores(t/v)=[0.62/0.32 + 0.54/0.44 + 0.41/0.15 + 0.99/0.26 = 0.61/0.27]
INFO:experiments.py:[499/1000] 2.70 sec: loss(t/v)=0.27/2.86, scores(t/v)=[0.62/0.33 + 0.56/0.44 + 0.36/0.14 + 0.99/0.24 = 0.59/0.26]
INFO:experiments.py:[500/1000] 2.64 sec: loss(t/v)=0.28/2.84, scores(t/v)=[0.64/0.34 + 0.51/0.45 + 0.34/0.14 + 0.98/0.26 = 0.57/0.27]
INFO:experiments.py:[501/1000] 2.64 sec: loss(t/v)=0.27/2.84, scores(t/v)=[0.67/0.34 + 0.52/0.45 + 0.37/0.13 + 0.99/0.26 = 0.60/0.27]
INFO:experiments.py:[502/1000] 2.63 sec: loss(t/v)=0.26/2.85, scores(t/v)=[0.66/0.31 + 0.55/0.44 + 0.36/0.14 + 0.99/0.26 = 0.60/0.27]
INFO:experiments.py:[503/1000] 2.64 sec: loss(t/v)=0.31/2.84, scores(t/v)=[0.59/0.32 + 0.55/0.43 + 0.29/0.15 + 0.98/0.26 = 0.55/0.27]
INFO:experiments.py:[504/1000] 2.64 sec: loss(t/v)=0.27/2.84, scores(t/v)=[0.67/0.32 + 0.55/0.43 + 0.36/0.15 + 0.99/0.24 = 0.60/0.27]
INFO:experiments.py:[505/1000] 2.64 sec: loss(t/v)=0.26/2.84, scores(t/v)=[0.67/0.33 + 0.57/0.43 + 0.38/0.13 + 0.98/0.26 = 0.61/0.26]
INFO:experiments.py:[506/1000] 2.64 sec: loss(t/v)=0.27/2.84, scores(t/v)=[0.63/0.35 + 0.53/0.43 + 0.35/0.13 + 1.00/0.24 = 0.59/0.26]
INFO:experiments.py:[507/1000] 2.64 sec: loss(t/v)=0.29/2.85, scores(t/v)=[0.63/0.35 + 0.50/0.44 + 0.29/0.14 + 0.99/0.24 = 0.55/0.27]
INFO:experiments.py:[508/1000] 2.66 sec: loss(t/v)=0.25/2.85, scores(t/v)=[0.65/0.34 + 0.52/0.44 + 0.30/0.13 + 0.99/0.24 = 0.56/0.26]
INFO:experiments.py:[509/1000] 2.61 sec: loss(t/v)=0.30/2.86, scores(t/v)=[0.62/0.32 + 0.51/0.44 + 0.34/0.13 + 0.97/0.24 = 0.57/0.26]
INFO:experiments.py:[510/1000] 2.62 sec: loss(t/v)=0.28/2.86, scores(t/v)=[0.63/0.32 + 0.51/0.44 + 0.37/0.12 + 0.98/0.26 = 0.59/0.26]
INFO:experiments.py:[511/1000] 2.62 sec: loss(t/v)=0.26/2.86, scores(t/v)=[0.64/0.33 + 0.52/0.43 + 0.38/0.12 + 0.99/0.24 = 0.60/0.26]
INFO:experiments.py:[512/1000] 2.62 sec: loss(t/v)=0.27/2.87, scores(t/v)=[0.65/0.34 + 0.56/0.44 + 0.32/0.12 + 0.98/0.24 = 0.58/0.25]
INFO:experiments.py:[513/1000] 2.62 sec: loss(t/v)=0.26/2.86, scores(t/v)=[0.67/0.34 + 0.54/0.43 + 0.33/0.12 + 0.98/0.24 = 0.58/0.26]
INFO:experiments.py:[514/1000] 2.62 sec: loss(t/v)=0.27/2.86, scores(t/v)=[0.65/0.34 + 0.53/0.43 + 0.30/0.13 + 0.99/0.24 = 0.57/0.26]
INFO:experiments.py:[515/1000] 2.61 sec: loss(t/v)=0.26/2.85, scores(t/v)=[0.63/0.32 + 0.52/0.44 + 0.35/0.14 + 1.00/0.24 = 0.58/0.26]
INFO:experiments.py:[516/1000] 2.61 sec: loss(t/v)=0.27/2.85, scores(t/v)=[0.60/0.33 + 0.53/0.44 + 0.32/0.15 + 0.99/0.24 = 0.57/0.27]
INFO:experiments.py:[517/1000] 2.62 sec: loss(t/v)=0.27/2.85, scores(t/v)=[0.61/0.33 + 0.52/0.44 + 0.32/0.14 + 0.99/0.24 = 0.56/0.26]
INFO:experiments.py:[518/1000] 2.65 sec: loss(t/v)=0.27/2.85, scores(t/v)=[0.65/0.33 + 0.55/0.45 + 0.34/0.13 + 0.99/0.24 = 0.59/0.26]
INFO:experiments.py:[519/1000] 2.67 sec: loss(t/v)=0.28/2.85, scores(t/v)=[0.65/0.32 + 0.49/0.44 + 0.33/0.13 + 0.99/0.26 = 0.57/0.26]
INFO:experiments.py:[520/1000] 2.64 sec: loss(t/v)=0.26/2.85, scores(t/v)=[0.63/0.32 + 0.50/0.45 + 0.39/0.13 + 1.00/0.26 = 0.59/0.27]
INFO:experiments.py:[521/1000] 2.64 sec: loss(t/v)=0.26/2.84, scores(t/v)=[0.62/0.33 + 0.54/0.45 + 0.32/0.13 + 0.99/0.26 = 0.57/0.27]
INFO:experiments.py:[522/1000] 2.63 sec: loss(t/v)=0.26/2.84, scores(t/v)=[0.63/0.33 + 0.55/0.45 + 0.31/0.14 + 0.99/0.26 = 0.57/0.27]
INFO:experiments.py:[523/1000] 2.64 sec: loss(t/v)=0.26/2.84, scores(t/v)=[0.64/0.34 + 0.54/0.45 + 0.30/0.14 + 0.99/0.26 = 0.57/0.27]
INFO:experiments.py:[524/1000] 2.64 sec: loss(t/v)=0.27/2.85, scores(t/v)=[0.61/0.34 + 0.52/0.44 + 0.35/0.14 + 0.98/0.24 = 0.57/0.27]
INFO:experiments.py:[525/1000] 2.64 sec: loss(t/v)=0.29/2.86, scores(t/v)=[0.64/0.33 + 0.54/0.44 + 0.37/0.14 + 0.98/0.24 = 0.60/0.26]
INFO:experiments.py:[526/1000] 2.64 sec: loss(t/v)=0.27/2.86, scores(t/v)=[0.63/0.33 + 0.55/0.44 + 0.30/0.13 + 0.99/0.24 = 0.56/0.26]
INFO:experiments.py:[527/1000] 2.64 sec: loss(t/v)=0.26/2.86, scores(t/v)=[0.65/0.33 + 0.54/0.45 + 0.33/0.13 + 1.00/0.24 = 0.58/0.26]
INFO:experiments.py:[528/1000] 2.64 sec: loss(t/v)=0.29/2.86, scores(t/v)=[0.67/0.32 + 0.52/0.45 + 0.34/0.14 + 0.97/0.24 = 0.58/0.26]
INFO:experiments.py:[529/1000] 2.61 sec: loss(t/v)=0.27/2.86, scores(t/v)=[0.64/0.33 + 0.53/0.45 + 0.35/0.13 + 0.99/0.26 = 0.59/0.27]
INFO:experiments.py:[530/1000] 2.62 sec: loss(t/v)=0.29/2.86, scores(t/v)=[0.63/0.32 + 0.53/0.45 + 0.31/0.13 + 0.99/0.26 = 0.56/0.26]
INFO:experiments.py:[531/1000] 2.61 sec: loss(t/v)=0.30/2.86, scores(t/v)=[0.63/0.31 + 0.49/0.44 + 0.30/0.13 + 0.98/0.26 = 0.55/0.26]
INFO:experiments.py:[532/1000] 2.62 sec: loss(t/v)=0.27/2.86, scores(t/v)=[0.64/0.31 + 0.51/0.44 + 0.37/0.13 + 0.99/0.24 = 0.59/0.25]
INFO:experiments.py:[533/1000] 2.62 sec: loss(t/v)=0.25/2.86, scores(t/v)=[0.65/0.31 + 0.55/0.46 + 0.36/0.14 + 0.99/0.26 = 0.60/0.27]
INFO:experiments.py:[534/1000] 2.62 sec: loss(t/v)=0.27/2.85, scores(t/v)=[0.61/0.32 + 0.52/0.44 + 0.32/0.14 + 1.00/0.24 = 0.56/0.26]
INFO:experiments.py:[535/1000] 2.62 sec: loss(t/v)=0.26/2.85, scores(t/v)=[0.66/0.32 + 0.55/0.45 + 0.35/0.14 + 0.99/0.24 = 0.60/0.27]
INFO:experiments.py:[536/1000] 2.61 sec: loss(t/v)=0.26/2.85, scores(t/v)=[0.63/0.33 + 0.54/0.45 + 0.36/0.13 + 0.99/0.24 = 0.59/0.26]
INFO:experiments.py:[537/1000] 2.61 sec: loss(t/v)=0.27/2.85, scores(t/v)=[0.67/0.32 + 0.50/0.43 + 0.33/0.13 + 0.98/0.26 = 0.58/0.26]
INFO:experiments.py:[538/1000] 2.69 sec: loss(t/v)=0.29/2.85, scores(t/v)=[0.62/0.32 + 0.52/0.44 + 0.31/0.14 + 0.99/0.26 = 0.56/0.27]
INFO:experiments.py:[539/1000] 2.65 sec: loss(t/v)=0.28/2.84, scores(t/v)=[0.62/0.32 + 0.51/0.44 + 0.34/0.13 + 0.98/0.24 = 0.57/0.26]
INFO:experiments.py:[540/1000] 2.64 sec: loss(t/v)=0.26/2.84, scores(t/v)=[0.65/0.31 + 0.57/0.44 + 0.32/0.13 + 1.00/0.24 = 0.59/0.25]
INFO:experiments.py:[541/1000] 2.64 sec: loss(t/v)=0.27/2.85, scores(t/v)=[0.65/0.31 + 0.51/0.45 + 0.34/0.13 + 0.99/0.26 = 0.58/0.26]
INFO:experiments.py:[542/1000] 2.64 sec: loss(t/v)=0.30/2.85, scores(t/v)=[0.63/0.32 + 0.54/0.44 + 0.40/0.13 + 0.98/0.24 = 0.60/0.26]
INFO:experiments.py:[543/1000] 2.63 sec: loss(t/v)=0.28/2.85, scores(t/v)=[0.62/0.33 + 0.56/0.44 + 0.33/0.14 + 0.99/0.24 = 0.58/0.26]
INFO:experiments.py:[544/1000] 2.64 sec: loss(t/v)=0.27/2.86, scores(t/v)=[0.65/0.34 + 0.56/0.44 + 0.35/0.13 + 0.99/0.24 = 0.60/0.26]
INFO:experiments.py:[545/1000] 2.64 sec: loss(t/v)=0.28/2.87, scores(t/v)=[0.65/0.33 + 0.54/0.45 + 0.33/0.12 + 1.00/0.26 = 0.58/0.26]
INFO:experiments.py:[546/1000] 2.64 sec: loss(t/v)=0.24/2.86, scores(t/v)=[0.66/0.33 + 0.54/0.44 + 0.37/0.13 + 1.00/0.26 = 0.60/0.26]
INFO:experiments.py:[547/1000] 2.64 sec: loss(t/v)=0.28/2.86, scores(t/v)=[0.63/0.32 + 0.49/0.46 + 0.33/0.14 + 0.99/0.26 = 0.56/0.27]
INFO:experiments.py:[548/1000] 2.63 sec: loss(t/v)=0.25/2.86, scores(t/v)=[0.65/0.32 + 0.52/0.45 + 0.32/0.13 + 0.98/0.24 = 0.57/0.26]
INFO:experiments.py:[549/1000] 2.63 sec: loss(t/v)=0.26/2.86, scores(t/v)=[0.65/0.33 + 0.54/0.44 + 0.31/0.13 + 0.98/0.24 = 0.57/0.26]
INFO:experiments.py:[550/1000] 2.62 sec: loss(t/v)=0.27/2.85, scores(t/v)=[0.61/0.33 + 0.49/0.43 + 0.33/0.13 + 0.98/0.24 = 0.56/0.26]
INFO:experiments.py:[551/1000] 2.61 sec: loss(t/v)=0.26/2.85, scores(t/v)=[0.65/0.33 + 0.48/0.42 + 0.34/0.14 + 0.98/0.24 = 0.57/0.26]
INFO:experiments.py:[552/1000] 2.62 sec: loss(t/v)=0.28/2.86, scores(t/v)=[0.59/0.32 + 0.54/0.42 + 0.30/0.13 + 0.98/0.24 = 0.55/0.26]
INFO:experiments.py:[553/1000] 2.62 sec: loss(t/v)=0.28/2.87, scores(t/v)=[0.62/0.32 + 0.57/0.41 + 0.33/0.13 + 1.00/0.24 = 0.58/0.25]
INFO:experiments.py:[554/1000] 2.62 sec: loss(t/v)=0.29/2.85, scores(t/v)=[0.60/0.34 + 0.51/0.44 + 0.35/0.14 + 0.99/0.24 = 0.57/0.26]
INFO:experiments.py:[555/1000] 2.63 sec: loss(t/v)=0.26/2.85, scores(t/v)=[0.67/0.33 + 0.53/0.43 + 0.35/0.13 + 0.99/0.24 = 0.59/0.26]
INFO:experiments.py:[556/1000] 2.61 sec: loss(t/v)=0.26/2.85, scores(t/v)=[0.64/0.32 + 0.53/0.45 + 0.32/0.13 + 0.99/0.24 = 0.57/0.26]
INFO:experiments.py:[557/1000] 2.63 sec: loss(t/v)=0.27/2.85, scores(t/v)=[0.63/0.33 + 0.51/0.44 + 0.35/0.14 + 0.99/0.24 = 0.58/0.27]
INFO:experiments.py:[558/1000] 2.75 sec: loss(t/v)=0.27/2.85, scores(t/v)=[0.64/0.32 + 0.52/0.42 + 0.28/0.14 + 0.99/0.26 = 0.55/0.26]
INFO:experiments.py:[559/1000] 2.72 sec: loss(t/v)=0.29/2.84, scores(t/v)=[0.62/0.33 + 0.50/0.42 + 0.33/0.15 + 0.98/0.27 = 0.56/0.28]
INFO:experiments.py:[560/1000] 2.59 sec: loss(t/v)=0.28/2.85, scores(t/v)=[0.62/0.34 + 0.59/0.42 + 0.34/0.14 + 0.99/0.27 = 0.59/0.27]
INFO:experiments.py:[561/1000] 2.63 sec: loss(t/v)=0.26/2.85, scores(t/v)=[0.66/0.33 + 0.51/0.43 + 0.32/0.14 + 1.00/0.24 = 0.57/0.26]
INFO:experiments.py:[562/1000] 2.61 sec: loss(t/v)=0.30/2.85, scores(t/v)=[0.64/0.33 + 0.52/0.45 + 0.34/0.13 + 0.98/0.24 = 0.58/0.26]
INFO:experiments.py:[563/1000] 2.60 sec: loss(t/v)=0.28/2.85, scores(t/v)=[0.63/0.34 + 0.52/0.45 + 0.28/0.14 + 0.98/0.26 = 0.55/0.27]
INFO:experiments.py:[564/1000] 2.60 sec: loss(t/v)=0.27/2.85, scores(t/v)=[0.66/0.32 + 0.56/0.44 + 0.29/0.14 + 1.00/0.26 = 0.57/0.27]
INFO:experiments.py:[565/1000] 2.61 sec: loss(t/v)=0.26/2.85, scores(t/v)=[0.67/0.32 + 0.53/0.44 + 0.35/0.13 + 1.00/0.26 = 0.59/0.26]
INFO:experiments.py:[566/1000] 2.60 sec: loss(t/v)=0.26/2.85, scores(t/v)=[0.64/0.33 + 0.54/0.44 + 0.33/0.13 + 0.99/0.26 = 0.58/0.27]
INFO:experiments.py:[567/1000] 2.60 sec: loss(t/v)=0.27/2.86, scores(t/v)=[0.67/0.32 + 0.48/0.43 + 0.32/0.12 + 0.98/0.24 = 0.57/0.25]
INFO:experiments.py:[568/1000] 2.61 sec: loss(t/v)=0.27/2.85, scores(t/v)=[0.68/0.34 + 0.55/0.45 + 0.39/0.12 + 1.00/0.24 = 0.62/0.26]
INFO:experiments.py:[569/1000] 2.63 sec: loss(t/v)=0.27/2.85, scores(t/v)=[0.63/0.34 + 0.50/0.44 + 0.33/0.12 + 0.99/0.24 = 0.56/0.26]
INFO:experiments.py:[570/1000] 2.68 sec: loss(t/v)=0.27/2.85, scores(t/v)=[0.63/0.33 + 0.55/0.44 + 0.32/0.12 + 0.99/0.26 = 0.58/0.26]
INFO:experiments.py:[571/1000] 2.66 sec: loss(t/v)=0.26/2.86, scores(t/v)=[0.65/0.34 + 0.56/0.44 + 0.42/0.12 + 1.00/0.24 = 0.62/0.26]
INFO:experiments.py:[572/1000] 2.69 sec: loss(t/v)=0.28/2.85, scores(t/v)=[0.62/0.35 + 0.49/0.43 + 0.35/0.14 + 0.99/0.24 = 0.57/0.27]
INFO:experiments.py:[573/1000] 2.68 sec: loss(t/v)=0.27/2.84, scores(t/v)=[0.62/0.34 + 0.51/0.44 + 0.34/0.13 + 0.98/0.26 = 0.57/0.27]
INFO:experiments.py:[574/1000] 2.68 sec: loss(t/v)=0.28/2.84, scores(t/v)=[0.61/0.31 + 0.49/0.43 + 0.29/0.12 + 0.99/0.24 = 0.54/0.25]
INFO:experiments.py:[575/1000] 2.69 sec: loss(t/v)=0.25/2.84, scores(t/v)=[0.67/0.33 + 0.56/0.45 + 0.38/0.12 + 0.99/0.26 = 0.61/0.26]
INFO:experiments.py:[576/1000] 2.77 sec: loss(t/v)=0.26/2.84, scores(t/v)=[0.67/0.34 + 0.51/0.44 + 0.34/0.11 + 0.99/0.26 = 0.58/0.26]
INFO:experiments.py:[577/1000] 2.74 sec: loss(t/v)=0.28/2.85, scores(t/v)=[0.63/0.32 + 0.53/0.44 + 0.31/0.13 + 0.99/0.26 = 0.57/0.26]
INFO:experiments.py:[578/1000] 2.66 sec: loss(t/v)=0.28/2.85, scores(t/v)=[0.62/0.31 + 0.50/0.43 + 0.33/0.13 + 0.99/0.26 = 0.56/0.26]
INFO:experiments.py:[579/1000] 2.68 sec: loss(t/v)=0.28/2.85, scores(t/v)=[0.62/0.31 + 0.53/0.44 + 0.34/0.13 + 0.99/0.26 = 0.58/0.26]
INFO:experiments.py:[580/1000] 2.64 sec: loss(t/v)=0.28/2.86, scores(t/v)=[0.60/0.31 + 0.53/0.45 + 0.42/0.13 + 0.99/0.24 = 0.60/0.26]
INFO:experiments.py:[581/1000] 2.66 sec: loss(t/v)=0.28/2.87, scores(t/v)=[0.61/0.31 + 0.51/0.45 + 0.32/0.14 + 0.98/0.24 = 0.56/0.26]
INFO:experiments.py:[582/1000] 2.65 sec: loss(t/v)=0.27/2.86, scores(t/v)=[0.67/0.32 + 0.51/0.45 + 0.33/0.15 + 0.99/0.24 = 0.58/0.27]
INFO:experiments.py:[583/1000] 2.65 sec: loss(t/v)=0.27/2.85, scores(t/v)=[0.67/0.32 + 0.53/0.45 + 0.30/0.14 + 1.00/0.26 = 0.57/0.27]
INFO:experiments.py:[584/1000] 2.65 sec: loss(t/v)=0.25/2.85, scores(t/v)=[0.60/0.32 + 0.55/0.44 + 0.35/0.14 + 0.99/0.26 = 0.58/0.27]
INFO:experiments.py:[585/1000] 2.64 sec: loss(t/v)=0.29/2.86, scores(t/v)=[0.63/0.34 + 0.54/0.43 + 0.38/0.14 + 0.99/0.26 = 0.60/0.27]
INFO:experiments.py:[586/1000] 2.65 sec: loss(t/v)=0.26/2.86, scores(t/v)=[0.62/0.32 + 0.54/0.43 + 0.34/0.13 + 0.98/0.24 = 0.57/0.26]
INFO:experiments.py:[587/1000] 2.64 sec: loss(t/v)=0.26/2.86, scores(t/v)=[0.62/0.33 + 0.57/0.44 + 0.34/0.14 + 0.99/0.26 = 0.59/0.27]
INFO:experiments.py:[588/1000] 2.65 sec: loss(t/v)=0.25/2.85, scores(t/v)=[0.66/0.33 + 0.53/0.43 + 0.34/0.14 + 0.98/0.26 = 0.59/0.27]
INFO:experiments.py:[589/1000] 2.64 sec: loss(t/v)=0.28/2.85, scores(t/v)=[0.62/0.33 + 0.49/0.43 + 0.38/0.13 + 0.99/0.24 = 0.58/0.26]
INFO:experiments.py:[590/1000] 2.64 sec: loss(t/v)=0.31/2.87, scores(t/v)=[0.58/0.33 + 0.50/0.45 + 0.33/0.12 + 0.99/0.24 = 0.55/0.26]
INFO:experiments.py:[591/1000] 2.64 sec: loss(t/v)=0.29/2.87, scores(t/v)=[0.67/0.34 + 0.53/0.45 + 0.38/0.14 + 0.99/0.24 = 0.61/0.27]
INFO:experiments.py:[592/1000] 2.64 sec: loss(t/v)=0.26/2.86, scores(t/v)=[0.62/0.34 + 0.50/0.45 + 0.35/0.13 + 0.98/0.24 = 0.57/0.26]
INFO:experiments.py:[593/1000] 2.64 sec: loss(t/v)=0.26/2.86, scores(t/v)=[0.66/0.33 + 0.51/0.44 + 0.35/0.14 + 0.98/0.24 = 0.58/0.26]
INFO:experiments.py:[594/1000] 2.67 sec: loss(t/v)=0.27/2.85, scores(t/v)=[0.61/0.34 + 0.54/0.44 + 0.31/0.15 + 0.99/0.24 = 0.57/0.27]
INFO:experiments.py:[595/1000] 2.62 sec: loss(t/v)=0.29/2.86, scores(t/v)=[0.60/0.33 + 0.51/0.45 + 0.29/0.14 + 0.99/0.24 = 0.54/0.27]
INFO:experiments.py:[596/1000] 2.65 sec: loss(t/v)=0.26/2.86, scores(t/v)=[0.63/0.33 + 0.55/0.44 + 0.35/0.14 + 1.00/0.24 = 0.59/0.26]
INFO:experiments.py:[597/1000] 2.65 sec: loss(t/v)=0.27/2.87, scores(t/v)=[0.62/0.33 + 0.50/0.44 + 0.34/0.12 + 0.99/0.24 = 0.57/0.26]
INFO:experiments.py:[598/1000] 2.65 sec: loss(t/v)=0.30/2.86, scores(t/v)=[0.62/0.32 + 0.51/0.42 + 0.39/0.13 + 0.98/0.24 = 0.59/0.26]
INFO:experiments.py:[599/1000] 2.65 sec: loss(t/v)=0.26/2.85, scores(t/v)=[0.67/0.33 + 0.49/0.42 + 0.36/0.13 + 0.99/0.24 = 0.59/0.26]
INFO:experiments.py:[600/1000] 2.64 sec: loss(t/v)=0.27/2.86, scores(t/v)=[0.63/0.33 + 0.54/0.43 + 0.33/0.13 + 0.98/0.24 = 0.58/0.26]
INFO:experiments.py:[601/1000] 2.65 sec: loss(t/v)=0.31/2.85, scores(t/v)=[0.62/0.33 + 0.55/0.45 + 0.32/0.13 + 0.99/0.26 = 0.57/0.27]
INFO:experiments.py:[602/1000] 2.70 sec: loss(t/v)=0.27/2.86, scores(t/v)=[0.63/0.31 + 0.49/0.43 + 0.39/0.13 + 0.99/0.26 = 0.59/0.26]
INFO:experiments.py:[603/1000] 2.64 sec: loss(t/v)=0.26/2.86, scores(t/v)=[0.66/0.34 + 0.50/0.45 + 0.37/0.13 + 0.98/0.26 = 0.59/0.27]
INFO:experiments.py:[604/1000] 2.66 sec: loss(t/v)=0.25/2.86, scores(t/v)=[0.66/0.33 + 0.56/0.44 + 0.35/0.13 + 0.98/0.26 = 0.60/0.27]
INFO:experiments.py:[605/1000] 2.66 sec: loss(t/v)=0.28/2.86, scores(t/v)=[0.63/0.32 + 0.52/0.44 + 0.33/0.14 + 0.98/0.26 = 0.57/0.27]
INFO:experiments.py:[606/1000] 2.67 sec: loss(t/v)=0.31/2.86, scores(t/v)=[0.62/0.32 + 0.53/0.43 + 0.38/0.14 + 0.98/0.26 = 0.59/0.27]
INFO:experiments.py:[607/1000] 2.65 sec: loss(t/v)=0.26/2.86, scores(t/v)=[0.68/0.32 + 0.49/0.43 + 0.37/0.15 + 0.99/0.26 = 0.59/0.27]
INFO:experiments.py:[608/1000] 2.67 sec: loss(t/v)=0.26/2.85, scores(t/v)=[0.65/0.33 + 0.56/0.43 + 0.30/0.15 + 0.99/0.27 = 0.57/0.27]
INFO:experiments.py:[609/1000] 2.66 sec: loss(t/v)=0.27/2.85, scores(t/v)=[0.64/0.34 + 0.53/0.44 + 0.39/0.14 + 0.98/0.26 = 0.60/0.27]
INFO:experiments.py:[610/1000] 2.66 sec: loss(t/v)=0.29/2.86, scores(t/v)=[0.61/0.34 + 0.55/0.43 + 0.29/0.13 + 0.99/0.26 = 0.56/0.27]
INFO:experiments.py:[611/1000] 2.65 sec: loss(t/v)=0.26/2.86, scores(t/v)=[0.67/0.35 + 0.52/0.44 + 0.41/0.13 + 0.99/0.24 = 0.61/0.26]
INFO:experiments.py:[612/1000] 2.65 sec: loss(t/v)=0.27/2.86, scores(t/v)=[0.68/0.36 + 0.56/0.44 + 0.31/0.13 + 0.98/0.24 = 0.58/0.27]
INFO:experiments.py:[613/1000] 2.65 sec: loss(t/v)=0.31/2.86, scores(t/v)=[0.57/0.35 + 0.50/0.42 + 0.35/0.13 + 0.99/0.24 = 0.56/0.26]
INFO:experiments.py:[614/1000] 2.64 sec: loss(t/v)=0.29/2.86, scores(t/v)=[0.65/0.34 + 0.54/0.42 + 0.32/0.14 + 0.98/0.24 = 0.58/0.26]
INFO:experiments.py:[615/1000] 2.65 sec: loss(t/v)=0.27/2.85, scores(t/v)=[0.61/0.33 + 0.53/0.41 + 0.33/0.14 + 0.98/0.24 = 0.57/0.26]
INFO:experiments.py:[616/1000] 2.65 sec: loss(t/v)=0.27/2.85, scores(t/v)=[0.67/0.32 + 0.53/0.43 + 0.35/0.14 + 0.99/0.24 = 0.59/0.26]
INFO:experiments.py:[617/1000] 2.65 sec: loss(t/v)=0.26/2.85, scores(t/v)=[0.66/0.34 + 0.52/0.44 + 0.35/0.13 + 0.99/0.24 = 0.58/0.26]
INFO:experiments.py:[618/1000] 2.64 sec: loss(t/v)=0.30/2.86, scores(t/v)=[0.63/0.35 + 0.47/0.43 + 0.30/0.13 + 0.98/0.24 = 0.55/0.26]
INFO:experiments.py:[619/1000] 2.65 sec: loss(t/v)=0.25/2.85, scores(t/v)=[0.66/0.34 + 0.52/0.43 + 0.34/0.12 + 1.00/0.24 = 0.58/0.26]
INFO:experiments.py:[620/1000] 2.66 sec: loss(t/v)=0.26/2.86, scores(t/v)=[0.66/0.33 + 0.53/0.43 + 0.37/0.13 + 0.99/0.24 = 0.60/0.26]
INFO:experiments.py:[621/1000] 2.65 sec: loss(t/v)=0.30/2.87, scores(t/v)=[0.57/0.33 + 0.51/0.42 + 0.30/0.13 + 0.97/0.24 = 0.54/0.25]
INFO:experiments.py:[622/1000] 2.64 sec: loss(t/v)=0.27/2.87, scores(t/v)=[0.62/0.33 + 0.54/0.42 + 0.37/0.12 + 0.99/0.24 = 0.59/0.25]
INFO:experiments.py:[623/1000] 2.64 sec: loss(t/v)=0.26/2.85, scores(t/v)=[0.66/0.34 + 0.56/0.43 + 0.35/0.12 + 0.99/0.24 = 0.59/0.26]
INFO:experiments.py:[624/1000] 2.63 sec: loss(t/v)=0.27/2.85, scores(t/v)=[0.62/0.33 + 0.55/0.43 + 0.36/0.13 + 0.99/0.24 = 0.59/0.26]
INFO:experiments.py:[625/1000] 2.64 sec: loss(t/v)=0.28/2.86, scores(t/v)=[0.64/0.33 + 0.54/0.45 + 0.36/0.13 + 0.99/0.26 = 0.59/0.27]
INFO:experiments.py:[626/1000] 2.63 sec: loss(t/v)=0.26/2.86, scores(t/v)=[0.68/0.34 + 0.51/0.45 + 0.32/0.13 + 0.99/0.24 = 0.58/0.27]
INFO:experiments.py:[627/1000] 2.62 sec: loss(t/v)=0.30/2.87, scores(t/v)=[0.62/0.33 + 0.55/0.45 + 0.38/0.12 + 0.97/0.24 = 0.60/0.26]
INFO:experiments.py:[628/1000] 2.64 sec: loss(t/v)=0.26/2.86, scores(t/v)=[0.65/0.32 + 0.52/0.44 + 0.32/0.13 + 1.00/0.24 = 0.57/0.26]
INFO:experiments.py:[629/1000] 2.63 sec: loss(t/v)=0.26/2.85, scores(t/v)=[0.66/0.32 + 0.49/0.43 + 0.36/0.13 + 0.99/0.24 = 0.58/0.26]
INFO:experiments.py:[630/1000] 2.64 sec: loss(t/v)=0.26/2.85, scores(t/v)=[0.65/0.31 + 0.56/0.44 + 0.36/0.14 + 0.99/0.26 = 0.60/0.27]
INFO:experiments.py:[631/1000] 2.64 sec: loss(t/v)=0.26/2.85, scores(t/v)=[0.66/0.33 + 0.55/0.44 + 0.38/0.14 + 0.98/0.26 = 0.60/0.27]
