INFO:experiments.py:+ Begin training with configuration:
{   'data': '/rap/jvb-000-aa/COURS2019/etudiants/data/omsignal/myHeartProject/',
    'dataloader': {   'batch_size': 64,
                      'num_workers': 6,
                      'shuffle': True,
                      'test_proportion': 0.2},
    'models': {   'tspec': {   'hid_dim': 500,
                               'num_layers': 4,
                               'out_dims': [1, 1, 1, 32],
                               'spec_len': 1876,
                               'ts_len': 3750}},
    'preprocessing': {'noise_gain': 0.25},
    'training': {   'early_stopping_patience': 100,
                    'epochs': 10,
                    'l2': 0.001,
                    'learning_rate': 0.01,
                    'momentum': 0.9,
                    'schedule_patience': 20}}
INFO:experiments.py:+ New best model found: loss=3.4661502838134766, score=0.0
INFO:experiments.py:[1/10] 3.91 sec: loss(t/v)=3.76/3.47, scores(t/v)=[0.01/0.15 + 0.13/0.03 + 0.14/0.18 + 0.00/0.00 = 0.00/0.00]
INFO:experiments.py:[2/10] 3.66 sec: loss(t/v)=3.59/3.47, scores(t/v)=[0.09/0.11 + 0.31/0.19 + 0.22/0.00 + 0.05/0.00 = 0.13/0.00]
INFO:experiments.py:[3/10] 3.67 sec: loss(t/v)=3.42/3.47, scores(t/v)=[0.21/0.00 + 0.30/0.20 + 0.26/0.00 + 0.15/0.00 = 0.22/0.00]
INFO:experiments.py:[4/10] 3.65 sec: loss(t/v)=3.27/3.47, scores(t/v)=[0.22/0.04 + 0.38/0.22 + 0.31/0.01 + 0.20/0.00 = 0.27/0.00]
INFO:experiments.py:[5/10] 3.65 sec: loss(t/v)=3.09/3.47, scores(t/v)=[0.24/0.08 + 0.43/0.24 + 0.31/0.11 + 0.28/0.00 = 0.31/0.00]
INFO:experiments.py:+ New best model found: loss=3.4615001678466797, score=0.08331761373889454
INFO:experiments.py:[6/10] 3.67 sec: loss(t/v)=2.92/3.46, scores(t/v)=[0.35/0.13 + 0.44/0.26 + 0.35/0.09 + 0.35/0.02 = 0.37/0.08]
INFO:experiments.py:+ New best model found: loss=3.428337574005127, score=0.11345152537457574
INFO:experiments.py:[7/10] 3.67 sec: loss(t/v)=2.70/3.43, scores(t/v)=[0.37/0.12 + 0.51/0.34 + 0.42/0.13 + 0.40/0.03 = 0.42/0.11]
INFO:experiments.py:+ New best model found: loss=3.349910259246826, score=0.2039262909012802
INFO:experiments.py:[8/10] 3.68 sec: loss(t/v)=2.52/3.35, scores(t/v)=[0.38/0.15 + 0.45/0.44 + 0.42/0.18 + 0.47/0.15 = 0.43/0.20]
INFO:experiments.py:+ New best model found: loss=3.2371230125427246, score=0.19980309637613133
INFO:experiments.py:[9/10] 3.68 sec: loss(t/v)=2.32/3.24, scores(t/v)=[0.40/0.16 + 0.57/0.43 + 0.48/0.16 + 0.55/0.15 = 0.49/0.20]
INFO:experiments.py:+ New best model found: loss=3.076026201248169, score=0.21659541774991392
INFO:experiments.py:[10/10] 3.69 sec: loss(t/v)=2.11/3.08, scores(t/v)=[0.46/0.21 + 0.56/0.38 + 0.43/0.16 + 0.62/0.18 = 0.51/0.22]
INFO:experiments.py:Early Stopping: Rewinding to epoch 10
