INFO:experiments.py:--- Begin Training with configuration:
{   'data': '/rap/jvb-000-aa/COURS2019/etudiants/data/omsignal/myHeartProject/',
    'dataloader': {   'batch_size': 64,
                      'num_workers': 6,
                      'shuffle': True,
                      'test_proportion': 0.2},
    'models': {   'tspec': {   'freeze': [False, False, False, True],
                               'hid_dim': 100,
                               'num_layers': 3,
                               'out_dims': [1, 1, 1, 32],
                               'spec_len': 1876,
                               'ts_len': 3750}},
    'preprocessing': {'noise_gain': 0.25},
    'training': {   'epochs': 1000,
                    'l2': 0.01,
                    'learning_rate': 0.01,
                    'momentum': 0.9}}
INFO:experiments.py:[1/1000] 2.64 sec: loss(t/v)=3.79/3.47, scores(t/v)=[0.00/0.06 + 0.00/0.00 + 0.06/0.16 + 0.03/0.00 = 0.00/0.00]
INFO:experiments.py:[2/1000] 2.45 sec: loss(t/v)=3.63/3.47, scores(t/v)=[0.12/0.00 + 0.23/0.27 + 0.01/0.17 + 0.00/0.00 = 0.03/0.00]
INFO:experiments.py:[3/1000] 2.44 sec: loss(t/v)=3.55/3.47, scores(t/v)=[0.07/0.00 + 0.25/0.27 + 0.19/0.17 + 0.03/0.00 = 0.10/0.00]
INFO:experiments.py:[4/1000] 2.43 sec: loss(t/v)=3.46/3.47, scores(t/v)=[0.09/0.00 + 0.33/0.27 + 0.17/0.03 + 0.04/0.00 = 0.12/0.00]
INFO:experiments.py:[5/1000] 2.42 sec: loss(t/v)=3.40/3.47, scores(t/v)=[0.13/0.01 + 0.33/0.25 + 0.15/0.00 + 0.08/0.00 = 0.15/0.00]
INFO:experiments.py:[6/1000] 2.43 sec: loss(t/v)=3.32/3.47, scores(t/v)=[0.17/0.00 + 0.34/0.25 + 0.28/0.00 + 0.15/0.00 = 0.22/0.00]
INFO:experiments.py:[7/1000] 2.42 sec: loss(t/v)=3.24/3.47, scores(t/v)=[0.22/0.00 + 0.42/0.24 + 0.27/0.01 + 0.20/0.02 = 0.26/0.01]
INFO:experiments.py:[8/1000] 2.41 sec: loss(t/v)=3.17/3.45, scores(t/v)=[0.25/0.10 + 0.40/0.31 + 0.28/0.11 + 0.26/0.03 = 0.29/0.10]
INFO:experiments.py:[9/1000] 2.41 sec: loss(t/v)=3.12/3.42, scores(t/v)=[0.24/0.05 + 0.43/0.34 + 0.28/0.17 + 0.27/0.05 = 0.30/0.11]
INFO:experiments.py:[10/1000] 2.41 sec: loss(t/v)=3.05/3.38, scores(t/v)=[0.30/0.05 + 0.46/0.27 + 0.29/0.21 + 0.29/0.05 = 0.33/0.11]
INFO:experiments.py:[11/1000] 2.40 sec: loss(t/v)=2.96/3.32, scores(t/v)=[0.29/0.16 + 0.47/0.26 + 0.36/0.19 + 0.35/0.13 = 0.36/0.18]
INFO:experiments.py:[12/1000] 2.43 sec: loss(t/v)=2.88/3.28, scores(t/v)=[0.32/0.18 + 0.43/0.32 + 0.34/0.20 + 0.36/0.13 = 0.36/0.20]
INFO:experiments.py:[13/1000] 2.43 sec: loss(t/v)=2.81/3.24, scores(t/v)=[0.28/0.14 + 0.48/0.35 + 0.34/0.11 + 0.41/0.11 = 0.37/0.16]
INFO:experiments.py:[14/1000] 2.45 sec: loss(t/v)=2.74/3.20, scores(t/v)=[0.27/0.16 + 0.48/0.39 + 0.40/0.10 + 0.40/0.11 = 0.38/0.16]
INFO:experiments.py:[15/1000] 2.40 sec: loss(t/v)=2.63/3.17, scores(t/v)=[0.31/0.26 + 0.57/0.38 + 0.39/0.11 + 0.50/0.11 = 0.43/0.19]
INFO:experiments.py:[16/1000] 2.40 sec: loss(t/v)=2.57/3.14, scores(t/v)=[0.37/0.30 + 0.52/0.44 + 0.38/0.07 + 0.48/0.11 = 0.43/0.18]
INFO:experiments.py:[17/1000] 2.40 sec: loss(t/v)=2.47/3.13, scores(t/v)=[0.40/0.19 + 0.53/0.46 + 0.34/0.03 + 0.50/0.11 = 0.44/0.13]
INFO:experiments.py:[18/1000] 2.40 sec: loss(t/v)=2.38/3.12, scores(t/v)=[0.44/0.29 + 0.51/0.46 + 0.36/0.07 + 0.53/0.13 = 0.45/0.18]
INFO:experiments.py:[19/1000] 2.40 sec: loss(t/v)=2.32/3.11, scores(t/v)=[0.39/0.34 + 0.51/0.40 + 0.35/0.05 + 0.51/0.11 = 0.43/0.17]
INFO:experiments.py:[20/1000] 2.40 sec: loss(t/v)=2.23/3.10, scores(t/v)=[0.33/0.25 + 0.52/0.47 + 0.33/0.00 + 0.58/0.13 = 0.43/0.09]
INFO:experiments.py:[21/1000] 2.41 sec: loss(t/v)=2.10/3.08, scores(t/v)=[0.35/0.29 + 0.51/0.44 + 0.38/0.00 + 0.65/0.11 = 0.46/0.00]
INFO:experiments.py:[22/1000] 2.41 sec: loss(t/v)=2.02/3.02, scores(t/v)=[0.36/0.22 + 0.51/0.45 + 0.41/0.00 + 0.67/0.16 = 0.47/0.00]
INFO:experiments.py:[23/1000] 2.42 sec: loss(t/v)=1.93/3.01, scores(t/v)=[0.45/0.27 + 0.52/0.45 + 0.42/0.05 + 0.69/0.16 = 0.51/0.18]
INFO:experiments.py:[24/1000] 2.40 sec: loss(t/v)=1.84/3.00, scores(t/v)=[0.43/0.30 + 0.50/0.47 + 0.38/0.03 + 0.68/0.13 = 0.49/0.15]
INFO:experiments.py:[25/1000] 2.41 sec: loss(t/v)=1.72/2.97, scores(t/v)=[0.44/0.25 + 0.50/0.51 + 0.33/0.08 + 0.73/0.21 = 0.48/0.22]
INFO:experiments.py:[26/1000] 2.42 sec: loss(t/v)=1.65/3.03, scores(t/v)=[0.47/0.20 + 0.53/0.49 + 0.38/0.00 + 0.76/0.13 = 0.52/0.08]
INFO:experiments.py:[27/1000] 2.41 sec: loss(t/v)=1.61/3.02, scores(t/v)=[0.48/0.20 + 0.53/0.47 + 0.35/0.00 + 0.76/0.18 = 0.51/0.00]
INFO:experiments.py:[28/1000] 2.41 sec: loss(t/v)=1.48/2.95, scores(t/v)=[0.53/0.19 + 0.53/0.50 + 0.30/0.08 + 0.80/0.21 = 0.51/0.20]
INFO:experiments.py:[29/1000] 2.40 sec: loss(t/v)=1.38/2.91, scores(t/v)=[0.49/0.23 + 0.46/0.54 + 0.35/0.00 + 0.81/0.24 = 0.50/0.00]
INFO:experiments.py:[30/1000] 2.41 sec: loss(t/v)=1.28/2.95, scores(t/v)=[0.54/0.23 + 0.48/0.52 + 0.39/0.00 + 0.84/0.21 = 0.54/0.00]
INFO:experiments.py:[31/1000] 2.41 sec: loss(t/v)=1.23/2.92, scores(t/v)=[0.53/0.22 + 0.50/0.56 + 0.36/0.00 + 0.86/0.21 = 0.54/0.00]
INFO:experiments.py:[32/1000] 2.40 sec: loss(t/v)=1.14/2.90, scores(t/v)=[0.49/0.23 + 0.53/0.59 + 0.34/0.01 + 0.86/0.21 = 0.53/0.13]
INFO:experiments.py:[33/1000] 2.40 sec: loss(t/v)=1.05/2.87, scores(t/v)=[0.54/0.25 + 0.54/0.56 + 0.34/0.00 + 0.90/0.23 = 0.55/0.00]
INFO:experiments.py:[34/1000] 2.40 sec: loss(t/v)=0.99/2.82, scores(t/v)=[0.57/0.31 + 0.51/0.54 + 0.35/0.12 + 0.87/0.23 = 0.55/0.26]
INFO:experiments.py:[35/1000] 2.41 sec: loss(t/v)=0.91/2.89, scores(t/v)=[0.57/0.26 + 0.49/0.54 + 0.35/0.00 + 0.91/0.21 = 0.55/0.00]
INFO:experiments.py:[36/1000] 2.41 sec: loss(t/v)=0.83/2.91, scores(t/v)=[0.54/0.25 + 0.54/0.63 + 0.29/0.06 + 0.94/0.21 = 0.53/0.21]
INFO:experiments.py:[37/1000] 2.41 sec: loss(t/v)=0.78/2.91, scores(t/v)=[0.56/0.22 + 0.55/0.55 + 0.36/0.00 + 0.94/0.18 = 0.57/0.00]
INFO:experiments.py:[38/1000] 2.41 sec: loss(t/v)=0.72/2.86, scores(t/v)=[0.54/0.20 + 0.55/0.62 + 0.35/0.07 + 0.94/0.18 = 0.56/0.20]
INFO:experiments.py:[39/1000] 2.41 sec: loss(t/v)=0.65/2.83, scores(t/v)=[0.56/0.23 + 0.47/0.54 + 0.35/0.03 + 0.98/0.23 = 0.55/0.17]
INFO:experiments.py:[40/1000] 2.42 sec: loss(t/v)=0.64/2.79, scores(t/v)=[0.53/0.26 + 0.45/0.63 + 0.33/0.00 + 0.96/0.29 = 0.52/0.00]
INFO:experiments.py:[41/1000] 2.40 sec: loss(t/v)=0.56/2.79, scores(t/v)=[0.57/0.30 + 0.52/0.63 + 0.25/0.00 + 0.98/0.27 = 0.52/0.00]
INFO:experiments.py:[42/1000] 2.40 sec: loss(t/v)=0.50/2.81, scores(t/v)=[0.59/0.29 + 0.57/0.64 + 0.30/0.01 + 0.99/0.19 = 0.56/0.14]
INFO:experiments.py:[43/1000] 2.39 sec: loss(t/v)=0.45/2.81, scores(t/v)=[0.64/0.23 + 0.55/0.59 + 0.31/0.11 + 0.99/0.21 = 0.57/0.24]
INFO:experiments.py:[44/1000] 2.40 sec: loss(t/v)=0.42/2.81, scores(t/v)=[0.61/0.25 + 0.58/0.50 + 0.36/0.00 + 0.98/0.18 = 0.59/0.00]
INFO:experiments.py:[45/1000] 2.41 sec: loss(t/v)=0.38/2.81, scores(t/v)=[0.58/0.28 + 0.48/0.51 + 0.35/0.05 + 1.00/0.21 = 0.56/0.20]
INFO:experiments.py:[46/1000] 2.41 sec: loss(t/v)=0.40/2.75, scores(t/v)=[0.63/0.33 + 0.50/0.61 + 0.37/0.00 + 1.00/0.26 = 0.59/0.00]
INFO:experiments.py:[47/1000] 2.42 sec: loss(t/v)=0.34/2.68, scores(t/v)=[0.63/0.35 + 0.51/0.55 + 0.28/0.07 + 1.00/0.24 = 0.55/0.24]
INFO:experiments.py:[48/1000] 2.42 sec: loss(t/v)=0.29/2.70, scores(t/v)=[0.65/0.29 + 0.50/0.62 + 0.29/0.02 + 1.00/0.23 = 0.56/0.17]
INFO:experiments.py:[49/1000] 2.43 sec: loss(t/v)=0.30/2.72, scores(t/v)=[0.63/0.30 + 0.50/0.53 + 0.31/0.06 + 1.00/0.26 = 0.56/0.23]
INFO:experiments.py:[50/1000] 2.42 sec: loss(t/v)=0.27/2.74, scores(t/v)=[0.62/0.30 + 0.43/0.62 + 0.31/0.04 + 1.00/0.19 = 0.53/0.20]
INFO:experiments.py:[51/1000] 2.43 sec: loss(t/v)=0.26/2.75, scores(t/v)=[0.66/0.31 + 0.51/0.63 + 0.34/0.15 + 1.00/0.23 = 0.58/0.29]
INFO:experiments.py:[52/1000] 2.40 sec: loss(t/v)=0.26/2.69, scores(t/v)=[0.61/0.33 + 0.54/0.59 + 0.29/0.01 + 1.00/0.24 = 0.55/0.15]
INFO:experiments.py:[53/1000] 2.40 sec: loss(t/v)=0.24/2.68, scores(t/v)=[0.65/0.34 + 0.51/0.64 + 0.33/0.11 + 1.00/0.26 = 0.57/0.28]
INFO:experiments.py:[54/1000] 2.41 sec: loss(t/v)=0.23/2.62, scores(t/v)=[0.60/0.35 + 0.52/0.56 + 0.39/0.03 + 1.00/0.27 = 0.59/0.20]
INFO:experiments.py:[55/1000] 2.41 sec: loss(t/v)=0.21/2.58, scores(t/v)=[0.62/0.26 + 0.49/0.59 + 0.39/0.16 + 1.00/0.27 = 0.59/0.29]
INFO:experiments.py:[56/1000] 2.41 sec: loss(t/v)=0.22/2.58, scores(t/v)=[0.63/0.27 + 0.54/0.64 + 0.32/0.01 + 1.00/0.34 = 0.57/0.17]
INFO:experiments.py:[57/1000] 2.40 sec: loss(t/v)=0.20/2.61, scores(t/v)=[0.60/0.34 + 0.50/0.63 + 0.35/0.16 + 1.00/0.31 = 0.57/0.32]
INFO:experiments.py:[58/1000] 2.41 sec: loss(t/v)=0.18/2.66, scores(t/v)=[0.61/0.28 + 0.46/0.56 + 0.40/0.17 + 1.00/0.31 = 0.58/0.30]
INFO:experiments.py:[59/1000] 2.40 sec: loss(t/v)=0.19/2.67, scores(t/v)=[0.64/0.38 + 0.48/0.59 + 0.31/0.00 + 1.00/0.31 = 0.56/0.00]
INFO:experiments.py:[60/1000] 2.41 sec: loss(t/v)=0.16/2.69, scores(t/v)=[0.64/0.32 + 0.52/0.58 + 0.39/0.22 + 1.00/0.29 = 0.60/0.33]
INFO:experiments.py:[61/1000] 2.41 sec: loss(t/v)=0.17/2.67, scores(t/v)=[0.67/0.33 + 0.55/0.63 + 0.37/0.13 + 1.00/0.27 = 0.60/0.29]
INFO:experiments.py:[62/1000] 2.41 sec: loss(t/v)=0.15/2.62, scores(t/v)=[0.70/0.32 + 0.55/0.61 + 0.34/0.19 + 1.00/0.27 = 0.60/0.32]
INFO:experiments.py:[63/1000] 2.41 sec: loss(t/v)=0.15/2.58, scores(t/v)=[0.67/0.36 + 0.54/0.58 + 0.33/0.09 + 1.00/0.35 = 0.59/0.29]
INFO:experiments.py:[64/1000] 2.46 sec: loss(t/v)=0.14/2.57, scores(t/v)=[0.69/0.32 + 0.50/0.60 + 0.38/0.18 + 1.00/0.34 = 0.60/0.33]
INFO:experiments.py:[65/1000] 2.46 sec: loss(t/v)=0.16/2.58, scores(t/v)=[0.65/0.31 + 0.54/0.64 + 0.33/0.14 + 1.00/0.34 = 0.58/0.31]
INFO:experiments.py:[66/1000] 2.44 sec: loss(t/v)=0.14/2.60, scores(t/v)=[0.66/0.37 + 0.56/0.55 + 0.43/0.15 + 1.00/0.37 = 0.63/0.33]
INFO:experiments.py:[67/1000] 2.45 sec: loss(t/v)=0.13/2.60, scores(t/v)=[0.65/0.29 + 0.47/0.54 + 0.37/0.04 + 1.00/0.32 = 0.58/0.21]
INFO:experiments.py:[68/1000] 2.40 sec: loss(t/v)=0.13/2.61, scores(t/v)=[0.68/0.35 + 0.53/0.69 + 0.33/0.24 + 1.00/0.34 = 0.59/0.37]
INFO:experiments.py:[69/1000] 2.40 sec: loss(t/v)=0.13/2.61, scores(t/v)=[0.71/0.33 + 0.56/0.57 + 0.32/0.05 + 1.00/0.32 = 0.60/0.24]
INFO:experiments.py:[70/1000] 2.40 sec: loss(t/v)=0.14/2.63, scores(t/v)=[0.70/0.33 + 0.53/0.59 + 0.32/0.13 + 1.00/0.31 = 0.59/0.30]
INFO:experiments.py:[71/1000] 2.39 sec: loss(t/v)=0.12/2.59, scores(t/v)=[0.70/0.35 + 0.47/0.51 + 0.36/0.09 + 1.00/0.31 = 0.59/0.26]
INFO:experiments.py:[72/1000] 2.40 sec: loss(t/v)=0.12/2.54, scores(t/v)=[0.70/0.32 + 0.53/0.67 + 0.35/0.15 + 1.00/0.35 = 0.60/0.33]
INFO:experiments.py:[73/1000] 2.40 sec: loss(t/v)=0.13/2.52, scores(t/v)=[0.72/0.30 + 0.55/0.65 + 0.35/0.15 + 1.00/0.37 = 0.61/0.32]
INFO:experiments.py:[74/1000] 2.41 sec: loss(t/v)=0.12/2.52, scores(t/v)=[0.69/0.31 + 0.55/0.68 + 0.39/0.20 + 1.00/0.35 = 0.62/0.35]
INFO:experiments.py:[75/1000] 2.41 sec: loss(t/v)=0.11/2.53, scores(t/v)=[0.73/0.29 + 0.58/0.59 + 0.32/0.06 + 1.00/0.34 = 0.61/0.24]
INFO:experiments.py:[76/1000] 2.42 sec: loss(t/v)=0.11/2.55, scores(t/v)=[0.72/0.30 + 0.49/0.65 + 0.35/0.14 + 1.00/0.34 = 0.59/0.31]
INFO:experiments.py:[77/1000] 2.41 sec: loss(t/v)=0.12/2.56, scores(t/v)=[0.70/0.34 + 0.57/0.59 + 0.40/0.00 + 1.00/0.34 = 0.63/0.00]
INFO:experiments.py:[78/1000] 2.40 sec: loss(t/v)=0.13/2.56, scores(t/v)=[0.69/0.25 + 0.55/0.55 + 0.37/0.21 + 1.00/0.32 = 0.61/0.31]
INFO:experiments.py:[79/1000] 2.40 sec: loss(t/v)=0.11/2.56, scores(t/v)=[0.66/0.32 + 0.52/0.58 + 0.36/0.03 + 1.00/0.34 = 0.59/0.21]
INFO:experiments.py:[80/1000] 2.40 sec: loss(t/v)=0.12/2.57, scores(t/v)=[0.69/0.24 + 0.48/0.55 + 0.37/0.21 + 1.00/0.32 = 0.59/0.31]
INFO:experiments.py:[81/1000] 2.39 sec: loss(t/v)=0.10/2.56, scores(t/v)=[0.69/0.33 + 0.51/0.63 + 0.40/0.17 + 1.00/0.34 = 0.61/0.33]
INFO:experiments.py:[82/1000] 2.40 sec: loss(t/v)=0.12/2.53, scores(t/v)=[0.68/0.34 + 0.53/0.50 + 0.24/0.06 + 1.00/0.34 = 0.54/0.24]
INFO:experiments.py:[83/1000] 2.40 sec: loss(t/v)=0.11/2.51, scores(t/v)=[0.69/0.27 + 0.48/0.67 + 0.39/0.11 + 1.00/0.35 = 0.60/0.29]
INFO:experiments.py:[84/1000] 2.41 sec: loss(t/v)=0.11/2.52, scores(t/v)=[0.63/0.33 + 0.53/0.57 + 0.34/0.19 + 1.00/0.34 = 0.58/0.33]
INFO:experiments.py:[85/1000] 2.41 sec: loss(t/v)=0.11/2.51, scores(t/v)=[0.67/0.30 + 0.54/0.56 + 0.35/0.03 + 1.00/0.34 = 0.60/0.20]
INFO:experiments.py:[86/1000] 2.40 sec: loss(t/v)=0.11/2.52, scores(t/v)=[0.69/0.30 + 0.50/0.51 + 0.34/0.16 + 1.00/0.32 = 0.59/0.30]
INFO:experiments.py:[87/1000] 2.40 sec: loss(t/v)=0.10/2.51, scores(t/v)=[0.70/0.28 + 0.51/0.62 + 0.43/0.09 + 1.00/0.32 = 0.62/0.26]
INFO:experiments.py:[88/1000] 2.40 sec: loss(t/v)=0.11/2.51, scores(t/v)=[0.72/0.29 + 0.48/0.61 + 0.39/0.19 + 1.00/0.32 = 0.60/0.32]
INFO:experiments.py:[89/1000] 2.42 sec: loss(t/v)=0.10/2.51, scores(t/v)=[0.72/0.29 + 0.54/0.67 + 0.38/0.00 + 1.00/0.32 = 0.62/0.00]
INFO:experiments.py:[90/1000] 2.40 sec: loss(t/v)=0.09/2.51, scores(t/v)=[0.74/0.31 + 0.54/0.60 + 0.42/0.22 + 1.00/0.32 = 0.64/0.34]
INFO:experiments.py:[91/1000] 2.39 sec: loss(t/v)=0.10/2.51, scores(t/v)=[0.71/0.31 + 0.55/0.61 + 0.42/0.14 + 1.00/0.34 = 0.64/0.31]
INFO:experiments.py:[92/1000] 2.41 sec: loss(t/v)=0.10/2.52, scores(t/v)=[0.72/0.31 + 0.52/0.62 + 0.37/0.20 + 1.00/0.34 = 0.61/0.34]
INFO:experiments.py:[93/1000] 2.39 sec: loss(t/v)=0.09/2.54, scores(t/v)=[0.72/0.31 + 0.55/0.65 + 0.42/0.10 + 1.00/0.34 = 0.64/0.29]
INFO:experiments.py:[94/1000] 2.39 sec: loss(t/v)=0.10/2.57, scores(t/v)=[0.70/0.34 + 0.52/0.63 + 0.35/0.15 + 1.00/0.32 = 0.59/0.32]
INFO:experiments.py:[95/1000] 2.42 sec: loss(t/v)=0.10/2.56, scores(t/v)=[0.73/0.29 + 0.56/0.64 + 0.43/0.15 + 1.00/0.32 = 0.65/0.31]
INFO:experiments.py:[96/1000] 2.41 sec: loss(t/v)=0.10/2.54, scores(t/v)=[0.71/0.31 + 0.59/0.60 + 0.41/0.02 + 1.00/0.34 = 0.64/0.18]
INFO:experiments.py:[97/1000] 2.40 sec: loss(t/v)=0.09/2.53, scores(t/v)=[0.71/0.32 + 0.52/0.63 + 0.39/0.14 + 1.00/0.34 = 0.62/0.31]
INFO:experiments.py:[98/1000] 2.40 sec: loss(t/v)=0.09/2.52, scores(t/v)=[0.75/0.27 + 0.55/0.64 + 0.39/0.04 + 1.00/0.35 = 0.64/0.22]
INFO:experiments.py:[99/1000] 2.42 sec: loss(t/v)=0.09/2.51, scores(t/v)=[0.70/0.33 + 0.56/0.61 + 0.40/0.06 + 1.00/0.35 = 0.63/0.25]
INFO:experiments.py:[100/1000] 2.42 sec: loss(t/v)=0.10/2.51, scores(t/v)=[0.71/0.32 + 0.59/0.68 + 0.37/0.13 + 1.00/0.35 = 0.63/0.31]
